[2025-01-17T09:09:42.724+0000] {warnings.py:109} WARNING - /home/***/.local/lib/python3.8/site-packages/***/utils/sqlalchemy.py:124: DeprecationWarning: The sql_alchemy_conn option in [core] has been moved to the sql_alchemy_conn option in [database] - the old setting has been used, but please update your config.
  return not conf.get("database", "sql_alchemy_conn").startswith("mssql")

[2025-01-17T09:09:42.737+0000] {taskinstance.py:1159} INFO - Dependencies all met for dep_context=non-requeueable deps ti=<TaskInstance: movie_data_etl_workflow.load_movive_to_dw scheduled__2025-01-05T00:00:00+00:00 [queued]>
[2025-01-17T09:09:42.748+0000] {taskinstance.py:1159} INFO - Dependencies all met for dep_context=requeueable deps ti=<TaskInstance: movie_data_etl_workflow.load_movive_to_dw scheduled__2025-01-05T00:00:00+00:00 [queued]>
[2025-01-17T09:09:42.749+0000] {taskinstance.py:1361} INFO - Starting attempt 1 of 6
[2025-01-17T09:09:42.763+0000] {taskinstance.py:1382} INFO - Executing <Task(BashOperator): load_movive_to_dw> on 2025-01-05 00:00:00+00:00
[2025-01-17T09:09:42.767+0000] {standard_task_runner.py:57} INFO - Started process 470 to run task
[2025-01-17T09:09:42.771+0000] {standard_task_runner.py:84} INFO - Running: ['***', 'tasks', 'run', 'movie_data_etl_workflow', 'load_movive_to_dw', 'scheduled__2025-01-05T00:00:00+00:00', '--job-id', '256', '--raw', '--subdir', 'DAGS_FOLDER/movie_data_workflow.py', '--cfg-path', '/tmp/tmpbb_mixc7']
[2025-01-17T09:09:42.772+0000] {standard_task_runner.py:85} INFO - Job 256: Subtask load_movive_to_dw
[2025-01-17T09:09:42.797+0000] {warnings.py:109} WARNING - /home/***/.local/lib/python3.8/site-packages/***/settings.py:195: DeprecationWarning: The sql_alchemy_conn option in [core] has been moved to the sql_alchemy_conn option in [database] - the old setting has been used, but please update your config.
  SQL_ALCHEMY_CONN = conf.get("database", "SQL_ALCHEMY_CONN")

[2025-01-17T09:09:42.853+0000] {task_command.py:415} INFO - Running <TaskInstance: movie_data_etl_workflow.load_movive_to_dw scheduled__2025-01-05T00:00:00+00:00 [running]> on host 1d5d3d5ac065
[2025-01-17T09:09:42.873+0000] {warnings.py:109} WARNING - /home/***/.local/lib/python3.8/site-packages/***/utils/sqlalchemy.py:124: DeprecationWarning: The sql_alchemy_conn option in [core] has been moved to the sql_alchemy_conn option in [database] - the old setting has been used, but please update your config.
  return not conf.get("database", "sql_alchemy_conn").startswith("mssql")

[2025-01-17T09:09:42.967+0000] {taskinstance.py:1660} INFO - Exporting env vars: AIRFLOW_CTX_DAG_OWNER='diinguyen' AIRFLOW_CTX_DAG_ID='movie_data_etl_workflow' AIRFLOW_CTX_TASK_ID='load_movive_to_dw' AIRFLOW_CTX_EXECUTION_DATE='2025-01-05T00:00:00+00:00' AIRFLOW_CTX_TRY_NUMBER='1' AIRFLOW_CTX_DAG_RUN_ID='scheduled__2025-01-05T00:00:00+00:00'
[2025-01-17T09:09:42.969+0000] {subprocess.py:63} INFO - Tmp dir root location: /tmp
[2025-01-17T09:09:42.969+0000] {subprocess.py:75} INFO - Running command: ['/bin/bash', '-c', 'python3 /opt/***/DE_project/ETL/load/load_moviedf_to_dw.py']
[2025-01-17T09:09:42.983+0000] {subprocess.py:86} INFO - Output:
[2025-01-17T09:09:46.325+0000] {subprocess.py:93} INFO - Setting default log level to "WARN".
[2025-01-17T09:09:46.326+0000] {subprocess.py:93} INFO - To adjust logging level use sc.setLogLevel(newLevel). For SparkR, use setLogLevel(newLevel).
[2025-01-17T09:09:46.487+0000] {subprocess.py:93} INFO - 25/01/17 09:09:46 WARN NativeCodeLoader: Unable to load native-hadoop library for your platform... using builtin-java classes where applicable
[2025-01-17T09:09:56.945+0000] {subprocess.py:93} INFO - [Stage 0:>                                                          (0 + 1) / 1]                                                                                root
[2025-01-17T09:09:56.945+0000] {subprocess.py:93} INFO -  |-- id: string (nullable = true)
[2025-01-17T09:09:56.946+0000] {subprocess.py:93} INFO -  |-- title: string (nullable = true)
[2025-01-17T09:09:56.948+0000] {subprocess.py:93} INFO -  |-- original_language: string (nullable = true)
[2025-01-17T09:09:56.949+0000] {subprocess.py:93} INFO -  |-- vote_average: string (nullable = true)
[2025-01-17T09:09:56.950+0000] {subprocess.py:93} INFO -  |-- vote_count: string (nullable = true)
[2025-01-17T09:09:56.951+0000] {subprocess.py:93} INFO -  |-- popularity: string (nullable = true)
[2025-01-17T09:09:56.952+0000] {subprocess.py:93} INFO -  |-- runtime: string (nullable = true)
[2025-01-17T09:09:56.952+0000] {subprocess.py:93} INFO -  |-- genre: string (nullable = true)
[2025-01-17T09:09:56.953+0000] {subprocess.py:93} INFO -  |-- release_year: integer (nullable = true)
[2025-01-17T09:09:56.953+0000] {subprocess.py:93} INFO -  |-- release_month: integer (nullable = true)
[2025-01-17T09:09:56.954+0000] {subprocess.py:93} INFO -  |-- release_day: integer (nullable = true)
[2025-01-17T09:09:56.955+0000] {subprocess.py:93} INFO - 
[2025-01-17T09:09:56.955+0000] {subprocess.py:93} INFO - +-------+--------------------+-----------------+------------+----------+----------+-------+---------------+------------+-------------+-----------+
[2025-01-17T09:09:56.956+0000] {subprocess.py:93} INFO - |     id|               title|original_language|vote_average|vote_count|popularity|runtime|          genre|release_year|release_month|release_day|
[2025-01-17T09:09:56.956+0000] {subprocess.py:93} INFO - +-------+--------------------+-----------------+------------+----------+----------+-------+---------------+------------+-------------+-----------+
[2025-01-17T09:09:56.957+0000] {subprocess.py:93} INFO - |1151949|   The Shadow Strays|               id|       7.328|       201|    96.784|    145|         Action|        2024|            9|         10|
[2025-01-17T09:09:56.957+0000] {subprocess.py:93} INFO - |1151949|   The Shadow Strays|               id|       7.328|       201|    96.784|    145|          Crime|        2024|            9|         10|
[2025-01-17T09:09:56.958+0000] {subprocess.py:93} INFO - |1151949|   The Shadow Strays|               id|       7.328|       201|    96.784|    145|       Thriller|        2024|            9|         10|
[2025-01-17T09:09:56.959+0000] {subprocess.py:93} INFO - | 168259|           Furious 7|               en|        7.23|     10668|    75.109|    137|         Action|        2015|            4|          1|
[2025-01-17T09:09:56.959+0000] {subprocess.py:93} INFO - | 168259|           Furious 7|               en|        7.23|     10668|    75.109|    137|       Thriller|        2015|            4|          1|
[2025-01-17T09:09:56.960+0000] {subprocess.py:93} INFO - | 168259|           Furious 7|               en|        7.23|     10668|    75.109|    137|          Crime|        2015|            4|          1|
[2025-01-17T09:09:56.961+0000] {subprocess.py:93} INFO - | 592831|         Megalopolis|               en|         5.4|       603|    92.814|    138|Science Fiction|        2024|            9|         25|
[2025-01-17T09:09:56.962+0000] {subprocess.py:93} INFO - | 592831|         Megalopolis|               en|         5.4|       603|    92.814|    138|          Drama|        2024|            9|         25|
[2025-01-17T09:09:56.962+0000] {subprocess.py:93} INFO - |  68718|    Django Unchained|               en|         8.2|     26391|    59.593|    165|          Drama|        2012|           12|         25|
[2025-01-17T09:09:56.963+0000] {subprocess.py:93} INFO - |  68718|    Django Unchained|               en|         8.2|     26391|    59.593|    165|        Western|        2012|           12|         25|
[2025-01-17T09:09:56.963+0000] {subprocess.py:93} INFO - |   5492|              Gunner|               en|       5.318|       110|    76.877|     90|         Action|        2024|            8|         16|
[2025-01-17T09:09:56.963+0000] {subprocess.py:93} INFO - |   5492|              Gunner|               en|       5.318|       110|    76.877|     90|       Thriller|        2024|            8|         16|
[2025-01-17T09:09:56.964+0000] {subprocess.py:93} INFO - |   5492|              Gunner|               en|       5.318|       110|    76.877|     90|          Crime|        2024|            8|         16|
[2025-01-17T09:09:56.964+0000] {subprocess.py:93} INFO - |  77950|               Turbo|               en|       6.224|      3373|    33.413|     96|      Animation|        2013|            7|         11|
[2025-01-17T09:09:56.965+0000] {subprocess.py:93} INFO - |  77950|               Turbo|               en|       6.224|      3373|    33.413|     96|         Family|        2013|            7|         11|
[2025-01-17T09:09:56.965+0000] {subprocess.py:93} INFO - |   1735|The Mummy: Tomb o...|               en|       5.491|      4453|    40.215|    112|      Adventure|        2008|            7|          1|
[2025-01-17T09:09:56.966+0000] {subprocess.py:93} INFO - |   1735|The Mummy: Tomb o...|               en|       5.491|      4453|    40.215|    112|         Action|        2008|            7|          1|
[2025-01-17T09:09:56.966+0000] {subprocess.py:93} INFO - |   1735|The Mummy: Tomb o...|               en|       5.491|      4453|    40.215|    112|        Fantasy|        2008|            7|          1|
[2025-01-17T09:09:56.967+0000] {subprocess.py:93} INFO - | 678512|    Sound of Freedom|               en|         8.0|      2446|    49.982|    131|         Action|        2023|            7|          3|
[2025-01-17T09:09:56.967+0000] {subprocess.py:93} INFO - | 678512|    Sound of Freedom|               en|         8.0|      2446|    49.982|    131|          Drama|        2023|            7|          3|
[2025-01-17T09:09:56.968+0000] {subprocess.py:93} INFO - +-------+--------------------+-----------------+------------+----------+----------+-------+---------------+------------+-------------+-----------+
[2025-01-17T09:09:56.968+0000] {subprocess.py:93} INFO - only showing top 20 rows
[2025-01-17T09:09:56.968+0000] {subprocess.py:93} INFO - 
[2025-01-17T09:09:56.969+0000] {subprocess.py:93} INFO - Data has been successfully inserted into table movie in DuckDB!
[2025-01-17T09:09:56.969+0000] {subprocess.py:93} INFO - (1000075, 'The Price of Money: A Largo Winch Adventure', 'fr', Decimal('5.6'), 56, Decimal('1181.32'), 100, 'Action', 2024, 7, 31)
[2025-01-17T09:09:56.970+0000] {subprocess.py:93} INFO - (1000075, 'The Price of Money: A Largo Winch Adventure', 'fr', Decimal('5.6'), 56, Decimal('1181.32'), 100, 'Adventure', 2024, 7, 31)
[2025-01-17T09:09:56.970+0000] {subprocess.py:93} INFO - (1000075, 'The Price of Money: A Largo Winch Adventure', 'fr', Decimal('5.6'), 56, Decimal('1181.32'), 100, 'Thriller', 2024, 7, 31)
[2025-01-17T09:09:56.970+0000] {subprocess.py:93} INFO - (572802, 'Aquaman and the Lost Kingdom', 'en', Decimal('6.7'), 2845, Decimal('120.55'), 124, 'Action', 2023, 12, 20)
[2025-01-17T09:09:56.971+0000] {subprocess.py:93} INFO - (572802, 'Aquaman and the Lost Kingdom', 'en', Decimal('6.7'), 2845, Decimal('120.55'), 124, 'Adventure', 2023, 12, 20)
[2025-01-17T09:09:56.971+0000] {subprocess.py:93} INFO - (572802, 'Aquaman and the Lost Kingdom', 'en', Decimal('6.7'), 2845, Decimal('120.55'), 124, 'Fantasy', 2023, 12, 20)
[2025-01-17T09:09:56.972+0000] {subprocess.py:93} INFO - (493529, 'Dungeons & Dragons: Honor Among Thieves', 'en', Decimal('7.4'), 3645, Decimal('108.37'), 134, 'Adventure', 2023, 3, 23)
[2025-01-17T09:09:56.972+0000] {subprocess.py:93} INFO - (493529, 'Dungeons & Dragons: Honor Among Thieves', 'en', Decimal('7.4'), 3645, Decimal('108.37'), 134, 'Fantasy', 2023, 3, 23)
[2025-01-17T09:09:56.972+0000] {subprocess.py:93} INFO - (493529, 'Dungeons & Dragons: Honor Among Thieves', 'en', Decimal('7.4'), 3645, Decimal('108.37'), 134, 'Comedy', 2023, 3, 23)
[2025-01-17T09:09:56.973+0000] {subprocess.py:93} INFO - (436969, 'The Suicide Squad', 'en', Decimal('7.5'), 8646, Decimal('86.79'), 132, 'Action', 2021, 7, 28)
[2025-01-17T09:09:57.558+0000] {subprocess.py:97} INFO - Command exited with return code 0
[2025-01-17T09:09:57.625+0000] {taskinstance.py:1400} INFO - Marking task as SUCCESS. dag_id=movie_data_etl_workflow, task_id=load_movive_to_dw, execution_date=20250105T000000, start_date=20250117T090942, end_date=20250117T090957
[2025-01-17T09:09:57.667+0000] {local_task_job_runner.py:228} INFO - Task exited with return code 0
[2025-01-17T09:09:57.706+0000] {taskinstance.py:2784} INFO - 0 downstream tasks scheduled from follow-on schedule check
[2025-01-17T10:20:28.438+0000] {warnings.py:109} WARNING - /home/***/.local/lib/python3.8/site-packages/***/utils/sqlalchemy.py:124: DeprecationWarning: The sql_alchemy_conn option in [core] has been moved to the sql_alchemy_conn option in [database] - the old setting has been used, but please update your config.
  return not conf.get("database", "sql_alchemy_conn").startswith("mssql")

[2025-01-17T10:20:28.452+0000] {taskinstance.py:1159} INFO - Dependencies all met for dep_context=non-requeueable deps ti=<TaskInstance: movie_data_etl_workflow.load_movive_to_dw scheduled__2025-01-05T00:00:00+00:00 [queued]>
[2025-01-17T10:20:28.463+0000] {taskinstance.py:1159} INFO - Dependencies all met for dep_context=requeueable deps ti=<TaskInstance: movie_data_etl_workflow.load_movive_to_dw scheduled__2025-01-05T00:00:00+00:00 [queued]>
[2025-01-17T10:20:28.463+0000] {taskinstance.py:1361} INFO - Starting attempt 1 of 6
[2025-01-17T10:20:28.477+0000] {taskinstance.py:1382} INFO - Executing <Task(BashOperator): load_movive_to_dw> on 2025-01-05 00:00:00+00:00
[2025-01-17T10:20:28.481+0000] {standard_task_runner.py:57} INFO - Started process 1094 to run task
[2025-01-17T10:20:28.485+0000] {standard_task_runner.py:84} INFO - Running: ['***', 'tasks', 'run', 'movie_data_etl_workflow', 'load_movive_to_dw', 'scheduled__2025-01-05T00:00:00+00:00', '--job-id', '261', '--raw', '--subdir', 'DAGS_FOLDER/movie_data_workflow.py', '--cfg-path', '/tmp/tmpks09s0ks']
[2025-01-17T10:20:28.486+0000] {standard_task_runner.py:85} INFO - Job 261: Subtask load_movive_to_dw
[2025-01-17T10:20:28.504+0000] {warnings.py:109} WARNING - /home/***/.local/lib/python3.8/site-packages/***/settings.py:195: DeprecationWarning: The sql_alchemy_conn option in [core] has been moved to the sql_alchemy_conn option in [database] - the old setting has been used, but please update your config.
  SQL_ALCHEMY_CONN = conf.get("database", "SQL_ALCHEMY_CONN")

[2025-01-17T10:20:28.548+0000] {task_command.py:415} INFO - Running <TaskInstance: movie_data_etl_workflow.load_movive_to_dw scheduled__2025-01-05T00:00:00+00:00 [running]> on host 1d5d3d5ac065
[2025-01-17T10:20:28.564+0000] {warnings.py:109} WARNING - /home/***/.local/lib/python3.8/site-packages/***/utils/sqlalchemy.py:124: DeprecationWarning: The sql_alchemy_conn option in [core] has been moved to the sql_alchemy_conn option in [database] - the old setting has been used, but please update your config.
  return not conf.get("database", "sql_alchemy_conn").startswith("mssql")

[2025-01-17T10:20:28.634+0000] {taskinstance.py:1660} INFO - Exporting env vars: AIRFLOW_CTX_DAG_OWNER='diinguyen' AIRFLOW_CTX_DAG_ID='movie_data_etl_workflow' AIRFLOW_CTX_TASK_ID='load_movive_to_dw' AIRFLOW_CTX_EXECUTION_DATE='2025-01-05T00:00:00+00:00' AIRFLOW_CTX_TRY_NUMBER='1' AIRFLOW_CTX_DAG_RUN_ID='scheduled__2025-01-05T00:00:00+00:00'
[2025-01-17T10:20:28.636+0000] {subprocess.py:63} INFO - Tmp dir root location: /tmp
[2025-01-17T10:20:28.636+0000] {subprocess.py:75} INFO - Running command: ['/bin/bash', '-c', 'python3 /opt/***/DE_project/ETL/load/load_moviedf_to_dw.py']
[2025-01-17T10:20:28.646+0000] {subprocess.py:86} INFO - Output:
[2025-01-17T10:20:31.640+0000] {subprocess.py:93} INFO - Setting default log level to "WARN".
[2025-01-17T10:20:31.641+0000] {subprocess.py:93} INFO - To adjust logging level use sc.setLogLevel(newLevel). For SparkR, use setLogLevel(newLevel).
[2025-01-17T10:20:31.898+0000] {subprocess.py:93} INFO - 25/01/17 10:20:31 WARN NativeCodeLoader: Unable to load native-hadoop library for your platform... using builtin-java classes where applicable
[2025-01-17T10:20:43.283+0000] {subprocess.py:93} INFO - [Stage 0:>                                                          (0 + 1) / 1]                                                                                root
[2025-01-17T10:20:43.284+0000] {subprocess.py:93} INFO -  |-- id: string (nullable = true)
[2025-01-17T10:20:43.284+0000] {subprocess.py:93} INFO -  |-- title: string (nullable = true)
[2025-01-17T10:20:43.284+0000] {subprocess.py:93} INFO -  |-- original_language: string (nullable = true)
[2025-01-17T10:20:43.285+0000] {subprocess.py:93} INFO -  |-- vote_average: string (nullable = true)
[2025-01-17T10:20:43.286+0000] {subprocess.py:93} INFO -  |-- vote_count: string (nullable = true)
[2025-01-17T10:20:43.286+0000] {subprocess.py:93} INFO -  |-- popularity: string (nullable = true)
[2025-01-17T10:20:43.287+0000] {subprocess.py:93} INFO -  |-- runtime: string (nullable = true)
[2025-01-17T10:20:43.287+0000] {subprocess.py:93} INFO -  |-- genre: string (nullable = true)
[2025-01-17T10:20:43.288+0000] {subprocess.py:93} INFO -  |-- release_year: integer (nullable = true)
[2025-01-17T10:20:43.288+0000] {subprocess.py:93} INFO -  |-- release_month: integer (nullable = true)
[2025-01-17T10:20:43.289+0000] {subprocess.py:93} INFO -  |-- release_day: integer (nullable = true)
[2025-01-17T10:20:43.290+0000] {subprocess.py:93} INFO - 
[2025-01-17T10:20:43.291+0000] {subprocess.py:93} INFO - +------+--------------------+-----------------+------------+----------+----------+-------+---------------+------------+-------------+-----------+
[2025-01-17T10:20:43.291+0000] {subprocess.py:93} INFO - |    id|               title|original_language|vote_average|vote_count|popularity|runtime|          genre|release_year|release_month|release_day|
[2025-01-17T10:20:43.292+0000] {subprocess.py:93} INFO - +------+--------------------+-----------------+------------+----------+----------+-------+---------------+------------+-------------+-----------+
[2025-01-17T10:20:43.292+0000] {subprocess.py:93} INFO - |396535|      Train to Busan|               ko|       7.755|      7527|   121.283|    118|         Horror|        2016|            7|         20|
[2025-01-17T10:20:43.295+0000] {subprocess.py:93} INFO - |396535|      Train to Busan|               ko|       7.755|      7527|   121.283|    118|       Thriller|        2016|            7|         20|
[2025-01-17T10:20:43.296+0000] {subprocess.py:93} INFO - |396535|      Train to Busan|               ko|       7.755|      7527|   121.283|    118|         Action|        2016|            7|         20|
[2025-01-17T10:20:43.296+0000] {subprocess.py:93} INFO - |168259|           Furious 7|               en|        7.23|     10668|    75.109|    137|         Action|        2015|            4|          1|
[2025-01-17T10:20:43.297+0000] {subprocess.py:93} INFO - |168259|           Furious 7|               en|        7.23|     10668|    75.109|    137|       Thriller|        2015|            4|          1|
[2025-01-17T10:20:43.297+0000] {subprocess.py:93} INFO - |168259|           Furious 7|               en|        7.23|     10668|    75.109|    137|          Crime|        2015|            4|          1|
[2025-01-17T10:20:43.298+0000] {subprocess.py:93} INFO - |592831|         Megalopolis|               en|         5.4|       603|    92.814|    138|Science Fiction|        2024|            9|         25|
[2025-01-17T10:20:43.298+0000] {subprocess.py:93} INFO - |592831|         Megalopolis|               en|         5.4|       603|    92.814|    138|          Drama|        2024|            9|         25|
[2025-01-17T10:20:43.299+0000] {subprocess.py:93} INFO - |  5492|              Gunner|               en|       5.318|       110|    76.877|     90|         Action|        2024|            8|         16|
[2025-01-17T10:20:43.299+0000] {subprocess.py:93} INFO - |  5492|              Gunner|               en|       5.318|       110|    76.877|     90|       Thriller|        2024|            8|         16|
[2025-01-17T10:20:43.300+0000] {subprocess.py:93} INFO - |  5492|              Gunner|               en|       5.318|       110|    76.877|     90|          Crime|        2024|            8|         16|
[2025-01-17T10:20:43.300+0000] {subprocess.py:93} INFO - | 77950|               Turbo|               en|       6.224|      3373|    33.413|     96|      Animation|        2013|            7|         11|
[2025-01-17T10:20:43.301+0000] {subprocess.py:93} INFO - | 77950|               Turbo|               en|       6.224|      3373|    33.413|     96|         Family|        2013|            7|         11|
[2025-01-17T10:20:43.301+0000] {subprocess.py:93} INFO - |678512|    Sound of Freedom|               en|         8.0|      2446|    49.982|    131|         Action|        2023|            7|          3|
[2025-01-17T10:20:43.302+0000] {subprocess.py:93} INFO - |678512|    Sound of Freedom|               en|         8.0|      2446|    49.982|    131|          Drama|        2023|            7|          3|
[2025-01-17T10:20:43.302+0000] {subprocess.py:93} INFO - |675445|PAW Patrol: The M...|               en|         7.4|      1217|    43.109|     86|      Animation|        2021|            8|          9|
[2025-01-17T10:20:43.302+0000] {subprocess.py:93} INFO - |675445|PAW Patrol: The M...|               en|         7.4|      1217|    43.109|     86|         Family|        2021|            8|          9|
[2025-01-17T10:20:43.303+0000] {subprocess.py:93} INFO - |675445|PAW Patrol: The M...|               en|         7.4|      1217|    43.109|     86|      Adventure|        2021|            8|          9|
[2025-01-17T10:20:43.303+0000] {subprocess.py:93} INFO - |675445|PAW Patrol: The M...|               en|         7.4|      1217|    43.109|     86|         Comedy|        2021|            8|          9|
[2025-01-17T10:20:43.304+0000] {subprocess.py:93} INFO - |332210|              Storks|               en|         6.7|      2339|    29.745|     87|      Adventure|        2016|            9|         22|
[2025-01-17T10:20:43.304+0000] {subprocess.py:93} INFO - +------+--------------------+-----------------+------------+----------+----------+-------+---------------+------------+-------------+-----------+
[2025-01-17T10:20:43.304+0000] {subprocess.py:93} INFO - only showing top 20 rows
[2025-01-17T10:20:43.305+0000] {subprocess.py:93} INFO - 
[2025-01-17T10:20:43.305+0000] {subprocess.py:93} INFO - Data has been successfully inserted into table movie in DuckDB!
[2025-01-17T10:20:43.306+0000] {subprocess.py:93} INFO - (396535, 'Train to Busan', 'ko', Decimal('7.8'), 7527, Decimal('121.28'), 118, 'Horror', 2016, 7, 20)
[2025-01-17T10:20:43.306+0000] {subprocess.py:93} INFO - (396535, 'Train to Busan', 'ko', Decimal('7.8'), 7527, Decimal('121.28'), 118, 'Thriller', 2016, 7, 20)
[2025-01-17T10:20:43.306+0000] {subprocess.py:93} INFO - (396535, 'Train to Busan', 'ko', Decimal('7.8'), 7527, Decimal('121.28'), 118, 'Action', 2016, 7, 20)
[2025-01-17T10:20:43.307+0000] {subprocess.py:93} INFO - (168259, 'Furious 7', 'en', Decimal('7.2'), 10668, Decimal('75.11'), 137, 'Action', 2015, 4, 1)
[2025-01-17T10:20:43.307+0000] {subprocess.py:93} INFO - (168259, 'Furious 7', 'en', Decimal('7.2'), 10668, Decimal('75.11'), 137, 'Thriller', 2015, 4, 1)
[2025-01-17T10:20:43.307+0000] {subprocess.py:93} INFO - (168259, 'Furious 7', 'en', Decimal('7.2'), 10668, Decimal('75.11'), 137, 'Crime', 2015, 4, 1)
[2025-01-17T10:20:43.308+0000] {subprocess.py:93} INFO - (592831, 'Megalopolis', 'en', Decimal('5.4'), 603, Decimal('92.81'), 138, 'Science Fiction', 2024, 9, 25)
[2025-01-17T10:20:43.308+0000] {subprocess.py:93} INFO - (592831, 'Megalopolis', 'en', Decimal('5.4'), 603, Decimal('92.81'), 138, 'Drama', 2024, 9, 25)
[2025-01-17T10:20:43.308+0000] {subprocess.py:93} INFO - (5492, 'Gunner', 'en', Decimal('5.3'), 110, Decimal('76.88'), 90, 'Action', 2024, 8, 16)
[2025-01-17T10:20:43.309+0000] {subprocess.py:93} INFO - (5492, 'Gunner', 'en', Decimal('5.3'), 110, Decimal('76.88'), 90, 'Thriller', 2024, 8, 16)
[2025-01-17T10:20:43.843+0000] {subprocess.py:97} INFO - Command exited with return code 0
[2025-01-17T10:20:43.896+0000] {taskinstance.py:1400} INFO - Marking task as SUCCESS. dag_id=movie_data_etl_workflow, task_id=load_movive_to_dw, execution_date=20250105T000000, start_date=20250117T102028, end_date=20250117T102043
[2025-01-17T10:20:43.967+0000] {local_task_job_runner.py:228} INFO - Task exited with return code 0
[2025-01-17T10:20:44.004+0000] {taskinstance.py:2784} INFO - 0 downstream tasks scheduled from follow-on schedule check
