[2024-12-23T07:48:18.519+0000] {taskinstance.py:1159} INFO - Dependencies all met for dep_context=non-requeueable deps ti=<TaskInstance: movie_data_workflow.transform_data manual__2024-12-22T14:39:56.828320+00:00 [queued]>
[2024-12-23T07:48:18.538+0000] {taskinstance.py:1159} INFO - Dependencies all met for dep_context=requeueable deps ti=<TaskInstance: movie_data_workflow.transform_data manual__2024-12-22T14:39:56.828320+00:00 [queued]>
[2024-12-23T07:48:18.539+0000] {taskinstance.py:1361} INFO - Starting attempt 2 of 2
[2024-12-23T07:48:18.561+0000] {taskinstance.py:1382} INFO - Executing <Task(BashOperator): transform_data> on 2024-12-22 14:39:56.828320+00:00
[2024-12-23T07:48:18.569+0000] {standard_task_runner.py:57} INFO - Started process 58 to run task
[2024-12-23T07:48:18.580+0000] {standard_task_runner.py:84} INFO - Running: ['***', 'tasks', 'run', 'movie_data_workflow', 'transform_data', 'manual__2024-12-22T14:39:56.828320+00:00', '--job-id', '26', '--raw', '--subdir', 'DAGS_FOLDER/movie_data_workflow.py', '--cfg-path', '/tmp/tmpubyt9qae']
[2024-12-23T07:48:18.583+0000] {standard_task_runner.py:85} INFO - Job 26: Subtask transform_data
[2024-12-23T07:48:18.622+0000] {warnings.py:109} WARNING - /home/***/.local/lib/python3.8/site-packages/***/settings.py:195: DeprecationWarning: The sql_alchemy_conn option in [core] has been moved to the sql_alchemy_conn option in [database] - the old setting has been used, but please update your config.
  SQL_ALCHEMY_CONN = conf.get("database", "SQL_ALCHEMY_CONN")

[2024-12-23T07:48:18.691+0000] {task_command.py:415} INFO - Running <TaskInstance: movie_data_workflow.transform_data manual__2024-12-22T14:39:56.828320+00:00 [running]> on host 023362aefa72
[2024-12-23T07:48:18.868+0000] {taskinstance.py:1660} INFO - Exporting env vars: AIRFLOW_CTX_DAG_OWNER='diinguyen' AIRFLOW_CTX_DAG_ID='movie_data_workflow' AIRFLOW_CTX_TASK_ID='transform_data' AIRFLOW_CTX_EXECUTION_DATE='2024-12-22T14:39:56.828320+00:00' AIRFLOW_CTX_TRY_NUMBER='2' AIRFLOW_CTX_DAG_RUN_ID='manual__2024-12-22T14:39:56.828320+00:00'
[2024-12-23T07:48:18.870+0000] {subprocess.py:63} INFO - Tmp dir root location: /tmp
[2024-12-23T07:48:18.872+0000] {subprocess.py:75} INFO - Running command: ['/bin/bash', '-c', 'papermill /opt/***/DE_project/ETL/transform/tranform_moviedf.ipynb /dev/null']
[2024-12-23T07:48:18.884+0000] {subprocess.py:86} INFO - Output:
[2024-12-23T07:48:18.887+0000] {subprocess.py:93} INFO - /bin/bash: line 1: papermill: command not found
[2024-12-23T07:48:18.887+0000] {subprocess.py:97} INFO - Command exited with return code 127
[2024-12-23T07:48:18.906+0000] {taskinstance.py:1943} ERROR - Task failed with exception
Traceback (most recent call last):
  File "/home/airflow/.local/lib/python3.8/site-packages/airflow/operators/bash.py", line 210, in execute
    raise AirflowException(
airflow.exceptions.AirflowException: Bash command failed. The command returned a non-zero exit code 127.
[2024-12-23T07:48:18.910+0000] {taskinstance.py:1400} INFO - Marking task as FAILED. dag_id=movie_data_workflow, task_id=transform_data, execution_date=20241222T143956, start_date=20241223T074818, end_date=20241223T074818
[2024-12-23T07:48:18.926+0000] {standard_task_runner.py:104} ERROR - Failed to execute job 26 for task transform_data (Bash command failed. The command returned a non-zero exit code 127.; 58)
[2024-12-23T07:48:18.962+0000] {local_task_job_runner.py:228} INFO - Task exited with return code 1
[2024-12-23T07:48:19.007+0000] {taskinstance.py:2784} INFO - 0 downstream tasks scheduled from follow-on schedule check
