[2024-12-24T08:29:20.564+0000] {taskinstance.py:1159} INFO - Dependencies all met for dep_context=non-requeueable deps ti=<TaskInstance: movie_data_etl_workflow.transform_data_rating manual__2024-12-24T07:38:23.874378+00:00 [queued]>
[2024-12-24T08:29:20.577+0000] {taskinstance.py:1159} INFO - Dependencies all met for dep_context=requeueable deps ti=<TaskInstance: movie_data_etl_workflow.transform_data_rating manual__2024-12-24T07:38:23.874378+00:00 [queued]>
[2024-12-24T08:29:20.578+0000] {taskinstance.py:1361} INFO - Starting attempt 1 of 2
[2024-12-24T08:29:20.594+0000] {taskinstance.py:1382} INFO - Executing <Task(BashOperator): transform_data_rating> on 2024-12-24 07:38:23.874378+00:00
[2024-12-24T08:29:20.600+0000] {standard_task_runner.py:57} INFO - Started process 690 to run task
[2024-12-24T08:29:20.604+0000] {standard_task_runner.py:84} INFO - Running: ['***', 'tasks', 'run', 'movie_data_etl_workflow', 'transform_data_rating', 'manual__2024-12-24T07:38:23.874378+00:00', '--job-id', '234', '--raw', '--subdir', 'DAGS_FOLDER/movie_data_workflow.py', '--cfg-path', '/tmp/tmpeo0q9f7b']
[2024-12-24T08:29:20.605+0000] {standard_task_runner.py:85} INFO - Job 234: Subtask transform_data_rating
[2024-12-24T08:29:20.627+0000] {warnings.py:109} WARNING - /home/***/.local/lib/python3.8/site-packages/***/settings.py:195: DeprecationWarning: The sql_alchemy_conn option in [core] has been moved to the sql_alchemy_conn option in [database] - the old setting has been used, but please update your config.
  SQL_ALCHEMY_CONN = conf.get("database", "SQL_ALCHEMY_CONN")

[2024-12-24T08:29:20.671+0000] {task_command.py:415} INFO - Running <TaskInstance: movie_data_etl_workflow.transform_data_rating manual__2024-12-24T07:38:23.874378+00:00 [running]> on host 1d5d3d5ac065
[2024-12-24T08:29:20.767+0000] {taskinstance.py:1660} INFO - Exporting env vars: AIRFLOW_CTX_DAG_OWNER='diinguyen' AIRFLOW_CTX_DAG_ID='movie_data_etl_workflow' AIRFLOW_CTX_TASK_ID='transform_data_rating' AIRFLOW_CTX_EXECUTION_DATE='2024-12-24T07:38:23.874378+00:00' AIRFLOW_CTX_TRY_NUMBER='1' AIRFLOW_CTX_DAG_RUN_ID='manual__2024-12-24T07:38:23.874378+00:00'
[2024-12-24T08:29:20.769+0000] {subprocess.py:63} INFO - Tmp dir root location: /tmp
[2024-12-24T08:29:20.770+0000] {subprocess.py:75} INFO - Running command: ['/bin/bash', '-c', 'python3 /opt/***/DE_project/ETL/transform/transform_ratingdf.py']
[2024-12-24T08:29:20.780+0000] {subprocess.py:86} INFO - Output:
[2024-12-24T08:29:23.071+0000] {subprocess.py:93} INFO - Setting default log level to "WARN".
[2024-12-24T08:29:23.072+0000] {subprocess.py:93} INFO - To adjust logging level use sc.setLogLevel(newLevel). For SparkR, use setLogLevel(newLevel).
[2024-12-24T08:29:23.273+0000] {subprocess.py:93} INFO - 24/12/24 08:29:23 WARN NativeCodeLoader: Unable to load native-hadoop library for your platform... using builtin-java classes where applicable
[2024-12-24T08:29:34.333+0000] {subprocess.py:93} INFO - [Stage 1:>                                                          (0 + 1) / 1]                                                                                [Stage 3:>                                                          (0 + 1) / 1]                                                                                [Stage 17:>                                                         (0 + 1) / 1]                                                                                +--------------------+--------+--------------+----------------+------+--------------------+
[2024-12-24T08:29:34.333+0000] {subprocess.py:93} INFO - |         movie_title|movie_id|       user_id|          author|rating|           timestamp|
[2024-12-24T08:29:34.333+0000] {subprocess.py:93} INFO - +--------------------+--------+--------------+----------------+------+--------------------+
[2024-12-24T08:29:34.333+0000] {subprocess.py:93} INFO - |             Red One|  845781|  Geronimo1967|      CinemaSerf|   6.0|2024-11-10 06:23:...|
[2024-12-24T08:29:34.334+0000] {subprocess.py:93} INFO - |             Red One|  845781|    msbreviews|Manuel São Bento|   4.0|2024-11-14 08:59:...|
[2024-12-24T08:29:34.334+0000] {subprocess.py:93} INFO - |             Red One|  845781|         r96sk|           r96sk|   7.0|2024-11-22 00:57:...|
[2024-12-24T08:29:34.335+0000] {subprocess.py:93} INFO - |             Red One|  845781|        Wuchak|          Wuchak|   9.0|2024-12-16 23:20:...|
[2024-12-24T08:29:34.335+0000] {subprocess.py:93} INFO - |             Red One|  845781|    RalphRahal|      RalphRahal|   2.0|2024-12-21 11:48:...|
[2024-12-24T08:29:34.335+0000] {subprocess.py:93} INFO - |Venom: The Last D...|  912649|         r96sk|           r96sk|   7.0|2024-10-25 18:25:...|
[2024-12-24T08:29:34.335+0000] {subprocess.py:93} INFO - |Venom: The Last D...|  912649|   Mangoturtle|     Mangoturtle|   2.0|2024-10-27 14:01:...|
[2024-12-24T08:29:34.336+0000] {subprocess.py:93} INFO - |Venom: The Last D...|  912649|  Geronimo1967|      CinemaSerf|   6.0|2024-10-31 11:02:...|
[2024-12-24T08:29:34.336+0000] {subprocess.py:93} INFO - |Venom: The Last D...|  912649|chandlerdanier| Chandler Danier|   9.0|2024-12-10 04:22:...|
[2024-12-24T08:29:34.336+0000] {subprocess.py:93} INFO - |Venom: The Last D...|  912649|     MovieGuys|       MovieGuys|   6.0|2024-12-16 21:17:...|
[2024-12-24T08:29:34.337+0000] {subprocess.py:93} INFO - |Mufasa: The Lion ...|  762509|         r96sk|           r96sk|   8.0|2024-12-23 18:13:...|
[2024-12-24T08:29:34.337+0000] {subprocess.py:93} INFO - |             Moana 2| 1241982|  Geronimo1967|      CinemaSerf|   7.0|2024-11-30 10:01:...|
[2024-12-24T08:29:34.337+0000] {subprocess.py:93} INFO - |            Carry-On| 1005331|    aholejones|      aholejones|   1.0|2024-12-15 11:03:...|
[2024-12-24T08:29:34.338+0000] {subprocess.py:93} INFO - |            Carry-On| 1005331|      dumasori|        dumasori|   1.0|2024-12-18 07:16:...|
[2024-12-24T08:29:34.338+0000] {subprocess.py:93} INFO - |            Carry-On| 1005331|    RalphRahal|      RalphRahal|   7.0|2024-12-20 07:51:...|
[2024-12-24T08:29:34.338+0000] {subprocess.py:93} INFO - |            Carry-On| 1005331|chandlerdanier| Chandler Danier|   6.0|2024-12-21 15:11:...|
[2024-12-24T08:29:34.339+0000] {subprocess.py:93} INFO - |Sonic the Hedgehog 3|  939243|          NULL|            NULL|  NULL|                NULL|
[2024-12-24T08:29:34.339+0000] {subprocess.py:93} INFO - |        Dirty Angels| 1043905|     MovieGuys|       MovieGuys|   4.0|2024-12-14 20:07:...|
[2024-12-24T08:29:34.339+0000] {subprocess.py:93} INFO - |           Elevation| 1035048|     MovieGuys|       MovieGuys|   6.0|2024-12-05 07:01:...|
[2024-12-24T08:29:34.339+0000] {subprocess.py:93} INFO - |The Price of Mone...| 1000075|     MovieGuys|       MovieGuys|   4.0|2024-11-30 22:58:...|
[2024-12-24T08:29:34.340+0000] {subprocess.py:93} INFO - +--------------------+--------+--------------+----------------+------+--------------------+
[2024-12-24T08:29:34.340+0000] {subprocess.py:93} INFO - only showing top 20 rows
[2024-12-24T08:29:34.341+0000] {subprocess.py:93} INFO - 
[2024-12-24T08:29:34.341+0000] {subprocess.py:93} INFO - root
[2024-12-24T08:29:34.341+0000] {subprocess.py:93} INFO -  |-- movie_title: string (nullable = true)
[2024-12-24T08:29:34.342+0000] {subprocess.py:93} INFO -  |-- movie_id: integer (nullable = true)
[2024-12-24T08:29:34.342+0000] {subprocess.py:93} INFO -  |-- user_id: string (nullable = true)
[2024-12-24T08:29:34.342+0000] {subprocess.py:93} INFO -  |-- author: string (nullable = true)
[2024-12-24T08:29:34.343+0000] {subprocess.py:93} INFO -  |-- rating: double (nullable = true)
[2024-12-24T08:29:34.343+0000] {subprocess.py:93} INFO -  |-- timestamp: timestamp (nullable = true)
[2024-12-24T08:29:34.344+0000] {subprocess.py:93} INFO - 
[2024-12-24T08:29:34.344+0000] {subprocess.py:93} INFO - +-----------+--------+-------+------+------+---------+
[2024-12-24T08:29:34.344+0000] {subprocess.py:93} INFO - |movie_title|movie_id|user_id|author|rating|timestamp|
[2024-12-24T08:29:34.344+0000] {subprocess.py:93} INFO - +-----------+--------+-------+------+------+---------+
[2024-12-24T08:29:34.345+0000] {subprocess.py:93} INFO - |          0|       0|      0|     0|     0|        0|
[2024-12-24T08:29:34.345+0000] {subprocess.py:93} INFO - +-----------+--------+-------+------+------+---------+
[2024-12-24T08:29:34.346+0000] {subprocess.py:93} INFO - 
[2024-12-24T08:29:34.346+0000] {subprocess.py:93} INFO - +-----------+--------+-------+------+------+---------+-----+
[2024-12-24T08:29:34.346+0000] {subprocess.py:93} INFO - |movie_title|movie_id|user_id|author|rating|timestamp|count|
[2024-12-24T08:29:34.347+0000] {subprocess.py:93} INFO - +-----------+--------+-------+------+------+---------+-----+
[2024-12-24T08:29:34.347+0000] {subprocess.py:93} INFO - +-----------+--------+-------+------+------+---------+-----+
[2024-12-24T08:29:34.348+0000] {subprocess.py:93} INFO - 
[2024-12-24T08:29:34.348+0000] {subprocess.py:93} INFO - +--------------------+--------+----------------+--------------------+------+----+-----+---+----+
[2024-12-24T08:29:34.348+0000] {subprocess.py:93} INFO - |         movie_title|movie_id|         user_id|              author|rating|year|month|day|hour|
[2024-12-24T08:29:34.349+0000] {subprocess.py:93} INFO - +--------------------+--------+----------------+--------------------+------+----+-----+---+----+
[2024-12-24T08:29:34.349+0000] {subprocess.py:93} INFO - |           Elemental|  976573|      msbreviews|    Manuel São Bento|   8.0|2023|    7| 20|   9|
[2024-12-24T08:29:34.350+0000] {subprocess.py:93} INFO - |      Anyone But You| 1072790|    Geronimo1967|          CinemaSerf|   7.0|2023|   12| 30|  11|
[2024-12-24T08:29:34.350+0000] {subprocess.py:93} INFO - |Mission: Impossib...|  575264|       mooney240|       The Movie Mob|   7.0|2023|    7| 12|   5|
[2024-12-24T08:29:34.351+0000] {subprocess.py:93} INFO - |               Alien|     348|     Otokichi786|      Patrick E. Abe|   8.0|2016|    9| 21|   8|
[2024-12-24T08:29:34.351+0000] {subprocess.py:93} INFO - |            Zootopia|  269149|    Geronimo1967|          CinemaSerf|   7.0|2024|    1|  2|   8|
[2024-12-24T08:29:34.351+0000] {subprocess.py:93} INFO - |Terminator 2: Jud...|     280|    BryceSpencer|        BryceSpencer|  10.0|2023|    1| 29|   0|
[2024-12-24T08:29:34.352+0000] {subprocess.py:93} INFO - |xXx: Return of Xa...|   47971|       Dark Jedi|  Per Gunnar Jonsson|   4.0|2017|    6| 12|  10|
[2024-12-24T08:29:34.352+0000] {subprocess.py:93} INFO - |  The Little Mermaid|  447277|   screenzealots|Louisa Moore - Sc...|   6.0|2023|    8|  4|   7|
[2024-12-24T08:29:34.352+0000] {subprocess.py:93} INFO - |          Cinderella|   11224|    Geronimo1967|          CinemaSerf|   7.0|2022|   12| 27|  13|
[2024-12-24T08:29:34.353+0000] {subprocess.py:93} INFO - |Once Upon a Time....|  466272|      narrator56|        Peter McGinn|   9.0|2020|    4|  3|  13|
[2024-12-24T08:29:34.353+0000] {subprocess.py:93} INFO - |              Cars 3|  260514|           r96sk|               r96sk|   7.0|2020|    8| 11|  13|
[2024-12-24T08:29:34.354+0000] {subprocess.py:93} INFO - |               Logan|  263115|       Dark Jedi|  Per Gunnar Jonsson|   4.0|2017|    7| 21|  12|
[2024-12-24T08:29:34.354+0000] {subprocess.py:93} INFO - |      The Apprentice| 1182047|  chandlerdanier|     Chandler Danier|   8.0|2024|   12| 10|   1|
[2024-12-24T08:29:34.354+0000] {subprocess.py:93} INFO - |John Wick: Chapte...|  458156|    tmdb47396461|        tmdb47396461|   4.0|2019|    5| 17|   2|
[2024-12-24T08:29:34.355+0000] {subprocess.py:93} INFO - |Star Wars: The La...|  181808|       Dark Jedi|  Per Gunnar Jonsson|  10.0|2017|   12| 27|  14|
[2024-12-24T08:29:34.355+0000] {subprocess.py:93} INFO - |          Past Lives|  666277|      BornKnight|          BornKnight|  10.0|2024|    1| 28|  17|
[2024-12-24T08:29:34.356+0000] {subprocess.py:93} INFO - |The Empire Strike...|    1891|          Wuchak|              Wuchak|   7.0|2020|    7| 26|   3|
[2024-12-24T08:29:34.356+0000] {subprocess.py:93} INFO - |        Blade Runner|      78|      portman123|          portman123|  10.0|2024|    1| 13|  16|
[2024-12-24T08:29:34.357+0000] {subprocess.py:93} INFO - |Ant-Man and the W...|  640146|   screenzealots|Louisa Moore - Sc...|   3.0|2023|    4| 23|   6|
[2024-12-24T08:29:34.358+0000] {subprocess.py:93} INFO - |2001: A Space Ody...|      62|FilipeManuelNeto|  Filipe Manuel Neto|   2.0|2022|   12| 23|  20|
[2024-12-24T08:29:34.358+0000] {subprocess.py:93} INFO - +--------------------+--------+----------------+--------------------+------+----+-----+---+----+
[2024-12-24T08:29:34.359+0000] {subprocess.py:93} INFO - only showing top 20 rows
[2024-12-24T08:29:34.359+0000] {subprocess.py:93} INFO - 
[2024-12-24T08:29:34.359+0000] {subprocess.py:93} INFO - Data successfully transformed and saved to: /opt/***/DE_project/data/parquet/rating.parquet
[2024-12-24T08:29:34.775+0000] {subprocess.py:97} INFO - Command exited with return code 0
[2024-12-24T08:29:34.825+0000] {taskinstance.py:1400} INFO - Marking task as SUCCESS. dag_id=movie_data_etl_workflow, task_id=transform_data_rating, execution_date=20241224T073823, start_date=20241224T082920, end_date=20241224T082934
[2024-12-24T08:29:34.853+0000] {local_task_job_runner.py:228} INFO - Task exited with return code 0
[2024-12-24T08:29:34.909+0000] {taskinstance.py:2784} INFO - 1 downstream tasks scheduled from follow-on schedule check
