[2024-12-23T11:01:35.878+0000] {warnings.py:109} WARNING - /home/***/.local/lib/python3.8/site-packages/***/utils/sqlalchemy.py:124: DeprecationWarning: The sql_alchemy_conn option in [core] has been moved to the sql_alchemy_conn option in [database] - the old setting has been used, but please update your config.
  return not conf.get("database", "sql_alchemy_conn").startswith("mssql")

[2024-12-23T11:01:35.891+0000] {taskinstance.py:1159} INFO - Dependencies all met for dep_context=non-requeueable deps ti=<TaskInstance: movie_data_etl_workflow.transform_data_movie scheduled__2024-12-22T00:00:00+00:00 [queued]>
[2024-12-23T11:01:35.901+0000] {taskinstance.py:1159} INFO - Dependencies all met for dep_context=requeueable deps ti=<TaskInstance: movie_data_etl_workflow.transform_data_movie scheduled__2024-12-22T00:00:00+00:00 [queued]>
[2024-12-23T11:01:35.901+0000] {taskinstance.py:1361} INFO - Starting attempt 1 of 2
[2024-12-23T11:01:35.914+0000] {taskinstance.py:1382} INFO - Executing <Task(BashOperator): transform_data_movie> on 2024-12-22 00:00:00+00:00
[2024-12-23T11:01:35.918+0000] {standard_task_runner.py:57} INFO - Started process 61 to run task
[2024-12-23T11:01:35.922+0000] {standard_task_runner.py:84} INFO - Running: ['***', 'tasks', 'run', 'movie_data_etl_workflow', 'transform_data_movie', 'scheduled__2024-12-22T00:00:00+00:00', '--job-id', '93', '--raw', '--subdir', 'DAGS_FOLDER/movie_data_workflow.py', '--cfg-path', '/tmp/tmporhw12zl']
[2024-12-23T11:01:35.924+0000] {standard_task_runner.py:85} INFO - Job 93: Subtask transform_data_movie
[2024-12-23T11:01:35.942+0000] {warnings.py:109} WARNING - /home/***/.local/lib/python3.8/site-packages/***/settings.py:195: DeprecationWarning: The sql_alchemy_conn option in [core] has been moved to the sql_alchemy_conn option in [database] - the old setting has been used, but please update your config.
  SQL_ALCHEMY_CONN = conf.get("database", "SQL_ALCHEMY_CONN")

[2024-12-23T11:01:35.992+0000] {task_command.py:415} INFO - Running <TaskInstance: movie_data_etl_workflow.transform_data_movie scheduled__2024-12-22T00:00:00+00:00 [running]> on host 4c2bdc2e079f
[2024-12-23T11:01:36.009+0000] {warnings.py:109} WARNING - /home/***/.local/lib/python3.8/site-packages/***/utils/sqlalchemy.py:124: DeprecationWarning: The sql_alchemy_conn option in [core] has been moved to the sql_alchemy_conn option in [database] - the old setting has been used, but please update your config.
  return not conf.get("database", "sql_alchemy_conn").startswith("mssql")

[2024-12-23T11:01:36.081+0000] {taskinstance.py:1660} INFO - Exporting env vars: AIRFLOW_CTX_DAG_OWNER='diinguyen' AIRFLOW_CTX_DAG_ID='movie_data_etl_workflow' AIRFLOW_CTX_TASK_ID='transform_data_movie' AIRFLOW_CTX_EXECUTION_DATE='2024-12-22T00:00:00+00:00' AIRFLOW_CTX_TRY_NUMBER='1' AIRFLOW_CTX_DAG_RUN_ID='scheduled__2024-12-22T00:00:00+00:00'
[2024-12-23T11:01:36.083+0000] {subprocess.py:63} INFO - Tmp dir root location: /tmp
[2024-12-23T11:01:36.083+0000] {subprocess.py:75} INFO - Running command: ['/bin/bash', '-c', 'python3 /opt/***/DE_project/ETL/transform/tranform_moviedf.py']
[2024-12-23T11:01:36.092+0000] {subprocess.py:86} INFO - Output:
[2024-12-23T11:01:39.050+0000] {subprocess.py:93} INFO - Setting default log level to "WARN".
[2024-12-23T11:01:39.051+0000] {subprocess.py:93} INFO - To adjust logging level use sc.setLogLevel(newLevel). For SparkR, use setLogLevel(newLevel).
[2024-12-23T11:01:39.241+0000] {subprocess.py:93} INFO - 24/12/23 11:01:39 WARN NativeCodeLoader: Unable to load native-hadoop library for your platform... using builtin-java classes where applicable
[2024-12-23T11:01:50.053+0000] {subprocess.py:93} INFO - [Stage 6:>                                                          (0 + 1) / 1]                                                                                +-------+--------------------+------------+-----------------+------------+----------+----------+-------+-----+--------------------+--------------------+
[2024-12-23T11:01:50.055+0000] {subprocess.py:93} INFO - |     id|               title|release_date|original_language|vote_average|vote_count|popularity|runtime|adult|              genres|            overview|
[2024-12-23T11:01:50.057+0000] {subprocess.py:93} INFO - +-------+--------------------+------------+-----------------+------------+----------+----------+-------+-----+--------------------+--------------------+
[2024-12-23T11:01:50.059+0000] {subprocess.py:93} INFO - | 845781|             Red One|  2024-10-31|               en|       6.954|      1143|  6943.482|    124|False|Action, Fantasy, ...|After Santa Claus...|
[2024-12-23T11:01:50.060+0000] {subprocess.py:93} INFO - | 912649|Venom: The Last D...|  2024-10-22|               en|         6.8|      1790|  5276.718|    109|False|Action, Science F...|Eddie and Venom a...|
[2024-12-23T11:01:50.061+0000] {subprocess.py:93} INFO - |1241982|             Moana 2|  2024-11-21|               en|         7.0|       572|  3256.547|    100|False|Animation, Advent...|After receiving a...|
[2024-12-23T11:01:50.062+0000] {subprocess.py:93} INFO - | 762509|Mufasa: The Lion ...|  2024-12-18|               en|         6.9|       127|  3314.587|    118|False|Adventure, Family...|Told in flashback...|
[2024-12-23T11:01:50.064+0000] {subprocess.py:93} INFO - | 939243|Sonic the Hedgehog 3|  2024-12-19|               en|         7.8|        47|  2230.916|    110|False|Science Fiction, ...|Sonic, Knuckles, ...|
[2024-12-23T11:01:50.066+0000] {subprocess.py:93} INFO - |1005331|            Carry-On|  2024-12-05|               en|         7.0|       753|  2561.052|    119|False|Action, Mystery, ...|An airport securi...|
[2024-12-23T11:01:50.066+0000] {subprocess.py:93} INFO - |1035048|           Elevation|  2024-11-07|               en|         6.4|       184|  1553.921|     91|False|Action, Science F...|A single father a...|
[2024-12-23T11:01:50.067+0000] {subprocess.py:93} INFO - |1000075|The Price of Mone...|  2024-07-31|               fr|       5.509|        54|   1545.04|    100|False|Action, Adventure...|Largo Winch, deva...|
[2024-12-23T11:01:50.068+0000] {subprocess.py:93} INFO - | 539972|   Kraven the Hunter|  2024-12-11|               en|         5.8|       183|  1178.718|    127|False|Action, Adventure...|Kraven Kravinoff'...|
[2024-12-23T11:01:50.070+0000] {subprocess.py:93} INFO - | 974453|          Absolution|  2024-10-31|               en|         6.1|       152|  1353.445|    112|False|Action, Crime, Th...|An aging ex-boxer...|
[2024-12-23T11:01:50.072+0000] {subprocess.py:93} INFO - | 558449|        Gladiator II|  2024-11-05|               en|       6.672|      1157|  1161.198|    148|False|Action, Adventure...|Years after witne...|
[2024-12-23T11:01:50.072+0000] {subprocess.py:93} INFO - |1184918|      The Wild Robot|  2024-09-08|               en|       8.383|      3560|  1063.664|    102|False|Animation, Action...|After a shipwreck...|
[2024-12-23T11:01:50.073+0000] {subprocess.py:93} INFO - |1138194|             Heretic|  2024-10-31|               en|       7.176|       491|   966.568|    111|False|    Horror, Thriller|Two young mission...|
[2024-12-23T11:01:50.078+0000] {subprocess.py:93} INFO - |1043905|        Dirty Angels|  2024-12-11|               en|       5.632|        19|  1256.233|    104|False|Action, Drama, Th...|During the United...|
[2024-12-23T11:01:50.080+0000] {subprocess.py:93} INFO - | 645757|      That Christmas|  2024-11-27|               en|       7.396|       193|   911.704|     96|False|Animation, Comedy...|It's an unforgett...|
[2024-12-23T11:01:50.082+0000] {subprocess.py:93} INFO - |1182387|               Armor|  2024-10-30|               en|         5.6|        79|    930.94|     89|False|Action, Crime, Th...|Armored truck sec...|
[2024-12-23T11:01:50.084+0000] {subprocess.py:93} INFO - |1010581|            My Fault|  2023-06-08|               es|       7.911|      3143|   888.096|    117|False|      Romance, Drama|Noah must leave h...|
[2024-12-23T11:01:50.086+0000] {subprocess.py:93} INFO - | 533535|Deadpool & Wolverine|  2024-07-24|               en|         7.7|      5999|   847.101|    128|False|Action, Comedy, S...|A listless Wade W...|
[2024-12-23T11:01:50.092+0000] {subprocess.py:93} INFO - | 933260|       The Substance|  2024-09-07|               en|       7.226|      2705|   851.503|    141|False|Horror, Science F...|A fading celebrit...|
[2024-12-23T11:01:50.093+0000] {subprocess.py:93} INFO - |1034541|         Terrifier 3|  2024-10-09|               en|       6.874|      1262|   844.542|    125|False|    Horror, Thriller|Five years after ...|
[2024-12-23T11:01:50.094+0000] {subprocess.py:93} INFO - +-------+--------------------+------------+-----------------+------------+----------+----------+-------+-----+--------------------+--------------------+
[2024-12-23T11:01:50.095+0000] {subprocess.py:93} INFO - only showing top 20 rows
[2024-12-23T11:01:50.096+0000] {subprocess.py:93} INFO - 
[2024-12-23T11:01:50.097+0000] {subprocess.py:93} INFO - root
[2024-12-23T11:01:50.099+0000] {subprocess.py:93} INFO -  |-- id: string (nullable = true)
[2024-12-23T11:01:50.102+0000] {subprocess.py:93} INFO -  |-- title: string (nullable = true)
[2024-12-23T11:01:50.103+0000] {subprocess.py:93} INFO -  |-- release_date: string (nullable = true)
[2024-12-23T11:01:50.106+0000] {subprocess.py:93} INFO -  |-- original_language: string (nullable = true)
[2024-12-23T11:01:50.108+0000] {subprocess.py:93} INFO -  |-- vote_average: string (nullable = true)
[2024-12-23T11:01:50.108+0000] {subprocess.py:93} INFO -  |-- vote_count: string (nullable = true)
[2024-12-23T11:01:50.109+0000] {subprocess.py:93} INFO -  |-- popularity: string (nullable = true)
[2024-12-23T11:01:50.110+0000] {subprocess.py:93} INFO -  |-- runtime: string (nullable = true)
[2024-12-23T11:01:50.111+0000] {subprocess.py:93} INFO -  |-- adult: string (nullable = true)
[2024-12-23T11:01:50.112+0000] {subprocess.py:93} INFO -  |-- genres: string (nullable = true)
[2024-12-23T11:01:50.114+0000] {subprocess.py:93} INFO -  |-- overview: string (nullable = true)
[2024-12-23T11:01:50.115+0000] {subprocess.py:93} INFO - 
[2024-12-23T11:01:50.116+0000] {subprocess.py:93} INFO - +---+-----+------------+-----------------+------------+----------+----------+-------+-----+------+--------+
[2024-12-23T11:01:50.117+0000] {subprocess.py:93} INFO - | id|title|release_date|original_language|vote_average|vote_count|popularity|runtime|adult|genres|overview|
[2024-12-23T11:01:50.119+0000] {subprocess.py:93} INFO - +---+-----+------------+-----------------+------------+----------+----------+-------+-----+------+--------+
[2024-12-23T11:01:50.120+0000] {subprocess.py:93} INFO - |  0|    1|           4|                2|           3|         3|         3|      3|    5|    17|      26|
[2024-12-23T11:01:50.121+0000] {subprocess.py:93} INFO - +---+-----+------------+-----------------+------------+----------+----------+-------+-----+------+--------+
[2024-12-23T11:01:50.122+0000] {subprocess.py:93} INFO - 
[2024-12-23T11:01:53.422+0000] {subprocess.py:93} INFO - [Stage 9:>                                                          (0 + 1) / 1]                                                                                +-------+--------------------+------------+-----------------+------------+----------+----------+-------+-----+--------------------+--------------------+-----+
[2024-12-23T11:01:53.424+0000] {subprocess.py:93} INFO - |     id|               title|release_date|original_language|vote_average|vote_count|popularity|runtime|adult|              genres|            overview|count|
[2024-12-23T11:01:53.426+0000] {subprocess.py:93} INFO - +-------+--------------------+------------+-----------------+------------+----------+----------+-------+-----+--------------------+--------------------+-----+
[2024-12-23T11:01:53.429+0000] {subprocess.py:93} INFO - | 816904|             Mummies|  2023-01-05|               es|         7.0|       458|     29.33|     88|False|Animation, Advent...|Through a series ...|    2|
[2024-12-23T11:01:53.431+0000] {subprocess.py:93} INFO - | 832964|                 Lee|  2024-09-12|               en|       7.053|       228|      52.7|    117|False| History, Drama, War|The true story of...|    2|
[2024-12-23T11:01:53.432+0000] {subprocess.py:93} INFO - |   4148|  Revolutionary Road|  2008-12-19|               en|       6.989|      3793|    31.343|    119|False|      Drama, Romance|A young couple li...|    2|
[2024-12-23T11:01:53.433+0000] {subprocess.py:93} INFO - | 111190|               Adore|  2013-04-03|               en|         6.1|       966|    46.101|    100|False|               Drama|Lil and Roz are t...|    2|
[2024-12-23T11:01:53.433+0000] {subprocess.py:93} INFO - | 205584|       Gods of Egypt|  2016-02-25|               en|         5.7|      4044|    38.533|    127|False|Action, Adventure...|A common thief jo...|    2|
[2024-12-23T11:01:53.435+0000] {subprocess.py:93} INFO - | 935271|  After the Pandemic|  2022-03-01|               en|       5.089|        79|    57.549|     84|False|Science Fiction, ...|Set in a post-apo...|    2|
[2024-12-23T11:01:53.436+0000] {subprocess.py:93} INFO - | 271110|Captain America: ...|  2016-04-27|               en|       7.445|     22700|    96.171|    147|False|Adventure, Action...|Following the eve...|    2|
[2024-12-23T11:01:53.437+0000] {subprocess.py:93} INFO - |1026436|       Miller's Girl|  2024-01-18|               en|       6.493|       685|    74.352|     93|False|Thriller, Comedy,...|A talented young ...|    2|
[2024-12-23T11:01:53.438+0000] {subprocess.py:93} INFO - | 940139|                Here|  2024-10-30|               en|         6.5|       101|    83.554|    105|False|               Drama|An odyssey throug...|    2|
[2024-12-23T11:01:53.438+0000] {subprocess.py:93} INFO - |   2642|    Two Weeks Notice|  2002-12-19|               en|         6.4|      2033|    40.235|    101|False|     Comedy, Romance|Dedicated environ...|    2|
[2024-12-23T11:01:53.439+0000] {subprocess.py:93} INFO - | 294272|       Pete's Dragon|  2016-08-10|               en|       6.384|      2182|    26.083|    103|False|Adventure, Family...|For years, old wo...|    2|
[2024-12-23T11:01:53.442+0000] {subprocess.py:93} INFO - | 767756|    D Cup Girlfriend|  2020-11-13|               ko|         6.0|         1|    51.684|     70|False|             Romance|An earnest reques...|    2|
[2024-12-23T11:01:53.442+0000] {subprocess.py:93} INFO - | 441701|            Veronica|  2017-08-25|               es|        6.22|      1724|    24.597|    105|False|              Horror|In 1991 Madrid, a...|    2|
[2024-12-23T11:01:53.443+0000] {subprocess.py:93} INFO - | 150540|          Inside Out|  2015-06-17|               en|       7.912|     22026|   151.563|     95|False|Animation, Family...|When 11-year-old ...|    2|
[2024-12-23T11:01:53.444+0000] {subprocess.py:93} INFO - | 950075|    Sookshmadarshini|  2024-11-22|               ml|         7.4|         6|    33.013|    142|False|   Mystery, Thriller|Manuel returns wi...|    2|
[2024-12-23T11:01:53.445+0000] {subprocess.py:93} INFO - |  10068|      Nine 1/2 Weeks|  1986-02-09|               en|         6.1|       999|    36.776|    117|False|      Romance, Drama|An erotic story a...|    2|
[2024-12-23T11:01:53.445+0000] {subprocess.py:93} INFO - | 522162|              Midway|  2019-11-06|               en|         7.1|      2475|    33.942|    138|False|Action, War, History|The story of the ...|    2|
[2024-12-23T11:01:53.446+0000] {subprocess.py:93} INFO - | 739547|  Thelma the Unicorn|  2024-05-17|               en|       7.009|       162|    50.411|     98|False|Animation, Fantas...|Thelma dreams of ...|    2|
[2024-12-23T11:01:53.447+0000] {subprocess.py:93} INFO - | 521029|Annabelle Comes Home|  2019-06-26|               en|         6.4|      3516|    54.342|    106|False|              Horror|Determined to kee...|    2|
[2024-12-23T11:01:53.450+0000] {subprocess.py:93} INFO - |1024721|            Monolith|  2023-10-26|               en|         6.0|       119|    58.677|     94|False|Horror, Mystery, ...|A desperate young...|    2|
[2024-12-23T11:01:53.451+0000] {subprocess.py:93} INFO - +-------+--------------------+------------+-----------------+------------+----------+----------+-------+-----+--------------------+--------------------+-----+
[2024-12-23T11:01:53.454+0000] {subprocess.py:93} INFO - only showing top 20 rows
[2024-12-23T11:01:53.455+0000] {subprocess.py:93} INFO - 
[2024-12-23T11:01:53.456+0000] {subprocess.py:93} INFO - +-------+--------------------+------------+-----------------+------------+----------+----------+-------+-----+--------------------+--------------------+
[2024-12-23T11:01:53.458+0000] {subprocess.py:93} INFO - |     id|               title|release_date|original_language|vote_average|vote_count|popularity|runtime|adult|              genres|            overview|
[2024-12-23T11:01:53.459+0000] {subprocess.py:93} INFO - +-------+--------------------+------------+-----------------+------------+----------+----------+-------+-----+--------------------+--------------------+
[2024-12-23T11:01:53.460+0000] {subprocess.py:93} INFO - |1182387|               Armor|  2024-10-30|               en|         5.6|        79|    930.94|     89|False|Action, Crime, Th...|Armored truck sec...|
[2024-12-23T11:01:53.461+0000] {subprocess.py:93} INFO - | 675353|Sonic the Hedgehog 2|  2022-03-30|               en|         7.5|      5032|   371.705|    123|False|Action, Adventure...|After settling in...|
[2024-12-23T11:01:53.463+0000] {subprocess.py:93} INFO - |  47971|xXx: Return of Xa...|  2017-01-13|               en|         6.1|      8860|    102.76|    107|False|Action, Adventure...|Xander Cage is le...|
[2024-12-23T11:01:53.464+0000] {subprocess.py:93} INFO - | 955555|The Roundup: No W...|  2023-05-31|               ko|       7.196|       431|    77.394|    105|False|Action, Crime, Co...|Detective Ma Seok...|
[2024-12-23T11:01:53.465+0000] {subprocess.py:93} INFO - |  11631|          Mamma Mia!|  2008-07-03|               en|       6.978|      6514|    60.381|    108|False|     Comedy, Romance|Donna Sheridan, a...|
[2024-12-23T11:01:53.466+0000] {subprocess.py:93} INFO - |  38700|   Bad Boys for Life|  2020-01-15|               en|        7.14|      8267|    62.852|    124|False|Thriller, Action,...|Marcus and Mike a...|
[2024-12-23T11:01:53.467+0000] {subprocess.py:93} INFO - |  10147|           Bad Santa|  2003-11-26|               en|       6.542|      2126|    53.298|     92|False|Drama, Comedy, Crime|You'd better watc...|
[2024-12-23T11:01:53.469+0000] {subprocess.py:93} INFO - |   1417|     Pan's Labyrinth|  2006-10-10|               es|         7.8|     10536|    60.057|    118|False| Fantasy, Drama, War|Living with her t...|
[2024-12-23T11:01:53.470+0000] {subprocess.py:93} INFO - | 724495|      The Woman King|  2022-09-16|               en|       7.669|      2069|    66.871|    135|False|Action, Drama, Hi...|The story of the ...|
[2024-12-23T11:01:53.471+0000] {subprocess.py:93} INFO - | 116776|Dragon Ball: Myst...|  1988-07-09|               ja|         6.7|       272|    51.122|     48|False|   Action, Animation|Master Roshi has ...|
[2024-12-23T11:01:53.472+0000] {subprocess.py:93} INFO - |   8536|         Superman II|  1980-12-12|               en|         6.7|      2261|    32.727|    127|False|Science Fiction, ...|Three escaped cri...|
[2024-12-23T11:01:53.473+0000] {subprocess.py:93} INFO - |   2057|        Original Sin|  2001-05-08|               en|       6.107|       812|    32.097|    118|False|Thriller, Drama, ...|A young man is pl...|
[2024-12-23T11:01:53.473+0000] {subprocess.py:93} INFO - |   1278|        The Dreamers|  2003-09-01|               en|         7.2|      2849|    40.569|    115|False|      Drama, Romance|When Isabelle and...|
[2024-12-23T11:01:53.474+0000] {subprocess.py:93} INFO - | 796499|     Army of Thieves|  2021-10-29|               en|       6.838|      2038|    33.023|    127|False|Action, Crime, Co...|A mysterious woma...|
[2024-12-23T11:01:53.475+0000] {subprocess.py:93} INFO - |  12139|   Dennis the Menace|  1993-06-24|               en|       5.844|      1451|    34.164|     94|False|      Family, Comedy|Mr. Wilson's ever...|
[2024-12-23T11:01:53.477+0000] {subprocess.py:93} INFO - | 499932|The Devil All the...|  2020-09-11|               en|         7.2|      3333|    35.952|    138|False|Crime, Drama, Thr...|In Knockemstiff, ...|
[2024-12-23T11:01:53.478+0000] {subprocess.py:93} INFO - | 334541|Manchester by the...|  2016-11-18|               en|         7.5|      5825|    31.603|    138|False|               Drama|After his older b...|
[2024-12-23T11:01:53.480+0000] {subprocess.py:93} INFO - |   1678|            Godzilla|  1954-11-03|               ja|         7.6|       971|    32.872|     96|False|Thriller, Horror,...|Japan is thrown i...|
[2024-12-23T11:01:53.481+0000] {subprocess.py:93} INFO - |    858|Sleepless in Seattle|  1993-06-24|               en|       6.739|      2333|    28.335|    105|False|Comedy, Drama, Ro...|After the death o...|
[2024-12-23T11:01:53.481+0000] {subprocess.py:93} INFO - |     22|Pirates of the Ca...|  2003-07-09|               en|       7.807|     20663|   151.039|    143|False|Adventure, Fantas...|After Port Royal ...|
[2024-12-23T11:01:53.482+0000] {subprocess.py:93} INFO - +-------+--------------------+------------+-----------------+------------+----------+----------+-------+-----+--------------------+--------------------+
[2024-12-23T11:01:53.484+0000] {subprocess.py:93} INFO - only showing top 20 rows
[2024-12-23T11:01:53.485+0000] {subprocess.py:93} INFO - 
[2024-12-23T11:01:53.486+0000] {subprocess.py:93} INFO - +---+-----+------------+-----------------+------------+----------+----------+-------+-----+------+--------+
[2024-12-23T11:01:53.487+0000] {subprocess.py:93} INFO - | id|title|release_date|original_language|vote_average|vote_count|popularity|runtime|adult|genres|overview|
[2024-12-23T11:01:53.487+0000] {subprocess.py:93} INFO - +---+-----+------------+-----------------+------------+----------+----------+-------+-----+------+--------+
[2024-12-23T11:01:53.488+0000] {subprocess.py:93} INFO - |  0|    0|           0|                0|           0|         0|         0|      0|    0|     0|       0|
[2024-12-23T11:01:53.489+0000] {subprocess.py:93} INFO - +---+-----+------------+-----------------+------------+----------+----------+-------+-----+------+--------+
[2024-12-23T11:01:53.489+0000] {subprocess.py:93} INFO - 
[2024-12-23T11:01:58.538+0000] {subprocess.py:93} INFO - [Stage 35:>                                                         (0 + 1) / 1]                                                                                +---+-----+------------+-----------------+------------+----------+----------+-------+-----+------+--------+-----+
[2024-12-23T11:01:58.541+0000] {subprocess.py:93} INFO - | id|title|release_date|original_language|vote_average|vote_count|popularity|runtime|adult|genres|overview|count|
[2024-12-23T11:01:58.542+0000] {subprocess.py:93} INFO - +---+-----+------------+-----------------+------------+----------+----------+-------+-----+------+--------+-----+
[2024-12-23T11:01:58.542+0000] {subprocess.py:93} INFO - +---+-----+------------+-----------------+------------+----------+----------+-------+-----+------+--------+-----+
[2024-12-23T11:01:58.543+0000] {subprocess.py:93} INFO - 
[2024-12-23T11:01:58.543+0000] {subprocess.py:93} INFO - +-------+--------------------+------------+-----------------+------------+----------+----------+-------+-----+---------+
[2024-12-23T11:01:58.544+0000] {subprocess.py:93} INFO - |     id|               title|release_date|original_language|vote_average|vote_count|popularity|runtime|adult|    genre|
[2024-12-23T11:01:58.544+0000] {subprocess.py:93} INFO - +-------+--------------------+------------+-----------------+------------+----------+----------+-------+-----+---------+
[2024-12-23T11:01:58.545+0000] {subprocess.py:93} INFO - |1182387|               Armor|  2024-10-30|               en|         5.6|        79|    930.94|     89|False|   Action|
[2024-12-23T11:01:58.546+0000] {subprocess.py:93} INFO - |1182387|               Armor|  2024-10-30|               en|         5.6|        79|    930.94|     89|False|    Crime|
[2024-12-23T11:01:58.546+0000] {subprocess.py:93} INFO - |1182387|               Armor|  2024-10-30|               en|         5.6|        79|    930.94|     89|False| Thriller|
[2024-12-23T11:01:58.548+0000] {subprocess.py:93} INFO - | 675353|Sonic the Hedgehog 2|  2022-03-30|               en|         7.5|      5032|   371.705|    123|False|   Action|
[2024-12-23T11:01:58.548+0000] {subprocess.py:93} INFO - | 675353|Sonic the Hedgehog 2|  2022-03-30|               en|         7.5|      5032|   371.705|    123|False|Adventure|
[2024-12-23T11:01:58.549+0000] {subprocess.py:93} INFO - | 675353|Sonic the Hedgehog 2|  2022-03-30|               en|         7.5|      5032|   371.705|    123|False|   Family|
[2024-12-23T11:01:58.550+0000] {subprocess.py:93} INFO - | 675353|Sonic the Hedgehog 2|  2022-03-30|               en|         7.5|      5032|   371.705|    123|False|   Comedy|
[2024-12-23T11:01:58.551+0000] {subprocess.py:93} INFO - |  47971|xXx: Return of Xa...|  2017-01-13|               en|         6.1|      8860|    102.76|    107|False|   Action|
[2024-12-23T11:01:58.552+0000] {subprocess.py:93} INFO - |  47971|xXx: Return of Xa...|  2017-01-13|               en|         6.1|      8860|    102.76|    107|False|Adventure|
[2024-12-23T11:01:58.552+0000] {subprocess.py:93} INFO - |  47971|xXx: Return of Xa...|  2017-01-13|               en|         6.1|      8860|    102.76|    107|False|    Crime|
[2024-12-23T11:01:58.553+0000] {subprocess.py:93} INFO - | 955555|The Roundup: No W...|  2023-05-31|               ko|       7.196|       431|    77.394|    105|False|   Action|
[2024-12-23T11:01:58.554+0000] {subprocess.py:93} INFO - | 955555|The Roundup: No W...|  2023-05-31|               ko|       7.196|       431|    77.394|    105|False|    Crime|
[2024-12-23T11:01:58.554+0000] {subprocess.py:93} INFO - | 955555|The Roundup: No W...|  2023-05-31|               ko|       7.196|       431|    77.394|    105|False|   Comedy|
[2024-12-23T11:01:58.555+0000] {subprocess.py:93} INFO - | 955555|The Roundup: No W...|  2023-05-31|               ko|       7.196|       431|    77.394|    105|False| Thriller|
[2024-12-23T11:01:58.555+0000] {subprocess.py:93} INFO - |  11631|          Mamma Mia!|  2008-07-03|               en|       6.978|      6514|    60.381|    108|False|   Comedy|
[2024-12-23T11:01:58.556+0000] {subprocess.py:93} INFO - |  11631|          Mamma Mia!|  2008-07-03|               en|       6.978|      6514|    60.381|    108|False|  Romance|
[2024-12-23T11:01:58.556+0000] {subprocess.py:93} INFO - |  38700|   Bad Boys for Life|  2020-01-15|               en|        7.14|      8267|    62.852|    124|False| Thriller|
[2024-12-23T11:01:58.557+0000] {subprocess.py:93} INFO - |  38700|   Bad Boys for Life|  2020-01-15|               en|        7.14|      8267|    62.852|    124|False|   Action|
[2024-12-23T11:01:58.558+0000] {subprocess.py:93} INFO - |  38700|   Bad Boys for Life|  2020-01-15|               en|        7.14|      8267|    62.852|    124|False|    Crime|
[2024-12-23T11:01:58.559+0000] {subprocess.py:93} INFO - |  10147|           Bad Santa|  2003-11-26|               en|       6.542|      2126|    53.298|     92|False|    Drama|
[2024-12-23T11:01:58.559+0000] {subprocess.py:93} INFO - +-------+--------------------+------------+-----------------+------------+----------+----------+-------+-----+---------+
[2024-12-23T11:01:58.560+0000] {subprocess.py:93} INFO - only showing top 20 rows
[2024-12-23T11:01:58.560+0000] {subprocess.py:93} INFO - 
[2024-12-23T11:01:58.560+0000] {subprocess.py:93} INFO - +-------+--------------------+-----------------+------------+----------+----------+-------+---------+------------+-------------+-----------+
[2024-12-23T11:01:58.561+0000] {subprocess.py:93} INFO - |     id|               title|original_language|vote_average|vote_count|popularity|runtime|    genre|release_year|release_month|release_day|
[2024-12-23T11:01:58.561+0000] {subprocess.py:93} INFO - +-------+--------------------+-----------------+------------+----------+----------+-------+---------+------------+-------------+-----------+
[2024-12-23T11:01:58.562+0000] {subprocess.py:93} INFO - |1182387|               Armor|               en|         5.6|        79|    930.94|     89|   Action|        2024|           10|         30|
[2024-12-23T11:01:58.562+0000] {subprocess.py:93} INFO - |1182387|               Armor|               en|         5.6|        79|    930.94|     89|    Crime|        2024|           10|         30|
[2024-12-23T11:01:58.563+0000] {subprocess.py:93} INFO - |1182387|               Armor|               en|         5.6|        79|    930.94|     89| Thriller|        2024|           10|         30|
[2024-12-23T11:01:58.563+0000] {subprocess.py:93} INFO - | 675353|Sonic the Hedgehog 2|               en|         7.5|      5032|   371.705|    123|   Action|        2022|            3|         30|
[2024-12-23T11:01:58.564+0000] {subprocess.py:93} INFO - | 675353|Sonic the Hedgehog 2|               en|         7.5|      5032|   371.705|    123|Adventure|        2022|            3|         30|
[2024-12-23T11:01:58.564+0000] {subprocess.py:93} INFO - | 675353|Sonic the Hedgehog 2|               en|         7.5|      5032|   371.705|    123|   Family|        2022|            3|         30|
[2024-12-23T11:01:58.565+0000] {subprocess.py:93} INFO - | 675353|Sonic the Hedgehog 2|               en|         7.5|      5032|   371.705|    123|   Comedy|        2022|            3|         30|
[2024-12-23T11:01:58.565+0000] {subprocess.py:93} INFO - |  47971|xXx: Return of Xa...|               en|         6.1|      8860|    102.76|    107|   Action|        2017|            1|         13|
[2024-12-23T11:01:58.566+0000] {subprocess.py:93} INFO - |  47971|xXx: Return of Xa...|               en|         6.1|      8860|    102.76|    107|Adventure|        2017|            1|         13|
[2024-12-23T11:01:58.566+0000] {subprocess.py:93} INFO - |  47971|xXx: Return of Xa...|               en|         6.1|      8860|    102.76|    107|    Crime|        2017|            1|         13|
[2024-12-23T11:01:58.567+0000] {subprocess.py:93} INFO - | 955555|The Roundup: No W...|               ko|       7.196|       431|    77.394|    105|   Action|        2023|            5|         31|
[2024-12-23T11:01:58.568+0000] {subprocess.py:93} INFO - | 955555|The Roundup: No W...|               ko|       7.196|       431|    77.394|    105|    Crime|        2023|            5|         31|
[2024-12-23T11:01:58.568+0000] {subprocess.py:93} INFO - | 955555|The Roundup: No W...|               ko|       7.196|       431|    77.394|    105|   Comedy|        2023|            5|         31|
[2024-12-23T11:01:58.569+0000] {subprocess.py:93} INFO - | 955555|The Roundup: No W...|               ko|       7.196|       431|    77.394|    105| Thriller|        2023|            5|         31|
[2024-12-23T11:01:58.569+0000] {subprocess.py:93} INFO - |  11631|          Mamma Mia!|               en|       6.978|      6514|    60.381|    108|   Comedy|        2008|            7|          3|
[2024-12-23T11:01:58.570+0000] {subprocess.py:93} INFO - |  11631|          Mamma Mia!|               en|       6.978|      6514|    60.381|    108|  Romance|        2008|            7|          3|
[2024-12-23T11:01:58.570+0000] {subprocess.py:93} INFO - |  38700|   Bad Boys for Life|               en|        7.14|      8267|    62.852|    124| Thriller|        2020|            1|         15|
[2024-12-23T11:01:58.571+0000] {subprocess.py:93} INFO - |  38700|   Bad Boys for Life|               en|        7.14|      8267|    62.852|    124|   Action|        2020|            1|         15|
[2024-12-23T11:01:58.571+0000] {subprocess.py:93} INFO - |  38700|   Bad Boys for Life|               en|        7.14|      8267|    62.852|    124|    Crime|        2020|            1|         15|
[2024-12-23T11:01:58.572+0000] {subprocess.py:93} INFO - |  10147|           Bad Santa|               en|       6.542|      2126|    53.298|     92|    Drama|        2003|           11|         26|
[2024-12-23T11:01:58.572+0000] {subprocess.py:93} INFO - +-------+--------------------+-----------------+------------+----------+----------+-------+---------+------------+-------------+-----------+
[2024-12-23T11:01:58.572+0000] {subprocess.py:93} INFO - only showing top 20 rows
[2024-12-23T11:01:58.573+0000] {subprocess.py:93} INFO - 
[2024-12-23T11:01:58.573+0000] {subprocess.py:93} INFO - Data successfully transformed and saved to: /opt/***/DE_project/data/parquet/movie.parquet
[2024-12-23T11:01:59.088+0000] {subprocess.py:97} INFO - Command exited with return code 0
[2024-12-23T11:01:59.183+0000] {taskinstance.py:1400} INFO - Marking task as SUCCESS. dag_id=movie_data_etl_workflow, task_id=transform_data_movie, execution_date=20241222T000000, start_date=20241223T110135, end_date=20241223T110159
[2024-12-23T11:01:59.260+0000] {local_task_job_runner.py:228} INFO - Task exited with return code 0
[2024-12-23T11:01:59.360+0000] {taskinstance.py:2784} INFO - 0 downstream tasks scheduled from follow-on schedule check
