[2024-12-23T10:05:54.656+0000] {warnings.py:109} WARNING - /home/***/.local/lib/python3.8/site-packages/***/utils/sqlalchemy.py:124: DeprecationWarning: The sql_alchemy_conn option in [core] has been moved to the sql_alchemy_conn option in [database] - the old setting has been used, but please update your config.
  return not conf.get("database", "sql_alchemy_conn").startswith("mssql")

[2024-12-23T10:05:54.668+0000] {taskinstance.py:1159} INFO - Dependencies all met for dep_context=non-requeueable deps ti=<TaskInstance: movie_etl_workflow.movie_json_to_csv scheduled__2024-12-22T00:00:00+00:00 [queued]>
[2024-12-23T10:05:54.681+0000] {taskinstance.py:1159} INFO - Dependencies all met for dep_context=requeueable deps ti=<TaskInstance: movie_etl_workflow.movie_json_to_csv scheduled__2024-12-22T00:00:00+00:00 [queued]>
[2024-12-23T10:05:54.682+0000] {taskinstance.py:1361} INFO - Starting attempt 1 of 2
[2024-12-23T10:05:54.698+0000] {taskinstance.py:1382} INFO - Executing <Task(BashOperator): movie_json_to_csv> on 2024-12-22 00:00:00+00:00
[2024-12-23T10:05:54.702+0000] {standard_task_runner.py:57} INFO - Started process 80 to run task
[2024-12-23T10:05:54.705+0000] {standard_task_runner.py:84} INFO - Running: ['***', 'tasks', 'run', 'movie_etl_workflow', 'movie_json_to_csv', 'scheduled__2024-12-22T00:00:00+00:00', '--job-id', '65', '--raw', '--subdir', 'DAGS_FOLDER/movie_data_workflow.py', '--cfg-path', '/tmp/tmp959mysye']
[2024-12-23T10:05:54.707+0000] {standard_task_runner.py:85} INFO - Job 65: Subtask movie_json_to_csv
[2024-12-23T10:05:54.727+0000] {warnings.py:109} WARNING - /home/***/.local/lib/python3.8/site-packages/***/settings.py:195: DeprecationWarning: The sql_alchemy_conn option in [core] has been moved to the sql_alchemy_conn option in [database] - the old setting has been used, but please update your config.
  SQL_ALCHEMY_CONN = conf.get("database", "SQL_ALCHEMY_CONN")

[2024-12-23T10:05:54.776+0000] {task_command.py:415} INFO - Running <TaskInstance: movie_etl_workflow.movie_json_to_csv scheduled__2024-12-22T00:00:00+00:00 [running]> on host 706f06857b2f
[2024-12-23T10:05:54.793+0000] {warnings.py:109} WARNING - /home/***/.local/lib/python3.8/site-packages/***/utils/sqlalchemy.py:124: DeprecationWarning: The sql_alchemy_conn option in [core] has been moved to the sql_alchemy_conn option in [database] - the old setting has been used, but please update your config.
  return not conf.get("database", "sql_alchemy_conn").startswith("mssql")

[2024-12-23T10:05:54.873+0000] {taskinstance.py:1660} INFO - Exporting env vars: AIRFLOW_CTX_DAG_OWNER='diinguyen' AIRFLOW_CTX_DAG_ID='movie_etl_workflow' AIRFLOW_CTX_TASK_ID='movie_json_to_csv' AIRFLOW_CTX_EXECUTION_DATE='2024-12-22T00:00:00+00:00' AIRFLOW_CTX_TRY_NUMBER='1' AIRFLOW_CTX_DAG_RUN_ID='scheduled__2024-12-22T00:00:00+00:00'
[2024-12-23T10:05:54.875+0000] {subprocess.py:63} INFO - Tmp dir root location: /tmp
[2024-12-23T10:05:54.876+0000] {subprocess.py:75} INFO - Running command: ['/bin/bash', '-c', 'python3 /opt/***/DE_project/JSON_to_CSV/JSON_to_CSV_movie.py']
[2024-12-23T10:05:54.886+0000] {subprocess.py:86} INFO - Output:
[2024-12-23T10:05:55.146+0000] {subprocess.py:93} INFO - Traceback (most recent call last):
[2024-12-23T10:05:55.147+0000] {subprocess.py:93} INFO -   File "/opt/***/DE_project/JSON_to_CSV/JSON_to_CSV_movie.py", line 8, in <module>
[2024-12-23T10:05:55.148+0000] {subprocess.py:93} INFO -     movies = json.load(json_file)
[2024-12-23T10:05:55.150+0000] {subprocess.py:93} INFO -   File "/usr/local/lib/python3.8/json/__init__.py", line 293, in load
[2024-12-23T10:05:55.151+0000] {subprocess.py:93} INFO -     return loads(fp.read(),
[2024-12-23T10:05:55.152+0000] {subprocess.py:93} INFO -   File "/usr/local/lib/python3.8/json/__init__.py", line 357, in loads
[2024-12-23T10:05:55.153+0000] {subprocess.py:93} INFO -     return _default_decoder.decode(s)
[2024-12-23T10:05:55.154+0000] {subprocess.py:93} INFO -   File "/usr/local/lib/python3.8/json/decoder.py", line 340, in decode
[2024-12-23T10:05:55.155+0000] {subprocess.py:93} INFO -     raise JSONDecodeError("Extra data", s, end)
[2024-12-23T10:05:55.156+0000] {subprocess.py:93} INFO - json.decoder.JSONDecodeError: Extra data: line 202825 column 3 (char 7563840)
[2024-12-23T10:05:55.171+0000] {subprocess.py:97} INFO - Command exited with return code 1
[2024-12-23T10:05:55.188+0000] {taskinstance.py:1943} ERROR - Task failed with exception
Traceback (most recent call last):
  File "/home/airflow/.local/lib/python3.8/site-packages/airflow/operators/bash.py", line 210, in execute
    raise AirflowException(
airflow.exceptions.AirflowException: Bash command failed. The command returned a non-zero exit code 1.
[2024-12-23T10:05:55.195+0000] {taskinstance.py:1400} INFO - Marking task as UP_FOR_RETRY. dag_id=movie_etl_workflow, task_id=movie_json_to_csv, execution_date=20241222T000000, start_date=20241223T100554, end_date=20241223T100555
[2024-12-23T10:05:55.211+0000] {standard_task_runner.py:104} ERROR - Failed to execute job 65 for task movie_json_to_csv (Bash command failed. The command returned a non-zero exit code 1.; 80)
[2024-12-23T10:05:55.260+0000] {local_task_job_runner.py:228} INFO - Task exited with return code 1
[2024-12-23T10:05:55.396+0000] {taskinstance.py:2784} INFO - 0 downstream tasks scheduled from follow-on schedule check
[2024-12-23T13:19:19.599+0000] {warnings.py:109} WARNING - /home/***/.local/lib/python3.8/site-packages/***/utils/sqlalchemy.py:124: DeprecationWarning: The sql_alchemy_conn option in [core] has been moved to the sql_alchemy_conn option in [database] - the old setting has been used, but please update your config.
  return not conf.get("database", "sql_alchemy_conn").startswith("mssql")

[2024-12-23T13:19:19.610+0000] {taskinstance.py:1159} INFO - Dependencies all met for dep_context=non-requeueable deps ti=<TaskInstance: movie_etl_workflow.movie_json_to_csv scheduled__2024-12-22T00:00:00+00:00 [queued]>
[2024-12-23T13:19:19.619+0000] {taskinstance.py:1159} INFO - Dependencies all met for dep_context=requeueable deps ti=<TaskInstance: movie_etl_workflow.movie_json_to_csv scheduled__2024-12-22T00:00:00+00:00 [queued]>
[2024-12-23T13:19:19.619+0000] {taskinstance.py:1361} INFO - Starting attempt 1 of 2
[2024-12-23T13:19:19.637+0000] {taskinstance.py:1382} INFO - Executing <Task(BashOperator): movie_json_to_csv> on 2024-12-22 00:00:00+00:00
[2024-12-23T13:19:19.641+0000] {standard_task_runner.py:57} INFO - Started process 64 to run task
[2024-12-23T13:19:19.645+0000] {standard_task_runner.py:84} INFO - Running: ['***', 'tasks', 'run', 'movie_etl_workflow', 'movie_json_to_csv', 'scheduled__2024-12-22T00:00:00+00:00', '--job-id', '136', '--raw', '--subdir', 'DAGS_FOLDER/movie_data_workflow.py', '--cfg-path', '/tmp/tmpyf26nfes']
[2024-12-23T13:19:19.646+0000] {standard_task_runner.py:85} INFO - Job 136: Subtask movie_json_to_csv
[2024-12-23T13:19:19.663+0000] {warnings.py:109} WARNING - /home/***/.local/lib/python3.8/site-packages/***/settings.py:195: DeprecationWarning: The sql_alchemy_conn option in [core] has been moved to the sql_alchemy_conn option in [database] - the old setting has been used, but please update your config.
  SQL_ALCHEMY_CONN = conf.get("database", "SQL_ALCHEMY_CONN")

[2024-12-23T13:19:19.703+0000] {task_command.py:415} INFO - Running <TaskInstance: movie_etl_workflow.movie_json_to_csv scheduled__2024-12-22T00:00:00+00:00 [running]> on host c498c9d7df3d
[2024-12-23T13:19:19.720+0000] {warnings.py:109} WARNING - /home/***/.local/lib/python3.8/site-packages/***/utils/sqlalchemy.py:124: DeprecationWarning: The sql_alchemy_conn option in [core] has been moved to the sql_alchemy_conn option in [database] - the old setting has been used, but please update your config.
  return not conf.get("database", "sql_alchemy_conn").startswith("mssql")

[2024-12-23T13:19:19.794+0000] {taskinstance.py:1660} INFO - Exporting env vars: AIRFLOW_CTX_DAG_OWNER='diinguyen' AIRFLOW_CTX_DAG_ID='movie_etl_workflow' AIRFLOW_CTX_TASK_ID='movie_json_to_csv' AIRFLOW_CTX_EXECUTION_DATE='2024-12-22T00:00:00+00:00' AIRFLOW_CTX_TRY_NUMBER='1' AIRFLOW_CTX_DAG_RUN_ID='scheduled__2024-12-22T00:00:00+00:00'
[2024-12-23T13:19:19.798+0000] {subprocess.py:63} INFO - Tmp dir root location: /tmp
[2024-12-23T13:19:19.800+0000] {subprocess.py:75} INFO - Running command: ['/bin/bash', '-c', 'python3 /opt/***/DE_project/JSON_to_CSV/JSON_to_CSV_movie.py']
[2024-12-23T13:19:19.810+0000] {subprocess.py:86} INFO - Output:
[2024-12-23T13:19:19.999+0000] {subprocess.py:93} INFO - Conversion complete. CSV file saved as 'movies_data.csv'
[2024-12-23T13:19:20.005+0000] {subprocess.py:97} INFO - Command exited with return code 0
[2024-12-23T13:19:20.043+0000] {taskinstance.py:1400} INFO - Marking task as SUCCESS. dag_id=movie_etl_workflow, task_id=movie_json_to_csv, execution_date=20241222T000000, start_date=20241223T131919, end_date=20241223T131920
[2024-12-23T13:19:20.069+0000] {local_task_job_runner.py:228} INFO - Task exited with return code 0
[2024-12-23T13:19:20.099+0000] {taskinstance.py:2784} INFO - 1 downstream tasks scheduled from follow-on schedule check
