[2024-12-23T13:18:54.743+0000] {taskinstance.py:1159} INFO - Dependencies all met for dep_context=non-requeueable deps ti=<TaskInstance: movie_etl_workflow.fetch_rating_data manual__2024-12-23T13:18:52.642936+00:00 [queued]>
[2024-12-23T13:18:54.759+0000] {taskinstance.py:1159} INFO - Dependencies all met for dep_context=requeueable deps ti=<TaskInstance: movie_etl_workflow.fetch_rating_data manual__2024-12-23T13:18:52.642936+00:00 [queued]>
[2024-12-23T13:18:54.760+0000] {taskinstance.py:1361} INFO - Starting attempt 1 of 2
[2024-12-23T13:18:54.782+0000] {taskinstance.py:1382} INFO - Executing <Task(BashOperator): fetch_rating_data> on 2024-12-23 13:18:52.642936+00:00
[2024-12-23T13:18:54.789+0000] {standard_task_runner.py:57} INFO - Started process 60 to run task
[2024-12-23T13:18:54.797+0000] {standard_task_runner.py:84} INFO - Running: ['***', 'tasks', 'run', 'movie_etl_workflow', 'fetch_rating_data', 'manual__2024-12-23T13:18:52.642936+00:00', '--job-id', '135', '--raw', '--subdir', 'DAGS_FOLDER/movie_data_workflow.py', '--cfg-path', '/tmp/tmprzjtkwze']
[2024-12-23T13:18:54.799+0000] {standard_task_runner.py:85} INFO - Job 135: Subtask fetch_rating_data
[2024-12-23T13:18:54.833+0000] {warnings.py:109} WARNING - /home/***/.local/lib/python3.8/site-packages/***/settings.py:195: DeprecationWarning: The sql_alchemy_conn option in [core] has been moved to the sql_alchemy_conn option in [database] - the old setting has been used, but please update your config.
  SQL_ALCHEMY_CONN = conf.get("database", "SQL_ALCHEMY_CONN")

[2024-12-23T13:18:54.905+0000] {task_command.py:415} INFO - Running <TaskInstance: movie_etl_workflow.fetch_rating_data manual__2024-12-23T13:18:52.642936+00:00 [running]> on host c498c9d7df3d
[2024-12-23T13:18:55.052+0000] {taskinstance.py:1660} INFO - Exporting env vars: AIRFLOW_CTX_DAG_OWNER='diinguyen' AIRFLOW_CTX_DAG_ID='movie_etl_workflow' AIRFLOW_CTX_TASK_ID='fetch_rating_data' AIRFLOW_CTX_EXECUTION_DATE='2024-12-23T13:18:52.642936+00:00' AIRFLOW_CTX_TRY_NUMBER='1' AIRFLOW_CTX_DAG_RUN_ID='manual__2024-12-23T13:18:52.642936+00:00'
[2024-12-23T13:18:55.055+0000] {subprocess.py:63} INFO - Tmp dir root location: /tmp
[2024-12-23T13:18:55.056+0000] {subprocess.py:75} INFO - Running command: ['/bin/bash', '-c', 'python3 /opt/***/DE_project/ETL/extract/API_rating_Themoviedb.py']
[2024-12-23T13:18:55.071+0000] {subprocess.py:86} INFO - Output:
[2024-12-23T13:19:37.240+0000] {subprocess.py:93} INFO - Fetched page 1, number of movies: 20
[2024-12-23T13:19:37.241+0000] {subprocess.py:93} INFO - Fetched reviews for movie ID 845781, page 1, number of reviews: 5
[2024-12-23T13:19:37.242+0000] {subprocess.py:93} INFO - Fetched reviews for movie ID 912649, page 1, number of reviews: 6
[2024-12-23T13:19:37.243+0000] {subprocess.py:93} INFO - Fetched reviews for movie ID 1241982, page 1, number of reviews: 1
[2024-12-23T13:19:37.247+0000] {subprocess.py:93} INFO - Fetched reviews for movie ID 1005331, page 1, number of reviews: 4
[2024-12-23T13:19:37.250+0000] {subprocess.py:93} INFO - Fetched reviews for movie ID 1035048, page 1, number of reviews: 1
[2024-12-23T13:19:37.250+0000] {subprocess.py:93} INFO - Fetched reviews for movie ID 1000075, page 1, number of reviews: 1
[2024-12-23T13:19:37.254+0000] {subprocess.py:93} INFO - Fetched reviews for movie ID 1043905, page 1, number of reviews: 1
[2024-12-23T13:19:37.254+0000] {subprocess.py:93} INFO - Fetched reviews for movie ID 539972, page 1, number of reviews: 3
[2024-12-23T13:19:37.255+0000] {subprocess.py:93} INFO - Fetched reviews for movie ID 1184918, page 1, number of reviews: 5
[2024-12-23T13:19:37.256+0000] {subprocess.py:93} INFO - Fetched reviews for movie ID 558449, page 1, number of reviews: 11
[2024-12-23T13:19:37.256+0000] {subprocess.py:93} INFO - Fetched reviews for movie ID 1138194, page 1, number of reviews: 5
[2024-12-23T13:19:37.260+0000] {subprocess.py:93} INFO - Fetched reviews for movie ID 1182387, page 1, number of reviews: 1
[2024-12-23T13:19:37.260+0000] {subprocess.py:93} INFO - Fetched reviews for movie ID 1010581, page 1, number of reviews: 1
[2024-12-23T13:19:37.262+0000] {subprocess.py:93} INFO - Fetched reviews for movie ID 533535, page 1, number of reviews: 18
[2024-12-23T13:19:37.265+0000] {subprocess.py:93} INFO - Fetched reviews for movie ID 933260, page 1, number of reviews: 10
[2024-12-23T13:19:37.267+0000] {subprocess.py:93} INFO - Fetched page 2, number of movies: 20
[2024-12-23T13:19:37.267+0000] {subprocess.py:93} INFO - Fetched reviews for movie ID 1034541, page 1, number of reviews: 4
[2024-12-23T13:19:37.268+0000] {subprocess.py:93} INFO - Fetched reviews for movie ID 698687, page 1, number of reviews: 2
[2024-12-23T13:19:37.269+0000] {subprocess.py:93} INFO - Fetched reviews for movie ID 402431, page 1, number of reviews: 7
[2024-12-23T13:19:37.270+0000] {subprocess.py:93} INFO - Fetched reviews for movie ID 1022789, page 1, number of reviews: 9
[2024-12-23T13:19:37.270+0000] {subprocess.py:93} INFO - Fetched reviews for movie ID 1118031, page 1, number of reviews: 1
[2024-12-23T13:19:37.271+0000] {subprocess.py:93} INFO - Fetched reviews for movie ID 41446, page 1, number of reviews: 1
[2024-12-23T13:19:37.271+0000] {subprocess.py:93} INFO - Fetched reviews for movie ID 519182, page 1, number of reviews: 8
[2024-12-23T13:19:37.275+0000] {subprocess.py:93} INFO - Fetched reviews for movie ID 1100782, page 1, number of reviews: 6
[2024-12-23T13:19:37.276+0000] {subprocess.py:93} INFO - Fetched reviews for movie ID 945961, page 1, number of reviews: 9
[2024-12-23T13:19:37.277+0000] {subprocess.py:93} INFO - Fetched reviews for movie ID 8871, page 1, number of reviews: 6
[2024-12-23T13:19:37.277+0000] {subprocess.py:93} INFO - Fetched reviews for movie ID 1064213, page 1, number of reviews: 2
[2024-12-23T13:19:37.279+0000] {subprocess.py:93} INFO - Fetched reviews for movie ID 1051896, page 1, number of reviews: 4
[2024-12-23T13:19:37.280+0000] {subprocess.py:93} INFO - Fetched page 3, number of movies: 20
[2024-12-23T13:19:37.281+0000] {subprocess.py:93} INFO - Fetched reviews for movie ID 360920, page 1, number of reviews: 6
[2024-12-23T13:19:37.281+0000] {subprocess.py:93} INFO - Fetched reviews for movie ID 1029235, page 1, number of reviews: 2
[2024-12-23T13:19:37.282+0000] {subprocess.py:93} INFO - Fetched reviews for movie ID 1196470, page 1, number of reviews: 1
[2024-12-23T13:19:37.283+0000] {subprocess.py:93} INFO - Fetched reviews for movie ID 772, page 1, number of reviews: 3
[2024-12-23T13:19:37.283+0000] {subprocess.py:93} INFO - Fetched reviews for movie ID 420818, page 1, number of reviews: 5
[2024-12-23T13:19:37.284+0000] {subprocess.py:93} INFO - Fetched reviews for movie ID 1100099, page 1, number of reviews: 2
[2024-12-23T13:19:37.284+0000] {subprocess.py:93} INFO - Fetched reviews for movie ID 957452, page 1, number of reviews: 3
[2024-12-23T13:19:37.285+0000] {subprocess.py:93} INFO - Fetched reviews for movie ID 1064028, page 1, number of reviews: 2
[2024-12-23T13:19:37.285+0000] {subprocess.py:93} INFO - Fetched reviews for movie ID 1124641, page 1, number of reviews: 2
[2024-12-23T13:19:37.286+0000] {subprocess.py:93} INFO - Fetched reviews for movie ID 1154223, page 1, number of reviews: 1
[2024-12-23T13:19:37.286+0000] {subprocess.py:93} INFO - Fetched reviews for movie ID 1357633, page 1, number of reviews: 1
[2024-12-23T13:19:37.287+0000] {subprocess.py:93} INFO - Fetched reviews for movie ID 675353, page 1, number of reviews: 8
[2024-12-23T13:19:37.287+0000] {subprocess.py:93} INFO - Fetched reviews for movie ID 1084736, page 1, number of reviews: 2
[2024-12-23T13:19:37.288+0000] {subprocess.py:93} INFO - Fetched page 4, number of movies: 20
[2024-12-23T13:19:37.288+0000] {subprocess.py:93} INFO - Fetched reviews for movie ID 573435, page 1, number of reviews: 8
[2024-12-23T13:19:37.289+0000] {subprocess.py:93} INFO - Fetched reviews for movie ID 1106739, page 1, number of reviews: 2
[2024-12-23T13:19:37.289+0000] {subprocess.py:93} INFO - Fetched reviews for movie ID 823219, page 1, number of reviews: 1
[2024-12-23T13:19:37.290+0000] {subprocess.py:93} INFO - Fetched reviews for movie ID 592695, page 1, number of reviews: 1
[2024-12-23T13:19:37.290+0000] {subprocess.py:93} INFO - Fetched reviews for movie ID 1084863, page 1, number of reviews: 2
[2024-12-23T13:19:37.291+0000] {subprocess.py:93} INFO - Fetched reviews for movie ID 889737, page 1, number of reviews: 8
[2024-12-23T13:19:37.292+0000] {subprocess.py:93} INFO - Fetched reviews for movie ID 157336, page 1, number of reviews: 17
[2024-12-23T13:19:37.293+0000] {subprocess.py:93} INFO - Fetched reviews for movie ID 748783, page 1, number of reviews: 5
[2024-12-23T13:19:37.293+0000] {subprocess.py:93} INFO - Fetched reviews for movie ID 335983, page 1, number of reviews: 11
[2024-12-23T13:19:37.296+0000] {subprocess.py:93} INFO - Fetched reviews for movie ID 98, page 1, number of reviews: 5
[2024-12-23T13:19:37.298+0000] {subprocess.py:93} INFO - Fetched reviews for movie ID 974576, page 1, number of reviews: 5
[2024-12-23T13:19:37.299+0000] {subprocess.py:93} INFO - Fetched reviews for movie ID 693134, page 1, number of reviews: 14
[2024-12-23T13:19:37.300+0000] {subprocess.py:93} INFO - Fetched page 5, number of movies: 20
[2024-12-23T13:19:37.301+0000] {subprocess.py:93} INFO - Fetched reviews for movie ID 1011985, page 1, number of reviews: 5
[2024-12-23T13:19:37.301+0000] {subprocess.py:93} INFO - Fetched reviews for movie ID 917496, page 1, number of reviews: 7
[2024-12-23T13:19:37.306+0000] {subprocess.py:93} INFO - Fetched reviews for movie ID 1014505, page 1, number of reviews: 1
[2024-12-23T13:19:37.307+0000] {subprocess.py:93} INFO - Fetched reviews for movie ID 385687, page 1, number of reviews: 12
[2024-12-23T13:19:37.307+0000] {subprocess.py:93} INFO - Fetched reviews for movie ID 726139, page 1, number of reviews: 1
[2024-12-23T13:19:37.307+0000] {subprocess.py:93} INFO - Fetched reviews for movie ID 671, page 1, number of reviews: 4
[2024-12-23T13:19:37.308+0000] {subprocess.py:93} INFO - Fetched reviews for movie ID 653346, page 1, number of reviews: 9
[2024-12-23T13:19:37.308+0000] {subprocess.py:93} INFO - Fetched reviews for movie ID 634649, page 1, number of reviews: 15
[2024-12-23T13:19:37.309+0000] {subprocess.py:93} INFO - Fetched reviews for movie ID 639720, page 1, number of reviews: 6
[2024-12-23T13:19:37.310+0000] {subprocess.py:93} INFO - Fetched reviews for movie ID 839033, page 1, number of reviews: 1
[2024-12-23T13:19:37.310+0000] {subprocess.py:93} INFO - Fetched reviews for movie ID 454626, page 1, number of reviews: 11
[2024-12-23T13:19:37.311+0000] {subprocess.py:93} INFO - Fetched reviews for movie ID 1296753, page 1, number of reviews: 1
[2024-12-23T13:19:37.314+0000] {subprocess.py:93} INFO - Fetched reviews for movie ID 823464, page 1, number of reviews: 15
[2024-12-23T13:19:37.314+0000] {subprocess.py:93} INFO - Fetched reviews for movie ID 569094, page 1, number of reviews: 9
[2024-12-23T13:19:37.315+0000] {subprocess.py:93} INFO - Fetched page 6, number of movies: 20
[2024-12-23T13:19:37.315+0000] {subprocess.py:93} INFO - Fetched reviews for movie ID 829557, page 1, number of reviews: 4
[2024-12-23T13:19:37.319+0000] {subprocess.py:93} INFO - Fetched reviews for movie ID 976734, page 1, number of reviews: 1
[2024-12-23T13:19:37.320+0000] {subprocess.py:93} INFO - Fetched reviews for movie ID 8587, page 1, number of reviews: 2
[2024-12-23T13:19:37.320+0000] {subprocess.py:93} INFO - Fetched reviews for movie ID 667538, page 1, number of reviews: 7
[2024-12-23T13:19:37.321+0000] {subprocess.py:93} INFO - Fetched reviews for movie ID 786892, page 1, number of reviews: 13
[2024-12-23T13:19:37.321+0000] {subprocess.py:93} INFO - Fetched reviews for movie ID 5255, page 1, number of reviews: 4
[2024-12-23T13:19:37.322+0000] {subprocess.py:93} INFO - Fetched reviews for movie ID 597, page 1, number of reviews: 6
[2024-12-23T13:19:37.324+0000] {subprocess.py:93} INFO - Fetched reviews for movie ID 718821, page 1, number of reviews: 9
[2024-12-23T13:19:37.325+0000] {subprocess.py:93} INFO - Fetched reviews for movie ID 365177, page 1, number of reviews: 7
[2024-12-23T13:19:37.325+0000] {subprocess.py:93} INFO - Fetched reviews for movie ID 1079091, page 1, number of reviews: 5
[2024-12-23T13:19:37.327+0000] {subprocess.py:93} INFO - Fetched reviews for movie ID 507241, page 1, number of reviews: 1
[2024-12-23T13:19:37.329+0000] {subprocess.py:93} INFO - Fetched reviews for movie ID 762441, page 1, number of reviews: 9
[2024-12-23T13:19:37.330+0000] {subprocess.py:93} INFO - Fetched page 7, number of movies: 20
[2024-12-23T13:19:37.330+0000] {subprocess.py:93} INFO - Fetched reviews for movie ID 502356, page 1, number of reviews: 12
[2024-12-23T13:19:37.331+0000] {subprocess.py:93} INFO - Fetched reviews for movie ID 324857, page 1, number of reviews: 20
[2024-12-23T13:19:37.332+0000] {subprocess.py:93} INFO - Fetched reviews for movie ID 324857, page 2, number of reviews: 20
[2024-12-23T13:19:37.332+0000] {subprocess.py:93} INFO - Fetched reviews for movie ID 324857, page 3, number of reviews: 14
[2024-12-23T13:19:37.333+0000] {subprocess.py:93} INFO - Fetched reviews for movie ID 580489, page 1, number of reviews: 10
[2024-12-23T13:19:37.333+0000] {subprocess.py:93} INFO - Fetched reviews for movie ID 672, page 1, number of reviews: 3
[2024-12-23T13:19:37.334+0000] {subprocess.py:93} INFO - Fetched reviews for movie ID 1038263, page 1, number of reviews: 1
[2024-12-23T13:19:37.334+0000] {subprocess.py:93} INFO - Fetched reviews for movie ID 299536, page 1, number of reviews: 20
[2024-12-23T13:19:37.335+0000] {subprocess.py:93} INFO - Fetched reviews for movie ID 299536, page 2, number of reviews: 12
[2024-12-23T13:19:37.335+0000] {subprocess.py:93} INFO - Fetched reviews for movie ID 438631, page 1, number of reviews: 15
[2024-12-23T13:19:37.335+0000] {subprocess.py:93} INFO - Fetched reviews for movie ID 411, page 1, number of reviews: 4
[2024-12-23T13:19:37.336+0000] {subprocess.py:93} INFO - Fetched reviews for movie ID 1159311, page 1, number of reviews: 1
[2024-12-23T13:19:37.336+0000] {subprocess.py:93} INFO - Fetched reviews for movie ID 238, page 1, number of reviews: 6
[2024-12-23T13:19:37.336+0000] {subprocess.py:93} INFO - Fetched reviews for movie ID 361743, page 1, number of reviews: 20
[2024-12-23T13:19:37.337+0000] {subprocess.py:93} INFO - Fetched reviews for movie ID 940551, page 1, number of reviews: 3
[2024-12-23T13:19:37.337+0000] {subprocess.py:93} INFO - Fetched reviews for movie ID 278, page 1, number of reviews: 17
[2024-12-23T13:19:37.338+0000] {subprocess.py:93} INFO - Fetched reviews for movie ID 929590, page 1, number of reviews: 11
[2024-12-23T13:19:37.338+0000] {subprocess.py:93} INFO - Fetched reviews for movie ID 603692, page 1, number of reviews: 18
[2024-12-23T13:19:37.338+0000] {subprocess.py:93} INFO - Fetched page 8, number of movies: 20
[2024-12-23T13:19:37.339+0000] {subprocess.py:93} INFO - Fetched reviews for movie ID 1063877, page 1, number of reviews: 1
[2024-12-23T13:19:37.339+0000] {subprocess.py:93} INFO - Fetched reviews for movie ID 346698, page 1, number of reviews: 17
[2024-12-23T13:19:37.340+0000] {subprocess.py:93} INFO - Fetched reviews for movie ID 315162, page 1, number of reviews: 6
[2024-12-23T13:19:37.340+0000] {subprocess.py:93} INFO - Fetched reviews for movie ID 673, page 1, number of reviews: 3
[2024-12-23T13:19:37.340+0000] {subprocess.py:93} INFO - Fetched reviews for movie ID 370663, page 1, number of reviews: 2
[2024-12-23T13:19:37.341+0000] {subprocess.py:93} INFO - Fetched reviews for movie ID 674, page 1, number of reviews: 3
[2024-12-23T13:19:37.341+0000] {subprocess.py:93} INFO - Fetched reviews for movie ID 12444, page 1, number of reviews: 2
[2024-12-23T13:19:37.342+0000] {subprocess.py:93} INFO - Fetched reviews for movie ID 1094974, page 1, number of reviews: 1
[2024-12-23T13:19:37.342+0000] {subprocess.py:93} INFO - Fetched reviews for movie ID 216015, page 1, number of reviews: 3
[2024-12-23T13:19:37.343+0000] {subprocess.py:93} INFO - Fetched reviews for movie ID 1129598, page 1, number of reviews: 2
[2024-12-23T13:19:37.344+0000] {subprocess.py:93} INFO - Fetched page 9, number of movies: 20
[2024-12-23T13:19:37.344+0000] {subprocess.py:93} INFO - Fetched reviews for movie ID 76600, page 1, number of reviews: 20
[2024-12-23T13:19:37.345+0000] {subprocess.py:93} INFO - Fetched reviews for movie ID 1029281, page 1, number of reviews: 4
[2024-12-23T13:19:37.346+0000] {subprocess.py:93} INFO - Fetched reviews for movie ID 866398, page 1, number of reviews: 8
[2024-12-23T13:19:37.346+0000] {subprocess.py:93} INFO - Fetched reviews for movie ID 675, page 1, number of reviews: 3
[2024-12-23T13:19:37.347+0000] {subprocess.py:93} INFO - Fetched reviews for movie ID 198663, page 1, number of reviews: 8
[2024-12-23T13:19:37.347+0000] {subprocess.py:93} INFO - Fetched reviews for movie ID 287903, page 1, number of reviews: 3
[2024-12-23T13:19:37.347+0000] {subprocess.py:93} INFO - Fetched reviews for movie ID 7451, page 1, number of reviews: 1
[2024-12-23T13:19:37.348+0000] {subprocess.py:93} INFO - Fetched reviews for movie ID 1104844, page 1, number of reviews: 1
[2024-12-23T13:19:37.348+0000] {subprocess.py:93} INFO - Fetched reviews for movie ID 1102493, page 1, number of reviews: 2
[2024-12-23T13:19:37.349+0000] {subprocess.py:93} INFO - Fetched reviews for movie ID 637649, page 1, number of reviews: 9
[2024-12-23T13:19:37.349+0000] {subprocess.py:93} INFO - Fetched reviews for movie ID 12445, page 1, number of reviews: 3
[2024-12-23T13:19:37.350+0000] {subprocess.py:93} INFO - Fetched reviews for movie ID 1216191, page 1, number of reviews: 1
[2024-12-23T13:19:38.860+0000] {subprocess.py:93} INFO - Fetched reviews for movie ID 150540, page 1, number of reviews: 10
[2024-12-23T13:19:38.861+0000] {subprocess.py:93} INFO - Fetched reviews for movie ID 616446, page 1, number of reviews: 1
[2024-12-23T13:19:38.861+0000] {subprocess.py:93} INFO - Fetched reviews for movie ID 120, page 1, number of reviews: 9
[2024-12-23T13:19:38.862+0000] {subprocess.py:93} INFO - Total movies processed: 180
[2024-12-23T13:19:38.892+0000] {subprocess.py:97} INFO - Command exited with return code 0
[2024-12-23T13:19:38.976+0000] {taskinstance.py:1400} INFO - Marking task as SUCCESS. dag_id=movie_etl_workflow, task_id=fetch_rating_data, execution_date=20241223T131852, start_date=20241223T131854, end_date=20241223T131938
[2024-12-23T13:19:39.052+0000] {local_task_job_runner.py:228} INFO - Task exited with return code 0
[2024-12-23T13:19:39.139+0000] {taskinstance.py:2784} INFO - 1 downstream tasks scheduled from follow-on schedule check
