[2024-12-23T13:19:21.185+0000] {warnings.py:109} WARNING - /home/***/.local/lib/python3.8/site-packages/***/utils/sqlalchemy.py:124: DeprecationWarning: The sql_alchemy_conn option in [core] has been moved to the sql_alchemy_conn option in [database] - the old setting has been used, but please update your config.
  return not conf.get("database", "sql_alchemy_conn").startswith("mssql")

[2024-12-23T13:19:21.199+0000] {taskinstance.py:1159} INFO - Dependencies all met for dep_context=non-requeueable deps ti=<TaskInstance: movie_etl_workflow.transform_data_movie scheduled__2024-12-22T00:00:00+00:00 [queued]>
[2024-12-23T13:19:21.209+0000] {taskinstance.py:1159} INFO - Dependencies all met for dep_context=requeueable deps ti=<TaskInstance: movie_etl_workflow.transform_data_movie scheduled__2024-12-22T00:00:00+00:00 [queued]>
[2024-12-23T13:19:21.210+0000] {taskinstance.py:1361} INFO - Starting attempt 1 of 2
[2024-12-23T13:19:21.224+0000] {taskinstance.py:1382} INFO - Executing <Task(BashOperator): transform_data_movie> on 2024-12-22 00:00:00+00:00
[2024-12-23T13:19:21.229+0000] {standard_task_runner.py:57} INFO - Started process 68 to run task
[2024-12-23T13:19:21.233+0000] {standard_task_runner.py:84} INFO - Running: ['***', 'tasks', 'run', 'movie_etl_workflow', 'transform_data_movie', 'scheduled__2024-12-22T00:00:00+00:00', '--job-id', '137', '--raw', '--subdir', 'DAGS_FOLDER/movie_data_workflow.py', '--cfg-path', '/tmp/tmpb7pfah2q']
[2024-12-23T13:19:21.237+0000] {standard_task_runner.py:85} INFO - Job 137: Subtask transform_data_movie
[2024-12-23T13:19:21.256+0000] {warnings.py:109} WARNING - /home/***/.local/lib/python3.8/site-packages/***/settings.py:195: DeprecationWarning: The sql_alchemy_conn option in [core] has been moved to the sql_alchemy_conn option in [database] - the old setting has been used, but please update your config.
  SQL_ALCHEMY_CONN = conf.get("database", "SQL_ALCHEMY_CONN")

[2024-12-23T13:19:21.306+0000] {task_command.py:415} INFO - Running <TaskInstance: movie_etl_workflow.transform_data_movie scheduled__2024-12-22T00:00:00+00:00 [running]> on host c498c9d7df3d
[2024-12-23T13:19:21.323+0000] {warnings.py:109} WARNING - /home/***/.local/lib/python3.8/site-packages/***/utils/sqlalchemy.py:124: DeprecationWarning: The sql_alchemy_conn option in [core] has been moved to the sql_alchemy_conn option in [database] - the old setting has been used, but please update your config.
  return not conf.get("database", "sql_alchemy_conn").startswith("mssql")

[2024-12-23T13:19:21.403+0000] {taskinstance.py:1660} INFO - Exporting env vars: AIRFLOW_CTX_DAG_OWNER='diinguyen' AIRFLOW_CTX_DAG_ID='movie_etl_workflow' AIRFLOW_CTX_TASK_ID='transform_data_movie' AIRFLOW_CTX_EXECUTION_DATE='2024-12-22T00:00:00+00:00' AIRFLOW_CTX_TRY_NUMBER='1' AIRFLOW_CTX_DAG_RUN_ID='scheduled__2024-12-22T00:00:00+00:00'
[2024-12-23T13:19:21.405+0000] {subprocess.py:63} INFO - Tmp dir root location: /tmp
[2024-12-23T13:19:21.406+0000] {subprocess.py:75} INFO - Running command: ['/bin/bash', '-c', 'python3 /opt/***/DE_project/ETL/transform/tranform_moviedf.py']
[2024-12-23T13:19:21.417+0000] {subprocess.py:86} INFO - Output:
[2024-12-23T13:19:24.794+0000] {subprocess.py:93} INFO - Setting default log level to "WARN".
[2024-12-23T13:19:24.796+0000] {subprocess.py:93} INFO - To adjust logging level use sc.setLogLevel(newLevel). For SparkR, use setLogLevel(newLevel).
[2024-12-23T13:19:25.138+0000] {subprocess.py:93} INFO - 24/12/23 13:19:25 WARN NativeCodeLoader: Unable to load native-hadoop library for your platform... using builtin-java classes where applicable
[2024-12-23T13:19:38.252+0000] {subprocess.py:93} INFO - +-------+--------------------+------------+-----------------+------------+----------+----------+-------+-----+--------------------+--------------------+
[2024-12-23T13:19:38.253+0000] {subprocess.py:93} INFO - |     id|               title|release_date|original_language|vote_average|vote_count|popularity|runtime|adult|              genres|            overview|
[2024-12-23T13:19:38.253+0000] {subprocess.py:93} INFO - +-------+--------------------+------------+-----------------+------------+----------+----------+-------+-----+--------------------+--------------------+
[2024-12-23T13:19:38.256+0000] {subprocess.py:93} INFO - | 845781|             Red One|  2024-10-31|               en|         7.0|      1159|  6943.482|    124|false|Action, Fantasy, ...|After Santa Claus...|
[2024-12-23T13:19:38.258+0000] {subprocess.py:93} INFO - | 912649|Venom: The Last D...|  2024-10-22|               en|       6.781|      1790|  5276.718|    109|false|Action, Science F...|Eddie and Venom a...|
[2024-12-23T13:19:38.259+0000] {subprocess.py:93} INFO - | 762509|Mufasa: The Lion ...|  2024-12-18|               en|         6.9|       129|  3314.587|    118|false|Adventure, Family...|Told in flashback...|
[2024-12-23T13:19:38.260+0000] {subprocess.py:93} INFO - |1241982|             Moana 2|  2024-11-21|               en|         7.0|       574|  3256.547|    100|false|Animation, Advent...|After receiving a...|
[2024-12-23T13:19:38.261+0000] {subprocess.py:93} INFO - | 939243|Sonic the Hedgehog 3|  2024-12-19|               en|         7.8|        49|  2230.916|    110|false|Science Fiction, ...|Sonic, Knuckles, ...|
[2024-12-23T13:19:38.262+0000] {subprocess.py:93} INFO - |1005331|            Carry-On|  2024-12-05|               en|        6.99|       765|  2561.052|    119|false|Action, Mystery, ...|An airport securi...|
[2024-12-23T13:19:38.263+0000] {subprocess.py:93} INFO - |1035048|           Elevation|  2024-11-07|               en|         6.4|       184|  1553.921|     91|false|Action, Science F...|A single father a...|
[2024-12-23T13:19:38.264+0000] {subprocess.py:93} INFO - |1000075|The Price of Mone...|  2024-07-31|               fr|         5.5|        54|   1545.04|    100|false|Action, Adventure...|Largo Winch, deva...|
[2024-12-23T13:19:38.265+0000] {subprocess.py:93} INFO - |1043905|        Dirty Angels|  2024-12-11|               en|       5.818|        22|  1256.233|    104|false|Action, Drama, Th...|During the United...|
[2024-12-23T13:19:38.267+0000] {subprocess.py:93} INFO - | 539972|   Kraven the Hunter|  2024-12-11|               en|         5.8|       183|  1178.718|    127|false|Action, Adventure...|Kraven Kravinoff'...|
[2024-12-23T13:19:38.268+0000] {subprocess.py:93} INFO - | 974453|          Absolution|  2024-10-31|               en|       6.088|       153|  1353.445|    112|false|Action, Crime, Th...|An aging ex-boxer...|
[2024-12-23T13:19:38.269+0000] {subprocess.py:93} INFO - |1184918|      The Wild Robot|  2024-09-08|               en|         8.4|      3562|  1063.664|    102|false|Animation, Action...|After a shipwreck...|
[2024-12-23T13:19:38.270+0000] {subprocess.py:93} INFO - | 558449|        Gladiator II|  2024-11-05|               en|       6.672|      1158|  1161.198|    148|false|Action, Adventure...|Years after witne...|
[2024-12-23T13:19:38.271+0000] {subprocess.py:93} INFO - |1138194|             Heretic|  2024-10-31|               en|       7.171|       497|   966.568|    111|false|    Horror, Thriller|Two young mission...|
[2024-12-23T13:19:38.272+0000] {subprocess.py:93} INFO - | 645757|      That Christmas|  2024-11-27|               en|        7.34|       197|   911.704|     96|false|Animation, Comedy...|It's an unforgett...|
[2024-12-23T13:19:38.273+0000] {subprocess.py:93} INFO - |1182387|               Armor|  2024-10-30|               en|         5.6|        79|    930.94|     89|false|Action, Crime, Th...|Armored truck sec...|
[2024-12-23T13:19:38.275+0000] {subprocess.py:93} INFO - |1010581|            My Fault|  2023-06-08|               es|       7.911|      3143|   888.096|    117|false|      Romance, Drama|Noah must leave h...|
[2024-12-23T13:19:38.276+0000] {subprocess.py:93} INFO - | 533535|Deadpool & Wolverine|  2024-07-24|               en|         7.7|      6000|   847.101|    128|false|Action, Comedy, S...|A listless Wade W...|
[2024-12-23T13:19:38.276+0000] {subprocess.py:93} INFO - | 933260|       The Substance|  2024-09-07|               en|       7.226|      2707|   851.503|    141|false|Horror, Science F...|A fading celebrit...|
[2024-12-23T13:19:38.278+0000] {subprocess.py:93} INFO - |1167271|   Weekend in Taipei|  2024-09-19|               en|         6.1|        79|   758.673|    101|false|Action, Adventure...|A former DEA agen...|
[2024-12-23T13:19:38.278+0000] {subprocess.py:93} INFO - +-------+--------------------+------------+-----------------+------------+----------+----------+-------+-----+--------------------+--------------------+
[2024-12-23T13:19:38.280+0000] {subprocess.py:93} INFO - only showing top 20 rows
[2024-12-23T13:19:38.281+0000] {subprocess.py:93} INFO - 
[2024-12-23T13:19:38.285+0000] {subprocess.py:93} INFO - root
[2024-12-23T13:19:38.286+0000] {subprocess.py:93} INFO -  |-- id: integer (nullable = true)
[2024-12-23T13:19:38.287+0000] {subprocess.py:93} INFO -  |-- title: string (nullable = true)
[2024-12-23T13:19:38.289+0000] {subprocess.py:93} INFO -  |-- release_date: date (nullable = true)
[2024-12-23T13:19:38.290+0000] {subprocess.py:93} INFO -  |-- original_language: string (nullable = true)
[2024-12-23T13:19:38.291+0000] {subprocess.py:93} INFO -  |-- vote_average: double (nullable = true)
[2024-12-23T13:19:38.291+0000] {subprocess.py:93} INFO -  |-- vote_count: integer (nullable = true)
[2024-12-23T13:19:38.295+0000] {subprocess.py:93} INFO -  |-- popularity: double (nullable = true)
[2024-12-23T13:19:38.295+0000] {subprocess.py:93} INFO -  |-- runtime: integer (nullable = true)
[2024-12-23T13:19:38.296+0000] {subprocess.py:93} INFO -  |-- adult: boolean (nullable = true)
[2024-12-23T13:19:38.297+0000] {subprocess.py:93} INFO -  |-- genres: string (nullable = true)
[2024-12-23T13:19:38.297+0000] {subprocess.py:93} INFO -  |-- overview: string (nullable = true)
[2024-12-23T13:19:38.298+0000] {subprocess.py:93} INFO - 
[2024-12-23T13:19:38.299+0000] {subprocess.py:93} INFO - +---+-----+------------+-----------------+------------+----------+----------+-------+-----+------+--------+
[2024-12-23T13:19:38.299+0000] {subprocess.py:93} INFO - | id|title|release_date|original_language|vote_average|vote_count|popularity|runtime|adult|genres|overview|
[2024-12-23T13:19:38.300+0000] {subprocess.py:93} INFO - +---+-----+------------+-----------------+------------+----------+----------+-------+-----+------+--------+
[2024-12-23T13:19:38.301+0000] {subprocess.py:93} INFO - |  0|    0|           0|                0|           0|         0|         0|      0|    0|     0|       1|
[2024-12-23T13:19:38.301+0000] {subprocess.py:93} INFO - +---+-----+------------+-----------------+------------+----------+----------+-------+-----+------+--------+
[2024-12-23T13:19:38.302+0000] {subprocess.py:93} INFO - 
[2024-12-23T13:19:38.302+0000] {subprocess.py:93} INFO - +-------+------------+------------+-----------------+------------+----------+----------+-------+-----+---------------+--------------------+-----+
[2024-12-23T13:19:38.303+0000] {subprocess.py:93} INFO - |     id|       title|release_date|original_language|vote_average|vote_count|popularity|runtime|adult|         genres|            overview|count|
[2024-12-23T13:19:38.303+0000] {subprocess.py:93} INFO - +-------+------------+------------+-----------------+------------+----------+----------+-------+-----+---------------+--------------------+-----+
[2024-12-23T13:19:38.304+0000] {subprocess.py:93} INFO - |1191611|Camp Crasher|  2024-12-05|               es|        6.88|        25|   146.629|     95|false|Comedy, Romance|In a bid to save ...|    2|
[2024-12-23T13:19:38.305+0000] {subprocess.py:93} INFO - +-------+------------+------------+-----------------+------------+----------+----------+-------+-----+---------------+--------------------+-----+
[2024-12-23T13:19:38.305+0000] {subprocess.py:93} INFO - 
[2024-12-23T13:19:41.493+0000] {subprocess.py:93} INFO - +-------+--------------------+------------+-----------------+------------+----------+----------+-------+-----+--------------------+--------------------+
[2024-12-23T13:19:41.498+0000] {subprocess.py:93} INFO - |     id|               title|release_date|original_language|vote_average|vote_count|popularity|runtime|adult|              genres|            overview|
[2024-12-23T13:19:41.502+0000] {subprocess.py:93} INFO - +-------+--------------------+------------+-----------------+------------+----------+----------+-------+-----+--------------------+--------------------+
[2024-12-23T13:19:41.503+0000] {subprocess.py:93} INFO - |1038263|               Maria|  2024-11-27|               en|         6.8|        45|   202.988|    123|false|        Drama, Music|Maria Callas, the...|
[2024-12-23T13:19:41.507+0000] {subprocess.py:93} INFO - |1287717|        Do Not Enter|  2024-08-06|               es|         7.2|        93|   216.018|     80|false|              Horror|Two working class...|
[2024-12-23T13:19:41.508+0000] {subprocess.py:93} INFO - |1206617|The Best Christma...|  2024-11-07|               en|         8.0|        33|   197.496|     99|false|Comedy, Drama, Fa...|The Herdman kids ...|
[2024-12-23T13:19:41.512+0000] {subprocess.py:93} INFO - |1106739|            Juror #2|  2024-10-30|               en|       7.003|       772|    342.32|    114|false|        Crime, Drama|While serving as ...|
[2024-12-23T13:19:41.513+0000] {subprocess.py:93} INFO - | 482600|        Japanese Mom|  2017-02-09|               ko|         6.2|        30|   343.962|     91|false|      Romance, Drama|    """Innocent face|
[2024-12-23T13:19:41.518+0000] {subprocess.py:93} INFO - | 645757|      That Christmas|  2024-11-27|               en|        7.34|       197|   911.704|     96|false|Animation, Comedy...|It's an unforgett...|
[2024-12-23T13:19:41.519+0000] {subprocess.py:93} INFO - | 360920|          The Grinch|  2018-11-08|               en|         6.9|      3999|   407.762|     85|false|Animation, Family...|The Grinch hatche...|
[2024-12-23T13:19:41.521+0000] {subprocess.py:93} INFO - |1125510|      The Platform 2|  2024-09-27|               es|         5.6|       953|   279.024|    101|false|Science Fiction, ...|After a mysteriou...|
[2024-12-23T13:19:41.523+0000] {subprocess.py:93} INFO - |   8871|How the Grinch St...|  2000-11-17|               en|         6.8|      7507|   576.505|    104|false|Family, Comedy, F...|The Grinch decide...|
[2024-12-23T13:19:41.525+0000] {subprocess.py:93} INFO - | 974453|          Absolution|  2024-10-31|               en|       6.088|       153|  1353.445|    112|false|Action, Crime, Th...|An aging ex-boxer...|
[2024-12-23T13:19:41.526+0000] {subprocess.py:93} INFO - | 558449|        Gladiator II|  2024-11-05|               en|       6.672|      1158|  1161.198|    148|false|Action, Adventure...|Years after witne...|
[2024-12-23T13:19:41.529+0000] {subprocess.py:93} INFO - | 365177|         Borderlands|  2024-08-07|               en|       5.795|       876|   226.192|    101|false|Action, Science F...|Returning to her ...|
[2024-12-23T13:19:41.532+0000] {subprocess.py:93} INFO - |1068518|       Haunted Heart|  2024-08-23|               en|         5.9|         9|   194.242|    128|false|   Romance, Thriller|On a beautiful re...|
[2024-12-23T13:19:41.533+0000] {subprocess.py:93} INFO - |  76600|Avatar: The Way o...|  2022-12-14|               en|       7.619|     12002|   173.675|    192|false|Science Fiction, ...|Set more than a d...|
[2024-12-23T13:19:41.534+0000] {subprocess.py:93} INFO - |    674|Harry Potter and ...|  2005-11-16|               en|         7.8|     20713|   180.897|    157|false|  Adventure, Fantasy|When Harry Potter...|
[2024-12-23T13:19:41.534+0000] {subprocess.py:93} INFO - |1299652|Watchmen: Chapter II|  2024-11-25|               en|       7.518|        56|   835.844|     89|false|Animation, Myster...|Suspicious of the...|
[2024-12-23T13:19:41.535+0000] {subprocess.py:93} INFO - |1252470|Sikandar Ka Muqaddar|  2024-11-29|               hi|         6.1|        13|   445.303|    143|false|Thriller, Crime, ...|After an unsolved...|
[2024-12-23T13:19:41.539+0000] {subprocess.py:93} INFO - | 912649|Venom: The Last D...|  2024-10-22|               en|       6.781|      1790|  5276.718|    109|false|Action, Science F...|Eddie and Venom a...|
[2024-12-23T13:19:41.541+0000] {subprocess.py:93} INFO - |1241982|             Moana 2|  2024-11-21|               en|         7.0|       574|  3256.547|    100|false|Animation, Advent...|After receiving a...|
[2024-12-23T13:19:41.542+0000] {subprocess.py:93} INFO - |1010581|            My Fault|  2023-06-08|               es|       7.911|      3143|   888.096|    117|false|      Romance, Drama|Noah must leave h...|
[2024-12-23T13:19:41.548+0000] {subprocess.py:93} INFO - +-------+--------------------+------------+-----------------+------------+----------+----------+-------+-----+--------------------+--------------------+
[2024-12-23T13:19:41.551+0000] {subprocess.py:93} INFO - only showing top 20 rows
[2024-12-23T13:19:41.554+0000] {subprocess.py:93} INFO - 
[2024-12-23T13:19:41.556+0000] {subprocess.py:93} INFO - +---+-----+------------+-----------------+------------+----------+----------+-------+-----+------+--------+
[2024-12-23T13:19:41.558+0000] {subprocess.py:93} INFO - | id|title|release_date|original_language|vote_average|vote_count|popularity|runtime|adult|genres|overview|
[2024-12-23T13:19:41.560+0000] {subprocess.py:93} INFO - +---+-----+------------+-----------------+------------+----------+----------+-------+-----+------+--------+
[2024-12-23T13:19:41.561+0000] {subprocess.py:93} INFO - |  0|    0|           0|                0|           0|         0|         0|      0|    0|     0|       0|
[2024-12-23T13:19:41.562+0000] {subprocess.py:93} INFO - +---+-----+------------+-----------------+------------+----------+----------+-------+-----+------+--------+
[2024-12-23T13:19:41.562+0000] {subprocess.py:93} INFO - 
[2024-12-23T13:19:41.564+0000] {subprocess.py:93} INFO - +---+-----+------------+-----------------+------------+----------+----------+-------+-----+------+--------+-----+
[2024-12-23T13:19:41.566+0000] {subprocess.py:93} INFO - | id|title|release_date|original_language|vote_average|vote_count|popularity|runtime|adult|genres|overview|count|
[2024-12-23T13:19:41.566+0000] {subprocess.py:93} INFO - +---+-----+------------+-----------------+------------+----------+----------+-------+-----+------+--------+-----+
[2024-12-23T13:19:41.567+0000] {subprocess.py:93} INFO - +---+-----+------------+-----------------+------------+----------+----------+-------+-----+------+--------+-----+
[2024-12-23T13:19:41.568+0000] {subprocess.py:93} INFO - 
[2024-12-23T13:19:41.570+0000] {subprocess.py:93} INFO - +-------+--------------------+------------+-----------------+------------+----------+----------+-------+-----+---------------+
[2024-12-23T13:19:41.571+0000] {subprocess.py:93} INFO - |     id|               title|release_date|original_language|vote_average|vote_count|popularity|runtime|adult|          genre|
[2024-12-23T13:19:41.571+0000] {subprocess.py:93} INFO - +-------+--------------------+------------+-----------------+------------+----------+----------+-------+-----+---------------+
[2024-12-23T13:19:41.571+0000] {subprocess.py:93} INFO - |1038263|               Maria|  2024-11-27|               en|         6.8|        45|   202.988|    123|false|          Drama|
[2024-12-23T13:19:41.572+0000] {subprocess.py:93} INFO - |1038263|               Maria|  2024-11-27|               en|         6.8|        45|   202.988|    123|false|          Music|
[2024-12-23T13:19:41.576+0000] {subprocess.py:93} INFO - |1287717|        Do Not Enter|  2024-08-06|               es|         7.2|        93|   216.018|     80|false|         Horror|
[2024-12-23T13:19:41.577+0000] {subprocess.py:93} INFO - |1206617|The Best Christma...|  2024-11-07|               en|         8.0|        33|   197.496|     99|false|         Comedy|
[2024-12-23T13:19:41.580+0000] {subprocess.py:93} INFO - |1206617|The Best Christma...|  2024-11-07|               en|         8.0|        33|   197.496|     99|false|          Drama|
[2024-12-23T13:19:41.584+0000] {subprocess.py:93} INFO - |1206617|The Best Christma...|  2024-11-07|               en|         8.0|        33|   197.496|     99|false|         Family|
[2024-12-23T13:19:41.585+0000] {subprocess.py:93} INFO - |1106739|            Juror #2|  2024-10-30|               en|       7.003|       772|    342.32|    114|false|          Crime|
[2024-12-23T13:19:41.586+0000] {subprocess.py:93} INFO - |1106739|            Juror #2|  2024-10-30|               en|       7.003|       772|    342.32|    114|false|          Drama|
[2024-12-23T13:19:41.587+0000] {subprocess.py:93} INFO - | 482600|        Japanese Mom|  2017-02-09|               ko|         6.2|        30|   343.962|     91|false|        Romance|
[2024-12-23T13:19:41.587+0000] {subprocess.py:93} INFO - | 482600|        Japanese Mom|  2017-02-09|               ko|         6.2|        30|   343.962|     91|false|          Drama|
[2024-12-23T13:19:41.588+0000] {subprocess.py:93} INFO - | 645757|      That Christmas|  2024-11-27|               en|        7.34|       197|   911.704|     96|false|      Animation|
[2024-12-23T13:19:41.589+0000] {subprocess.py:93} INFO - | 645757|      That Christmas|  2024-11-27|               en|        7.34|       197|   911.704|     96|false|         Comedy|
[2024-12-23T13:19:41.590+0000] {subprocess.py:93} INFO - | 645757|      That Christmas|  2024-11-27|               en|        7.34|       197|   911.704|     96|false|         Family|
[2024-12-23T13:19:41.593+0000] {subprocess.py:93} INFO - | 645757|      That Christmas|  2024-11-27|               en|        7.34|       197|   911.704|     96|false|        Fantasy|
[2024-12-23T13:19:41.595+0000] {subprocess.py:93} INFO - | 645757|      That Christmas|  2024-11-27|               en|        7.34|       197|   911.704|     96|false|      Adventure|
[2024-12-23T13:19:41.598+0000] {subprocess.py:93} INFO - | 360920|          The Grinch|  2018-11-08|               en|         6.9|      3999|   407.762|     85|false|      Animation|
[2024-12-23T13:19:41.600+0000] {subprocess.py:93} INFO - | 360920|          The Grinch|  2018-11-08|               en|         6.9|      3999|   407.762|     85|false|         Family|
[2024-12-23T13:19:41.601+0000] {subprocess.py:93} INFO - | 360920|          The Grinch|  2018-11-08|               en|         6.9|      3999|   407.762|     85|false|         Comedy|
[2024-12-23T13:19:41.601+0000] {subprocess.py:93} INFO - | 360920|          The Grinch|  2018-11-08|               en|         6.9|      3999|   407.762|     85|false|        Fantasy|
[2024-12-23T13:19:41.602+0000] {subprocess.py:93} INFO - |1125510|      The Platform 2|  2024-09-27|               es|         5.6|       953|   279.024|    101|false|Science Fiction|
[2024-12-23T13:19:41.603+0000] {subprocess.py:93} INFO - +-------+--------------------+------------+-----------------+------------+----------+----------+-------+-----+---------------+
[2024-12-23T13:19:41.604+0000] {subprocess.py:93} INFO - only showing top 20 rows
[2024-12-23T13:19:41.605+0000] {subprocess.py:93} INFO - 
[2024-12-23T13:19:44.280+0000] {subprocess.py:93} INFO - [Stage 35:>                                                         (0 + 1) / 1]                                                                                +-------+--------------------+-----------------+------------+----------+----------+-------+---------------+------------+-------------+-----------+
[2024-12-23T13:19:44.280+0000] {subprocess.py:93} INFO - |     id|               title|original_language|vote_average|vote_count|popularity|runtime|          genre|release_year|release_month|release_day|
[2024-12-23T13:19:44.280+0000] {subprocess.py:93} INFO - +-------+--------------------+-----------------+------------+----------+----------+-------+---------------+------------+-------------+-----------+
[2024-12-23T13:19:44.281+0000] {subprocess.py:93} INFO - |1038263|               Maria|               en|         6.8|        45|   202.988|    123|          Drama|        2024|           11|         27|
[2024-12-23T13:19:44.281+0000] {subprocess.py:93} INFO - |1038263|               Maria|               en|         6.8|        45|   202.988|    123|          Music|        2024|           11|         27|
[2024-12-23T13:19:44.281+0000] {subprocess.py:93} INFO - |1287717|        Do Not Enter|               es|         7.2|        93|   216.018|     80|         Horror|        2024|            8|          6|
[2024-12-23T13:19:44.282+0000] {subprocess.py:93} INFO - |1206617|The Best Christma...|               en|         8.0|        33|   197.496|     99|         Comedy|        2024|           11|          7|
[2024-12-23T13:19:44.282+0000] {subprocess.py:93} INFO - |1206617|The Best Christma...|               en|         8.0|        33|   197.496|     99|          Drama|        2024|           11|          7|
[2024-12-23T13:19:44.282+0000] {subprocess.py:93} INFO - |1206617|The Best Christma...|               en|         8.0|        33|   197.496|     99|         Family|        2024|           11|          7|
[2024-12-23T13:19:44.283+0000] {subprocess.py:93} INFO - |1106739|            Juror #2|               en|       7.003|       772|    342.32|    114|          Crime|        2024|           10|         30|
[2024-12-23T13:19:44.283+0000] {subprocess.py:93} INFO - |1106739|            Juror #2|               en|       7.003|       772|    342.32|    114|          Drama|        2024|           10|         30|
[2024-12-23T13:19:44.284+0000] {subprocess.py:93} INFO - | 482600|        Japanese Mom|               ko|         6.2|        30|   343.962|     91|        Romance|        2017|            2|          9|
[2024-12-23T13:19:44.287+0000] {subprocess.py:93} INFO - | 482600|        Japanese Mom|               ko|         6.2|        30|   343.962|     91|          Drama|        2017|            2|          9|
[2024-12-23T13:19:44.288+0000] {subprocess.py:93} INFO - | 645757|      That Christmas|               en|        7.34|       197|   911.704|     96|      Animation|        2024|           11|         27|
[2024-12-23T13:19:44.289+0000] {subprocess.py:93} INFO - | 645757|      That Christmas|               en|        7.34|       197|   911.704|     96|         Comedy|        2024|           11|         27|
[2024-12-23T13:19:44.289+0000] {subprocess.py:93} INFO - | 645757|      That Christmas|               en|        7.34|       197|   911.704|     96|         Family|        2024|           11|         27|
[2024-12-23T13:19:44.289+0000] {subprocess.py:93} INFO - | 645757|      That Christmas|               en|        7.34|       197|   911.704|     96|        Fantasy|        2024|           11|         27|
[2024-12-23T13:19:44.290+0000] {subprocess.py:93} INFO - | 645757|      That Christmas|               en|        7.34|       197|   911.704|     96|      Adventure|        2024|           11|         27|
[2024-12-23T13:19:44.290+0000] {subprocess.py:93} INFO - | 360920|          The Grinch|               en|         6.9|      3999|   407.762|     85|      Animation|        2018|           11|          8|
[2024-12-23T13:19:44.292+0000] {subprocess.py:93} INFO - | 360920|          The Grinch|               en|         6.9|      3999|   407.762|     85|         Family|        2018|           11|          8|
[2024-12-23T13:19:44.295+0000] {subprocess.py:93} INFO - | 360920|          The Grinch|               en|         6.9|      3999|   407.762|     85|         Comedy|        2018|           11|          8|
[2024-12-23T13:19:44.295+0000] {subprocess.py:93} INFO - | 360920|          The Grinch|               en|         6.9|      3999|   407.762|     85|        Fantasy|        2018|           11|          8|
[2024-12-23T13:19:44.296+0000] {subprocess.py:93} INFO - |1125510|      The Platform 2|               es|         5.6|       953|   279.024|    101|Science Fiction|        2024|            9|         27|
[2024-12-23T13:19:44.298+0000] {subprocess.py:93} INFO - +-------+--------------------+-----------------+------------+----------+----------+-------+---------------+------------+-------------+-----------+
[2024-12-23T13:19:44.301+0000] {subprocess.py:93} INFO - only showing top 20 rows
[2024-12-23T13:19:44.302+0000] {subprocess.py:93} INFO - 
[2024-12-23T13:19:44.303+0000] {subprocess.py:93} INFO - Data successfully transformed and saved to: /opt/***/DE_project/data/parquet/movie.parquet
[2024-12-23T13:19:44.750+0000] {subprocess.py:97} INFO - Command exited with return code 0
[2024-12-23T13:19:44.787+0000] {taskinstance.py:1400} INFO - Marking task as SUCCESS. dag_id=movie_etl_workflow, task_id=transform_data_movie, execution_date=20241222T000000, start_date=20241223T131921, end_date=20241223T131944
[2024-12-23T13:19:44.839+0000] {local_task_job_runner.py:228} INFO - Task exited with return code 0
[2024-12-23T13:19:44.869+0000] {taskinstance.py:2784} INFO - 0 downstream tasks scheduled from follow-on schedule check
