[2024-12-23T09:09:30.257+0000] {taskinstance.py:1159} INFO - Dependencies all met for dep_context=non-requeueable deps ti=<TaskInstance: movie_etl_workflow.fetch_movie_data manual__2024-12-23T09:09:28.889683+00:00 [queued]>
[2024-12-23T09:09:30.273+0000] {taskinstance.py:1159} INFO - Dependencies all met for dep_context=requeueable deps ti=<TaskInstance: movie_etl_workflow.fetch_movie_data manual__2024-12-23T09:09:28.889683+00:00 [queued]>
[2024-12-23T09:09:30.274+0000] {taskinstance.py:1361} INFO - Starting attempt 1 of 2
[2024-12-23T09:09:30.297+0000] {taskinstance.py:1382} INFO - Executing <Task(BashOperator): fetch_movie_data> on 2024-12-23 09:09:28.889683+00:00
[2024-12-23T09:09:30.306+0000] {standard_task_runner.py:57} INFO - Started process 59 to run task
[2024-12-23T09:09:30.310+0000] {standard_task_runner.py:84} INFO - Running: ['***', 'tasks', 'run', 'movie_etl_workflow', 'fetch_movie_data', 'manual__2024-12-23T09:09:28.889683+00:00', '--job-id', '62', '--raw', '--subdir', 'DAGS_FOLDER/movie_data_workflow.py', '--cfg-path', '/tmp/tmpvje87thn']
[2024-12-23T09:09:30.312+0000] {standard_task_runner.py:85} INFO - Job 62: Subtask fetch_movie_data
[2024-12-23T09:09:30.344+0000] {warnings.py:109} WARNING - /home/***/.local/lib/python3.8/site-packages/***/settings.py:195: DeprecationWarning: The sql_alchemy_conn option in [core] has been moved to the sql_alchemy_conn option in [database] - the old setting has been used, but please update your config.
  SQL_ALCHEMY_CONN = conf.get("database", "SQL_ALCHEMY_CONN")

[2024-12-23T09:09:30.443+0000] {task_command.py:415} INFO - Running <TaskInstance: movie_etl_workflow.fetch_movie_data manual__2024-12-23T09:09:28.889683+00:00 [running]> on host 706f06857b2f
[2024-12-23T09:09:30.612+0000] {taskinstance.py:1660} INFO - Exporting env vars: AIRFLOW_CTX_DAG_OWNER='diinguyen' AIRFLOW_CTX_DAG_ID='movie_etl_workflow' AIRFLOW_CTX_TASK_ID='fetch_movie_data' AIRFLOW_CTX_EXECUTION_DATE='2024-12-23T09:09:28.889683+00:00' AIRFLOW_CTX_TRY_NUMBER='1' AIRFLOW_CTX_DAG_RUN_ID='manual__2024-12-23T09:09:28.889683+00:00'
[2024-12-23T09:09:30.616+0000] {subprocess.py:63} INFO - Tmp dir root location: /tmp
[2024-12-23T09:09:30.617+0000] {subprocess.py:75} INFO - Running command: ['/bin/bash', '-c', 'python3 /opt/***/DE_project/ETL/extract/API_movie_Themoviedb.py']
[2024-12-23T09:09:30.638+0000] {subprocess.py:86} INFO - Output:
[2024-12-23T09:53:15.097+0000] {subprocess.py:93} INFO - Fetched data for page 1
[2024-12-23T09:53:15.099+0000] {subprocess.py:93} INFO - Fetched data for page 2
[2024-12-23T09:53:15.100+0000] {subprocess.py:93} INFO - Fetched data for page 3
[2024-12-23T09:53:15.104+0000] {subprocess.py:93} INFO - Fetched data for page 4
[2024-12-23T09:53:15.108+0000] {subprocess.py:93} INFO - Fetched data for page 5
[2024-12-23T09:53:15.109+0000] {subprocess.py:93} INFO - Fetched data for page 6
[2024-12-23T09:53:15.111+0000] {subprocess.py:93} INFO - Fetched data for page 7
[2024-12-23T09:53:15.114+0000] {subprocess.py:93} INFO - Fetched data for page 8
[2024-12-23T09:53:15.116+0000] {subprocess.py:93} INFO - Fetched data for page 9
[2024-12-23T09:53:15.119+0000] {subprocess.py:93} INFO - Fetched data for page 10
[2024-12-23T09:53:15.122+0000] {subprocess.py:93} INFO - Fetched data for page 11
[2024-12-23T09:53:15.123+0000] {subprocess.py:93} INFO - Fetched data for page 12
[2024-12-23T09:53:15.127+0000] {subprocess.py:93} INFO - Fetched data for page 13
[2024-12-23T09:53:15.130+0000] {subprocess.py:93} INFO - Fetched data for page 14
[2024-12-23T09:53:15.136+0000] {subprocess.py:93} INFO - Fetched data for page 15
[2024-12-23T09:53:15.139+0000] {subprocess.py:93} INFO - Fetched data for page 16
[2024-12-23T09:53:15.141+0000] {subprocess.py:93} INFO - Fetched data for page 17
[2024-12-23T09:53:15.142+0000] {subprocess.py:93} INFO - Fetched data for page 18
[2024-12-23T09:53:15.143+0000] {subprocess.py:93} INFO - Fetched data for page 19
[2024-12-23T09:53:15.145+0000] {subprocess.py:93} INFO - Fetched data for page 20
[2024-12-23T09:53:15.146+0000] {subprocess.py:93} INFO - Fetched data for page 21
[2024-12-23T09:53:15.154+0000] {subprocess.py:93} INFO - Fetched data for page 22
[2024-12-23T09:53:15.156+0000] {subprocess.py:93} INFO - Fetched data for page 23
[2024-12-23T09:53:15.158+0000] {subprocess.py:93} INFO - Fetched data for page 24
[2024-12-23T09:53:15.165+0000] {subprocess.py:93} INFO - Fetched data for page 25
[2024-12-23T09:53:15.168+0000] {subprocess.py:93} INFO - Fetched data for page 26
[2024-12-23T09:53:15.174+0000] {subprocess.py:93} INFO - Fetched data for page 27
[2024-12-23T09:53:15.177+0000] {subprocess.py:93} INFO - Fetched data for page 28
[2024-12-23T09:53:15.178+0000] {subprocess.py:93} INFO - Fetched data for page 29
[2024-12-23T09:53:15.180+0000] {subprocess.py:93} INFO - Fetched data for page 30
[2024-12-23T09:53:15.181+0000] {subprocess.py:93} INFO - Fetched data for page 31
[2024-12-23T09:53:15.182+0000] {subprocess.py:93} INFO - Fetched data for page 32
[2024-12-23T09:53:15.182+0000] {subprocess.py:93} INFO - Fetched data for page 33
[2024-12-23T09:53:15.184+0000] {subprocess.py:93} INFO - Fetched data for page 34
[2024-12-23T09:53:15.187+0000] {subprocess.py:93} INFO - Fetched data for page 35
[2024-12-23T09:53:15.188+0000] {subprocess.py:93} INFO - Fetched data for page 36
[2024-12-23T09:53:15.190+0000] {subprocess.py:93} INFO - Fetched data for page 37
[2024-12-23T09:53:15.191+0000] {subprocess.py:93} INFO - Fetched data for page 38
[2024-12-23T09:53:15.192+0000] {subprocess.py:93} INFO - Fetched data for page 39
[2024-12-23T09:53:15.193+0000] {subprocess.py:93} INFO - Fetched data for page 40
[2024-12-23T09:53:15.193+0000] {subprocess.py:93} INFO - Fetched data for page 41
[2024-12-23T09:53:15.194+0000] {subprocess.py:93} INFO - Fetched data for page 42
[2024-12-23T09:53:15.194+0000] {subprocess.py:93} INFO - Fetched data for page 43
[2024-12-23T09:53:15.195+0000] {subprocess.py:93} INFO - Fetched data for page 44
[2024-12-23T09:53:15.195+0000] {subprocess.py:93} INFO - Fetched data for page 45
[2024-12-23T09:53:15.196+0000] {subprocess.py:93} INFO - Fetched data for page 46
[2024-12-23T09:53:15.196+0000] {subprocess.py:93} INFO - Fetched data for page 47
[2024-12-23T09:53:15.196+0000] {subprocess.py:93} INFO - Fetched data for page 48
[2024-12-23T09:53:15.197+0000] {subprocess.py:93} INFO - Fetched data for page 49
[2024-12-23T09:53:15.197+0000] {subprocess.py:93} INFO - Fetched data for page 50
[2024-12-23T09:53:15.198+0000] {subprocess.py:93} INFO - Fetched data for page 51
[2024-12-23T09:53:15.199+0000] {subprocess.py:93} INFO - Fetched data for page 52
[2024-12-23T09:53:15.199+0000] {subprocess.py:93} INFO - Fetched data for page 53
[2024-12-23T09:53:15.200+0000] {subprocess.py:93} INFO - Fetched data for page 54
[2024-12-23T09:53:15.201+0000] {subprocess.py:93} INFO - Fetched data for page 55
[2024-12-23T09:53:15.202+0000] {subprocess.py:93} INFO - Fetched data for page 56
[2024-12-23T09:53:15.203+0000] {subprocess.py:93} INFO - Fetched data for page 57
[2024-12-23T09:53:15.203+0000] {subprocess.py:93} INFO - Fetched data for page 58
[2024-12-23T09:53:15.203+0000] {subprocess.py:93} INFO - Fetched data for page 59
[2024-12-23T09:53:15.204+0000] {subprocess.py:93} INFO - Fetched data for page 60
[2024-12-23T09:53:15.204+0000] {subprocess.py:93} INFO - Fetched data for page 61
[2024-12-23T09:53:15.205+0000] {subprocess.py:93} INFO - Fetched data for page 62
[2024-12-23T09:53:15.205+0000] {subprocess.py:93} INFO - Fetched data for page 63
[2024-12-23T09:53:15.206+0000] {subprocess.py:93} INFO - Fetched data for page 64
[2024-12-23T09:53:15.206+0000] {subprocess.py:93} INFO - Fetched data for page 65
[2024-12-23T09:53:15.206+0000] {subprocess.py:93} INFO - Fetched data for page 66
[2024-12-23T09:53:15.207+0000] {subprocess.py:93} INFO - Fetched data for page 67
[2024-12-23T09:53:15.207+0000] {subprocess.py:93} INFO - Fetched data for page 68
[2024-12-23T09:53:15.208+0000] {subprocess.py:93} INFO - Fetched data for page 69
[2024-12-23T09:53:15.208+0000] {subprocess.py:93} INFO - Fetched data for page 70
[2024-12-23T09:53:15.208+0000] {subprocess.py:93} INFO - Fetched data for page 71
[2024-12-23T09:53:15.209+0000] {subprocess.py:93} INFO - Fetched data for page 72
[2024-12-23T09:53:15.210+0000] {subprocess.py:93} INFO - Fetched data for page 73
[2024-12-23T09:53:15.210+0000] {subprocess.py:93} INFO - Fetched data for page 74
[2024-12-23T09:53:15.210+0000] {subprocess.py:93} INFO - Fetched data for page 75
[2024-12-23T09:53:15.211+0000] {subprocess.py:93} INFO - Fetched data for page 76
[2024-12-23T09:53:15.212+0000] {subprocess.py:93} INFO - Fetched data for page 77
[2024-12-23T09:53:15.212+0000] {subprocess.py:93} INFO - Fetched data for page 78
[2024-12-23T09:53:15.212+0000] {subprocess.py:93} INFO - Fetched data for page 79
[2024-12-23T09:53:15.213+0000] {subprocess.py:93} INFO - Fetched data for page 80
[2024-12-23T09:53:15.213+0000] {subprocess.py:93} INFO - Fetched data for page 81
[2024-12-23T09:53:15.213+0000] {subprocess.py:93} INFO - Fetched data for page 82
[2024-12-23T09:53:15.213+0000] {subprocess.py:93} INFO - Fetched data for page 83
[2024-12-23T09:53:15.214+0000] {subprocess.py:93} INFO - Fetched data for page 84
[2024-12-23T09:53:15.214+0000] {subprocess.py:93} INFO - Fetched data for page 85
[2024-12-23T09:53:15.214+0000] {subprocess.py:93} INFO - Fetched data for page 86
[2024-12-23T09:53:15.215+0000] {subprocess.py:93} INFO - Fetched data for page 87
[2024-12-23T09:53:15.215+0000] {subprocess.py:93} INFO - Fetched data for page 88
[2024-12-23T09:53:15.215+0000] {subprocess.py:93} INFO - Fetched data for page 89
[2024-12-23T09:53:15.216+0000] {subprocess.py:93} INFO - Fetched data for page 90
[2024-12-23T09:53:15.217+0000] {subprocess.py:93} INFO - Fetched data for page 91
[2024-12-23T09:53:15.217+0000] {subprocess.py:93} INFO - Fetched data for page 92
[2024-12-23T09:53:15.218+0000] {subprocess.py:93} INFO - Fetched data for page 93
[2024-12-23T09:53:15.218+0000] {subprocess.py:93} INFO - Fetched data for page 94
[2024-12-23T09:53:15.219+0000] {subprocess.py:93} INFO - Fetched data for page 95
[2024-12-23T09:53:15.219+0000] {subprocess.py:93} INFO - Fetched data for page 96
[2024-12-23T09:53:15.219+0000] {subprocess.py:93} INFO - Fetched data for page 97
[2024-12-23T09:53:15.220+0000] {subprocess.py:93} INFO - Fetched data for page 98
[2024-12-23T09:53:15.220+0000] {subprocess.py:93} INFO - Fetched data for page 99
[2024-12-23T09:53:15.220+0000] {subprocess.py:93} INFO - Fetched data for page 100
[2024-12-23T09:53:15.220+0000] {subprocess.py:93} INFO - Fetched data for page 101
[2024-12-23T09:53:15.221+0000] {subprocess.py:93} INFO - Fetched data for page 102
[2024-12-23T09:53:15.221+0000] {subprocess.py:93} INFO - Fetched data for page 103
[2024-12-23T09:53:15.221+0000] {subprocess.py:93} INFO - Fetched data for page 104
[2024-12-23T09:53:15.221+0000] {subprocess.py:93} INFO - Fetched data for page 105
[2024-12-23T09:53:15.222+0000] {subprocess.py:93} INFO - Fetched data for page 106
[2024-12-23T09:53:15.222+0000] {subprocess.py:93} INFO - Fetched data for page 107
[2024-12-23T09:53:15.222+0000] {subprocess.py:93} INFO - Fetched data for page 108
[2024-12-23T09:53:15.222+0000] {subprocess.py:93} INFO - Fetched data for page 109
[2024-12-23T09:53:15.223+0000] {subprocess.py:93} INFO - Fetched data for page 110
[2024-12-23T09:53:15.223+0000] {subprocess.py:93} INFO - Fetched data for page 111
[2024-12-23T09:53:15.223+0000] {subprocess.py:93} INFO - Fetched data for page 112
[2024-12-23T09:53:15.223+0000] {subprocess.py:93} INFO - Fetched data for page 113
[2024-12-23T09:53:15.223+0000] {subprocess.py:93} INFO - Fetched data for page 114
[2024-12-23T09:53:15.224+0000] {subprocess.py:93} INFO - Fetched data for page 115
[2024-12-23T09:53:15.224+0000] {subprocess.py:93} INFO - Fetched data for page 116
[2024-12-23T09:53:15.224+0000] {subprocess.py:93} INFO - Fetched data for page 117
[2024-12-23T09:53:15.224+0000] {subprocess.py:93} INFO - Fetched data for page 118
[2024-12-23T09:53:15.224+0000] {subprocess.py:93} INFO - Fetched data for page 119
[2024-12-23T09:53:15.225+0000] {subprocess.py:93} INFO - Fetched data for page 120
[2024-12-23T09:53:15.225+0000] {subprocess.py:93} INFO - Fetched data for page 121
[2024-12-23T09:53:15.225+0000] {subprocess.py:93} INFO - Fetched data for page 122
[2024-12-23T09:53:15.226+0000] {subprocess.py:93} INFO - Fetched data for page 123
[2024-12-23T09:53:15.226+0000] {subprocess.py:93} INFO - Fetched data for page 124
[2024-12-23T09:53:15.226+0000] {subprocess.py:93} INFO - Fetched data for page 125
[2024-12-23T09:53:15.227+0000] {subprocess.py:93} INFO - Fetched data for page 126
[2024-12-23T09:53:15.227+0000] {subprocess.py:93} INFO - Fetched data for page 127
[2024-12-23T09:53:15.227+0000] {subprocess.py:93} INFO - Fetched data for page 128
[2024-12-23T09:53:15.227+0000] {subprocess.py:93} INFO - Fetched data for page 129
[2024-12-23T09:53:15.228+0000] {subprocess.py:93} INFO - Fetched data for page 130
[2024-12-23T09:53:15.228+0000] {subprocess.py:93} INFO - Fetched data for page 131
[2024-12-23T09:53:15.228+0000] {subprocess.py:93} INFO - Fetched data for page 132
[2024-12-23T09:53:15.229+0000] {subprocess.py:93} INFO - Fetched data for page 133
[2024-12-23T09:53:15.229+0000] {subprocess.py:93} INFO - Fetched data for page 134
[2024-12-23T09:53:15.229+0000] {subprocess.py:93} INFO - Fetched data for page 135
[2024-12-23T09:53:15.229+0000] {subprocess.py:93} INFO - Fetched data for page 136
[2024-12-23T09:53:15.229+0000] {subprocess.py:93} INFO - Fetched data for page 137
[2024-12-23T09:53:15.230+0000] {subprocess.py:93} INFO - Fetched data for page 138
[2024-12-23T09:53:15.230+0000] {subprocess.py:93} INFO - Fetched data for page 139
[2024-12-23T09:53:15.230+0000] {subprocess.py:93} INFO - Fetched data for page 140
[2024-12-23T09:53:15.230+0000] {subprocess.py:93} INFO - Fetched data for page 141
[2024-12-23T09:53:15.231+0000] {subprocess.py:93} INFO - Fetched data for page 142
[2024-12-23T09:53:15.231+0000] {subprocess.py:93} INFO - Fetched data for page 143
[2024-12-23T09:53:15.231+0000] {subprocess.py:93} INFO - Fetched data for page 144
[2024-12-23T09:53:15.231+0000] {subprocess.py:93} INFO - Fetched data for page 145
[2024-12-23T09:53:15.232+0000] {subprocess.py:93} INFO - Fetched data for page 146
[2024-12-23T09:53:15.232+0000] {subprocess.py:93} INFO - Fetched data for page 147
[2024-12-23T09:53:15.233+0000] {subprocess.py:93} INFO - Fetched data for page 148
[2024-12-23T09:53:15.233+0000] {subprocess.py:93} INFO - Fetched data for page 149
[2024-12-23T09:53:15.234+0000] {subprocess.py:93} INFO - Fetched data for page 150
[2024-12-23T09:53:15.234+0000] {subprocess.py:93} INFO - Fetched data for page 151
[2024-12-23T09:53:15.234+0000] {subprocess.py:93} INFO - Fetched data for page 152
[2024-12-23T09:53:15.235+0000] {subprocess.py:93} INFO - Fetched data for page 153
[2024-12-23T09:53:15.235+0000] {subprocess.py:93} INFO - Fetched data for page 154
[2024-12-23T09:53:15.236+0000] {subprocess.py:93} INFO - Fetched data for page 155
[2024-12-23T09:53:15.236+0000] {subprocess.py:93} INFO - Fetched data for page 156
[2024-12-23T09:53:15.236+0000] {subprocess.py:93} INFO - Fetched data for page 157
[2024-12-23T09:53:15.237+0000] {subprocess.py:93} INFO - Fetched data for page 158
[2024-12-23T09:53:15.237+0000] {subprocess.py:93} INFO - Fetched data for page 159
[2024-12-23T09:53:15.237+0000] {subprocess.py:93} INFO - Fetched data for page 160
[2024-12-23T09:53:15.237+0000] {subprocess.py:93} INFO - Fetched data for page 161
[2024-12-23T09:53:15.238+0000] {subprocess.py:93} INFO - Fetched data for page 162
[2024-12-23T09:53:15.238+0000] {subprocess.py:93} INFO - Fetched data for page 163
[2024-12-23T09:53:15.238+0000] {subprocess.py:93} INFO - Fetched data for page 164
[2024-12-23T09:53:15.238+0000] {subprocess.py:93} INFO - Fetched data for page 165
[2024-12-23T09:53:15.239+0000] {subprocess.py:93} INFO - Fetched data for page 166
[2024-12-23T09:53:15.239+0000] {subprocess.py:93} INFO - Fetched data for page 167
[2024-12-23T09:53:15.240+0000] {subprocess.py:93} INFO - Fetched data for page 168
[2024-12-23T09:53:15.240+0000] {subprocess.py:93} INFO - Fetched data for page 169
[2024-12-23T09:53:15.240+0000] {subprocess.py:93} INFO - Fetched data for page 170
[2024-12-23T09:53:15.241+0000] {subprocess.py:93} INFO - Fetched data for page 171
[2024-12-23T09:53:15.241+0000] {subprocess.py:93} INFO - Fetched data for page 172
[2024-12-23T09:53:15.241+0000] {subprocess.py:93} INFO - Fetched data for page 173
[2024-12-23T09:53:15.242+0000] {subprocess.py:93} INFO - Fetched data for page 174
[2024-12-23T09:53:15.242+0000] {subprocess.py:93} INFO - Fetched data for page 175
[2024-12-23T09:53:15.242+0000] {subprocess.py:93} INFO - Fetched data for page 176
[2024-12-23T09:53:15.242+0000] {subprocess.py:93} INFO - Fetched data for page 177
[2024-12-23T09:53:15.243+0000] {subprocess.py:93} INFO - Fetched data for page 178
[2024-12-23T09:53:15.243+0000] {subprocess.py:93} INFO - Fetched data for page 179
[2024-12-23T09:53:15.243+0000] {subprocess.py:93} INFO - Fetched data for page 180
[2024-12-23T09:53:15.243+0000] {subprocess.py:93} INFO - Fetched data for page 181
[2024-12-23T09:53:15.244+0000] {subprocess.py:93} INFO - Fetched data for page 182
[2024-12-23T09:53:15.244+0000] {subprocess.py:93} INFO - Fetched data for page 183
[2024-12-23T09:53:15.244+0000] {subprocess.py:93} INFO - Fetched data for page 184
[2024-12-23T09:53:15.244+0000] {subprocess.py:93} INFO - Fetched data for page 185
[2024-12-23T09:53:15.245+0000] {subprocess.py:93} INFO - Fetched data for page 186
[2024-12-23T09:53:15.245+0000] {subprocess.py:93} INFO - Fetched data for page 187
[2024-12-23T09:53:15.245+0000] {subprocess.py:93} INFO - Fetched data for page 188
[2024-12-23T09:53:15.246+0000] {subprocess.py:93} INFO - Fetched data for page 189
[2024-12-23T09:53:15.246+0000] {subprocess.py:93} INFO - Fetched data for page 190
[2024-12-23T09:53:15.246+0000] {subprocess.py:93} INFO - Fetched data for page 191
[2024-12-23T09:53:15.247+0000] {subprocess.py:93} INFO - Fetched data for page 192
[2024-12-23T09:53:15.247+0000] {subprocess.py:93} INFO - Fetched data for page 193
[2024-12-23T09:53:15.247+0000] {subprocess.py:93} INFO - Fetched data for page 194
[2024-12-23T09:53:15.247+0000] {subprocess.py:93} INFO - Fetched data for page 195
[2024-12-23T09:53:15.247+0000] {subprocess.py:93} INFO - Fetched data for page 196
[2024-12-23T09:53:15.248+0000] {subprocess.py:93} INFO - Fetched data for page 197
[2024-12-23T09:53:15.248+0000] {subprocess.py:93} INFO - Fetched data for page 198
[2024-12-23T09:53:15.248+0000] {subprocess.py:93} INFO - Fetched data for page 199
[2024-12-23T09:53:15.249+0000] {subprocess.py:93} INFO - Fetched data for page 200
[2024-12-23T09:53:15.249+0000] {subprocess.py:93} INFO - Fetched data for page 201
[2024-12-23T09:53:15.249+0000] {subprocess.py:93} INFO - Fetched data for page 202
[2024-12-23T09:53:15.249+0000] {subprocess.py:93} INFO - Fetched data for page 203
[2024-12-23T09:53:15.250+0000] {subprocess.py:93} INFO - Fetched data for page 204
[2024-12-23T09:53:15.250+0000] {subprocess.py:93} INFO - Fetched data for page 205
[2024-12-23T09:53:15.250+0000] {subprocess.py:93} INFO - Fetched data for page 206
[2024-12-23T09:53:15.250+0000] {subprocess.py:93} INFO - Fetched data for page 207
[2024-12-23T09:53:15.251+0000] {subprocess.py:93} INFO - Fetched data for page 208
[2024-12-23T09:53:15.252+0000] {subprocess.py:93} INFO - Fetched data for page 209
[2024-12-23T09:53:15.252+0000] {subprocess.py:93} INFO - Fetched data for page 210
[2024-12-23T09:53:15.253+0000] {subprocess.py:93} INFO - Fetched data for page 211
[2024-12-23T09:53:15.253+0000] {subprocess.py:93} INFO - Fetched data for page 212
[2024-12-23T09:53:15.253+0000] {subprocess.py:93} INFO - Fetched data for page 213
[2024-12-23T09:53:15.253+0000] {subprocess.py:93} INFO - Fetched data for page 214
[2024-12-23T09:53:15.254+0000] {subprocess.py:93} INFO - Fetched data for page 215
[2024-12-23T09:53:15.254+0000] {subprocess.py:93} INFO - Fetched data for page 216
[2024-12-23T09:53:15.254+0000] {subprocess.py:93} INFO - Fetched data for page 217
[2024-12-23T09:53:15.254+0000] {subprocess.py:93} INFO - Fetched data for page 218
[2024-12-23T09:53:15.255+0000] {subprocess.py:93} INFO - Fetched data for page 219
[2024-12-23T09:53:15.255+0000] {subprocess.py:93} INFO - Fetched data for page 220
[2024-12-23T09:53:15.255+0000] {subprocess.py:93} INFO - Fetched data for page 221
[2024-12-23T09:53:15.256+0000] {subprocess.py:93} INFO - Fetched data for page 222
[2024-12-23T09:53:15.256+0000] {subprocess.py:93} INFO - Fetched data for page 223
[2024-12-23T09:53:15.256+0000] {subprocess.py:93} INFO - Fetched data for page 224
[2024-12-23T09:53:15.256+0000] {subprocess.py:93} INFO - Fetched data for page 225
[2024-12-23T09:53:15.257+0000] {subprocess.py:93} INFO - Fetched data for page 226
[2024-12-23T09:53:15.257+0000] {subprocess.py:93} INFO - Fetched data for page 227
[2024-12-23T09:53:15.258+0000] {subprocess.py:93} INFO - Fetched data for page 228
[2024-12-23T09:53:15.258+0000] {subprocess.py:93} INFO - Fetched data for page 229
[2024-12-23T09:53:15.258+0000] {subprocess.py:93} INFO - Fetched data for page 230
[2024-12-23T09:53:15.259+0000] {subprocess.py:93} INFO - Fetched data for page 231
[2024-12-23T09:53:15.259+0000] {subprocess.py:93} INFO - Fetched data for page 232
[2024-12-23T09:53:15.259+0000] {subprocess.py:93} INFO - Fetched data for page 233
[2024-12-23T09:53:15.259+0000] {subprocess.py:93} INFO - Fetched data for page 234
[2024-12-23T09:53:15.259+0000] {subprocess.py:93} INFO - Fetched data for page 235
[2024-12-23T09:53:15.260+0000] {subprocess.py:93} INFO - Fetched data for page 236
[2024-12-23T09:53:15.260+0000] {subprocess.py:93} INFO - Fetched data for page 237
[2024-12-23T09:53:15.260+0000] {subprocess.py:93} INFO - Fetched data for page 238
[2024-12-23T09:53:15.260+0000] {subprocess.py:93} INFO - Fetched data for page 239
[2024-12-23T09:53:15.262+0000] {subprocess.py:93} INFO - Fetched data for page 240
[2024-12-23T09:53:15.262+0000] {subprocess.py:93} INFO - Fetched data for page 241
[2024-12-23T09:53:15.263+0000] {subprocess.py:93} INFO - Fetched data for page 242
[2024-12-23T09:53:15.263+0000] {subprocess.py:93} INFO - Fetched data for page 243
[2024-12-23T09:53:15.263+0000] {subprocess.py:93} INFO - Fetched data for page 244
[2024-12-23T09:53:15.263+0000] {subprocess.py:93} INFO - Fetched data for page 245
[2024-12-23T09:53:15.264+0000] {subprocess.py:93} INFO - Fetched data for page 246
[2024-12-23T09:53:15.264+0000] {subprocess.py:93} INFO - Fetched data for page 247
[2024-12-23T09:53:15.264+0000] {subprocess.py:93} INFO - Fetched data for page 248
[2024-12-23T09:53:15.272+0000] {subprocess.py:93} INFO - Fetched data for page 249
[2024-12-23T09:53:15.272+0000] {subprocess.py:93} INFO - Fetched data for page 250
[2024-12-23T09:53:15.272+0000] {subprocess.py:93} INFO - Fetched data for page 251
[2024-12-23T09:53:15.273+0000] {subprocess.py:93} INFO - Fetched data for page 252
[2024-12-23T09:53:15.273+0000] {subprocess.py:93} INFO - Fetched data for page 253
[2024-12-23T09:53:15.274+0000] {subprocess.py:93} INFO - Fetched data for page 254
[2024-12-23T09:53:15.275+0000] {subprocess.py:93} INFO - Fetched data for page 255
[2024-12-23T09:53:15.275+0000] {subprocess.py:93} INFO - Fetched data for page 256
[2024-12-23T09:53:15.275+0000] {subprocess.py:93} INFO - Fetched data for page 257
[2024-12-23T09:53:15.276+0000] {subprocess.py:93} INFO - Fetched data for page 258
[2024-12-23T09:53:15.276+0000] {subprocess.py:93} INFO - Fetched data for page 259
[2024-12-23T09:53:15.276+0000] {subprocess.py:93} INFO - Fetched data for page 260
[2024-12-23T09:53:15.276+0000] {subprocess.py:93} INFO - Fetched data for page 261
[2024-12-23T09:53:15.277+0000] {subprocess.py:93} INFO - Fetched data for page 262
[2024-12-23T09:53:15.277+0000] {subprocess.py:93} INFO - Fetched data for page 263
[2024-12-23T09:53:15.277+0000] {subprocess.py:93} INFO - Fetched data for page 264
[2024-12-23T09:53:15.278+0000] {subprocess.py:93} INFO - Fetched data for page 265
[2024-12-23T09:53:15.278+0000] {subprocess.py:93} INFO - Fetched data for page 266
[2024-12-23T09:53:15.278+0000] {subprocess.py:93} INFO - Fetched data for page 267
[2024-12-23T09:53:15.279+0000] {subprocess.py:93} INFO - Fetched data for page 268
[2024-12-23T09:53:15.279+0000] {subprocess.py:93} INFO - Fetched data for page 269
[2024-12-23T09:53:15.279+0000] {subprocess.py:93} INFO - Fetched data for page 270
[2024-12-23T09:53:15.280+0000] {subprocess.py:93} INFO - Fetched data for page 271
[2024-12-23T09:53:15.280+0000] {subprocess.py:93} INFO - Fetched data for page 272
[2024-12-23T09:53:15.280+0000] {subprocess.py:93} INFO - Fetched data for page 273
[2024-12-23T09:53:15.280+0000] {subprocess.py:93} INFO - Fetched data for page 274
[2024-12-23T09:53:15.281+0000] {subprocess.py:93} INFO - Fetched data for page 275
[2024-12-23T09:53:15.281+0000] {subprocess.py:93} INFO - Fetched data for page 276
[2024-12-23T09:53:15.281+0000] {subprocess.py:93} INFO - Fetched data for page 277
[2024-12-23T09:53:15.281+0000] {subprocess.py:93} INFO - Fetched data for page 278
[2024-12-23T09:53:15.281+0000] {subprocess.py:93} INFO - Fetched data for page 279
[2024-12-23T09:53:15.282+0000] {subprocess.py:93} INFO - Fetched data for page 280
[2024-12-23T09:53:15.282+0000] {subprocess.py:93} INFO - Fetched data for page 281
[2024-12-23T09:53:15.282+0000] {subprocess.py:93} INFO - Fetched data for page 282
[2024-12-23T09:53:15.283+0000] {subprocess.py:93} INFO - Fetched data for page 283
[2024-12-23T09:53:15.283+0000] {subprocess.py:93} INFO - Fetched data for page 284
[2024-12-23T09:53:15.284+0000] {subprocess.py:93} INFO - Fetched data for page 285
[2024-12-23T09:53:15.284+0000] {subprocess.py:93} INFO - Fetched data for page 286
[2024-12-23T09:53:15.285+0000] {subprocess.py:93} INFO - Fetched data for page 287
[2024-12-23T09:53:15.285+0000] {subprocess.py:93} INFO - Fetched data for page 288
[2024-12-23T09:53:15.285+0000] {subprocess.py:93} INFO - Fetched data for page 289
[2024-12-23T09:53:15.286+0000] {subprocess.py:93} INFO - Fetched data for page 290
[2024-12-23T09:53:15.286+0000] {subprocess.py:93} INFO - Fetched data for page 291
[2024-12-23T09:53:15.286+0000] {subprocess.py:93} INFO - Fetched data for page 292
[2024-12-23T09:53:15.287+0000] {subprocess.py:93} INFO - Fetched data for page 293
[2024-12-23T09:53:15.287+0000] {subprocess.py:93} INFO - Fetched data for page 294
[2024-12-23T09:53:15.287+0000] {subprocess.py:93} INFO - Fetched data for page 295
[2024-12-23T09:53:15.287+0000] {subprocess.py:93} INFO - Fetched data for page 296
[2024-12-23T09:53:15.288+0000] {subprocess.py:93} INFO - Fetched data for page 297
[2024-12-23T09:53:15.288+0000] {subprocess.py:93} INFO - Fetched data for page 298
[2024-12-23T09:53:15.288+0000] {subprocess.py:93} INFO - Fetched data for page 299
[2024-12-23T09:53:15.288+0000] {subprocess.py:93} INFO - Fetched data for page 300
[2024-12-23T09:53:15.289+0000] {subprocess.py:93} INFO - Fetched data for page 301
[2024-12-23T09:53:15.289+0000] {subprocess.py:93} INFO - Fetched data for page 302
[2024-12-23T09:53:15.289+0000] {subprocess.py:93} INFO - Fetched data for page 303
[2024-12-23T09:53:15.289+0000] {subprocess.py:93} INFO - Fetched data for page 304
[2024-12-23T09:53:15.290+0000] {subprocess.py:93} INFO - Fetched data for page 305
[2024-12-23T09:53:15.290+0000] {subprocess.py:93} INFO - Fetched data for page 306
[2024-12-23T09:53:15.290+0000] {subprocess.py:93} INFO - Fetched data for page 307
[2024-12-23T09:53:15.290+0000] {subprocess.py:93} INFO - Fetched data for page 308
[2024-12-23T09:53:15.291+0000] {subprocess.py:93} INFO - Fetched data for page 309
[2024-12-23T09:53:15.291+0000] {subprocess.py:93} INFO - Fetched data for page 310
[2024-12-23T09:53:15.291+0000] {subprocess.py:93} INFO - Fetched data for page 311
[2024-12-23T09:53:15.291+0000] {subprocess.py:93} INFO - Fetched data for page 312
[2024-12-23T09:53:15.292+0000] {subprocess.py:93} INFO - Fetched data for page 313
[2024-12-23T09:53:15.292+0000] {subprocess.py:93} INFO - Fetched data for page 314
[2024-12-23T09:53:15.292+0000] {subprocess.py:93} INFO - Fetched data for page 315
[2024-12-23T09:53:15.292+0000] {subprocess.py:93} INFO - Fetched data for page 316
[2024-12-23T09:53:15.293+0000] {subprocess.py:93} INFO - Fetched data for page 317
[2024-12-23T09:53:15.293+0000] {subprocess.py:93} INFO - Fetched data for page 318
[2024-12-23T09:53:15.293+0000] {subprocess.py:93} INFO - Fetched data for page 319
[2024-12-23T10:05:53.815+0000] {subprocess.py:93} INFO - Fetched data for page 320
[2024-12-23T10:05:53.816+0000] {subprocess.py:93} INFO - Fetched data for page 321
[2024-12-23T10:05:53.816+0000] {subprocess.py:93} INFO - Fetched data for page 322
[2024-12-23T10:05:53.817+0000] {subprocess.py:93} INFO - Fetched data for page 323
[2024-12-23T10:05:53.817+0000] {subprocess.py:93} INFO - Fetched data for page 324
[2024-12-23T10:05:53.818+0000] {subprocess.py:93} INFO - Fetched data for page 325
[2024-12-23T10:05:53.818+0000] {subprocess.py:93} INFO - Fetched data for page 326
[2024-12-23T10:05:53.818+0000] {subprocess.py:93} INFO - Fetched data for page 327
[2024-12-23T10:05:53.819+0000] {subprocess.py:93} INFO - Fetched data for page 328
[2024-12-23T10:05:53.819+0000] {subprocess.py:93} INFO - Fetched data for page 329
[2024-12-23T10:05:53.820+0000] {subprocess.py:93} INFO - Fetched data for page 330
[2024-12-23T10:05:53.820+0000] {subprocess.py:93} INFO - Fetched data for page 331
[2024-12-23T10:05:53.820+0000] {subprocess.py:93} INFO - Fetched data for page 332
[2024-12-23T10:05:53.821+0000] {subprocess.py:93} INFO - Fetched data for page 333
[2024-12-23T10:05:53.821+0000] {subprocess.py:93} INFO - Fetched data for page 334
[2024-12-23T10:05:53.822+0000] {subprocess.py:93} INFO - Fetched data for page 335
[2024-12-23T10:05:53.823+0000] {subprocess.py:93} INFO - Fetched data for page 336
[2024-12-23T10:05:53.824+0000] {subprocess.py:93} INFO - Fetched data for page 337
[2024-12-23T10:05:53.826+0000] {subprocess.py:93} INFO - Fetched data for page 338
[2024-12-23T10:05:53.826+0000] {subprocess.py:93} INFO - Fetched data for page 339
[2024-12-23T10:05:53.827+0000] {subprocess.py:93} INFO - Fetched data for page 340
[2024-12-23T10:05:53.828+0000] {subprocess.py:93} INFO - Fetched data for page 341
[2024-12-23T10:05:53.828+0000] {subprocess.py:93} INFO - Fetched data for page 342
[2024-12-23T10:05:53.829+0000] {subprocess.py:93} INFO - Fetched data for page 343
[2024-12-23T10:05:53.829+0000] {subprocess.py:93} INFO - Fetched data for page 344
[2024-12-23T10:05:53.829+0000] {subprocess.py:93} INFO - Fetched data for page 345
[2024-12-23T10:05:53.830+0000] {subprocess.py:93} INFO - Fetched data for page 346
[2024-12-23T10:05:53.830+0000] {subprocess.py:93} INFO - Fetched data for page 347
[2024-12-23T10:05:53.830+0000] {subprocess.py:93} INFO - Fetched data for page 348
[2024-12-23T10:05:53.831+0000] {subprocess.py:93} INFO - Fetched data for page 349
[2024-12-23T10:05:53.831+0000] {subprocess.py:93} INFO - Fetched data for page 350
[2024-12-23T10:05:53.831+0000] {subprocess.py:93} INFO - Fetched data for page 351
[2024-12-23T10:05:53.831+0000] {subprocess.py:93} INFO - Fetched data for page 352
[2024-12-23T10:05:53.832+0000] {subprocess.py:93} INFO - Fetched data for page 353
[2024-12-23T10:05:53.832+0000] {subprocess.py:93} INFO - Fetched data for page 354
[2024-12-23T10:05:53.832+0000] {subprocess.py:93} INFO - Fetched data for page 355
[2024-12-23T10:05:53.833+0000] {subprocess.py:93} INFO - Fetched data for page 356
[2024-12-23T10:05:53.833+0000] {subprocess.py:93} INFO - Fetched data for page 357
[2024-12-23T10:05:53.833+0000] {subprocess.py:93} INFO - Fetched data for page 358
[2024-12-23T10:05:53.834+0000] {subprocess.py:93} INFO - Fetched data for page 359
[2024-12-23T10:05:53.834+0000] {subprocess.py:93} INFO - Fetched data for page 360
[2024-12-23T10:05:53.835+0000] {subprocess.py:93} INFO - Fetched data for page 361
[2024-12-23T10:05:53.835+0000] {subprocess.py:93} INFO - Fetched data for page 362
[2024-12-23T10:05:53.835+0000] {subprocess.py:93} INFO - Fetched data for page 363
[2024-12-23T10:05:53.836+0000] {subprocess.py:93} INFO - Fetched data for page 364
[2024-12-23T10:05:53.836+0000] {subprocess.py:93} INFO - Fetched data for page 365
[2024-12-23T10:05:53.836+0000] {subprocess.py:93} INFO - Fetched data for page 366
[2024-12-23T10:05:53.837+0000] {subprocess.py:93} INFO - Fetched data for page 367
[2024-12-23T10:05:53.837+0000] {subprocess.py:93} INFO - Fetched data for page 368
[2024-12-23T10:05:53.838+0000] {subprocess.py:93} INFO - Fetched data for page 369
[2024-12-23T10:05:53.838+0000] {subprocess.py:93} INFO - Fetched data for page 370
[2024-12-23T10:05:53.838+0000] {subprocess.py:93} INFO - Fetched data for page 371
[2024-12-23T10:05:53.839+0000] {subprocess.py:93} INFO - Fetched data for page 372
[2024-12-23T10:05:53.839+0000] {subprocess.py:93} INFO - Fetched data for page 373
[2024-12-23T10:05:53.840+0000] {subprocess.py:93} INFO - Fetched data for page 374
[2024-12-23T10:05:53.840+0000] {subprocess.py:93} INFO - Fetched data for page 375
[2024-12-23T10:05:53.841+0000] {subprocess.py:93} INFO - Fetched data for page 376
[2024-12-23T10:05:53.841+0000] {subprocess.py:93} INFO - Fetched data for page 377
[2024-12-23T10:05:53.841+0000] {subprocess.py:93} INFO - Fetched data for page 378
[2024-12-23T10:05:53.842+0000] {subprocess.py:93} INFO - Fetched data for page 379
[2024-12-23T10:05:53.842+0000] {subprocess.py:93} INFO - Fetched data for page 380
[2024-12-23T10:05:53.843+0000] {subprocess.py:93} INFO - Fetched data for page 381
[2024-12-23T10:05:53.844+0000] {subprocess.py:93} INFO - Fetched data for page 382
[2024-12-23T10:05:53.844+0000] {subprocess.py:93} INFO - Fetched data for page 383
[2024-12-23T10:05:53.845+0000] {subprocess.py:93} INFO - Fetched data for page 384
[2024-12-23T10:05:53.845+0000] {subprocess.py:93} INFO - Fetched data for page 385
[2024-12-23T10:05:53.845+0000] {subprocess.py:93} INFO - Fetched data for page 386
[2024-12-23T10:05:53.846+0000] {subprocess.py:93} INFO - Fetched data for page 387
[2024-12-23T10:05:53.846+0000] {subprocess.py:93} INFO - Fetched data for page 388
[2024-12-23T10:05:53.847+0000] {subprocess.py:93} INFO - Fetched data for page 389
[2024-12-23T10:05:53.847+0000] {subprocess.py:93} INFO - Fetched data for page 390
[2024-12-23T10:05:53.848+0000] {subprocess.py:93} INFO - Fetched data for page 391
[2024-12-23T10:05:53.848+0000] {subprocess.py:93} INFO - Fetched data for page 392
[2024-12-23T10:05:53.849+0000] {subprocess.py:93} INFO - Fetched data for page 393
[2024-12-23T10:05:53.849+0000] {subprocess.py:93} INFO - Fetched data for page 394
[2024-12-23T10:05:53.849+0000] {subprocess.py:93} INFO - Fetched data for page 395
[2024-12-23T10:05:53.850+0000] {subprocess.py:93} INFO - Fetched data for page 396
[2024-12-23T10:05:53.850+0000] {subprocess.py:93} INFO - Fetched data for page 397
[2024-12-23T10:05:53.850+0000] {subprocess.py:93} INFO - Fetched data for page 398
[2024-12-23T10:05:53.850+0000] {subprocess.py:93} INFO - Fetched data for page 399
[2024-12-23T10:05:53.851+0000] {subprocess.py:93} INFO - Fetched data for page 400
[2024-12-23T10:05:53.851+0000] {subprocess.py:93} INFO - Failed to fetch details for movie ID 86825 (attempt 1): HTTPSConnectionPool(host='api.themoviedb.org', port=443): Max retries exceeded with url: /3/movie/86825?api_key=9fb9d335431a9f6007701ac905fcd5e5 (Caused by NewConnectionError('<urllib3.connection.HTTPSConnection object at 0x7f5e05c359d0>: Failed to establish a new connection: [Errno -2] Name or service not known'))
[2024-12-23T10:05:53.851+0000] {subprocess.py:93} INFO - Failed to fetch details for movie ID 86825 (attempt 2): HTTPSConnectionPool(host='api.themoviedb.org', port=443): Max retries exceeded with url: /3/movie/86825?api_key=9fb9d335431a9f6007701ac905fcd5e5 (Caused by NewConnectionError('<urllib3.connection.HTTPSConnection object at 0x7f5e05c35160>: Failed to establish a new connection: [Errno -2] Name or service not known'))
[2024-12-23T10:05:53.852+0000] {subprocess.py:93} INFO - Failed to fetch details for movie ID 86825 (attempt 3): HTTPSConnectionPool(host='api.themoviedb.org', port=443): Max retries exceeded with url: /3/movie/86825?api_key=9fb9d335431a9f6007701ac905fcd5e5 (Caused by NewConnectionError('<urllib3.connection.HTTPSConnection object at 0x7f5e05c35a60>: Failed to establish a new connection: [Errno -2] Name or service not known'))
[2024-12-23T10:05:53.853+0000] {subprocess.py:93} INFO - Failed to fetch details for movie ID 86825 after 3 attempts.
[2024-12-23T10:05:53.853+0000] {subprocess.py:93} INFO - Failed to fetch details for movie ID 12277 (attempt 1): HTTPSConnectionPool(host='api.themoviedb.org', port=443): Max retries exceeded with url: /3/movie/12277?api_key=9fb9d335431a9f6007701ac905fcd5e5 (Caused by NewConnectionError('<urllib3.connection.HTTPSConnection object at 0x7f5e05c359d0>: Failed to establish a new connection: [Errno -2] Name or service not known'))
[2024-12-23T10:05:53.854+0000] {subprocess.py:93} INFO - Failed to fetch details for movie ID 12277 (attempt 2): HTTPSConnectionPool(host='api.themoviedb.org', port=443): Max retries exceeded with url: /3/movie/12277?api_key=9fb9d335431a9f6007701ac905fcd5e5 (Caused by NewConnectionError('<urllib3.connection.HTTPSConnection object at 0x7f5e05c35160>: Failed to establish a new connection: [Errno -2] Name or service not known'))
[2024-12-23T10:05:53.854+0000] {subprocess.py:93} INFO - Failed to fetch details for movie ID 12277 (attempt 3): HTTPSConnectionPool(host='api.themoviedb.org', port=443): Max retries exceeded with url: /3/movie/12277?api_key=9fb9d335431a9f6007701ac905fcd5e5 (Caused by NewConnectionError('<urllib3.connection.HTTPSConnection object at 0x7f5e05c35a60>: Failed to establish a new connection: [Errno -2] Name or service not known'))
[2024-12-23T10:05:53.854+0000] {subprocess.py:93} INFO - Failed to fetch details for movie ID 12277 after 3 attempts.
[2024-12-23T10:05:53.855+0000] {subprocess.py:93} INFO - Fetched data for page 401
[2024-12-23T10:05:53.855+0000] {subprocess.py:93} INFO - Attempt 1 failed for page 402: HTTPSConnectionPool(host='api.themoviedb.org', port=443): Max retries exceeded with url: /3/movie/popular?api_key=9fb9d335431a9f6007701ac905fcd5e5&page=402 (Caused by NewConnectionError('<urllib3.connection.HTTPSConnection object at 0x7f5e05cd2940>: Failed to establish a new connection: [Errno -2] Name or service not known'))
[2024-12-23T10:05:53.856+0000] {subprocess.py:93} INFO - Attempt 2 failed for page 402: HTTPSConnectionPool(host='api.themoviedb.org', port=443): Max retries exceeded with url: /3/movie/popular?api_key=9fb9d335431a9f6007701ac905fcd5e5&page=402 (Caused by NewConnectionError('<urllib3.connection.HTTPSConnection object at 0x7f5e05cb1d60>: Failed to establish a new connection: [Errno -2] Name or service not known'))
[2024-12-23T10:05:53.856+0000] {subprocess.py:93} INFO - Attempt 3 failed for page 402: HTTPSConnectionPool(host='api.themoviedb.org', port=443): Max retries exceeded with url: /3/movie/popular?api_key=9fb9d335431a9f6007701ac905fcd5e5&page=402 (Caused by NewConnectionError('<urllib3.connection.HTTPSConnection object at 0x7f5e05cd2970>: Failed to establish a new connection: [Errno -2] Name or service not known'))
[2024-12-23T10:05:53.856+0000] {subprocess.py:93} INFO - Failed to fetch data for page 402 after 3 attempts.
[2024-12-23T10:05:53.857+0000] {subprocess.py:93} INFO - Movie data with genres and runtime from up to 500 pages has been saved to /opt/***/DE_project/data/JSON/movies_data.json
[2024-12-23T10:05:53.887+0000] {subprocess.py:97} INFO - Command exited with return code 0
[2024-12-23T10:05:53.931+0000] {taskinstance.py:1400} INFO - Marking task as SUCCESS. dag_id=movie_etl_workflow, task_id=fetch_movie_data, execution_date=20241223T090928, start_date=20241223T090930, end_date=20241223T100553
[2024-12-23T10:05:53.951+0000] {local_task_job_runner.py:228} INFO - Task exited with return code 0
[2024-12-23T10:05:53.985+0000] {taskinstance.py:2784} INFO - 1 downstream tasks scheduled from follow-on schedule check
