[2024-12-24T04:07:02.893+0000] {warnings.py:109} WARNING - /home/***/.local/lib/python3.8/site-packages/***/utils/sqlalchemy.py:124: DeprecationWarning: The sql_alchemy_conn option in [core] has been moved to the sql_alchemy_conn option in [database] - the old setting has been used, but please update your config.
  return not conf.get("database", "sql_alchemy_conn").startswith("mssql")

[2024-12-24T04:07:02.916+0000] {taskinstance.py:1159} INFO - Dependencies all met for dep_context=non-requeueable deps ti=<TaskInstance: movie_data_etl_workflow.movie_json_to_csv scheduled__2024-12-23T00:00:00+00:00 [queued]>
[2024-12-24T04:07:02.943+0000] {taskinstance.py:1159} INFO - Dependencies all met for dep_context=requeueable deps ti=<TaskInstance: movie_data_etl_workflow.movie_json_to_csv scheduled__2024-12-23T00:00:00+00:00 [queued]>
[2024-12-24T04:07:02.944+0000] {taskinstance.py:1361} INFO - Starting attempt 1 of 2
[2024-12-24T04:07:02.967+0000] {taskinstance.py:1382} INFO - Executing <Task(BashOperator): movie_json_to_csv> on 2024-12-23 00:00:00+00:00
[2024-12-24T04:07:02.974+0000] {standard_task_runner.py:57} INFO - Started process 54 to run task
[2024-12-24T04:07:02.980+0000] {standard_task_runner.py:84} INFO - Running: ['***', 'tasks', 'run', 'movie_data_etl_workflow', 'movie_json_to_csv', 'scheduled__2024-12-23T00:00:00+00:00', '--job-id', '176', '--raw', '--subdir', 'DAGS_FOLDER/movie_data_workflow.py', '--cfg-path', '/tmp/tmp_5hxym0k']
[2024-12-24T04:07:02.983+0000] {standard_task_runner.py:85} INFO - Job 176: Subtask movie_json_to_csv
[2024-12-24T04:07:03.013+0000] {warnings.py:109} WARNING - /home/***/.local/lib/python3.8/site-packages/***/settings.py:195: DeprecationWarning: The sql_alchemy_conn option in [core] has been moved to the sql_alchemy_conn option in [database] - the old setting has been used, but please update your config.
  SQL_ALCHEMY_CONN = conf.get("database", "SQL_ALCHEMY_CONN")

[2024-12-24T04:07:03.099+0000] {task_command.py:415} INFO - Running <TaskInstance: movie_data_etl_workflow.movie_json_to_csv scheduled__2024-12-23T00:00:00+00:00 [running]> on host ab04c198d044
[2024-12-24T04:07:03.130+0000] {warnings.py:109} WARNING - /home/***/.local/lib/python3.8/site-packages/***/utils/sqlalchemy.py:124: DeprecationWarning: The sql_alchemy_conn option in [core] has been moved to the sql_alchemy_conn option in [database] - the old setting has been used, but please update your config.
  return not conf.get("database", "sql_alchemy_conn").startswith("mssql")

[2024-12-24T04:07:03.252+0000] {taskinstance.py:1660} INFO - Exporting env vars: AIRFLOW_CTX_DAG_OWNER='diinguyen' AIRFLOW_CTX_DAG_ID='movie_data_etl_workflow' AIRFLOW_CTX_TASK_ID='movie_json_to_csv' AIRFLOW_CTX_EXECUTION_DATE='2024-12-23T00:00:00+00:00' AIRFLOW_CTX_TRY_NUMBER='1' AIRFLOW_CTX_DAG_RUN_ID='scheduled__2024-12-23T00:00:00+00:00'
[2024-12-24T04:07:03.254+0000] {subprocess.py:63} INFO - Tmp dir root location: /tmp
[2024-12-24T04:07:03.255+0000] {subprocess.py:75} INFO - Running command: ['/bin/bash', '-c', 'python3 /opt/***/DE_project/JSON_to_CSV/JSON_to_CSV_movie.py']
[2024-12-24T04:07:03.277+0000] {subprocess.py:86} INFO - Output:
[2024-12-24T04:07:03.515+0000] {subprocess.py:93} INFO - Traceback (most recent call last):
[2024-12-24T04:07:03.515+0000] {subprocess.py:93} INFO -   File "/opt/***/DE_project/JSON_to_CSV/JSON_to_CSV_movie.py", line 7, in <module>
[2024-12-24T04:07:03.516+0000] {subprocess.py:93} INFO -     with open('/opt/***/DE_project/data/JSON/movies_data.json', 'r') as json_file:
[2024-12-24T04:07:03.518+0000] {subprocess.py:93} INFO - FileNotFoundError: [Errno 2] No such file or directory: '/opt/***/DE_project/data/JSON/movies_data.json'
[2024-12-24T04:07:03.524+0000] {subprocess.py:97} INFO - Command exited with return code 1
[2024-12-24T04:07:03.547+0000] {taskinstance.py:1943} ERROR - Task failed with exception
Traceback (most recent call last):
  File "/home/airflow/.local/lib/python3.8/site-packages/airflow/operators/bash.py", line 210, in execute
    raise AirflowException(
airflow.exceptions.AirflowException: Bash command failed. The command returned a non-zero exit code 1.
[2024-12-24T04:07:03.557+0000] {taskinstance.py:1400} INFO - Marking task as UP_FOR_RETRY. dag_id=movie_data_etl_workflow, task_id=movie_json_to_csv, execution_date=20241223T000000, start_date=20241224T040702, end_date=20241224T040703
[2024-12-24T04:07:03.577+0000] {standard_task_runner.py:104} ERROR - Failed to execute job 176 for task movie_json_to_csv (Bash command failed. The command returned a non-zero exit code 1.; 54)
[2024-12-24T04:07:03.617+0000] {local_task_job_runner.py:228} INFO - Task exited with return code 1
[2024-12-24T04:07:03.670+0000] {taskinstance.py:2784} INFO - 0 downstream tasks scheduled from follow-on schedule check
[2024-12-24T06:57:21.872+0000] {warnings.py:109} WARNING - /home/***/.local/lib/python3.8/site-packages/***/utils/sqlalchemy.py:124: DeprecationWarning: The sql_alchemy_conn option in [core] has been moved to the sql_alchemy_conn option in [database] - the old setting has been used, but please update your config.
  return not conf.get("database", "sql_alchemy_conn").startswith("mssql")

[2024-12-24T06:57:21.885+0000] {taskinstance.py:1159} INFO - Dependencies all met for dep_context=non-requeueable deps ti=<TaskInstance: movie_data_etl_workflow.movie_json_to_csv scheduled__2024-12-23T00:00:00+00:00 [queued]>
[2024-12-24T06:57:21.894+0000] {taskinstance.py:1159} INFO - Dependencies all met for dep_context=requeueable deps ti=<TaskInstance: movie_data_etl_workflow.movie_json_to_csv scheduled__2024-12-23T00:00:00+00:00 [queued]>
[2024-12-24T06:57:21.895+0000] {taskinstance.py:1361} INFO - Starting attempt 1 of 2
[2024-12-24T06:57:21.908+0000] {taskinstance.py:1382} INFO - Executing <Task(BashOperator): movie_json_to_csv> on 2024-12-23 00:00:00+00:00
[2024-12-24T06:57:21.914+0000] {standard_task_runner.py:57} INFO - Started process 72 to run task
[2024-12-24T06:57:21.917+0000] {standard_task_runner.py:84} INFO - Running: ['***', 'tasks', 'run', 'movie_data_etl_workflow', 'movie_json_to_csv', 'scheduled__2024-12-23T00:00:00+00:00', '--job-id', '220', '--raw', '--subdir', 'DAGS_FOLDER/movie_data_workflow.py', '--cfg-path', '/tmp/tmpb0nv4zu3']
[2024-12-24T06:57:21.918+0000] {standard_task_runner.py:85} INFO - Job 220: Subtask movie_json_to_csv
[2024-12-24T06:57:21.937+0000] {warnings.py:109} WARNING - /home/***/.local/lib/python3.8/site-packages/***/settings.py:195: DeprecationWarning: The sql_alchemy_conn option in [core] has been moved to the sql_alchemy_conn option in [database] - the old setting has been used, but please update your config.
  SQL_ALCHEMY_CONN = conf.get("database", "SQL_ALCHEMY_CONN")

[2024-12-24T06:57:21.977+0000] {task_command.py:415} INFO - Running <TaskInstance: movie_data_etl_workflow.movie_json_to_csv scheduled__2024-12-23T00:00:00+00:00 [running]> on host 612e0b1601d1
[2024-12-24T06:57:21.993+0000] {warnings.py:109} WARNING - /home/***/.local/lib/python3.8/site-packages/***/utils/sqlalchemy.py:124: DeprecationWarning: The sql_alchemy_conn option in [core] has been moved to the sql_alchemy_conn option in [database] - the old setting has been used, but please update your config.
  return not conf.get("database", "sql_alchemy_conn").startswith("mssql")

[2024-12-24T06:57:22.063+0000] {taskinstance.py:1660} INFO - Exporting env vars: AIRFLOW_CTX_DAG_OWNER='diinguyen' AIRFLOW_CTX_DAG_ID='movie_data_etl_workflow' AIRFLOW_CTX_TASK_ID='movie_json_to_csv' AIRFLOW_CTX_EXECUTION_DATE='2024-12-23T00:00:00+00:00' AIRFLOW_CTX_TRY_NUMBER='1' AIRFLOW_CTX_DAG_RUN_ID='scheduled__2024-12-23T00:00:00+00:00'
[2024-12-24T06:57:22.065+0000] {subprocess.py:63} INFO - Tmp dir root location: /tmp
[2024-12-24T06:57:22.065+0000] {subprocess.py:75} INFO - Running command: ['/bin/bash', '-c', 'python3 /opt/***/DE_project/JSON_to_CSV/JSON_to_CSV_movie.py']
[2024-12-24T06:57:22.075+0000] {subprocess.py:86} INFO - Output:
[2024-12-24T06:57:22.733+0000] {subprocess.py:93} INFO - Conversion complete. CSV file saved as 'movies_data.csv'
[2024-12-24T06:57:22.748+0000] {subprocess.py:97} INFO - Command exited with return code 0
[2024-12-24T06:57:22.782+0000] {taskinstance.py:1400} INFO - Marking task as SUCCESS. dag_id=movie_data_etl_workflow, task_id=movie_json_to_csv, execution_date=20241223T000000, start_date=20241224T065721, end_date=20241224T065722
[2024-12-24T06:57:22.834+0000] {local_task_job_runner.py:228} INFO - Task exited with return code 0
[2024-12-24T06:57:22.871+0000] {taskinstance.py:2784} INFO - 1 downstream tasks scheduled from follow-on schedule check
