[2024-12-23T07:54:17.231+0000] {taskinstance.py:1159} INFO - Dependencies all met for dep_context=non-requeueable deps ti=<TaskInstance: movie_data_workflow.fetch_movie_data manual__2024-12-23T07:51:37.452367+00:00 [queued]>
[2024-12-23T07:54:17.241+0000] {taskinstance.py:1159} INFO - Dependencies all met for dep_context=requeueable deps ti=<TaskInstance: movie_data_workflow.fetch_movie_data manual__2024-12-23T07:51:37.452367+00:00 [queued]>
[2024-12-23T07:54:17.242+0000] {taskinstance.py:1361} INFO - Starting attempt 1 of 2
[2024-12-23T07:54:17.256+0000] {taskinstance.py:1382} INFO - Executing <Task(BashOperator): fetch_movie_data> on 2024-12-23 07:51:37.452367+00:00
[2024-12-23T07:54:17.260+0000] {standard_task_runner.py:57} INFO - Started process 136 to run task
[2024-12-23T07:54:17.264+0000] {standard_task_runner.py:84} INFO - Running: ['***', 'tasks', 'run', 'movie_data_workflow', 'fetch_movie_data', 'manual__2024-12-23T07:51:37.452367+00:00', '--job-id', '32', '--raw', '--subdir', 'DAGS_FOLDER/movie_data_workflow.py', '--cfg-path', '/tmp/tmph3biok5n']
[2024-12-23T07:54:17.267+0000] {standard_task_runner.py:85} INFO - Job 32: Subtask fetch_movie_data
[2024-12-23T07:54:17.285+0000] {warnings.py:109} WARNING - /home/***/.local/lib/python3.8/site-packages/***/settings.py:195: DeprecationWarning: The sql_alchemy_conn option in [core] has been moved to the sql_alchemy_conn option in [database] - the old setting has been used, but please update your config.
  SQL_ALCHEMY_CONN = conf.get("database", "SQL_ALCHEMY_CONN")

[2024-12-23T07:54:17.327+0000] {task_command.py:415} INFO - Running <TaskInstance: movie_data_workflow.fetch_movie_data manual__2024-12-23T07:51:37.452367+00:00 [running]> on host 023362aefa72
[2024-12-23T07:54:17.411+0000] {taskinstance.py:1660} INFO - Exporting env vars: AIRFLOW_CTX_DAG_OWNER='diinguyen' AIRFLOW_CTX_DAG_ID='movie_data_workflow' AIRFLOW_CTX_TASK_ID='fetch_movie_data' AIRFLOW_CTX_EXECUTION_DATE='2024-12-23T07:51:37.452367+00:00' AIRFLOW_CTX_TRY_NUMBER='1' AIRFLOW_CTX_DAG_RUN_ID='manual__2024-12-23T07:51:37.452367+00:00'
[2024-12-23T07:54:17.413+0000] {subprocess.py:63} INFO - Tmp dir root location: /tmp
[2024-12-23T07:54:17.413+0000] {subprocess.py:75} INFO - Running command: ['/bin/bash', '-c', 'python3 /opt/***/DE_project/ETL/extract/API_movie_Themoviedb.py']
[2024-12-23T07:54:17.423+0000] {subprocess.py:86} INFO - Output:
[2024-12-23T07:56:19.113+0000] {subprocess.py:93} INFO - Fetched data for page 1
[2024-12-23T07:56:19.113+0000] {subprocess.py:93} INFO - Fetched data for page 2
[2024-12-23T07:56:19.115+0000] {subprocess.py:93} INFO - Fetched data for page 3
[2024-12-23T07:56:19.116+0000] {subprocess.py:93} INFO - Fetched data for page 4
[2024-12-23T07:56:19.117+0000] {subprocess.py:93} INFO - Fetched data for page 5
[2024-12-23T07:56:19.118+0000] {subprocess.py:93} INFO - Fetched data for page 6
[2024-12-23T07:56:19.119+0000] {subprocess.py:93} INFO - Fetched data for page 7
[2024-12-23T07:56:19.120+0000] {subprocess.py:93} INFO - Fetched data for page 8
[2024-12-23T07:56:19.120+0000] {subprocess.py:93} INFO - Fetched data for page 9
[2024-12-23T07:56:19.121+0000] {subprocess.py:93} INFO - Fetched data for page 10
[2024-12-23T07:56:19.124+0000] {subprocess.py:93} INFO - Fetched data for page 11
[2024-12-23T07:56:19.125+0000] {subprocess.py:93} INFO - Fetched data for page 12
[2024-12-23T07:56:19.126+0000] {subprocess.py:93} INFO - Fetched data for page 13
[2024-12-23T07:56:19.127+0000] {subprocess.py:93} INFO - Fetched data for page 14
[2024-12-23T07:56:19.128+0000] {subprocess.py:93} INFO - Fetched data for page 15
[2024-12-23T07:56:19.129+0000] {subprocess.py:93} INFO - Failed to fetch details for movie ID 473924 (attempt 1): HTTPSConnectionPool(host='api.themoviedb.org', port=443): Max retries exceeded with url: /3/movie/473924?api_key=9fb9d335431a9f6007701ac905fcd5e5 (Caused by NewConnectionError('<urllib3.connection.HTTPSConnection object at 0x7f0a761b3c10>: Failed to establish a new connection: [Errno -2] Name or service not known'))
[2024-12-23T07:56:19.129+0000] {subprocess.py:93} INFO - Failed to fetch details for movie ID 473924 (attempt 2): HTTPSConnectionPool(host='api.themoviedb.org', port=443): Max retries exceeded with url: /3/movie/473924?api_key=9fb9d335431a9f6007701ac905fcd5e5 (Caused by NewConnectionError('<urllib3.connection.HTTPSConnection object at 0x7f0a761b3400>: Failed to establish a new connection: [Errno -2] Name or service not known'))
[2024-12-23T07:56:19.130+0000] {subprocess.py:93} INFO - Failed to fetch details for movie ID 473924 (attempt 3): HTTPSConnectionPool(host='api.themoviedb.org', port=443): Max retries exceeded with url: /3/movie/473924?api_key=9fb9d335431a9f6007701ac905fcd5e5 (Caused by NewConnectionError('<urllib3.connection.HTTPSConnection object at 0x7f0a761b32e0>: Failed to establish a new connection: [Errno -2] Name or service not known'))
[2024-12-23T07:56:19.131+0000] {subprocess.py:93} INFO - Failed to fetch details for movie ID 473924 after 3 attempts.
[2024-12-23T07:56:19.131+0000] {subprocess.py:93} INFO - Failed to fetch details for movie ID 293660 (attempt 1): HTTPSConnectionPool(host='api.themoviedb.org', port=443): Max retries exceeded with url: /3/movie/293660?api_key=9fb9d335431a9f6007701ac905fcd5e5 (Caused by NewConnectionError('<urllib3.connection.HTTPSConnection object at 0x7f0a761b3c10>: Failed to establish a new connection: [Errno -2] Name or service not known'))
[2024-12-23T07:56:19.132+0000] {subprocess.py:93} INFO - Failed to fetch details for movie ID 293660 (attempt 2): HTTPSConnectionPool(host='api.themoviedb.org', port=443): Max retries exceeded with url: /3/movie/293660?api_key=9fb9d335431a9f6007701ac905fcd5e5 (Caused by NewConnectionError('<urllib3.connection.HTTPSConnection object at 0x7f0a761b3400>: Failed to establish a new connection: [Errno -2] Name or service not known'))
[2024-12-23T07:56:19.132+0000] {subprocess.py:93} INFO - Failed to fetch details for movie ID 293660 (attempt 3): HTTPSConnectionPool(host='api.themoviedb.org', port=443): Max retries exceeded with url: /3/movie/293660?api_key=9fb9d335431a9f6007701ac905fcd5e5 (Caused by NewConnectionError('<urllib3.connection.HTTPSConnection object at 0x7f0a761b32e0>: Failed to establish a new connection: [Errno -2] Name or service not known'))
[2024-12-23T07:56:19.133+0000] {subprocess.py:93} INFO - Failed to fetch details for movie ID 293660 after 3 attempts.
[2024-12-23T07:56:19.133+0000] {subprocess.py:93} INFO - Failed to fetch details for movie ID 801335 (attempt 1): HTTPSConnectionPool(host='api.themoviedb.org', port=443): Max retries exceeded with url: /3/movie/801335?api_key=9fb9d335431a9f6007701ac905fcd5e5 (Caused by NewConnectionError('<urllib3.connection.HTTPSConnection object at 0x7f0a761b3c10>: Failed to establish a new connection: [Errno -2] Name or service not known'))
[2024-12-23T07:56:19.134+0000] {subprocess.py:93} INFO - Failed to fetch details for movie ID 801335 (attempt 2): HTTPSConnectionPool(host='api.themoviedb.org', port=443): Max retries exceeded with url: /3/movie/801335?api_key=9fb9d335431a9f6007701ac905fcd5e5 (Caused by NewConnectionError('<urllib3.connection.HTTPSConnection object at 0x7f0a761b3400>: Failed to establish a new connection: [Errno -2] Name or service not known'))
[2024-12-23T07:56:19.134+0000] {subprocess.py:93} INFO - Failed to fetch details for movie ID 801335 (attempt 3): HTTPSConnectionPool(host='api.themoviedb.org', port=443): Max retries exceeded with url: /3/movie/801335?api_key=9fb9d335431a9f6007701ac905fcd5e5 (Caused by NewConnectionError('<urllib3.connection.HTTPSConnection object at 0x7f0a761b32e0>: Failed to establish a new connection: [Errno -2] Name or service not known'))
[2024-12-23T07:56:19.135+0000] {subprocess.py:93} INFO - Failed to fetch details for movie ID 801335 after 3 attempts.
[2024-12-23T07:56:19.135+0000] {subprocess.py:93} INFO - Failed to fetch details for movie ID 106646 (attempt 1): HTTPSConnectionPool(host='api.themoviedb.org', port=443): Max retries exceeded with url: /3/movie/106646?api_key=9fb9d335431a9f6007701ac905fcd5e5 (Caused by NewConnectionError('<urllib3.connection.HTTPSConnection object at 0x7f0a761b3c10>: Failed to establish a new connection: [Errno -2] Name or service not known'))
[2024-12-23T07:56:19.136+0000] {subprocess.py:93} INFO - Failed to fetch details for movie ID 106646 (attempt 2): HTTPSConnectionPool(host='api.themoviedb.org', port=443): Max retries exceeded with url: /3/movie/106646?api_key=9fb9d335431a9f6007701ac905fcd5e5 (Caused by NewConnectionError('<urllib3.connection.HTTPSConnection object at 0x7f0a761b3400>: Failed to establish a new connection: [Errno -2] Name or service not known'))
[2024-12-23T07:56:19.136+0000] {subprocess.py:93} INFO - Failed to fetch details for movie ID 106646 (attempt 3): HTTPSConnectionPool(host='api.themoviedb.org', port=443): Max retries exceeded with url: /3/movie/106646?api_key=9fb9d335431a9f6007701ac905fcd5e5 (Caused by NewConnectionError('<urllib3.connection.HTTPSConnection object at 0x7f0a761b32e0>: Failed to establish a new connection: [Errno -2] Name or service not known'))
[2024-12-23T07:56:19.136+0000] {subprocess.py:93} INFO - Failed to fetch details for movie ID 106646 after 3 attempts.
[2024-12-23T07:56:19.136+0000] {subprocess.py:93} INFO - Failed to fetch details for movie ID 1160018 (attempt 1): HTTPSConnectionPool(host='api.themoviedb.org', port=443): Max retries exceeded with url: /3/movie/1160018?api_key=9fb9d335431a9f6007701ac905fcd5e5 (Caused by NewConnectionError('<urllib3.connection.HTTPSConnection object at 0x7f0a761b3c10>: Failed to establish a new connection: [Errno -2] Name or service not known'))
[2024-12-23T07:56:19.137+0000] {subprocess.py:93} INFO - Failed to fetch details for movie ID 1160018 (attempt 2): HTTPSConnectionPool(host='api.themoviedb.org', port=443): Max retries exceeded with url: /3/movie/1160018?api_key=9fb9d335431a9f6007701ac905fcd5e5 (Caused by NewConnectionError('<urllib3.connection.HTTPSConnection object at 0x7f0a761b32e0>: Failed to establish a new connection: [Errno -2] Name or service not known'))
[2024-12-23T07:56:19.137+0000] {subprocess.py:93} INFO - Failed to fetch details for movie ID 1160018 (attempt 3): HTTPSConnectionPool(host='api.themoviedb.org', port=443): Max retries exceeded with url: /3/movie/1160018?api_key=9fb9d335431a9f6007701ac905fcd5e5 (Caused by NewConnectionError('<urllib3.connection.HTTPSConnection object at 0x7f0a761b3c10>: Failed to establish a new connection: [Errno -2] Name or service not known'))
[2024-12-23T07:56:19.138+0000] {subprocess.py:93} INFO - Failed to fetch details for movie ID 1160018 after 3 attempts.
[2024-12-23T07:56:19.139+0000] {subprocess.py:93} INFO - Failed to fetch details for movie ID 269149 (attempt 1): HTTPSConnectionPool(host='api.themoviedb.org', port=443): Max retries exceeded with url: /3/movie/269149?api_key=9fb9d335431a9f6007701ac905fcd5e5 (Caused by NewConnectionError('<urllib3.connection.HTTPSConnection object at 0x7f0a761b3730>: Failed to establish a new connection: [Errno -2] Name or service not known'))
[2024-12-23T07:56:19.139+0000] {subprocess.py:93} INFO - Failed to fetch details for movie ID 269149 (attempt 2): HTTPSConnectionPool(host='api.themoviedb.org', port=443): Max retries exceeded with url: /3/movie/269149?api_key=9fb9d335431a9f6007701ac905fcd5e5 (Caused by NewConnectionError('<urllib3.connection.HTTPSConnection object at 0x7f0a761b32e0>: Failed to establish a new connection: [Errno -2] Name or service not known'))
[2024-12-23T07:56:19.139+0000] {subprocess.py:93} INFO - Failed to fetch details for movie ID 269149 (attempt 3): HTTPSConnectionPool(host='api.themoviedb.org', port=443): Max retries exceeded with url: /3/movie/269149?api_key=9fb9d335431a9f6007701ac905fcd5e5 (Caused by NewConnectionError('<urllib3.connection.HTTPSConnection object at 0x7f0a761b3c10>: Failed to establish a new connection: [Errno -2] Name or service not known'))
[2024-12-23T07:56:19.139+0000] {subprocess.py:93} INFO - Failed to fetch details for movie ID 269149 after 3 attempts.
[2024-12-23T07:56:19.140+0000] {subprocess.py:93} INFO - Failed to fetch details for movie ID 585 (attempt 1): HTTPSConnectionPool(host='api.themoviedb.org', port=443): Max retries exceeded with url: /3/movie/585?api_key=9fb9d335431a9f6007701ac905fcd5e5 (Caused by NewConnectionError('<urllib3.connection.HTTPSConnection object at 0x7f0a761b3730>: Failed to establish a new connection: [Errno -2] Name or service not known'))
[2024-12-23T07:56:19.181+0000] {subprocess.py:93} INFO - Failed to fetch details for movie ID 585 (attempt 2): HTTPSConnectionPool(host='api.themoviedb.org', port=443): Max retries exceeded with url: /3/movie/585?api_key=9fb9d335431a9f6007701ac905fcd5e5 (Caused by NewConnectionError('<urllib3.connection.HTTPSConnection object at 0x7f0a761b3c10>: Failed to establish a new connection: [Errno -2] Name or service not known'))
[2024-12-23T07:56:19.181+0000] {subprocess.py:93} INFO - Failed to fetch details for movie ID 585 (attempt 3): HTTPSConnectionPool(host='api.themoviedb.org', port=443): Max retries exceeded with url: /3/movie/585?api_key=9fb9d335431a9f6007701ac905fcd5e5 (Caused by NewConnectionError('<urllib3.connection.HTTPSConnection object at 0x7f0a761b3730>: Failed to establish a new connection: [Errno -2] Name or service not known'))
[2024-12-23T07:56:19.185+0000] {subprocess.py:93} INFO - Failed to fetch details for movie ID 585 after 3 attempts.
[2024-12-23T07:56:19.186+0000] {subprocess.py:93} INFO - Failed to fetch details for movie ID 567811 (attempt 1): HTTPSConnectionPool(host='api.themoviedb.org', port=443): Max retries exceeded with url: /3/movie/567811?api_key=9fb9d335431a9f6007701ac905fcd5e5 (Caused by NewConnectionError('<urllib3.connection.HTTPSConnection object at 0x7f0a761b3c10>: Failed to establish a new connection: [Errno -2] Name or service not known'))
[2024-12-23T07:56:19.186+0000] {subprocess.py:93} INFO - Failed to fetch details for movie ID 567811 (attempt 2): HTTPSConnectionPool(host='api.themoviedb.org', port=443): Max retries exceeded with url: /3/movie/567811?api_key=9fb9d335431a9f6007701ac905fcd5e5 (Caused by NewConnectionError('<urllib3.connection.HTTPSConnection object at 0x7f0a761b32e0>: Failed to establish a new connection: [Errno -2] Name or service not known'))
[2024-12-23T07:56:19.186+0000] {subprocess.py:93} INFO - Failed to fetch details for movie ID 567811 (attempt 3): HTTPSConnectionPool(host='api.themoviedb.org', port=443): Max retries exceeded with url: /3/movie/567811?api_key=9fb9d335431a9f6007701ac905fcd5e5 (Caused by NewConnectionError('<urllib3.connection.HTTPSConnection object at 0x7f0a761b3730>: Failed to establish a new connection: [Errno -2] Name or service not known'))
[2024-12-23T07:56:19.186+0000] {subprocess.py:93} INFO - Failed to fetch details for movie ID 567811 after 3 attempts.
[2024-12-23T07:56:19.187+0000] {subprocess.py:93} INFO - Fetched data for page 16
[2024-12-23T07:56:19.187+0000] {subprocess.py:93} INFO - Attempt 1 failed for page 17: HTTPSConnectionPool(host='api.themoviedb.org', port=443): Max retries exceeded with url: /3/movie/popular?api_key=9fb9d335431a9f6007701ac905fcd5e5&page=17 (Caused by NewConnectionError('<urllib3.connection.HTTPSConnection object at 0x7f0a761b3400>: Failed to establish a new connection: [Errno -2] Name or service not known'))
[2024-12-23T07:56:19.187+0000] {subprocess.py:93} INFO - Attempt 2 failed for page 17: HTTPSConnectionPool(host='api.themoviedb.org', port=443): Max retries exceeded with url: /3/movie/popular?api_key=9fb9d335431a9f6007701ac905fcd5e5&page=17 (Caused by NewConnectionError('<urllib3.connection.HTTPSConnection object at 0x7f0a761b36d0>: Failed to establish a new connection: [Errno -2] Name or service not known'))
[2024-12-23T07:56:19.188+0000] {subprocess.py:93} INFO - Attempt 3 failed for page 17: HTTPSConnectionPool(host='api.themoviedb.org', port=443): Max retries exceeded with url: /3/movie/popular?api_key=9fb9d335431a9f6007701ac905fcd5e5&page=17 (Caused by NewConnectionError('<urllib3.connection.HTTPSConnection object at 0x7f0a761b3f70>: Failed to establish a new connection: [Errno -2] Name or service not known'))
[2024-12-23T07:56:19.188+0000] {subprocess.py:93} INFO - Failed to fetch data for page 17 after 3 attempts.
[2024-12-23T07:56:19.188+0000] {subprocess.py:93} INFO - Movie data with genres and runtime from up to 500 pages has been saved to movies_data_from_themoviedb.json
[2024-12-23T07:56:19.206+0000] {subprocess.py:97} INFO - Command exited with return code 0
[2024-12-23T07:56:19.242+0000] {taskinstance.py:1400} INFO - Marking task as SUCCESS. dag_id=movie_data_workflow, task_id=fetch_movie_data, execution_date=20241223T075137, start_date=20241223T075417, end_date=20241223T075619
[2024-12-23T07:56:19.289+0000] {local_task_job_runner.py:228} INFO - Task exited with return code 0
[2024-12-23T07:56:19.327+0000] {taskinstance.py:2784} INFO - 1 downstream tasks scheduled from follow-on schedule check
