[2024-12-24T05:09:43.669+0000] {warnings.py:109} WARNING - /home/***/.local/lib/python3.8/site-packages/***/utils/sqlalchemy.py:124: DeprecationWarning: The sql_alchemy_conn option in [core] has been moved to the sql_alchemy_conn option in [database] - the old setting has been used, but please update your config.
  return not conf.get("database", "sql_alchemy_conn").startswith("mssql")

[2024-12-24T05:09:43.682+0000] {taskinstance.py:1159} INFO - Dependencies all met for dep_context=non-requeueable deps ti=<TaskInstance: movie_etl_workflow.transform_data_movie scheduled__2024-12-23T00:00:00+00:00 [queued]>
[2024-12-24T05:09:43.691+0000] {taskinstance.py:1159} INFO - Dependencies all met for dep_context=requeueable deps ti=<TaskInstance: movie_etl_workflow.transform_data_movie scheduled__2024-12-23T00:00:00+00:00 [queued]>
[2024-12-24T05:09:43.692+0000] {taskinstance.py:1361} INFO - Starting attempt 1 of 2
[2024-12-24T05:09:43.704+0000] {taskinstance.py:1382} INFO - Executing <Task(BashOperator): transform_data_movie> on 2024-12-23 00:00:00+00:00
[2024-12-24T05:09:43.708+0000] {standard_task_runner.py:57} INFO - Started process 60 to run task
[2024-12-24T05:09:43.712+0000] {standard_task_runner.py:84} INFO - Running: ['***', 'tasks', 'run', 'movie_etl_workflow', 'transform_data_movie', 'scheduled__2024-12-23T00:00:00+00:00', '--job-id', '186', '--raw', '--subdir', 'DAGS_FOLDER/movie_data_workflow.py', '--cfg-path', '/tmp/tmp8c39mtsk']
[2024-12-24T05:09:43.714+0000] {standard_task_runner.py:85} INFO - Job 186: Subtask transform_data_movie
[2024-12-24T05:09:43.730+0000] {warnings.py:109} WARNING - /home/***/.local/lib/python3.8/site-packages/***/settings.py:195: DeprecationWarning: The sql_alchemy_conn option in [core] has been moved to the sql_alchemy_conn option in [database] - the old setting has been used, but please update your config.
  SQL_ALCHEMY_CONN = conf.get("database", "SQL_ALCHEMY_CONN")

[2024-12-24T05:09:43.770+0000] {task_command.py:415} INFO - Running <TaskInstance: movie_etl_workflow.transform_data_movie scheduled__2024-12-23T00:00:00+00:00 [running]> on host 4170f75a0525
[2024-12-24T05:09:43.785+0000] {warnings.py:109} WARNING - /home/***/.local/lib/python3.8/site-packages/***/utils/sqlalchemy.py:124: DeprecationWarning: The sql_alchemy_conn option in [core] has been moved to the sql_alchemy_conn option in [database] - the old setting has been used, but please update your config.
  return not conf.get("database", "sql_alchemy_conn").startswith("mssql")

[2024-12-24T05:09:43.856+0000] {taskinstance.py:1660} INFO - Exporting env vars: AIRFLOW_CTX_DAG_OWNER='diinguyen' AIRFLOW_CTX_DAG_ID='movie_etl_workflow' AIRFLOW_CTX_TASK_ID='transform_data_movie' AIRFLOW_CTX_EXECUTION_DATE='2024-12-23T00:00:00+00:00' AIRFLOW_CTX_TRY_NUMBER='1' AIRFLOW_CTX_DAG_RUN_ID='scheduled__2024-12-23T00:00:00+00:00'
[2024-12-24T05:09:43.858+0000] {subprocess.py:63} INFO - Tmp dir root location: /tmp
[2024-12-24T05:09:43.859+0000] {subprocess.py:75} INFO - Running command: ['/bin/bash', '-c', 'python3 /opt/***/DE_project/ETL/transform/transform_moviedf.py']
[2024-12-24T05:09:43.868+0000] {subprocess.py:86} INFO - Output:
[2024-12-24T05:09:46.763+0000] {subprocess.py:93} INFO - Setting default log level to "WARN".
[2024-12-24T05:09:46.764+0000] {subprocess.py:93} INFO - To adjust logging level use sc.setLogLevel(newLevel). For SparkR, use setLogLevel(newLevel).
[2024-12-24T05:09:47.077+0000] {subprocess.py:93} INFO - 24/12/24 05:09:47 WARN NativeCodeLoader: Unable to load native-hadoop library for your platform... using builtin-java classes where applicable
[2024-12-24T05:09:57.032+0000] {subprocess.py:93} INFO - +-------+--------------------+------------+-----------------+------------+----------+----------+-------+-----+--------------------+--------------------+
[2024-12-24T05:09:57.033+0000] {subprocess.py:93} INFO - |     id|               title|release_date|original_language|vote_average|vote_count|popularity|runtime|adult|              genres|            overview|
[2024-12-24T05:09:57.033+0000] {subprocess.py:93} INFO - +-------+--------------------+------------+-----------------+------------+----------+----------+-------+-----+--------------------+--------------------+
[2024-12-24T05:09:57.035+0000] {subprocess.py:93} INFO - | 845781|             Red One|  2024-10-31|               en|       6.962|      1207|  6140.642|    124|False|Action, Fantasy, ...|After Santa Claus...|
[2024-12-24T05:09:57.035+0000] {subprocess.py:93} INFO - | 912649|Venom: The Last D...|  2024-10-22|               en|       6.783|      1807|  4438.575|    109|False|Action, Science F...|Eddie and Venom a...|
[2024-12-24T05:09:57.036+0000] {subprocess.py:93} INFO - | 762509|Mufasa: The Lion ...|  2024-12-18|               en|         7.1|       160|  3060.267|    118|False|Adventure, Family...|Told in flashback...|
[2024-12-24T05:09:57.037+0000] {subprocess.py:93} INFO - |1241982|             Moana 2|  2024-11-21|               en|       6.953|       581|  2817.589|    100|False|Animation, Advent...|After receiving a...|
[2024-12-24T05:09:57.037+0000] {subprocess.py:93} INFO - |1005331|            Carry-On|  2024-12-05|               en|       6.994|       817|  2554.211|    119|False|Action, Mystery, ...|An airport securi...|
[2024-12-24T05:09:57.038+0000] {subprocess.py:93} INFO - | 939243|Sonic the Hedgehog 3|  2024-12-19|               en|         8.0|        63|  2200.927|    110|False|Science Fiction, ...|Sonic, Knuckles, ...|
[2024-12-24T05:09:57.038+0000] {subprocess.py:93} INFO - |1043905|        Dirty Angels|  2024-12-11|               en|         6.0|        27|  1758.726|    104|False|Action, Drama, Th...|During the United...|
[2024-12-24T05:09:57.039+0000] {subprocess.py:93} INFO - |1035048|           Elevation|  2024-11-07|               en|         6.3|       186|  1386.513|     91|False|Action, Science F...|A single father a...|
[2024-12-24T05:09:57.039+0000] {subprocess.py:93} INFO - |1000075|The Price of Mone...|  2024-07-31|               fr|         5.6|        56|  1181.322|    100|False|Action, Adventure...|Largo Winch, deva...|
[2024-12-24T05:09:57.040+0000] {subprocess.py:93} INFO - | 974453|          Absolution|  2024-10-31|               en|         6.1|       154|  1126.387|    112|False|Action, Crime, Th...|An aging ex-boxer...|
[2024-12-24T05:09:57.040+0000] {subprocess.py:93} INFO - | 539972|   Kraven the Hunter|  2024-12-11|               en|         5.8|       190|  1133.345|    127|False|Action, Adventure...|Kraven Kravinoff'...|
[2024-12-24T05:09:57.041+0000] {subprocess.py:93} INFO - | 558449|        Gladiator II|  2024-11-05|               en|         6.7|      1176|  1091.838|    148|False|Action, Adventure...|Years after witne...|
[2024-12-24T05:09:57.041+0000] {subprocess.py:93} INFO - |1184918|      The Wild Robot|  2024-09-08|               en|       8.385|      3574|   978.986|    102|False|Animation, Action...|After a shipwreck...|
[2024-12-24T05:09:57.042+0000] {subprocess.py:93} INFO - |1182387|               Armor|  2024-10-30|               en|       5.494|        80|   750.154|     89|False|Action, Crime, Th...|Armored truck sec...|
[2024-12-24T05:09:57.042+0000] {subprocess.py:93} INFO - | 645757|      That Christmas|  2024-11-27|               en|         7.3|       207|   716.747|     96|False|Animation, Comedy...|It's an unforgett...|
[2024-12-24T05:09:57.043+0000] {subprocess.py:93} INFO - |1010581|            My Fault|  2023-06-08|               es|         7.9|      3145|   828.998|    117|False|      Romance, Drama|Noah must leave h...|
[2024-12-24T05:09:57.043+0000] {subprocess.py:93} INFO - | 933260|       The Substance|  2024-09-07|               en|         7.2|      2721|   723.909|    141|False|Horror, Science F...|A fading celebrit...|
[2024-12-24T05:09:57.043+0000] {subprocess.py:93} INFO - | 533535|Deadpool & Wolverine|  2024-07-24|               en|         7.7|      6011|   755.195|    128|False|Action, Comedy, S...|A listless Wade W...|
[2024-12-24T05:09:57.044+0000] {subprocess.py:93} INFO - |1034541|         Terrifier 3|  2024-10-09|               en|       6.871|      1272|   771.444|    125|False|    Horror, Thriller|Five years after ...|
[2024-12-24T05:09:57.044+0000] {subprocess.py:93} INFO - |1299652|Watchmen: Chapter II|  2024-11-25|               en|       7.518|        56|   693.497|     89|False|Animation, Myster...|Suspicious of the...|
[2024-12-24T05:09:57.045+0000] {subprocess.py:93} INFO - +-------+--------------------+------------+-----------------+------------+----------+----------+-------+-----+--------------------+--------------------+
[2024-12-24T05:09:57.047+0000] {subprocess.py:93} INFO - only showing top 20 rows
[2024-12-24T05:09:57.047+0000] {subprocess.py:93} INFO - 
[2024-12-24T05:09:57.049+0000] {subprocess.py:93} INFO - root
[2024-12-24T05:09:57.050+0000] {subprocess.py:93} INFO -  |-- id: string (nullable = true)
[2024-12-24T05:09:57.050+0000] {subprocess.py:93} INFO -  |-- title: string (nullable = true)
[2024-12-24T05:09:57.050+0000] {subprocess.py:93} INFO -  |-- release_date: string (nullable = true)
[2024-12-24T05:09:57.051+0000] {subprocess.py:93} INFO -  |-- original_language: string (nullable = true)
[2024-12-24T05:09:57.053+0000] {subprocess.py:93} INFO -  |-- vote_average: string (nullable = true)
[2024-12-24T05:09:57.053+0000] {subprocess.py:93} INFO -  |-- vote_count: string (nullable = true)
[2024-12-24T05:09:57.054+0000] {subprocess.py:93} INFO -  |-- popularity: string (nullable = true)
[2024-12-24T05:09:57.054+0000] {subprocess.py:93} INFO -  |-- runtime: string (nullable = true)
[2024-12-24T05:09:57.055+0000] {subprocess.py:93} INFO -  |-- adult: string (nullable = true)
[2024-12-24T05:09:57.056+0000] {subprocess.py:93} INFO -  |-- genres: string (nullable = true)
[2024-12-24T05:09:57.057+0000] {subprocess.py:93} INFO -  |-- overview: string (nullable = true)
[2024-12-24T05:09:57.057+0000] {subprocess.py:93} INFO - 
[2024-12-24T05:09:57.059+0000] {subprocess.py:93} INFO - +---+-----+------------+-----------------+------------+----------+----------+-------+-----+------+--------+
[2024-12-24T05:09:57.060+0000] {subprocess.py:93} INFO - | id|title|release_date|original_language|vote_average|vote_count|popularity|runtime|adult|genres|overview|
[2024-12-24T05:09:57.061+0000] {subprocess.py:93} INFO - +---+-----+------------+-----------------+------------+----------+----------+-------+-----+------+--------+
[2024-12-24T05:09:57.061+0000] {subprocess.py:93} INFO - |  0|    2|          20|                5|           7|         7|         7|      7|    9|    38|      56|
[2024-12-24T05:09:57.062+0000] {subprocess.py:93} INFO - +---+-----+------------+-----------------+------------+----------+----------+-------+-----+------+--------+
[2024-12-24T05:09:57.062+0000] {subprocess.py:93} INFO - 
[2024-12-24T05:09:57.063+0000] {subprocess.py:93} INFO - +------+--------------------+------------+-----------------+------------+----------+----------+-------+-----+--------------------+--------------------+-----+
[2024-12-24T05:09:57.063+0000] {subprocess.py:93} INFO - |    id|               title|release_date|original_language|vote_average|vote_count|popularity|runtime|adult|              genres|            overview|count|
[2024-12-24T05:09:57.064+0000] {subprocess.py:93} INFO - +------+--------------------+------------+-----------------+------------+----------+----------+-------+-----+--------------------+--------------------+-----+
[2024-12-24T05:09:57.064+0000] {subprocess.py:93} INFO - | 11675|Halloween H20: 20...|  1998-08-05|               en|         6.0|      1638|    23.568|     86|False|    Horror, Thriller|Two decades after...|    2|
[2024-12-24T05:09:57.065+0000] {subprocess.py:93} INFO - | 11052| Yu-Gi-Oh! The Movie|  2004-08-13|               en|         6.1|       341|    16.158|     90|False|Animation, Fantas...|After the conclus...|    2|
[2024-12-24T05:09:57.065+0000] {subprocess.py:93} INFO - |  8452|         The 6th Day|  2000-11-17|               en|         6.0|      2015|    18.038|    123|False|Science Fiction, ...|A world of the ve...|    2|
[2024-12-24T05:09:57.066+0000] {subprocess.py:93} INFO - | 76640|      The Last Stand|  2013-01-12|               en|         6.1|      2770|    20.181|    107|False|Action, Crime, Th...|Ray Owens is sher...|    2|
[2024-12-24T05:09:57.067+0000] {subprocess.py:93} INFO - | 61108|        Emmanuelle 6|  1988-07-06|               fr|         4.1|        27|     19.77|     80|False|      Drama, Romance|Journey with Emma...|    2|
[2024-12-24T05:09:57.067+0000] {subprocess.py:93} INFO - |110160|    Laurence Anyways|  2012-05-18|               fr|         7.6|       850|    16.891|    168|False|      Drama, Romance|The story of an i...|    2|
[2024-12-24T05:09:57.068+0000] {subprocess.py:93} INFO - | 41264|        Africa Addio|  1966-02-11|               it|         6.3|        38|    24.378|    138|False| Documentary, Horror|A documentary abo...|    2|
[2024-12-24T05:09:57.068+0000] {subprocess.py:93} INFO - |  9053|  DOA: Dead or Alive|  2006-09-07|               en|         5.2|       827|    19.436|     87|False|Adventure, Action...|Four beautiful ri...|    2|
[2024-12-24T05:09:57.069+0000] {subprocess.py:93} INFO - |949687|Feludar Goyendagi...|  2022-06-17|               bn|         6.2|         4|    21.667|    143|False|Crime, Mystery, A...|The suave Prodosh...|    2|
[2024-12-24T05:09:57.069+0000] {subprocess.py:93} INFO - | 10810|     Rosario Tijeras|  2005-08-12|               es|         6.6|        90|    14.528|    126|False|Crime, Romance, D...|Rosario Tijeras h...|    2|
[2024-12-24T05:09:57.069+0000] {subprocess.py:93} INFO - | 14536|         New in Town|  2009-01-30|               en|       5.836|       481|    12.818|     97|False|     Comedy, Romance|Lucy Hill is an a...|    2|
[2024-12-24T05:09:57.070+0000] {subprocess.py:93} INFO - |  7341|  The Rage: Carrie 2|  1999-03-12|               en|         5.6|       405|    13.054|    104|False|Horror, Thriller,...|Following the sui...|    2|
[2024-12-24T05:09:57.070+0000] {subprocess.py:93} INFO - |844185|           Unfrosted|  2024-04-30|               en|       5.246|       270|    19.029|     97|False|     Comedy, History|In a time when br...|    2|
[2024-12-24T05:09:57.070+0000] {subprocess.py:93} INFO - |641662|   Pieces of a Woman|  2020-12-30|               en|       7.027|      1210|    14.077|    127|False|               Drama|When a young moth...|    2|
[2024-12-24T05:09:57.071+0000] {subprocess.py:93} INFO - |426063|           Nosferatu|  2024-12-25|               en|         7.5|        12|   199.351|    133|False|Horror, Fantasy, ...|A gothic tale of ...|    2|
[2024-12-24T05:09:57.071+0000] {subprocess.py:93} INFO - |  8831|             Timecop|  1994-09-15|               en|         6.0|      1156|    21.098|     99|False|Thriller, Science...|An officer for a ...|    2|
[2024-12-24T05:09:57.072+0000] {subprocess.py:93} INFO - +------+--------------------+------------+-----------------+------------+----------+----------+-------+-----+--------------------+--------------------+-----+
[2024-12-24T05:09:57.072+0000] {subprocess.py:93} INFO - 
[2024-12-24T05:09:59.645+0000] {subprocess.py:93} INFO - +------+--------------------+------------+-----------------+------------+----------+----------+-------+-----+--------------------+--------------------+
[2024-12-24T05:09:59.646+0000] {subprocess.py:93} INFO - |    id|               title|release_date|original_language|vote_average|vote_count|popularity|runtime|adult|              genres|            overview|
[2024-12-24T05:09:59.646+0000] {subprocess.py:93} INFO - +------+--------------------+------------+-----------------+------------+----------+----------+-------+-----+--------------------+--------------------+
[2024-12-24T05:09:59.647+0000] {subprocess.py:93} INFO - |173705|Female Teacher: I...|  1982-04-09|               ja|         6.6|        17|    80.408|     69|False|Drama, Mystery, H...|The lovely Reiko ...|
[2024-12-24T05:09:59.647+0000] {subprocess.py:93} INFO - |    24|   Kill Bill: Vol. 1|  2003-10-10|               en|       7.972|     17433|     63.46|    111|False|       Action, Crime|An assassin is sh...|
[2024-12-24T05:09:59.648+0000] {subprocess.py:93} INFO - |346672|Underworld: Blood...|  2016-11-24|               en|         5.9|      3654|    60.224|     91|False|Fantasy, Action, ...|Vampire death dea...|
[2024-12-24T05:09:59.649+0000] {subprocess.py:93} INFO - | 10147|           Bad Santa|  2003-11-26|               en|       6.542|      2126|    53.298|     92|False|Drama, Comedy, Crime|You'd better watc...|
[2024-12-24T05:09:59.650+0000] {subprocess.py:93} INFO - |  3170|               Bambi|  1942-02-11|               en|         7.0|      5645|    50.387|     70|False|Animation, Drama,...|Bambi's tale unfo...|
[2024-12-24T05:09:59.650+0000] {subprocess.py:93} INFO - | 20982|Naruto Shippuden ...|  2007-08-04|               ja|       7.389|       992|     50.27|     94|False|Animation, Action...|"Demons that once...|
[2024-12-24T05:09:59.651+0000] {subprocess.py:93} INFO - |  1246|        Rocky Balboa|  2006-12-20|               en|       6.872|      3460|    39.813|    102|False|               Drama|His wife is dead ...|
[2024-12-24T05:09:59.651+0000] {subprocess.py:93} INFO - |407375|Sniper: Ghost Sho...|  2016-08-02|               en|         6.3|       246|    38.697|    100|False|  Action, Drama, War|Elite snipers Bra...|
[2024-12-24T05:09:59.652+0000] {subprocess.py:93} INFO - |   598|         City of God|  2002-08-30|               pt|       8.426|      7416|    41.188|    129|False|        Drama, Crime|In the poverty-st...|
[2024-12-24T05:09:59.653+0000] {subprocess.py:93} INFO - | 10060|Get Rich or Die T...|  2005-11-09|               en|        6.79|       916|    33.618|    117|False| Drama, Crime, Music|A tale of an inne...|
[2024-12-24T05:09:59.653+0000] {subprocess.py:93} INFO - | 26662|Detective Conan: ...|  2002-04-20|               ja|         7.7|       198|     22.57|     98|False|Animation, Advent...|Noah's Ark—the la...|
[2024-12-24T05:09:59.654+0000] {subprocess.py:93} INFO - |  3021|                1408|  2007-06-22|               en|         6.7|      4411|    24.314|    112|False|     Horror, Mystery|A man who special...|
[2024-12-24T05:09:59.654+0000] {subprocess.py:93} INFO - | 68730|             Silence|  2016-12-23|               en|         7.1|      3036|     28.22|    161|False|      Drama, History|Two Jesuit priest...|
[2024-12-24T05:09:59.655+0000] {subprocess.py:93} INFO - | 16907|Naruto the Movie:...|  2004-08-21|               ja|         7.2|       546|    24.426|     82|False|Comedy, Action, A...|Naruto is thrille...|
[2024-12-24T05:09:59.655+0000] {subprocess.py:93} INFO - |982932|            Shrapnel|  2023-07-28|               en|         5.9|        44|    24.052|     89|False|Action, Thriller,...|A former Marine a...|
[2024-12-24T05:09:59.656+0000] {subprocess.py:93} INFO - | 11467|America's Sweethe...|  2001-07-17|               en|       5.714|       823|     16.62|    102|False|     Comedy, Romance|In the midst of a...|
[2024-12-24T05:09:59.656+0000] {subprocess.py:93} INFO - | 10671|             Airport|  1970-03-25|               en|         6.4|       387|    18.174|    137|False|Action, Drama, Th...|Melodrama about a...|
[2024-12-24T05:09:59.657+0000] {subprocess.py:93} INFO - | 72213|          Courageous|  2011-09-30|               en|       7.595|       364|    21.408|    129|False|               Drama|Law enforcement o...|
[2024-12-24T05:09:59.657+0000] {subprocess.py:93} INFO - | 17538|     Rooster Cogburn|  1975-11-01|               en|         6.4|       195|    13.825|    108|False|Adventure, Drama,...|After a band of d...|
[2024-12-24T05:09:59.658+0000] {subprocess.py:93} INFO - |  9414|The Man Who Knew ...|  1997-11-14|               en|       6.369|       491|    14.481|     94|False|Comedy, Crime, Ac...|An American gets ...|
[2024-12-24T05:09:59.659+0000] {subprocess.py:93} INFO - +------+--------------------+------------+-----------------+------------+----------+----------+-------+-----+--------------------+--------------------+
[2024-12-24T05:09:59.660+0000] {subprocess.py:93} INFO - only showing top 20 rows
[2024-12-24T05:09:59.661+0000] {subprocess.py:93} INFO - 
[2024-12-24T05:09:59.662+0000] {subprocess.py:93} INFO - +---+-----+------------+-----------------+------------+----------+----------+-------+-----+------+--------+
[2024-12-24T05:09:59.665+0000] {subprocess.py:93} INFO - | id|title|release_date|original_language|vote_average|vote_count|popularity|runtime|adult|genres|overview|
[2024-12-24T05:09:59.667+0000] {subprocess.py:93} INFO - +---+-----+------------+-----------------+------------+----------+----------+-------+-----+------+--------+
[2024-12-24T05:09:59.669+0000] {subprocess.py:93} INFO - |  0|    0|           0|                0|           0|         0|         0|      0|    0|     0|       0|
[2024-12-24T05:09:59.669+0000] {subprocess.py:93} INFO - +---+-----+------------+-----------------+------------+----------+----------+-------+-----+------+--------+
[2024-12-24T05:09:59.671+0000] {subprocess.py:93} INFO - 
[2024-12-24T05:09:59.673+0000] {subprocess.py:93} INFO - +---+-----+------------+-----------------+------------+----------+----------+-------+-----+------+--------+-----+
[2024-12-24T05:09:59.674+0000] {subprocess.py:93} INFO - | id|title|release_date|original_language|vote_average|vote_count|popularity|runtime|adult|genres|overview|count|
[2024-12-24T05:09:59.678+0000] {subprocess.py:93} INFO - +---+-----+------------+-----------------+------------+----------+----------+-------+-----+------+--------+-----+
[2024-12-24T05:09:59.679+0000] {subprocess.py:93} INFO - +---+-----+------------+-----------------+------------+----------+----------+-------+-----+------+--------+-----+
[2024-12-24T05:09:59.683+0000] {subprocess.py:93} INFO - 
[2024-12-24T05:09:59.683+0000] {subprocess.py:93} INFO - +------+--------------------+------------+-----------------+------------+----------+----------+-------+-----+---------+
[2024-12-24T05:09:59.684+0000] {subprocess.py:93} INFO - |    id|               title|release_date|original_language|vote_average|vote_count|popularity|runtime|adult|    genre|
[2024-12-24T05:09:59.684+0000] {subprocess.py:93} INFO - +------+--------------------+------------+-----------------+------------+----------+----------+-------+-----+---------+
[2024-12-24T05:09:59.685+0000] {subprocess.py:93} INFO - |173705|Female Teacher: I...|  1982-04-09|               ja|         6.6|        17|    80.408|     69|False|    Drama|
[2024-12-24T05:09:59.685+0000] {subprocess.py:93} INFO - |173705|Female Teacher: I...|  1982-04-09|               ja|         6.6|        17|    80.408|     69|False|  Mystery|
[2024-12-24T05:09:59.686+0000] {subprocess.py:93} INFO - |173705|Female Teacher: I...|  1982-04-09|               ja|         6.6|        17|    80.408|     69|False|   Horror|
[2024-12-24T05:09:59.687+0000] {subprocess.py:93} INFO - |    24|   Kill Bill: Vol. 1|  2003-10-10|               en|       7.972|     17433|     63.46|    111|False|   Action|
[2024-12-24T05:09:59.687+0000] {subprocess.py:93} INFO - |    24|   Kill Bill: Vol. 1|  2003-10-10|               en|       7.972|     17433|     63.46|    111|False|    Crime|
[2024-12-24T05:09:59.687+0000] {subprocess.py:93} INFO - |346672|Underworld: Blood...|  2016-11-24|               en|         5.9|      3654|    60.224|     91|False|  Fantasy|
[2024-12-24T05:09:59.688+0000] {subprocess.py:93} INFO - |346672|Underworld: Blood...|  2016-11-24|               en|         5.9|      3654|    60.224|     91|False|   Action|
[2024-12-24T05:09:59.689+0000] {subprocess.py:93} INFO - |346672|Underworld: Blood...|  2016-11-24|               en|         5.9|      3654|    60.224|     91|False| Thriller|
[2024-12-24T05:09:59.689+0000] {subprocess.py:93} INFO - | 10147|           Bad Santa|  2003-11-26|               en|       6.542|      2126|    53.298|     92|False|    Drama|
[2024-12-24T05:09:59.690+0000] {subprocess.py:93} INFO - | 10147|           Bad Santa|  2003-11-26|               en|       6.542|      2126|    53.298|     92|False|   Comedy|
[2024-12-24T05:09:59.691+0000] {subprocess.py:93} INFO - | 10147|           Bad Santa|  2003-11-26|               en|       6.542|      2126|    53.298|     92|False|    Crime|
[2024-12-24T05:09:59.691+0000] {subprocess.py:93} INFO - |  3170|               Bambi|  1942-02-11|               en|         7.0|      5645|    50.387|     70|False|Animation|
[2024-12-24T05:09:59.693+0000] {subprocess.py:93} INFO - |  3170|               Bambi|  1942-02-11|               en|         7.0|      5645|    50.387|     70|False|    Drama|
[2024-12-24T05:09:59.694+0000] {subprocess.py:93} INFO - |  3170|               Bambi|  1942-02-11|               en|         7.0|      5645|    50.387|     70|False|   Family|
[2024-12-24T05:09:59.695+0000] {subprocess.py:93} INFO - | 20982|Naruto Shippuden ...|  2007-08-04|               ja|       7.389|       992|     50.27|     94|False|Animation|
[2024-12-24T05:09:59.696+0000] {subprocess.py:93} INFO - | 20982|Naruto Shippuden ...|  2007-08-04|               ja|       7.389|       992|     50.27|     94|False|   Action|
[2024-12-24T05:09:59.697+0000] {subprocess.py:93} INFO - | 20982|Naruto Shippuden ...|  2007-08-04|               ja|       7.389|       992|     50.27|     94|False|  Fantasy|
[2024-12-24T05:09:59.697+0000] {subprocess.py:93} INFO - |  1246|        Rocky Balboa|  2006-12-20|               en|       6.872|      3460|    39.813|    102|False|    Drama|
[2024-12-24T05:09:59.698+0000] {subprocess.py:93} INFO - |407375|Sniper: Ghost Sho...|  2016-08-02|               en|         6.3|       246|    38.697|    100|False|   Action|
[2024-12-24T05:09:59.698+0000] {subprocess.py:93} INFO - |407375|Sniper: Ghost Sho...|  2016-08-02|               en|         6.3|       246|    38.697|    100|False|    Drama|
[2024-12-24T05:09:59.699+0000] {subprocess.py:93} INFO - +------+--------------------+------------+-----------------+------------+----------+----------+-------+-----+---------+
[2024-12-24T05:09:59.699+0000] {subprocess.py:93} INFO - only showing top 20 rows
[2024-12-24T05:09:59.700+0000] {subprocess.py:93} INFO - 
[2024-12-24T05:10:01.906+0000] {subprocess.py:93} INFO - [Stage 39:>                                                         (0 + 2) / 2]                                                                                +------+--------------------+-----------------+------------+----------+----------+-------+---------+------------+-------------+-----------+
[2024-12-24T05:10:01.907+0000] {subprocess.py:93} INFO - |    id|               title|original_language|vote_average|vote_count|popularity|runtime|    genre|release_year|release_month|release_day|
[2024-12-24T05:10:01.907+0000] {subprocess.py:93} INFO - +------+--------------------+-----------------+------------+----------+----------+-------+---------+------------+-------------+-----------+
[2024-12-24T05:10:01.908+0000] {subprocess.py:93} INFO - |173705|Female Teacher: I...|               ja|         6.6|        17|    80.408|     69|    Drama|        1982|            4|          9|
[2024-12-24T05:10:01.909+0000] {subprocess.py:93} INFO - |173705|Female Teacher: I...|               ja|         6.6|        17|    80.408|     69|  Mystery|        1982|            4|          9|
[2024-12-24T05:10:01.909+0000] {subprocess.py:93} INFO - |173705|Female Teacher: I...|               ja|         6.6|        17|    80.408|     69|   Horror|        1982|            4|          9|
[2024-12-24T05:10:01.910+0000] {subprocess.py:93} INFO - |    24|   Kill Bill: Vol. 1|               en|       7.972|     17433|     63.46|    111|   Action|        2003|           10|         10|
[2024-12-24T05:10:01.910+0000] {subprocess.py:93} INFO - |    24|   Kill Bill: Vol. 1|               en|       7.972|     17433|     63.46|    111|    Crime|        2003|           10|         10|
[2024-12-24T05:10:01.910+0000] {subprocess.py:93} INFO - |346672|Underworld: Blood...|               en|         5.9|      3654|    60.224|     91|  Fantasy|        2016|           11|         24|
[2024-12-24T05:10:01.911+0000] {subprocess.py:93} INFO - |346672|Underworld: Blood...|               en|         5.9|      3654|    60.224|     91|   Action|        2016|           11|         24|
[2024-12-24T05:10:01.912+0000] {subprocess.py:93} INFO - |346672|Underworld: Blood...|               en|         5.9|      3654|    60.224|     91| Thriller|        2016|           11|         24|
[2024-12-24T05:10:01.913+0000] {subprocess.py:93} INFO - | 10147|           Bad Santa|               en|       6.542|      2126|    53.298|     92|    Drama|        2003|           11|         26|
[2024-12-24T05:10:01.914+0000] {subprocess.py:93} INFO - | 10147|           Bad Santa|               en|       6.542|      2126|    53.298|     92|   Comedy|        2003|           11|         26|
[2024-12-24T05:10:01.914+0000] {subprocess.py:93} INFO - | 10147|           Bad Santa|               en|       6.542|      2126|    53.298|     92|    Crime|        2003|           11|         26|
[2024-12-24T05:10:01.915+0000] {subprocess.py:93} INFO - |  3170|               Bambi|               en|         7.0|      5645|    50.387|     70|Animation|        1942|            2|         11|
[2024-12-24T05:10:01.915+0000] {subprocess.py:93} INFO - |  3170|               Bambi|               en|         7.0|      5645|    50.387|     70|    Drama|        1942|            2|         11|
[2024-12-24T05:10:01.915+0000] {subprocess.py:93} INFO - |  3170|               Bambi|               en|         7.0|      5645|    50.387|     70|   Family|        1942|            2|         11|
[2024-12-24T05:10:01.916+0000] {subprocess.py:93} INFO - | 20982|Naruto Shippuden ...|               ja|       7.389|       992|     50.27|     94|Animation|        2007|            8|          4|
[2024-12-24T05:10:01.916+0000] {subprocess.py:93} INFO - | 20982|Naruto Shippuden ...|               ja|       7.389|       992|     50.27|     94|   Action|        2007|            8|          4|
[2024-12-24T05:10:01.916+0000] {subprocess.py:93} INFO - | 20982|Naruto Shippuden ...|               ja|       7.389|       992|     50.27|     94|  Fantasy|        2007|            8|          4|
[2024-12-24T05:10:01.916+0000] {subprocess.py:93} INFO - |  1246|        Rocky Balboa|               en|       6.872|      3460|    39.813|    102|    Drama|        2006|           12|         20|
[2024-12-24T05:10:01.917+0000] {subprocess.py:93} INFO - |407375|Sniper: Ghost Sho...|               en|         6.3|       246|    38.697|    100|   Action|        2016|            8|          2|
[2024-12-24T05:10:01.917+0000] {subprocess.py:93} INFO - |407375|Sniper: Ghost Sho...|               en|         6.3|       246|    38.697|    100|    Drama|        2016|            8|          2|
[2024-12-24T05:10:01.918+0000] {subprocess.py:93} INFO - +------+--------------------+-----------------+------------+----------+----------+-------+---------+------------+-------------+-----------+
[2024-12-24T05:10:01.918+0000] {subprocess.py:93} INFO - only showing top 20 rows
[2024-12-24T05:10:01.918+0000] {subprocess.py:93} INFO - 
[2024-12-24T05:10:01.919+0000] {subprocess.py:93} INFO - Data successfully transformed and saved to: /opt/***/DE_project/data/parquet/movie.parquet
[2024-12-24T05:10:02.385+0000] {subprocess.py:97} INFO - Command exited with return code 0
[2024-12-24T05:10:02.417+0000] {taskinstance.py:1400} INFO - Marking task as SUCCESS. dag_id=movie_etl_workflow, task_id=transform_data_movie, execution_date=20241223T000000, start_date=20241224T050943, end_date=20241224T051002
[2024-12-24T05:10:02.465+0000] {local_task_job_runner.py:228} INFO - Task exited with return code 0
[2024-12-24T05:10:02.497+0000] {taskinstance.py:2784} INFO - 0 downstream tasks scheduled from follow-on schedule check
