[2024-12-24T08:06:23.756+0000] {taskinstance.py:1159} INFO - Dependencies all met for dep_context=non-requeueable deps ti=<TaskInstance: movie_data_etl_workflow.transform_data_movie manual__2024-12-24T07:38:23.874378+00:00 [queued]>
[2024-12-24T08:06:23.769+0000] {taskinstance.py:1159} INFO - Dependencies all met for dep_context=requeueable deps ti=<TaskInstance: movie_data_etl_workflow.transform_data_movie manual__2024-12-24T07:38:23.874378+00:00 [queued]>
[2024-12-24T08:06:23.769+0000] {taskinstance.py:1361} INFO - Starting attempt 1 of 2
[2024-12-24T08:06:23.785+0000] {taskinstance.py:1382} INFO - Executing <Task(BashOperator): transform_data_movie> on 2024-12-24 07:38:23.874378+00:00
[2024-12-24T08:06:23.790+0000] {standard_task_runner.py:57} INFO - Started process 61 to run task
[2024-12-24T08:06:23.793+0000] {standard_task_runner.py:84} INFO - Running: ['***', 'tasks', 'run', 'movie_data_etl_workflow', 'transform_data_movie', 'manual__2024-12-24T07:38:23.874378+00:00', '--job-id', '231', '--raw', '--subdir', 'DAGS_FOLDER/movie_data_workflow.py', '--cfg-path', '/tmp/tmpjaz1lh6z']
[2024-12-24T08:06:23.796+0000] {standard_task_runner.py:85} INFO - Job 231: Subtask transform_data_movie
[2024-12-24T08:06:23.819+0000] {warnings.py:109} WARNING - /home/***/.local/lib/python3.8/site-packages/***/settings.py:195: DeprecationWarning: The sql_alchemy_conn option in [core] has been moved to the sql_alchemy_conn option in [database] - the old setting has been used, but please update your config.
  SQL_ALCHEMY_CONN = conf.get("database", "SQL_ALCHEMY_CONN")

[2024-12-24T08:06:23.883+0000] {task_command.py:415} INFO - Running <TaskInstance: movie_data_etl_workflow.transform_data_movie manual__2024-12-24T07:38:23.874378+00:00 [running]> on host 1d5d3d5ac065
[2024-12-24T08:06:24.039+0000] {taskinstance.py:1660} INFO - Exporting env vars: AIRFLOW_CTX_DAG_OWNER='diinguyen' AIRFLOW_CTX_DAG_ID='movie_data_etl_workflow' AIRFLOW_CTX_TASK_ID='transform_data_movie' AIRFLOW_CTX_EXECUTION_DATE='2024-12-24T07:38:23.874378+00:00' AIRFLOW_CTX_TRY_NUMBER='1' AIRFLOW_CTX_DAG_RUN_ID='manual__2024-12-24T07:38:23.874378+00:00'
[2024-12-24T08:06:24.042+0000] {subprocess.py:63} INFO - Tmp dir root location: /tmp
[2024-12-24T08:06:24.043+0000] {subprocess.py:75} INFO - Running command: ['/bin/bash', '-c', 'python3 /opt/***/DE_project/ETL/transform/transform_moviedf.py']
[2024-12-24T08:06:24.056+0000] {subprocess.py:86} INFO - Output:
[2024-12-24T08:06:27.288+0000] {subprocess.py:93} INFO - Setting default log level to "WARN".
[2024-12-24T08:06:27.289+0000] {subprocess.py:93} INFO - To adjust logging level use sc.setLogLevel(newLevel). For SparkR, use setLogLevel(newLevel).
[2024-12-24T08:06:27.550+0000] {subprocess.py:93} INFO - 24/12/24 08:06:27 WARN NativeCodeLoader: Unable to load native-hadoop library for your platform... using builtin-java classes where applicable
[2024-12-24T08:06:38.414+0000] {subprocess.py:93} INFO - [Stage 3:>                                                          (0 + 1) / 1]                                                                                +-------+--------------------+------------+-----------------+------------+----------+----------+-------+-----+--------------------+--------------------+
[2024-12-24T08:06:38.415+0000] {subprocess.py:93} INFO - |     id|               title|release_date|original_language|vote_average|vote_count|popularity|runtime|adult|              genres|            overview|
[2024-12-24T08:06:38.415+0000] {subprocess.py:93} INFO - +-------+--------------------+------------+-----------------+------------+----------+----------+-------+-----+--------------------+--------------------+
[2024-12-24T08:06:38.416+0000] {subprocess.py:93} INFO - | 845781|             Red One|  2024-10-31|               en|       6.962|      1207|  6140.642|    124|False|Action, Fantasy, ...|After Santa Claus...|
[2024-12-24T08:06:38.416+0000] {subprocess.py:93} INFO - | 912649|Venom: The Last D...|  2024-10-22|               en|       6.783|      1807|  4438.575|    109|False|Action, Science F...|Eddie and Venom a...|
[2024-12-24T08:06:38.416+0000] {subprocess.py:93} INFO - | 762509|Mufasa: The Lion ...|  2024-12-18|               en|         7.1|       160|  3060.267|    118|False|Adventure, Family...|Told in flashback...|
[2024-12-24T08:06:38.417+0000] {subprocess.py:93} INFO - |1241982|             Moana 2|  2024-11-21|               en|       6.953|       581|  2817.589|    100|False|Animation, Advent...|After receiving a...|
[2024-12-24T08:06:38.417+0000] {subprocess.py:93} INFO - |1005331|            Carry-On|  2024-12-05|               en|       6.994|       817|  2554.211|    119|False|Action, Mystery, ...|An airport securi...|
[2024-12-24T08:06:38.418+0000] {subprocess.py:93} INFO - | 939243|Sonic the Hedgehog 3|  2024-12-19|               en|         8.0|        63|  2200.927|    110|False|Science Fiction, ...|Sonic, Knuckles, ...|
[2024-12-24T08:06:38.418+0000] {subprocess.py:93} INFO - |1043905|        Dirty Angels|  2024-12-11|               en|         6.0|        27|  1758.726|    104|False|Action, Drama, Th...|During the United...|
[2024-12-24T08:06:38.418+0000] {subprocess.py:93} INFO - |1035048|           Elevation|  2024-11-07|               en|         6.3|       186|  1386.513|     91|False|Action, Science F...|A single father a...|
[2024-12-24T08:06:38.419+0000] {subprocess.py:93} INFO - |1000075|The Price of Mone...|  2024-07-31|               fr|         5.6|        56|  1181.322|    100|False|Action, Adventure...|Largo Winch, deva...|
[2024-12-24T08:06:38.419+0000] {subprocess.py:93} INFO - | 974453|          Absolution|  2024-10-31|               en|         6.1|       154|  1126.387|    112|False|Action, Crime, Th...|An aging ex-boxer...|
[2024-12-24T08:06:38.420+0000] {subprocess.py:93} INFO - | 539972|   Kraven the Hunter|  2024-12-11|               en|         5.8|       190|  1133.345|    127|False|Action, Adventure...|Kraven Kravinoff'...|
[2024-12-24T08:06:38.420+0000] {subprocess.py:93} INFO - | 558449|        Gladiator II|  2024-11-05|               en|         6.7|      1176|  1091.838|    148|False|Action, Adventure...|Years after witne...|
[2024-12-24T08:06:38.420+0000] {subprocess.py:93} INFO - |1184918|      The Wild Robot|  2024-09-08|               en|       8.385|      3574|   978.986|    102|False|Animation, Action...|After a shipwreck...|
[2024-12-24T08:06:38.421+0000] {subprocess.py:93} INFO - |1182387|               Armor|  2024-10-30|               en|       5.494|        80|   750.154|     89|False|Action, Crime, Th...|Armored truck sec...|
[2024-12-24T08:06:38.421+0000] {subprocess.py:93} INFO - | 645757|      That Christmas|  2024-11-27|               en|         7.3|       207|   716.747|     96|False|Animation, Comedy...|It's an unforgett...|
[2024-12-24T08:06:38.421+0000] {subprocess.py:93} INFO - |1010581|            My Fault|  2023-06-08|               es|         7.9|      3145|   828.998|    117|False|      Romance, Drama|Noah must leave h...|
[2024-12-24T08:06:38.422+0000] {subprocess.py:93} INFO - | 933260|       The Substance|  2024-09-07|               en|         7.2|      2721|   723.909|    141|False|Horror, Science F...|A fading celebrit...|
[2024-12-24T08:06:38.422+0000] {subprocess.py:93} INFO - | 533535|Deadpool & Wolverine|  2024-07-24|               en|         7.7|      6011|   755.195|    128|False|Action, Comedy, S...|A listless Wade W...|
[2024-12-24T08:06:38.422+0000] {subprocess.py:93} INFO - |1034541|         Terrifier 3|  2024-10-09|               en|       6.871|      1272|   771.444|    125|False|    Horror, Thriller|Five years after ...|
[2024-12-24T08:06:38.423+0000] {subprocess.py:93} INFO - |1299652|Watchmen: Chapter II|  2024-11-25|               en|       7.518|        56|   693.497|     89|False|Animation, Myster...|Suspicious of the...|
[2024-12-24T08:06:38.423+0000] {subprocess.py:93} INFO - +-------+--------------------+------------+-----------------+------------+----------+----------+-------+-----+--------------------+--------------------+
[2024-12-24T08:06:38.424+0000] {subprocess.py:93} INFO - only showing top 20 rows
[2024-12-24T08:06:38.424+0000] {subprocess.py:93} INFO - 
[2024-12-24T08:06:38.425+0000] {subprocess.py:93} INFO - root
[2024-12-24T08:06:38.425+0000] {subprocess.py:93} INFO -  |-- id: string (nullable = true)
[2024-12-24T08:06:38.426+0000] {subprocess.py:93} INFO -  |-- title: string (nullable = true)
[2024-12-24T08:06:38.426+0000] {subprocess.py:93} INFO -  |-- release_date: string (nullable = true)
[2024-12-24T08:06:38.427+0000] {subprocess.py:93} INFO -  |-- original_language: string (nullable = true)
[2024-12-24T08:06:38.427+0000] {subprocess.py:93} INFO -  |-- vote_average: string (nullable = true)
[2024-12-24T08:06:38.427+0000] {subprocess.py:93} INFO -  |-- vote_count: string (nullable = true)
[2024-12-24T08:06:38.427+0000] {subprocess.py:93} INFO -  |-- popularity: string (nullable = true)
[2024-12-24T08:06:38.428+0000] {subprocess.py:93} INFO -  |-- runtime: string (nullable = true)
[2024-12-24T08:06:38.428+0000] {subprocess.py:93} INFO -  |-- adult: string (nullable = true)
[2024-12-24T08:06:38.428+0000] {subprocess.py:93} INFO -  |-- genres: string (nullable = true)
[2024-12-24T08:06:38.429+0000] {subprocess.py:93} INFO -  |-- overview: string (nullable = true)
[2024-12-24T08:06:38.429+0000] {subprocess.py:93} INFO - 
[2024-12-24T08:06:38.429+0000] {subprocess.py:93} INFO - +---+-----+------------+-----------------+------------+----------+----------+-------+-----+------+--------+
[2024-12-24T08:06:38.430+0000] {subprocess.py:93} INFO - | id|title|release_date|original_language|vote_average|vote_count|popularity|runtime|adult|genres|overview|
[2024-12-24T08:06:38.430+0000] {subprocess.py:93} INFO - +---+-----+------------+-----------------+------------+----------+----------+-------+-----+------+--------+
[2024-12-24T08:06:38.431+0000] {subprocess.py:93} INFO - |  0|    3|          23|                6|           8|         8|         8|      8|   10|    45|      63|
[2024-12-24T08:06:38.431+0000] {subprocess.py:93} INFO - +---+-----+------------+-----------------+------------+----------+----------+-------+-----+------+--------+
[2024-12-24T08:06:38.431+0000] {subprocess.py:93} INFO - 
[2024-12-24T08:06:41.218+0000] {subprocess.py:93} INFO - +-------+--------------------+------------+-----------------+------------+----------+----------+-------+-----+--------------------+--------------------+-----+
[2024-12-24T08:06:41.219+0000] {subprocess.py:93} INFO - |     id|               title|release_date|original_language|vote_average|vote_count|popularity|runtime|adult|              genres|            overview|count|
[2024-12-24T08:06:41.219+0000] {subprocess.py:93} INFO - +-------+--------------------+------------+-----------------+------------+----------+----------+-------+-----+--------------------+--------------------+-----+
[2024-12-24T08:06:41.220+0000] {subprocess.py:93} INFO - |  10204|Around the World ...|  2004-06-16|               en|       5.935|      2503|    23.029|    120|False|Action, Adventure...|A bet pits a Brit...|    2|
[2024-12-24T08:06:41.221+0000] {subprocess.py:93} INFO - |1038263|               Maria|  2024-11-27|               en|         6.9|        48|   175.129|    123|False|        Drama, Music|Maria Callas, the...|    2|
[2024-12-24T08:06:41.221+0000] {subprocess.py:93} INFO - | 105864|   The Good Dinosaur|  2015-11-14|               en|         6.7|      5544|    60.032|     93|False|Adventure, Animat...|An epic journey i...|    2|
[2024-12-24T08:06:41.222+0000] {subprocess.py:93} INFO - |  24935|Return of the Liv...|  2005-10-15|               en|       5.222|       241|    11.419|     88|False|Action, Horror, T...|In an attempt to ...|    2|
[2024-12-24T08:06:41.223+0000] {subprocess.py:93} INFO - |  11536|         The Misfits|  1961-02-01|               en|         6.9|       373|    13.415|    124|False|Western, Drama, R...|While filing for ...|    2|
[2024-12-24T08:06:41.224+0000] {subprocess.py:93} INFO - | 943344| Underground Monster|  2023-04-27|               zh|       5.618|        17|    63.133|     90|False|  Fantasy, Adventure|Near a remote tow...|    2|
[2024-12-24T08:06:41.225+0000] {subprocess.py:93} INFO - |1087891|         The Amateur|  2025-04-09|               en|         0.0|         0|    28.957|      0|False|    Thriller, Action|After his life is...|    2|
[2024-12-24T08:06:41.228+0000] {subprocess.py:93} INFO - | 858017|   I Saw the TV Glow|  2024-05-03|               en|       6.063|       342|    60.581|    100|False|       Drama, Horror|Teenager Owen is ...|    2|
[2024-12-24T08:06:41.229+0000] {subprocess.py:93} INFO - |1115379|Only the River Flows|  2023-10-21|               zh|         6.6|        55|    13.294|    102|False|Thriller, Drama, ...|1990s, Banpo Town...|    2|
[2024-12-24T08:06:41.229+0000] {subprocess.py:93} INFO - | 800301|What's Love Got t...|  2023-01-26|               en|       6.046|       197|    16.864|    109|False|     Romance, Comedy|Two childhood fri...|    2|
[2024-12-24T08:06:41.230+0000] {subprocess.py:93} INFO - |   2312|In the Name of th...|  2007-11-29|               en|       4.749|       835|    16.416|    127|False|Adventure, Fantas...|A man named Farme...|    2|
[2024-12-24T08:06:41.230+0000] {subprocess.py:93} INFO - | 676727|        The Inventor|  2023-09-15|               en|         6.3|        17|    11.156|     92|False|Animation, Drama,...|"The insatiably c...|    2|
[2024-12-24T08:06:41.231+0000] {subprocess.py:93} INFO - | 152737|August: Osage County|  2013-12-26|               en|       6.843|      1477|    15.358|    121|False|       Comedy, Drama|An intense look a...|    2|
[2024-12-24T08:06:41.231+0000] {subprocess.py:93} INFO - |    963|  The Maltese Falcon|  1941-10-18|               en|       7.708|      1687|    19.414|    100|False|Mystery, Crime, T...|A private detecti...|    2|
[2024-12-24T08:06:41.232+0000] {subprocess.py:93} INFO - |  10074|             Hot Rod|  2007-08-03|               en|       6.395|       969|    20.217|     88|False|      Comedy, Action|For Rod Kimble, p...|    2|
[2024-12-24T08:06:41.232+0000] {subprocess.py:93} INFO - | 495764|Birds of Prey (an...|  2020-02-05|               en|         6.9|     10255|    45.311|    109|False|       Action, Crime|Harley Quinn join...|    2|
[2024-12-24T08:06:41.233+0000] {subprocess.py:93} INFO - |  10489|                Cujo|  1983-08-10|               en|       6.144|      1011|     25.42|     93|False|    Horror, Thriller|"A friendly St. B...|    2|
[2024-12-24T08:06:41.233+0000] {subprocess.py:93} INFO - |  11041|The Beverly Hillb...|  1993-10-15|               en|         6.3|       537|    20.295|     93|False|      Comedy, Family|Jed Clampett and ...|    2|
[2024-12-24T08:06:41.234+0000] {subprocess.py:93} INFO - |  38594|Dragon Ball: Yo! ...|  2008-09-21|               ja|         6.4|       520|    18.414|     35|False|Animation, Action...|Following the def...|    2|
[2024-12-24T08:06:41.234+0000] {subprocess.py:93} INFO - |  11675|Halloween H20: 20...|  1998-08-05|               en|         6.0|      1638|    23.568|     86|False|    Horror, Thriller|Two decades after...|    2|
[2024-12-24T08:06:41.235+0000] {subprocess.py:93} INFO - +-------+--------------------+------------+-----------------+------------+----------+----------+-------+-----+--------------------+--------------------+-----+
[2024-12-24T08:06:41.236+0000] {subprocess.py:93} INFO - only showing top 20 rows
[2024-12-24T08:06:41.236+0000] {subprocess.py:93} INFO - 
[2024-12-24T08:06:41.237+0000] {subprocess.py:93} INFO - +-------+--------------------+------------+-----------------+------------+----------+----------+-------+-----+--------------------+--------------------+
[2024-12-24T08:06:41.237+0000] {subprocess.py:93} INFO - |     id|               title|release_date|original_language|vote_average|vote_count|popularity|runtime|adult|              genres|            overview|
[2024-12-24T08:06:41.238+0000] {subprocess.py:93} INFO - +-------+--------------------+------------+-----------------+------------+----------+----------+-------+-----+--------------------+--------------------+
[2024-12-24T08:06:41.238+0000] {subprocess.py:93} INFO - | 173705|Female Teacher: I...|  1982-04-09|               ja|         6.6|        17|    80.408|     69|False|Drama, Mystery, H...|The lovely Reiko ...|
[2024-12-24T08:06:41.239+0000] {subprocess.py:93} INFO - |     24|   Kill Bill: Vol. 1|  2003-10-10|               en|       7.972|     17433|     63.46|    111|False|       Action, Crime|An assassin is sh...|
[2024-12-24T08:06:41.239+0000] {subprocess.py:93} INFO - | 198184|             Chappie|  2015-03-04|               en|         6.8|      7895|    47.268|    120|False|Crime, Action, Sc...|Every child comes...|
[2024-12-24T08:06:41.240+0000] {subprocess.py:93} INFO - | 454467|              Noelle|  2019-11-12|               en|       6.601|       656|    46.101|    100|False|Family, Comedy, F...|Kris Kringle's da...|
[2024-12-24T08:06:41.241+0000] {subprocess.py:93} INFO - |  20982|Naruto Shippuden ...|  2007-08-04|               ja|       7.389|       992|     50.27|     94|False|Animation, Action...|"Demons that once...|
[2024-12-24T08:06:41.241+0000] {subprocess.py:93} INFO - |   1246|        Rocky Balboa|  2006-12-20|               en|       6.872|      3460|    39.813|    102|False|               Drama|His wife is dead ...|
[2024-12-24T08:06:41.242+0000] {subprocess.py:93} INFO - | 124157|         The Thieves|  2012-07-25|               ko|       6.719|       290|      29.8|    135|False|       Action, Crime|A gang of South K...|
[2024-12-24T08:06:41.242+0000] {subprocess.py:93} INFO - |  10601|           Peter Pan|  2003-12-18|               en|       7.161|      2606|    41.909|    113|False|Adventure, Fantas...|In stifling Edwar...|
[2024-12-24T08:06:41.243+0000] {subprocess.py:93} INFO - | 400160|The SpongeBob Mov...|  2020-08-14|               en|         7.5|      2843|    45.747|     95|False|Family, Animation...|When his best fri...|
[2024-12-24T08:06:41.243+0000] {subprocess.py:93} INFO - |    782|             Gattaca|  1997-09-07|               en|        7.56|      6329|    30.496|    106|False|Thriller, Science...|"Vincent is an al...|
[2024-12-24T08:06:41.244+0000] {subprocess.py:93} INFO - |    598|         City of God|  2002-08-30|               pt|       8.426|      7416|    41.188|    129|False|        Drama, Crime|In the poverty-st...|
[2024-12-24T08:06:41.244+0000] {subprocess.py:93} INFO - | 391713|           Lady Bird|  2017-09-01|               en|       7.259|      8484|    30.452|     94|False|       Drama, Comedy|Lady Bird McPhers...|
[2024-12-24T08:06:41.245+0000] {subprocess.py:93} INFO - |  13223|         Gran Torino|  2008-12-12|               en|       7.992|     10687|    29.683|    116|False|               Drama|Disgruntled Korea...|
[2024-12-24T08:06:41.245+0000] {subprocess.py:93} INFO - |  10060|Get Rich or Die T...|  2005-11-09|               en|        6.79|       916|    33.618|    117|False| Drama, Crime, Music|A tale of an inne...|
[2024-12-24T08:06:41.246+0000] {subprocess.py:93} INFO - |1017066|      Heaven in Hell|  2023-02-10|               pl|       6.821|        78|    28.611|    119|False|      Drama, Romance|Olga and Maks are...|
[2024-12-24T08:06:41.247+0000] {subprocess.py:93} INFO - |   2310|             Beowulf|  2007-11-05|               en|         5.9|      2819|    25.989|    115|False|Adventure, Action...|A 6th-century Sca...|
[2024-12-24T08:06:41.248+0000] {subprocess.py:93} INFO - |  26662|Detective Conan: ...|  2002-04-20|               ja|         7.7|       198|     22.57|     98|False|Animation, Advent...|Noah's Ark—the la...|
[2024-12-24T08:06:41.248+0000] {subprocess.py:93} INFO - |  68730|             Silence|  2016-12-23|               en|         7.1|      3036|     28.22|    161|False|      Drama, History|Two Jesuit priest...|
[2024-12-24T08:06:41.249+0000] {subprocess.py:93} INFO - |   3021|                1408|  2007-06-22|               en|         6.7|      4411|    24.314|    112|False|     Horror, Mystery|A man who special...|
[2024-12-24T08:06:41.249+0000] {subprocess.py:93} INFO - | 610253|     Halloween Kills|  2021-10-14|               en|         6.4|      2673|    32.552|    105|False|    Horror, Thriller|Michael manages t...|
[2024-12-24T08:06:41.250+0000] {subprocess.py:93} INFO - +-------+--------------------+------------+-----------------+------------+----------+----------+-------+-----+--------------------+--------------------+
[2024-12-24T08:06:41.250+0000] {subprocess.py:93} INFO - only showing top 20 rows
[2024-12-24T08:06:41.251+0000] {subprocess.py:93} INFO - 
[2024-12-24T08:06:41.251+0000] {subprocess.py:93} INFO - +---+-----+------------+-----------------+------------+----------+----------+-------+-----+------+--------+
[2024-12-24T08:06:41.252+0000] {subprocess.py:93} INFO - | id|title|release_date|original_language|vote_average|vote_count|popularity|runtime|adult|genres|overview|
[2024-12-24T08:06:41.252+0000] {subprocess.py:93} INFO - +---+-----+------------+-----------------+------------+----------+----------+-------+-----+------+--------+
[2024-12-24T08:06:41.253+0000] {subprocess.py:93} INFO - |  0|    0|           0|                0|           0|         0|         0|      0|    0|     0|       0|
[2024-12-24T08:06:41.253+0000] {subprocess.py:93} INFO - +---+-----+------------+-----------------+------------+----------+----------+-------+-----+------+--------+
[2024-12-24T08:06:41.254+0000] {subprocess.py:93} INFO - 
[2024-12-24T08:06:45.851+0000] {subprocess.py:93} INFO - [Stage 37:>                                                         (0 + 3) / 3]                                                                                +---+-----+------------+-----------------+------------+----------+----------+-------+-----+------+--------+-----+
[2024-12-24T08:06:45.852+0000] {subprocess.py:93} INFO - | id|title|release_date|original_language|vote_average|vote_count|popularity|runtime|adult|genres|overview|count|
[2024-12-24T08:06:45.852+0000] {subprocess.py:93} INFO - +---+-----+------------+-----------------+------------+----------+----------+-------+-----+------+--------+-----+
[2024-12-24T08:06:45.853+0000] {subprocess.py:93} INFO - +---+-----+------------+-----------------+------------+----------+----------+-------+-----+------+--------+-----+
[2024-12-24T08:06:45.853+0000] {subprocess.py:93} INFO - 
[2024-12-24T08:06:45.854+0000] {subprocess.py:93} INFO - +------+--------------------+------------+-----------------+------------+----------+----------+-------+-----+---------------+
[2024-12-24T08:06:45.854+0000] {subprocess.py:93} INFO - |    id|               title|release_date|original_language|vote_average|vote_count|popularity|runtime|adult|          genre|
[2024-12-24T08:06:45.855+0000] {subprocess.py:93} INFO - +------+--------------------+------------+-----------------+------------+----------+----------+-------+-----+---------------+
[2024-12-24T08:06:45.855+0000] {subprocess.py:93} INFO - |173705|Female Teacher: I...|  1982-04-09|               ja|         6.6|        17|    80.408|     69|False|          Drama|
[2024-12-24T08:06:45.855+0000] {subprocess.py:93} INFO - |173705|Female Teacher: I...|  1982-04-09|               ja|         6.6|        17|    80.408|     69|False|        Mystery|
[2024-12-24T08:06:45.856+0000] {subprocess.py:93} INFO - |173705|Female Teacher: I...|  1982-04-09|               ja|         6.6|        17|    80.408|     69|False|         Horror|
[2024-12-24T08:06:45.856+0000] {subprocess.py:93} INFO - |    24|   Kill Bill: Vol. 1|  2003-10-10|               en|       7.972|     17433|     63.46|    111|False|         Action|
[2024-12-24T08:06:45.856+0000] {subprocess.py:93} INFO - |    24|   Kill Bill: Vol. 1|  2003-10-10|               en|       7.972|     17433|     63.46|    111|False|          Crime|
[2024-12-24T08:06:45.857+0000] {subprocess.py:93} INFO - |198184|             Chappie|  2015-03-04|               en|         6.8|      7895|    47.268|    120|False|          Crime|
[2024-12-24T08:06:45.857+0000] {subprocess.py:93} INFO - |198184|             Chappie|  2015-03-04|               en|         6.8|      7895|    47.268|    120|False|         Action|
[2024-12-24T08:06:45.857+0000] {subprocess.py:93} INFO - |198184|             Chappie|  2015-03-04|               en|         6.8|      7895|    47.268|    120|False|Science Fiction|
[2024-12-24T08:06:45.858+0000] {subprocess.py:93} INFO - |454467|              Noelle|  2019-11-12|               en|       6.601|       656|    46.101|    100|False|         Family|
[2024-12-24T08:06:45.858+0000] {subprocess.py:93} INFO - |454467|              Noelle|  2019-11-12|               en|       6.601|       656|    46.101|    100|False|         Comedy|
[2024-12-24T08:06:45.858+0000] {subprocess.py:93} INFO - |454467|              Noelle|  2019-11-12|               en|       6.601|       656|    46.101|    100|False|        Fantasy|
[2024-12-24T08:06:45.859+0000] {subprocess.py:93} INFO - | 20982|Naruto Shippuden ...|  2007-08-04|               ja|       7.389|       992|     50.27|     94|False|      Animation|
[2024-12-24T08:06:45.859+0000] {subprocess.py:93} INFO - | 20982|Naruto Shippuden ...|  2007-08-04|               ja|       7.389|       992|     50.27|     94|False|         Action|
[2024-12-24T08:06:45.860+0000] {subprocess.py:93} INFO - | 20982|Naruto Shippuden ...|  2007-08-04|               ja|       7.389|       992|     50.27|     94|False|        Fantasy|
[2024-12-24T08:06:45.861+0000] {subprocess.py:93} INFO - |  1246|        Rocky Balboa|  2006-12-20|               en|       6.872|      3460|    39.813|    102|False|          Drama|
[2024-12-24T08:06:45.861+0000] {subprocess.py:93} INFO - |124157|         The Thieves|  2012-07-25|               ko|       6.719|       290|      29.8|    135|False|         Action|
[2024-12-24T08:06:45.861+0000] {subprocess.py:93} INFO - |124157|         The Thieves|  2012-07-25|               ko|       6.719|       290|      29.8|    135|False|          Crime|
[2024-12-24T08:06:45.862+0000] {subprocess.py:93} INFO - | 10601|           Peter Pan|  2003-12-18|               en|       7.161|      2606|    41.909|    113|False|      Adventure|
[2024-12-24T08:06:45.863+0000] {subprocess.py:93} INFO - | 10601|           Peter Pan|  2003-12-18|               en|       7.161|      2606|    41.909|    113|False|        Fantasy|
[2024-12-24T08:06:45.863+0000] {subprocess.py:93} INFO - | 10601|           Peter Pan|  2003-12-18|               en|       7.161|      2606|    41.909|    113|False|         Family|
[2024-12-24T08:06:45.863+0000] {subprocess.py:93} INFO - +------+--------------------+------------+-----------------+------------+----------+----------+-------+-----+---------------+
[2024-12-24T08:06:45.864+0000] {subprocess.py:93} INFO - only showing top 20 rows
[2024-12-24T08:06:45.864+0000] {subprocess.py:93} INFO - 
[2024-12-24T08:06:45.865+0000] {subprocess.py:93} INFO - +------+--------------------+-----------------+------------+----------+----------+-------+---------------+------------+-------------+-----------+
[2024-12-24T08:06:45.865+0000] {subprocess.py:93} INFO - |    id|               title|original_language|vote_average|vote_count|popularity|runtime|          genre|release_year|release_month|release_day|
[2024-12-24T08:06:45.865+0000] {subprocess.py:93} INFO - +------+--------------------+-----------------+------------+----------+----------+-------+---------------+------------+-------------+-----------+
[2024-12-24T08:06:45.866+0000] {subprocess.py:93} INFO - |173705|Female Teacher: I...|               ja|         6.6|        17|    80.408|     69|          Drama|        1982|            4|          9|
[2024-12-24T08:06:45.866+0000] {subprocess.py:93} INFO - |173705|Female Teacher: I...|               ja|         6.6|        17|    80.408|     69|        Mystery|        1982|            4|          9|
[2024-12-24T08:06:45.867+0000] {subprocess.py:93} INFO - |173705|Female Teacher: I...|               ja|         6.6|        17|    80.408|     69|         Horror|        1982|            4|          9|
[2024-12-24T08:06:45.867+0000] {subprocess.py:93} INFO - |    24|   Kill Bill: Vol. 1|               en|       7.972|     17433|     63.46|    111|         Action|        2003|           10|         10|
[2024-12-24T08:06:45.867+0000] {subprocess.py:93} INFO - |    24|   Kill Bill: Vol. 1|               en|       7.972|     17433|     63.46|    111|          Crime|        2003|           10|         10|
[2024-12-24T08:06:45.868+0000] {subprocess.py:93} INFO - |198184|             Chappie|               en|         6.8|      7895|    47.268|    120|          Crime|        2015|            3|          4|
[2024-12-24T08:06:45.868+0000] {subprocess.py:93} INFO - |198184|             Chappie|               en|         6.8|      7895|    47.268|    120|         Action|        2015|            3|          4|
[2024-12-24T08:06:45.869+0000] {subprocess.py:93} INFO - |198184|             Chappie|               en|         6.8|      7895|    47.268|    120|Science Fiction|        2015|            3|          4|
[2024-12-24T08:06:45.869+0000] {subprocess.py:93} INFO - |454467|              Noelle|               en|       6.601|       656|    46.101|    100|         Family|        2019|           11|         12|
[2024-12-24T08:06:45.870+0000] {subprocess.py:93} INFO - |454467|              Noelle|               en|       6.601|       656|    46.101|    100|         Comedy|        2019|           11|         12|
[2024-12-24T08:06:45.870+0000] {subprocess.py:93} INFO - |454467|              Noelle|               en|       6.601|       656|    46.101|    100|        Fantasy|        2019|           11|         12|
[2024-12-24T08:06:45.870+0000] {subprocess.py:93} INFO - | 20982|Naruto Shippuden ...|               ja|       7.389|       992|     50.27|     94|      Animation|        2007|            8|          4|
[2024-12-24T08:06:45.871+0000] {subprocess.py:93} INFO - | 20982|Naruto Shippuden ...|               ja|       7.389|       992|     50.27|     94|         Action|        2007|            8|          4|
[2024-12-24T08:06:45.871+0000] {subprocess.py:93} INFO - | 20982|Naruto Shippuden ...|               ja|       7.389|       992|     50.27|     94|        Fantasy|        2007|            8|          4|
[2024-12-24T08:06:45.871+0000] {subprocess.py:93} INFO - |  1246|        Rocky Balboa|               en|       6.872|      3460|    39.813|    102|          Drama|        2006|           12|         20|
[2024-12-24T08:06:45.872+0000] {subprocess.py:93} INFO - |124157|         The Thieves|               ko|       6.719|       290|      29.8|    135|         Action|        2012|            7|         25|
[2024-12-24T08:06:45.872+0000] {subprocess.py:93} INFO - |124157|         The Thieves|               ko|       6.719|       290|      29.8|    135|          Crime|        2012|            7|         25|
[2024-12-24T08:06:45.872+0000] {subprocess.py:93} INFO - | 10601|           Peter Pan|               en|       7.161|      2606|    41.909|    113|      Adventure|        2003|           12|         18|
[2024-12-24T08:06:45.873+0000] {subprocess.py:93} INFO - | 10601|           Peter Pan|               en|       7.161|      2606|    41.909|    113|        Fantasy|        2003|           12|         18|
[2024-12-24T08:06:45.873+0000] {subprocess.py:93} INFO - | 10601|           Peter Pan|               en|       7.161|      2606|    41.909|    113|         Family|        2003|           12|         18|
[2024-12-24T08:06:45.874+0000] {subprocess.py:93} INFO - +------+--------------------+-----------------+------------+----------+----------+-------+---------------+------------+-------------+-----------+
[2024-12-24T08:06:45.876+0000] {subprocess.py:93} INFO - only showing top 20 rows
[2024-12-24T08:06:45.876+0000] {subprocess.py:93} INFO - 
[2024-12-24T08:06:45.877+0000] {subprocess.py:93} INFO - Data successfully transformed and saved to: /opt/***/DE_project/data/parquet/movie.parquet
[2024-12-24T08:06:46.344+0000] {subprocess.py:97} INFO - Command exited with return code 0
[2024-12-24T08:06:46.378+0000] {taskinstance.py:1400} INFO - Marking task as SUCCESS. dag_id=movie_data_etl_workflow, task_id=transform_data_movie, execution_date=20241224T073823, start_date=20241224T080623, end_date=20241224T080646
[2024-12-24T08:06:46.415+0000] {local_task_job_runner.py:228} INFO - Task exited with return code 0
[2024-12-24T08:06:46.440+0000] {taskinstance.py:2784} INFO - 1 downstream tasks scheduled from follow-on schedule check
