[2024-12-24T04:07:02.901+0000] {warnings.py:109} WARNING - /home/***/.local/lib/python3.8/site-packages/***/utils/sqlalchemy.py:124: DeprecationWarning: The sql_alchemy_conn option in [core] has been moved to the sql_alchemy_conn option in [database] - the old setting has been used, but please update your config.
  return not conf.get("database", "sql_alchemy_conn").startswith("mssql")

[2024-12-24T04:07:02.933+0000] {taskinstance.py:1159} INFO - Dependencies all met for dep_context=non-requeueable deps ti=<TaskInstance: movie_data_etl_workflow.fetch_rating_data scheduled__2024-12-23T00:00:00+00:00 [queued]>
[2024-12-24T04:07:02.957+0000] {taskinstance.py:1159} INFO - Dependencies all met for dep_context=requeueable deps ti=<TaskInstance: movie_data_etl_workflow.fetch_rating_data scheduled__2024-12-23T00:00:00+00:00 [queued]>
[2024-12-24T04:07:02.962+0000] {taskinstance.py:1361} INFO - Starting attempt 2 of 2
[2024-12-24T04:07:02.990+0000] {taskinstance.py:1382} INFO - Executing <Task(BashOperator): fetch_rating_data> on 2024-12-23 00:00:00+00:00
[2024-12-24T04:07:02.997+0000] {standard_task_runner.py:57} INFO - Started process 57 to run task
[2024-12-24T04:07:03.002+0000] {standard_task_runner.py:84} INFO - Running: ['***', 'tasks', 'run', 'movie_data_etl_workflow', 'fetch_rating_data', 'scheduled__2024-12-23T00:00:00+00:00', '--job-id', '177', '--raw', '--subdir', 'DAGS_FOLDER/movie_data_workflow.py', '--cfg-path', '/tmp/tmpj6y37cc8']
[2024-12-24T04:07:03.003+0000] {standard_task_runner.py:85} INFO - Job 177: Subtask fetch_rating_data
[2024-12-24T04:07:03.035+0000] {warnings.py:109} WARNING - /home/***/.local/lib/python3.8/site-packages/***/settings.py:195: DeprecationWarning: The sql_alchemy_conn option in [core] has been moved to the sql_alchemy_conn option in [database] - the old setting has been used, but please update your config.
  SQL_ALCHEMY_CONN = conf.get("database", "SQL_ALCHEMY_CONN")

[2024-12-24T04:07:03.115+0000] {task_command.py:415} INFO - Running <TaskInstance: movie_data_etl_workflow.fetch_rating_data scheduled__2024-12-23T00:00:00+00:00 [running]> on host ab04c198d044
[2024-12-24T04:07:03.144+0000] {warnings.py:109} WARNING - /home/***/.local/lib/python3.8/site-packages/***/utils/sqlalchemy.py:124: DeprecationWarning: The sql_alchemy_conn option in [core] has been moved to the sql_alchemy_conn option in [database] - the old setting has been used, but please update your config.
  return not conf.get("database", "sql_alchemy_conn").startswith("mssql")

[2024-12-24T04:07:03.254+0000] {taskinstance.py:1660} INFO - Exporting env vars: AIRFLOW_CTX_DAG_OWNER='diinguyen' AIRFLOW_CTX_DAG_ID='movie_data_etl_workflow' AIRFLOW_CTX_TASK_ID='fetch_rating_data' AIRFLOW_CTX_EXECUTION_DATE='2024-12-23T00:00:00+00:00' AIRFLOW_CTX_TRY_NUMBER='2' AIRFLOW_CTX_DAG_RUN_ID='scheduled__2024-12-23T00:00:00+00:00'
[2024-12-24T04:07:03.261+0000] {subprocess.py:63} INFO - Tmp dir root location: /tmp
[2024-12-24T04:07:03.263+0000] {subprocess.py:75} INFO - Running command: ['/bin/bash', '-c', 'python3 /opt/***/DE_project/ETL/extract/API_rating_Themoviedb.py']
[2024-12-24T04:07:03.280+0000] {subprocess.py:86} INFO - Output:
[2024-12-24T04:07:39.440+0000] {local_task_job_runner.py:115} ERROR - Received SIGTERM. Terminating subprocesses
[2024-12-24T04:07:39.445+0000] {process_utils.py:131} INFO - Sending 15 to group 57. PIDs of all processes in the group: [60, 57]
[2024-12-24T04:07:39.446+0000] {process_utils.py:86} INFO - Sending the signal 15 to group 57
[2024-12-24T04:07:39.447+0000] {taskinstance.py:1632} ERROR - Received SIGTERM. Terminating subprocesses.
[2024-12-24T04:07:39.447+0000] {subprocess.py:104} INFO - Sending SIGTERM signal to process group
[2024-12-24T04:07:39.491+0000] {taskinstance.py:1943} ERROR - Task failed with exception
Traceback (most recent call last):
  File "/home/airflow/.local/lib/python3.8/site-packages/airflow/operators/bash.py", line 201, in execute
    result = self.subprocess_hook.run_command(
  File "/home/airflow/.local/lib/python3.8/site-packages/airflow/hooks/subprocess.py", line 91, in run_command
    for raw_line in iter(self.sub_process.stdout.readline, b""):
  File "/home/airflow/.local/lib/python3.8/site-packages/airflow/models/taskinstance.py", line 1634, in signal_handler
    raise AirflowException("Task received SIGTERM signal")
airflow.exceptions.AirflowException: Task received SIGTERM signal
[2024-12-24T04:07:39.513+0000] {taskinstance.py:1400} INFO - Marking task as FAILED. dag_id=movie_data_etl_workflow, task_id=fetch_rating_data, execution_date=20241223T000000, start_date=20241224T040702, end_date=20241224T040739
[2024-12-24T04:07:39.554+0000] {standard_task_runner.py:104} ERROR - Failed to execute job 177 for task fetch_rating_data (Task received SIGTERM signal; 57)
[2024-12-24T04:07:39.611+0000] {process_utils.py:79} INFO - Process psutil.Process(pid=57, status='terminated', exitcode=1, started='04:07:02') (57) terminated with exit code 1
[2024-12-24T04:07:39.618+0000] {process_utils.py:79} INFO - Process psutil.Process(pid=60, status='terminated', started='04:07:02') (60) terminated with exit code None
[2024-12-24T04:07:39.620+0000] {local_task_job_runner.py:228} INFO - Task exited with return code 143
[2024-12-24T04:07:39.691+0000] {taskinstance.py:2784} INFO - 0 downstream tasks scheduled from follow-on schedule check
