[2024-12-24T05:09:41.970+0000] {warnings.py:109} WARNING - /home/***/.local/lib/python3.8/site-packages/***/utils/sqlalchemy.py:124: DeprecationWarning: The sql_alchemy_conn option in [core] has been moved to the sql_alchemy_conn option in [database] - the old setting has been used, but please update your config.
  return not conf.get("database", "sql_alchemy_conn").startswith("mssql")

[2024-12-24T05:09:41.982+0000] {taskinstance.py:1159} INFO - Dependencies all met for dep_context=non-requeueable deps ti=<TaskInstance: movie_etl_workflow.movie_json_to_csv scheduled__2024-12-23T00:00:00+00:00 [queued]>
[2024-12-24T05:09:41.991+0000] {taskinstance.py:1159} INFO - Dependencies all met for dep_context=requeueable deps ti=<TaskInstance: movie_etl_workflow.movie_json_to_csv scheduled__2024-12-23T00:00:00+00:00 [queued]>
[2024-12-24T05:09:41.992+0000] {taskinstance.py:1361} INFO - Starting attempt 1 of 2
[2024-12-24T05:09:42.004+0000] {taskinstance.py:1382} INFO - Executing <Task(BashOperator): movie_json_to_csv> on 2024-12-23 00:00:00+00:00
[2024-12-24T05:09:42.008+0000] {standard_task_runner.py:57} INFO - Started process 57 to run task
[2024-12-24T05:09:42.012+0000] {standard_task_runner.py:84} INFO - Running: ['***', 'tasks', 'run', 'movie_etl_workflow', 'movie_json_to_csv', 'scheduled__2024-12-23T00:00:00+00:00', '--job-id', '185', '--raw', '--subdir', 'DAGS_FOLDER/movie_data_workflow.py', '--cfg-path', '/tmp/tmpf_f1jbz4']
[2024-12-24T05:09:42.013+0000] {standard_task_runner.py:85} INFO - Job 185: Subtask movie_json_to_csv
[2024-12-24T05:09:42.030+0000] {warnings.py:109} WARNING - /home/***/.local/lib/python3.8/site-packages/***/settings.py:195: DeprecationWarning: The sql_alchemy_conn option in [core] has been moved to the sql_alchemy_conn option in [database] - the old setting has been used, but please update your config.
  SQL_ALCHEMY_CONN = conf.get("database", "SQL_ALCHEMY_CONN")

[2024-12-24T05:09:42.069+0000] {task_command.py:415} INFO - Running <TaskInstance: movie_etl_workflow.movie_json_to_csv scheduled__2024-12-23T00:00:00+00:00 [running]> on host 4170f75a0525
[2024-12-24T05:09:42.084+0000] {warnings.py:109} WARNING - /home/***/.local/lib/python3.8/site-packages/***/utils/sqlalchemy.py:124: DeprecationWarning: The sql_alchemy_conn option in [core] has been moved to the sql_alchemy_conn option in [database] - the old setting has been used, but please update your config.
  return not conf.get("database", "sql_alchemy_conn").startswith("mssql")

[2024-12-24T05:09:42.157+0000] {taskinstance.py:1660} INFO - Exporting env vars: AIRFLOW_CTX_DAG_OWNER='diinguyen' AIRFLOW_CTX_DAG_ID='movie_etl_workflow' AIRFLOW_CTX_TASK_ID='movie_json_to_csv' AIRFLOW_CTX_EXECUTION_DATE='2024-12-23T00:00:00+00:00' AIRFLOW_CTX_TRY_NUMBER='1' AIRFLOW_CTX_DAG_RUN_ID='scheduled__2024-12-23T00:00:00+00:00'
[2024-12-24T05:09:42.167+0000] {subprocess.py:63} INFO - Tmp dir root location: /tmp
[2024-12-24T05:09:42.168+0000] {subprocess.py:75} INFO - Running command: ['/bin/bash', '-c', 'python3 /opt/***/DE_project/JSON_to_CSV/JSON_to_CSV_movie.py']
[2024-12-24T05:09:42.177+0000] {subprocess.py:86} INFO - Output:
[2024-12-24T05:09:42.766+0000] {subprocess.py:93} INFO - Conversion complete. CSV file saved as 'movies_data.csv'
[2024-12-24T05:09:42.779+0000] {subprocess.py:97} INFO - Command exited with return code 0
[2024-12-24T05:09:42.812+0000] {taskinstance.py:1400} INFO - Marking task as SUCCESS. dag_id=movie_etl_workflow, task_id=movie_json_to_csv, execution_date=20241223T000000, start_date=20241224T050941, end_date=20241224T050942
[2024-12-24T05:09:42.848+0000] {local_task_job_runner.py:228} INFO - Task exited with return code 0
[2024-12-24T05:09:42.875+0000] {taskinstance.py:2784} INFO - 1 downstream tasks scheduled from follow-on schedule check
