[2024-12-24T06:05:29.130+0000] {taskinstance.py:1159} INFO - Dependencies all met for dep_context=non-requeueable deps ti=<TaskInstance: movie_etl_workflow.fetch_rating_data manual__2024-12-24T06:05:26.841996+00:00 [queued]>
[2024-12-24T06:05:29.153+0000] {taskinstance.py:1159} INFO - Dependencies all met for dep_context=requeueable deps ti=<TaskInstance: movie_etl_workflow.fetch_rating_data manual__2024-12-24T06:05:26.841996+00:00 [queued]>
[2024-12-24T06:05:29.155+0000] {taskinstance.py:1361} INFO - Starting attempt 1 of 2
[2024-12-24T06:05:29.248+0000] {taskinstance.py:1382} INFO - Executing <Task(BashOperator): fetch_rating_data> on 2024-12-24 06:05:26.841996+00:00
[2024-12-24T06:05:29.254+0000] {standard_task_runner.py:57} INFO - Started process 458 to run task
[2024-12-24T06:05:29.260+0000] {standard_task_runner.py:84} INFO - Running: ['***', 'tasks', 'run', 'movie_etl_workflow', 'fetch_rating_data', 'manual__2024-12-24T06:05:26.841996+00:00', '--job-id', '192', '--raw', '--subdir', 'DAGS_FOLDER/movie_data_workflow.py', '--cfg-path', '/tmp/tmphn06s4qs']
[2024-12-24T06:05:29.265+0000] {standard_task_runner.py:85} INFO - Job 192: Subtask fetch_rating_data
[2024-12-24T06:05:29.292+0000] {warnings.py:109} WARNING - /home/***/.local/lib/python3.8/site-packages/***/settings.py:195: DeprecationWarning: The sql_alchemy_conn option in [core] has been moved to the sql_alchemy_conn option in [database] - the old setting has been used, but please update your config.
  SQL_ALCHEMY_CONN = conf.get("database", "SQL_ALCHEMY_CONN")

[2024-12-24T06:05:29.362+0000] {task_command.py:415} INFO - Running <TaskInstance: movie_etl_workflow.fetch_rating_data manual__2024-12-24T06:05:26.841996+00:00 [running]> on host 4170f75a0525
[2024-12-24T06:05:29.569+0000] {taskinstance.py:1660} INFO - Exporting env vars: AIRFLOW_CTX_DAG_OWNER='diinguyen' AIRFLOW_CTX_DAG_ID='movie_etl_workflow' AIRFLOW_CTX_TASK_ID='fetch_rating_data' AIRFLOW_CTX_EXECUTION_DATE='2024-12-24T06:05:26.841996+00:00' AIRFLOW_CTX_TRY_NUMBER='1' AIRFLOW_CTX_DAG_RUN_ID='manual__2024-12-24T06:05:26.841996+00:00'
[2024-12-24T06:05:29.577+0000] {subprocess.py:63} INFO - Tmp dir root location: /tmp
[2024-12-24T06:05:29.578+0000] {subprocess.py:75} INFO - Running command: ['/bin/bash', '-c', 'python3 /opt/***/DE_project/ETL/extract/API_rating_Themoviedb.py']
[2024-12-24T06:05:29.597+0000] {subprocess.py:86} INFO - Output:
[2024-12-24T06:07:11.202+0000] {subprocess.py:93} INFO - Fetched page 1, number of movies: 20
[2024-12-24T06:07:11.205+0000] {subprocess.py:93} INFO - Fetched reviews for movie ID 845781, page 1, number of reviews: 5
[2024-12-24T06:07:11.205+0000] {subprocess.py:93} INFO - Fetched reviews for movie ID 912649, page 1, number of reviews: 6
[2024-12-24T06:07:11.206+0000] {subprocess.py:93} INFO - Fetched reviews for movie ID 762509, page 1, number of reviews: 1
[2024-12-24T06:07:11.206+0000] {subprocess.py:93} INFO - Fetched reviews for movie ID 1241982, page 1, number of reviews: 1
[2024-12-24T06:07:11.207+0000] {subprocess.py:93} INFO - Fetched reviews for movie ID 1005331, page 1, number of reviews: 4
[2024-12-24T06:07:11.209+0000] {subprocess.py:93} INFO - Fetched reviews for movie ID 1043905, page 1, number of reviews: 1
[2024-12-24T06:07:11.212+0000] {subprocess.py:93} INFO - Fetched reviews for movie ID 1035048, page 1, number of reviews: 1
[2024-12-24T06:07:11.213+0000] {subprocess.py:93} INFO - Fetched reviews for movie ID 1000075, page 1, number of reviews: 1
[2024-12-24T06:07:11.216+0000] {subprocess.py:93} INFO - Fetched reviews for movie ID 539972, page 1, number of reviews: 3
[2024-12-24T06:07:11.217+0000] {subprocess.py:93} INFO - Fetched reviews for movie ID 558449, page 1, number of reviews: 11
[2024-12-24T06:07:11.221+0000] {subprocess.py:93} INFO - Fetched reviews for movie ID 1184918, page 1, number of reviews: 5
[2024-12-24T06:07:11.224+0000] {subprocess.py:93} INFO - Fetched reviews for movie ID 1182387, page 1, number of reviews: 1
[2024-12-24T06:07:11.227+0000] {subprocess.py:93} INFO - Fetched reviews for movie ID 1010581, page 1, number of reviews: 1
[2024-12-24T06:07:11.230+0000] {subprocess.py:93} INFO - Fetched reviews for movie ID 933260, page 1, number of reviews: 10
[2024-12-24T06:07:11.230+0000] {subprocess.py:93} INFO - Fetched reviews for movie ID 533535, page 1, number of reviews: 19
[2024-12-24T06:07:11.232+0000] {subprocess.py:93} INFO - Fetched reviews for movie ID 1034541, page 1, number of reviews: 4
[2024-12-24T06:07:11.235+0000] {subprocess.py:93} INFO - Fetched page 2, number of movies: 20
[2024-12-24T06:07:11.236+0000] {subprocess.py:93} INFO - Fetched reviews for movie ID 698687, page 1, number of reviews: 2
[2024-12-24T06:07:11.239+0000] {subprocess.py:93} INFO - Fetched reviews for movie ID 1118031, page 1, number of reviews: 1
[2024-12-24T06:07:11.242+0000] {subprocess.py:93} INFO - Fetched reviews for movie ID 402431, page 1, number of reviews: 7
[2024-12-24T06:07:11.247+0000] {subprocess.py:93} INFO - Fetched reviews for movie ID 1100782, page 1, number of reviews: 6
[2024-12-24T06:07:11.250+0000] {subprocess.py:93} INFO - Fetched reviews for movie ID 945961, page 1, number of reviews: 9
[2024-12-24T06:07:11.252+0000] {subprocess.py:93} INFO - Fetched reviews for movie ID 519182, page 1, number of reviews: 8
[2024-12-24T06:07:11.254+0000] {subprocess.py:93} INFO - Fetched reviews for movie ID 1022789, page 1, number of reviews: 9
[2024-12-24T06:07:11.255+0000] {subprocess.py:93} INFO - Fetched reviews for movie ID 8871, page 1, number of reviews: 6
[2024-12-24T06:07:11.255+0000] {subprocess.py:93} INFO - Fetched reviews for movie ID 1051896, page 1, number of reviews: 4
[2024-12-24T06:07:11.256+0000] {subprocess.py:93} INFO - Fetched reviews for movie ID 41446, page 1, number of reviews: 1
[2024-12-24T06:07:11.259+0000] {subprocess.py:93} INFO - Fetched reviews for movie ID 1064213, page 1, number of reviews: 2
[2024-12-24T06:07:11.263+0000] {subprocess.py:93} INFO - Fetched page 3, number of movies: 20
[2024-12-24T06:07:11.266+0000] {subprocess.py:93} INFO - Fetched reviews for movie ID 772, page 1, number of reviews: 3
[2024-12-24T06:07:11.269+0000] {subprocess.py:93} INFO - Fetched reviews for movie ID 420818, page 1, number of reviews: 5
[2024-12-24T06:07:11.270+0000] {subprocess.py:93} INFO - Fetched reviews for movie ID 1196470, page 1, number of reviews: 1
[2024-12-24T06:07:11.271+0000] {subprocess.py:93} INFO - Fetched reviews for movie ID 1357633, page 1, number of reviews: 1
[2024-12-24T06:07:11.274+0000] {subprocess.py:93} INFO - Fetched reviews for movie ID 360920, page 1, number of reviews: 6
[2024-12-24T06:07:11.277+0000] {subprocess.py:93} INFO - Fetched reviews for movie ID 1100099, page 1, number of reviews: 2
[2024-12-24T06:07:11.278+0000] {subprocess.py:93} INFO - Fetched reviews for movie ID 1124641, page 1, number of reviews: 2
[2024-12-24T06:07:11.279+0000] {subprocess.py:93} INFO - Fetched reviews for movie ID 675353, page 1, number of reviews: 8
[2024-12-24T06:07:11.281+0000] {subprocess.py:93} INFO - Fetched reviews for movie ID 1064028, page 1, number of reviews: 2
[2024-12-24T06:07:11.284+0000] {subprocess.py:93} INFO - Fetched reviews for movie ID 1106739, page 1, number of reviews: 2
[2024-12-24T06:07:11.286+0000] {subprocess.py:93} INFO - Fetched reviews for movie ID 1154223, page 1, number of reviews: 1
[2024-12-24T06:07:11.287+0000] {subprocess.py:93} INFO - Fetched page 4, number of movies: 20
[2024-12-24T06:07:11.288+0000] {subprocess.py:93} INFO - Fetched reviews for movie ID 957452, page 1, number of reviews: 3
[2024-12-24T06:07:11.289+0000] {subprocess.py:93} INFO - Fetched reviews for movie ID 573435, page 1, number of reviews: 8
[2024-12-24T06:07:11.291+0000] {subprocess.py:93} INFO - Fetched reviews for movie ID 748783, page 1, number of reviews: 5
[2024-12-24T06:07:11.292+0000] {subprocess.py:93} INFO - Fetched reviews for movie ID 823219, page 1, number of reviews: 2
[2024-12-24T06:07:11.294+0000] {subprocess.py:93} INFO - Fetched reviews for movie ID 1084863, page 1, number of reviews: 2
[2024-12-24T06:07:11.295+0000] {subprocess.py:93} INFO - Fetched reviews for movie ID 889737, page 1, number of reviews: 8
[2024-12-24T06:07:11.299+0000] {subprocess.py:93} INFO - Fetched reviews for movie ID 726139, page 1, number of reviews: 1
[2024-12-24T06:07:11.301+0000] {subprocess.py:93} INFO - Fetched reviews for movie ID 1014505, page 1, number of reviews: 1
[2024-12-24T06:07:11.302+0000] {subprocess.py:93} INFO - Fetched reviews for movie ID 592695, page 1, number of reviews: 1
[2024-12-24T06:07:11.304+0000] {subprocess.py:93} INFO - Fetched reviews for movie ID 157336, page 1, number of reviews: 17
[2024-12-24T06:07:11.306+0000] {subprocess.py:93} INFO - Fetched reviews for movie ID 917496, page 1, number of reviews: 7
[2024-12-24T06:07:11.308+0000] {subprocess.py:93} INFO - Fetched page 5, number of movies: 20
[2024-12-24T06:07:11.308+0000] {subprocess.py:93} INFO - Fetched reviews for movie ID 639720, page 1, number of reviews: 6
[2024-12-24T06:07:11.311+0000] {subprocess.py:93} INFO - Fetched reviews for movie ID 335983, page 1, number of reviews: 11
[2024-12-24T06:07:11.312+0000] {subprocess.py:93} INFO - Fetched reviews for movie ID 1011985, page 1, number of reviews: 5
[2024-12-24T06:07:11.312+0000] {subprocess.py:93} INFO - Fetched reviews for movie ID 693134, page 1, number of reviews: 14
[2024-12-24T06:07:11.314+0000] {subprocess.py:93} INFO - Fetched reviews for movie ID 653346, page 1, number of reviews: 9
[2024-12-24T06:07:11.315+0000] {subprocess.py:93} INFO - Fetched reviews for movie ID 98, page 1, number of reviews: 5
[2024-12-24T06:07:11.317+0000] {subprocess.py:93} INFO - Fetched reviews for movie ID 507241, page 1, number of reviews: 1
[2024-12-24T06:07:11.321+0000] {subprocess.py:93} INFO - Fetched reviews for movie ID 976734, page 1, number of reviews: 1
[2024-12-24T06:07:11.325+0000] {subprocess.py:93} INFO - Fetched reviews for movie ID 385687, page 1, number of reviews: 12
[2024-12-24T06:07:11.326+0000] {subprocess.py:93} INFO - Fetched reviews for movie ID 786892, page 1, number of reviews: 13
[2024-12-24T06:07:11.327+0000] {subprocess.py:93} INFO - Fetched reviews for movie ID 1296753, page 1, number of reviews: 1
[2024-12-24T06:07:11.329+0000] {subprocess.py:93} INFO - Fetched reviews for movie ID 8587, page 1, number of reviews: 2
[2024-12-24T06:07:11.331+0000] {subprocess.py:93} INFO - Fetched reviews for movie ID 569094, page 1, number of reviews: 9
[2024-12-24T06:07:11.335+0000] {subprocess.py:93} INFO - Fetched reviews for movie ID 361743, page 1, number of reviews: 20
[2024-12-24T06:07:11.335+0000] {subprocess.py:93} INFO - Fetched page 6, number of movies: 20
[2024-12-24T06:07:11.337+0000] {subprocess.py:93} INFO - Fetched reviews for movie ID 839033, page 1, number of reviews: 1
[2024-12-24T06:07:11.337+0000] {subprocess.py:93} INFO - Fetched reviews for movie ID 1159311, page 1, number of reviews: 1
[2024-12-24T06:07:11.338+0000] {subprocess.py:93} INFO - Fetched reviews for movie ID 671, page 1, number of reviews: 4
[2024-12-24T06:07:11.339+0000] {subprocess.py:93} INFO - Fetched reviews for movie ID 365177, page 1, number of reviews: 7
[2024-12-24T06:07:11.339+0000] {subprocess.py:93} INFO - Fetched reviews for movie ID 634649, page 1, number of reviews: 15
[2024-12-24T06:07:11.340+0000] {subprocess.py:93} INFO - Fetched reviews for movie ID 454626, page 1, number of reviews: 11
[2024-12-24T06:07:11.341+0000] {subprocess.py:93} INFO - Fetched reviews for movie ID 667538, page 1, number of reviews: 7
[2024-12-24T06:07:11.341+0000] {subprocess.py:93} INFO - Fetched reviews for movie ID 762441, page 1, number of reviews: 9
[2024-12-24T06:07:11.341+0000] {subprocess.py:93} INFO - Fetched reviews for movie ID 672, page 1, number of reviews: 3
[2024-12-24T06:07:11.342+0000] {subprocess.py:93} INFO - Fetched reviews for movie ID 823464, page 1, number of reviews: 15
[2024-12-24T06:07:11.342+0000] {subprocess.py:93} INFO - Fetched reviews for movie ID 1079091, page 1, number of reviews: 5
[2024-12-24T06:07:11.343+0000] {subprocess.py:93} INFO - Fetched reviews for movie ID 1063877, page 1, number of reviews: 1
[2024-12-24T06:07:11.343+0000] {subprocess.py:93} INFO - Fetched reviews for movie ID 1104844, page 1, number of reviews: 1
[2024-12-24T06:07:11.344+0000] {subprocess.py:93} INFO - Fetched reviews for movie ID 929590, page 1, number of reviews: 11
[2024-12-24T06:07:11.345+0000] {subprocess.py:93} INFO - Fetched reviews for movie ID 974576, page 1, number of reviews: 5
[2024-12-24T06:07:11.345+0000] {subprocess.py:93} INFO - Fetched reviews for movie ID 829557, page 1, number of reviews: 4
[2024-12-24T06:07:11.346+0000] {subprocess.py:93} INFO - Fetched page 7, number of movies: 20
[2024-12-24T06:07:11.348+0000] {subprocess.py:93} INFO - Fetched reviews for movie ID 5255, page 1, number of reviews: 4
[2024-12-24T06:07:11.348+0000] {subprocess.py:93} INFO - Fetched reviews for movie ID 1154304, page 1, number of reviews: 1
[2024-12-24T06:07:11.349+0000] {subprocess.py:93} INFO - Fetched reviews for movie ID 299536, page 1, number of reviews: 20
[2024-12-24T06:07:11.350+0000] {subprocess.py:93} INFO - Fetched reviews for movie ID 299536, page 2, number of reviews: 12
[2024-12-24T06:07:11.350+0000] {subprocess.py:93} INFO - Fetched reviews for movie ID 718821, page 1, number of reviews: 9
[2024-12-24T06:07:11.351+0000] {subprocess.py:93} INFO - Fetched reviews for movie ID 1129598, page 1, number of reviews: 2
[2024-12-24T06:07:11.352+0000] {subprocess.py:93} INFO - Fetched reviews for movie ID 1038263, page 1, number of reviews: 1
[2024-12-24T06:07:11.353+0000] {subprocess.py:93} INFO - Fetched reviews for movie ID 580489, page 1, number of reviews: 10
[2024-12-24T06:07:11.356+0000] {subprocess.py:93} INFO - Fetched reviews for movie ID 940551, page 1, number of reviews: 3
[2024-12-24T06:07:11.360+0000] {subprocess.py:93} INFO - Fetched reviews for movie ID 1094974, page 1, number of reviews: 1
[2024-12-24T06:07:11.360+0000] {subprocess.py:93} INFO - Fetched reviews for movie ID 287903, page 1, number of reviews: 3
[2024-12-24T06:07:11.361+0000] {subprocess.py:93} INFO - Fetched reviews for movie ID 7451, page 1, number of reviews: 1
[2024-12-24T06:07:11.364+0000] {subprocess.py:93} INFO - Fetched page 8, number of movies: 20
[2024-12-24T06:07:11.366+0000] {subprocess.py:93} INFO - Fetched reviews for movie ID 238, page 1, number of reviews: 6
[2024-12-24T06:07:11.368+0000] {subprocess.py:93} INFO - Fetched reviews for movie ID 411, page 1, number of reviews: 4
[2024-12-24T06:07:11.370+0000] {subprocess.py:93} INFO - Fetched reviews for movie ID 616446, page 1, number of reviews: 1
[2024-12-24T06:07:11.370+0000] {subprocess.py:93} INFO - Error fetching reviews for movie 1203236: HTTPSConnectionPool(host='api.themoviedb.org', port=443): Max retries exceeded with url: /3/movie/1203236/reviews?api_key=9fb9d335431a9f6007701ac905fcd5e5&page=1 (Caused by NewConnectionError('<urllib3.connection.HTTPSConnection object at 0x7f977f04ed00>: Failed to establish a new connection: [Errno -2] Name or service not known'))
[2024-12-24T06:07:11.372+0000] {subprocess.py:93} INFO - Retrying in 5 seconds... (2 attempts left)
[2024-12-24T06:07:11.373+0000] {subprocess.py:93} INFO - Error fetching reviews for movie 1203236: HTTPSConnectionPool(host='api.themoviedb.org', port=443): Max retries exceeded with url: /3/movie/1203236/reviews?api_key=9fb9d335431a9f6007701ac905fcd5e5&page=1 (Caused by NewConnectionError('<urllib3.connection.HTTPSConnection object at 0x7f977f04e070>: Failed to establish a new connection: [Errno -2] Name or service not known'))
[2024-12-24T06:07:11.375+0000] {subprocess.py:93} INFO - Retrying in 5 seconds... (1 attempts left)
[2024-12-24T06:07:11.375+0000] {subprocess.py:93} INFO - Error fetching reviews for movie 1203236: HTTPSConnectionPool(host='api.themoviedb.org', port=443): Max retries exceeded with url: /3/movie/1203236/reviews?api_key=9fb9d335431a9f6007701ac905fcd5e5&page=1 (Caused by NewConnectionError('<urllib3.connection.HTTPSConnection object at 0x7f977f04e700>: Failed to establish a new connection: [Errno -2] Name or service not known'))
[2024-12-24T06:07:11.376+0000] {subprocess.py:93} INFO - Error fetching reviews for movie 673: HTTPSConnectionPool(host='api.themoviedb.org', port=443): Max retries exceeded with url: /3/movie/673/reviews?api_key=9fb9d335431a9f6007701ac905fcd5e5&page=1 (Caused by NewConnectionError('<urllib3.connection.HTTPSConnection object at 0x7f977f04ed00>: Failed to establish a new connection: [Errno -3] Temporary failure in name resolution'))
[2024-12-24T06:07:11.376+0000] {subprocess.py:93} INFO - Retrying in 5 seconds... (2 attempts left)
[2024-12-24T06:07:49.425+0000] {subprocess.py:93} INFO - Fetched reviews for movie ID 673, page 1, number of reviews: 3
[2024-12-24T06:07:49.428+0000] {subprocess.py:93} INFO - Fetched reviews for movie ID 674, page 1, number of reviews: 3
[2024-12-24T06:07:49.431+0000] {subprocess.py:93} INFO - Fetched reviews for movie ID 370663, page 1, number of reviews: 2
[2024-12-24T06:07:49.433+0000] {subprocess.py:93} INFO - Fetched reviews for movie ID 278, page 1, number of reviews: 17
[2024-12-24T06:07:49.434+0000] {subprocess.py:93} INFO - Fetched reviews for movie ID 1151949, page 1, number of reviews: 1
[2024-12-24T06:07:49.435+0000] {subprocess.py:93} INFO - Fetched reviews for movie ID 502356, page 1, number of reviews: 12
[2024-12-24T06:07:49.436+0000] {subprocess.py:93} INFO - Fetched reviews for movie ID 1038263, page 1, number of reviews: 1
[2024-12-24T06:07:49.437+0000] {subprocess.py:93} INFO - Fetched reviews for movie ID 866398, page 1, number of reviews: 8
[2024-12-24T06:07:49.438+0000] {subprocess.py:93} INFO - Fetched reviews for movie ID 76600, page 1, number of reviews: 20
[2024-12-24T06:07:49.439+0000] {subprocess.py:93} INFO - Fetched reviews for movie ID 12444, page 1, number of reviews: 2
[2024-12-24T06:07:49.440+0000] {subprocess.py:93} INFO - Fetched reviews for movie ID 81188, page 1, number of reviews: 4
[2024-12-24T06:07:49.441+0000] {subprocess.py:93} INFO - Fetched page 9, number of movies: 20
[2024-12-24T06:07:49.442+0000] {subprocess.py:93} INFO - Fetched reviews for movie ID 1047373, page 1, number of reviews: 1
[2024-12-24T06:07:49.442+0000] {subprocess.py:93} INFO - Fetched reviews for movie ID 1216191, page 1, number of reviews: 1
[2024-12-24T06:07:49.443+0000] {subprocess.py:93} INFO - Fetched reviews for movie ID 597, page 1, number of reviews: 6
[2024-12-24T06:07:49.446+0000] {subprocess.py:93} INFO - Fetched reviews for movie ID 216015, page 1, number of reviews: 3
[2024-12-24T06:07:49.446+0000] {subprocess.py:93} INFO - Fetched reviews for movie ID 109445, page 1, number of reviews: 7
[2024-12-24T06:07:49.447+0000] {subprocess.py:93} INFO - Fetched reviews for movie ID 592831, page 1, number of reviews: 4
[2024-12-24T06:07:49.450+0000] {subprocess.py:93} INFO - Fetched reviews for movie ID 1226578, page 1, number of reviews: 6
[2024-12-24T06:07:49.451+0000] {subprocess.py:93} INFO - Fetched reviews for movie ID 785542, page 1, number of reviews: 2
[2024-12-24T06:07:49.452+0000] {subprocess.py:93} INFO - Fetched reviews for movie ID 1114513, page 1, number of reviews: 6
[2024-12-24T06:07:49.452+0000] {subprocess.py:93} INFO - Fetched reviews for movie ID 814889, page 1, number of reviews: 2
[2024-12-24T06:07:49.453+0000] {subprocess.py:93} INFO - Fetched reviews for movie ID 346698, page 1, number of reviews: 17
[2024-12-24T06:07:49.454+0000] {subprocess.py:93} INFO - Fetched page 10, number of movies: 20
[2024-12-24T06:07:49.456+0000] {subprocess.py:93} INFO - Fetched reviews for movie ID 814889, page 1, number of reviews: 2
[2024-12-24T06:07:49.457+0000] {subprocess.py:93} INFO - Fetched reviews for movie ID 346698, page 1, number of reviews: 17
[2024-12-24T06:07:49.458+0000] {subprocess.py:93} INFO - Fetched reviews for movie ID 438631, page 1, number of reviews: 15
[2024-12-24T06:07:49.460+0000] {subprocess.py:93} INFO - Fetched reviews for movie ID 1079485, page 1, number of reviews: 1
[2024-12-24T06:07:49.462+0000] {subprocess.py:93} INFO - Fetched reviews for movie ID 198663, page 1, number of reviews: 8
[2024-12-24T06:07:49.463+0000] {subprocess.py:93} INFO - Fetched reviews for movie ID 1066262, page 1, number of reviews: 1
[2024-12-24T06:07:49.464+0000] {subprocess.py:93} INFO - Fetched reviews for movie ID 808, page 1, number of reviews: 4
[2024-12-24T06:07:49.467+0000] {subprocess.py:93} INFO - Fetched reviews for movie ID 155, page 1, number of reviews: 14
[2024-12-24T06:07:49.468+0000] {subprocess.py:93} INFO - Fetched reviews for movie ID 177572, page 1, number of reviews: 16
[2024-12-24T06:07:49.469+0000] {subprocess.py:93} INFO - Fetched reviews for movie ID 15212, page 1, number of reviews: 1
[2024-12-24T06:07:49.470+0000] {subprocess.py:93} INFO - Fetched reviews for movie ID 17979, page 1, number of reviews: 3
[2024-12-24T06:07:49.471+0000] {subprocess.py:93} INFO - Fetched reviews for movie ID 12445, page 1, number of reviews: 3
[2024-12-24T06:07:49.472+0000] {subprocess.py:93} INFO - Fetched reviews for movie ID 150540, page 1, number of reviews: 10
[2024-12-24T06:07:49.473+0000] {subprocess.py:93} INFO - Fetched reviews for movie ID 22, page 1, number of reviews: 3
[2024-12-24T06:07:49.473+0000] {subprocess.py:93} INFO - Fetched reviews for movie ID 156022, page 1, number of reviews: 4
[2024-12-24T06:07:49.474+0000] {subprocess.py:93} INFO - Fetched reviews for movie ID 1087822, page 1, number of reviews: 2
[2024-12-24T06:07:49.475+0000] {subprocess.py:93} INFO - Fetched reviews for movie ID 1102493, page 1, number of reviews: 2
[2024-12-24T06:07:49.475+0000] {subprocess.py:93} INFO - Total movies processed: 200
[2024-12-24T06:07:49.477+0000] {subprocess.py:97} INFO - Command exited with return code 0
[2024-12-24T06:07:49.588+0000] {taskinstance.py:1400} INFO - Marking task as SUCCESS. dag_id=movie_etl_workflow, task_id=fetch_rating_data, execution_date=20241224T060526, start_date=20241224T060529, end_date=20241224T060749
[2024-12-24T06:07:49.674+0000] {local_task_job_runner.py:228} INFO - Task exited with return code 0
[2024-12-24T06:07:49.753+0000] {taskinstance.py:2784} INFO - 1 downstream tasks scheduled from follow-on schedule check
