[2024-12-23T13:21:53.925+0000] {taskinstance.py:1159} INFO - Dependencies all met for dep_context=non-requeueable deps ti=<TaskInstance: movie_etl_workflow.fetch_movie_data manual__2024-12-23T13:21:52.282172+00:00 [queued]>
[2024-12-23T13:21:53.937+0000] {taskinstance.py:1159} INFO - Dependencies all met for dep_context=requeueable deps ti=<TaskInstance: movie_etl_workflow.fetch_movie_data manual__2024-12-23T13:21:52.282172+00:00 [queued]>
[2024-12-23T13:21:53.938+0000] {taskinstance.py:1361} INFO - Starting attempt 1 of 2
[2024-12-23T13:21:53.954+0000] {taskinstance.py:1382} INFO - Executing <Task(BashOperator): fetch_movie_data> on 2024-12-23 13:21:52.282172+00:00
[2024-12-23T13:21:53.961+0000] {standard_task_runner.py:57} INFO - Started process 1228 to run task
[2024-12-23T13:21:53.965+0000] {standard_task_runner.py:84} INFO - Running: ['***', 'tasks', 'run', 'movie_etl_workflow', 'fetch_movie_data', 'manual__2024-12-23T13:21:52.282172+00:00', '--job-id', '144', '--raw', '--subdir', 'DAGS_FOLDER/movie_data_workflow.py', '--cfg-path', '/tmp/tmpzscr3awv']
[2024-12-23T13:21:53.966+0000] {standard_task_runner.py:85} INFO - Job 144: Subtask fetch_movie_data
[2024-12-23T13:21:53.989+0000] {warnings.py:109} WARNING - /home/***/.local/lib/python3.8/site-packages/***/settings.py:195: DeprecationWarning: The sql_alchemy_conn option in [core] has been moved to the sql_alchemy_conn option in [database] - the old setting has been used, but please update your config.
  SQL_ALCHEMY_CONN = conf.get("database", "SQL_ALCHEMY_CONN")

[2024-12-23T13:21:54.042+0000] {task_command.py:415} INFO - Running <TaskInstance: movie_etl_workflow.fetch_movie_data manual__2024-12-23T13:21:52.282172+00:00 [running]> on host c498c9d7df3d
[2024-12-23T13:21:54.151+0000] {taskinstance.py:1660} INFO - Exporting env vars: AIRFLOW_CTX_DAG_OWNER='diinguyen' AIRFLOW_CTX_DAG_ID='movie_etl_workflow' AIRFLOW_CTX_TASK_ID='fetch_movie_data' AIRFLOW_CTX_EXECUTION_DATE='2024-12-23T13:21:52.282172+00:00' AIRFLOW_CTX_TRY_NUMBER='1' AIRFLOW_CTX_DAG_RUN_ID='manual__2024-12-23T13:21:52.282172+00:00'
[2024-12-23T13:21:54.153+0000] {subprocess.py:63} INFO - Tmp dir root location: /tmp
[2024-12-23T13:21:54.154+0000] {subprocess.py:75} INFO - Running command: ['/bin/bash', '-c', 'python3 /opt/***/DE_project/ETL/extract/API_movie_Themoviedb.py']
[2024-12-23T13:21:54.166+0000] {subprocess.py:86} INFO - Output:
[2024-12-23T13:22:14.161+0000] {subprocess.py:93} INFO - Fetched data for page 1
[2024-12-23T13:22:14.162+0000] {subprocess.py:93} INFO - Fetched data for page 2
[2024-12-23T13:22:14.163+0000] {subprocess.py:93} INFO - Fetched data for page 3
[2024-12-23T13:22:14.163+0000] {subprocess.py:93} INFO - Fetched data for page 4
[2024-12-23T13:22:14.164+0000] {subprocess.py:93} INFO - Fetched data for page 5
[2024-12-23T13:22:14.165+0000] {subprocess.py:93} INFO - Fetched data for page 6
[2024-12-23T13:22:14.166+0000] {subprocess.py:93} INFO - Fetched data for page 7
[2024-12-23T13:22:14.166+0000] {subprocess.py:93} INFO - Fetched data for page 8
[2024-12-23T13:22:14.167+0000] {subprocess.py:93} INFO - Fetched data for page 9
[2024-12-23T13:22:14.167+0000] {subprocess.py:93} INFO - Movie data with selected fields has been saved to /opt/***/DE_project/data/JSON/movies_data.json
[2024-12-23T13:22:14.181+0000] {subprocess.py:97} INFO - Command exited with return code 0
[2024-12-23T13:22:14.218+0000] {taskinstance.py:1400} INFO - Marking task as SUCCESS. dag_id=movie_etl_workflow, task_id=fetch_movie_data, execution_date=20241223T132152, start_date=20241223T132153, end_date=20241223T132214
[2024-12-23T13:22:14.241+0000] {local_task_job_runner.py:228} INFO - Task exited with return code 0
[2024-12-23T13:22:14.271+0000] {taskinstance.py:2784} INFO - 1 downstream tasks scheduled from follow-on schedule check
