[2024-12-24T06:07:53.670+0000] {taskinstance.py:1159} INFO - Dependencies all met for dep_context=non-requeueable deps ti=<TaskInstance: movie_etl_workflow.transform_data_rating manual__2024-12-24T06:05:26.841996+00:00 [queued]>
[2024-12-24T06:07:53.698+0000] {taskinstance.py:1159} INFO - Dependencies all met for dep_context=requeueable deps ti=<TaskInstance: movie_etl_workflow.transform_data_rating manual__2024-12-24T06:05:26.841996+00:00 [queued]>
[2024-12-24T06:07:53.701+0000] {taskinstance.py:1361} INFO - Starting attempt 1 of 2
[2024-12-24T06:07:53.740+0000] {taskinstance.py:1382} INFO - Executing <Task(BashOperator): transform_data_rating> on 2024-12-24 06:05:26.841996+00:00
[2024-12-24T06:07:53.753+0000] {standard_task_runner.py:57} INFO - Started process 1120 to run task
[2024-12-24T06:07:53.762+0000] {standard_task_runner.py:84} INFO - Running: ['***', 'tasks', 'run', 'movie_etl_workflow', 'transform_data_rating', 'manual__2024-12-24T06:05:26.841996+00:00', '--job-id', '201', '--raw', '--subdir', 'DAGS_FOLDER/movie_data_workflow.py', '--cfg-path', '/tmp/tmp3nwj4fa_']
[2024-12-24T06:07:53.767+0000] {standard_task_runner.py:85} INFO - Job 201: Subtask transform_data_rating
[2024-12-24T06:07:53.836+0000] {warnings.py:109} WARNING - /home/***/.local/lib/python3.8/site-packages/***/settings.py:195: DeprecationWarning: The sql_alchemy_conn option in [core] has been moved to the sql_alchemy_conn option in [database] - the old setting has been used, but please update your config.
  SQL_ALCHEMY_CONN = conf.get("database", "SQL_ALCHEMY_CONN")

[2024-12-24T06:07:54.104+0000] {task_command.py:415} INFO - Running <TaskInstance: movie_etl_workflow.transform_data_rating manual__2024-12-24T06:05:26.841996+00:00 [running]> on host 4170f75a0525
[2024-12-24T06:07:55.718+0000] {taskinstance.py:1660} INFO - Exporting env vars: AIRFLOW_CTX_DAG_OWNER='diinguyen' AIRFLOW_CTX_DAG_ID='movie_etl_workflow' AIRFLOW_CTX_TASK_ID='transform_data_rating' AIRFLOW_CTX_EXECUTION_DATE='2024-12-24T06:05:26.841996+00:00' AIRFLOW_CTX_TRY_NUMBER='1' AIRFLOW_CTX_DAG_RUN_ID='manual__2024-12-24T06:05:26.841996+00:00'
[2024-12-24T06:07:55.844+0000] {subprocess.py:63} INFO - Tmp dir root location: /tmp
[2024-12-24T06:07:55.859+0000] {subprocess.py:75} INFO - Running command: ['/bin/bash', '-c', 'python3 /opt/***/DE_project/ETL/transform/transform_ratingdf.py']
[2024-12-24T06:07:55.941+0000] {subprocess.py:86} INFO - Output:
[2024-12-24T06:08:30.519+0000] {subprocess.py:93} INFO - Setting default log level to "WARN".
[2024-12-24T06:08:30.522+0000] {subprocess.py:93} INFO - To adjust logging level use sc.setLogLevel(newLevel). For SparkR, use setLogLevel(newLevel).
[2024-12-24T06:08:30.962+0000] {subprocess.py:93} INFO - 24/12/24 06:08:30 WARN NativeCodeLoader: Unable to load native-hadoop library for your platform... using builtin-java classes where applicable
[2024-12-24T06:08:45.853+0000] {subprocess.py:93} INFO - [Stage 17:>                                                         (0 + 1) / 1]                                                                                +--------------------+--------+--------------+----------------+------+--------------------+
[2024-12-24T06:08:45.854+0000] {subprocess.py:93} INFO - |         movie_title|movie_id|       user_id|          author|rating|           timestamp|
[2024-12-24T06:08:45.856+0000] {subprocess.py:93} INFO - +--------------------+--------+--------------+----------------+------+--------------------+
[2024-12-24T06:08:45.858+0000] {subprocess.py:93} INFO - |             Red One|  845781|  Geronimo1967|      CinemaSerf|   6.0|2024-11-10 06:23:...|
[2024-12-24T06:08:45.859+0000] {subprocess.py:93} INFO - |             Red One|  845781|    msbreviews|Manuel São Bento|   4.0|2024-11-14 08:59:...|
[2024-12-24T06:08:45.861+0000] {subprocess.py:93} INFO - |             Red One|  845781|         r96sk|           r96sk|   7.0|2024-11-22 00:57:...|
[2024-12-24T06:08:45.863+0000] {subprocess.py:93} INFO - |             Red One|  845781|        Wuchak|          Wuchak|   9.0|2024-12-16 23:20:...|
[2024-12-24T06:08:45.864+0000] {subprocess.py:93} INFO - |             Red One|  845781|    RalphRahal|      RalphRahal|   2.0|2024-12-21 11:48:...|
[2024-12-24T06:08:45.866+0000] {subprocess.py:93} INFO - |Venom: The Last D...|  912649|         r96sk|           r96sk|   7.0|2024-10-25 18:25:...|
[2024-12-24T06:08:45.867+0000] {subprocess.py:93} INFO - |Venom: The Last D...|  912649|   Mangoturtle|     Mangoturtle|   2.0|2024-10-27 14:01:...|
[2024-12-24T06:08:45.867+0000] {subprocess.py:93} INFO - |Venom: The Last D...|  912649|  Geronimo1967|      CinemaSerf|   6.0|2024-10-31 11:02:...|
[2024-12-24T06:08:45.868+0000] {subprocess.py:93} INFO - |Venom: The Last D...|  912649|chandlerdanier| Chandler Danier|   9.0|2024-12-10 04:22:...|
[2024-12-24T06:08:45.869+0000] {subprocess.py:93} INFO - |Venom: The Last D...|  912649|     MovieGuys|       MovieGuys|   6.0|2024-12-16 21:17:...|
[2024-12-24T06:08:45.870+0000] {subprocess.py:93} INFO - |Mufasa: The Lion ...|  762509|         r96sk|           r96sk|   8.0|2024-12-23 18:13:...|
[2024-12-24T06:08:45.870+0000] {subprocess.py:93} INFO - |             Moana 2| 1241982|  Geronimo1967|      CinemaSerf|   7.0|2024-11-30 10:01:...|
[2024-12-24T06:08:45.871+0000] {subprocess.py:93} INFO - |            Carry-On| 1005331|    aholejones|      aholejones|   1.0|2024-12-15 11:03:...|
[2024-12-24T06:08:45.872+0000] {subprocess.py:93} INFO - |            Carry-On| 1005331|      dumasori|        dumasori|   1.0|2024-12-18 07:16:...|
[2024-12-24T06:08:45.873+0000] {subprocess.py:93} INFO - |            Carry-On| 1005331|    RalphRahal|      RalphRahal|   7.0|2024-12-20 07:51:...|
[2024-12-24T06:08:45.874+0000] {subprocess.py:93} INFO - |            Carry-On| 1005331|chandlerdanier| Chandler Danier|   6.0|2024-12-21 15:11:...|
[2024-12-24T06:08:45.875+0000] {subprocess.py:93} INFO - |Sonic the Hedgehog 3|  939243|          NULL|            NULL|  NULL|                NULL|
[2024-12-24T06:08:45.876+0000] {subprocess.py:93} INFO - |        Dirty Angels| 1043905|     MovieGuys|       MovieGuys|   4.0|2024-12-14 20:07:...|
[2024-12-24T06:08:45.877+0000] {subprocess.py:93} INFO - |           Elevation| 1035048|     MovieGuys|       MovieGuys|   6.0|2024-12-05 07:01:...|
[2024-12-24T06:08:45.878+0000] {subprocess.py:93} INFO - |The Price of Mone...| 1000075|     MovieGuys|       MovieGuys|   4.0|2024-11-30 22:58:...|
[2024-12-24T06:08:45.879+0000] {subprocess.py:93} INFO - +--------------------+--------+--------------+----------------+------+--------------------+
[2024-12-24T06:08:45.880+0000] {subprocess.py:93} INFO - only showing top 20 rows
[2024-12-24T06:08:45.880+0000] {subprocess.py:93} INFO - 
[2024-12-24T06:08:45.881+0000] {subprocess.py:93} INFO - root
[2024-12-24T06:08:45.882+0000] {subprocess.py:93} INFO -  |-- movie_title: string (nullable = true)
[2024-12-24T06:08:45.883+0000] {subprocess.py:93} INFO -  |-- movie_id: integer (nullable = true)
[2024-12-24T06:08:45.884+0000] {subprocess.py:93} INFO -  |-- user_id: string (nullable = true)
[2024-12-24T06:08:45.885+0000] {subprocess.py:93} INFO -  |-- author: string (nullable = true)
[2024-12-24T06:08:45.886+0000] {subprocess.py:93} INFO -  |-- rating: double (nullable = true)
[2024-12-24T06:08:45.887+0000] {subprocess.py:93} INFO -  |-- timestamp: timestamp (nullable = true)
[2024-12-24T06:08:45.888+0000] {subprocess.py:93} INFO - 
[2024-12-24T06:08:45.889+0000] {subprocess.py:93} INFO - +-----------+--------+-------+------+------+---------+
[2024-12-24T06:08:45.890+0000] {subprocess.py:93} INFO - |movie_title|movie_id|user_id|author|rating|timestamp|
[2024-12-24T06:08:45.891+0000] {subprocess.py:93} INFO - +-----------+--------+-------+------+------+---------+
[2024-12-24T06:08:45.892+0000] {subprocess.py:93} INFO - |          0|       0|      0|     0|     0|        0|
[2024-12-24T06:08:45.893+0000] {subprocess.py:93} INFO - +-----------+--------+-------+------+------+---------+
[2024-12-24T06:08:45.895+0000] {subprocess.py:93} INFO - 
[2024-12-24T06:08:45.896+0000] {subprocess.py:93} INFO - +-----------+--------+-------+------+------+---------+-----+
[2024-12-24T06:08:45.897+0000] {subprocess.py:93} INFO - |movie_title|movie_id|user_id|author|rating|timestamp|count|
[2024-12-24T06:08:45.898+0000] {subprocess.py:93} INFO - +-----------+--------+-------+------+------+---------+-----+
[2024-12-24T06:08:45.898+0000] {subprocess.py:93} INFO - +-----------+--------+-------+------+------+---------+-----+
[2024-12-24T06:08:45.899+0000] {subprocess.py:93} INFO - 
[2024-12-24T06:08:45.900+0000] {subprocess.py:93} INFO - +--------------------+--------+--------------------+--------------------+------+----+-----+---+----+
[2024-12-24T06:08:45.900+0000] {subprocess.py:93} INFO - |         movie_title|movie_id|             user_id|              author|rating|year|month|day|hour|
[2024-12-24T06:08:45.901+0000] {subprocess.py:93} INFO - +--------------------+--------+--------------------+--------------------+------+----+-----+---+----+
[2024-12-24T06:08:45.901+0000] {subprocess.py:93} INFO - |   The Polar Express|    5255|      Peter89Spencer|      Peter89Spencer|  10.0|2020|   12| 13|  13|
[2024-12-24T06:08:45.902+0000] {subprocess.py:93} INFO - |            Twisters|  718821|      Brent_Marchant|      Brent Marchant|   6.0|2024|    7| 21|  21|
[2024-12-24T06:08:45.903+0000] {subprocess.py:93} INFO - |Furiosa: A Mad Ma...|  786892|           MovieGuys|           MovieGuys|   6.0|2024|    5| 30|   4|
[2024-12-24T06:08:45.903+0000] {subprocess.py:93} INFO - |Furiosa: A Mad Ma...|  786892|               r96sk|               r96sk|   8.0|2024|    5| 31|  19|
[2024-12-24T06:08:45.904+0000] {subprocess.py:93} INFO - |How the Grinch St...|    8871|        SoSmooth1982|      Andre Gonzales|   7.0|2023|    6| 27|  12|
[2024-12-24T06:08:45.904+0000] {subprocess.py:93} INFO - |           Civil War|  929590|               r96sk|               r96sk|   9.0|2024|    4| 12|  17|
[2024-12-24T06:08:45.905+0000] {subprocess.py:93} INFO - |           Civil War|  929590|        Geronimo1967|          CinemaSerf|   6.0|2024|    4| 13|   8|
[2024-12-24T06:08:45.906+0000] {subprocess.py:93} INFO - |       The Godfather|     238|         Suresh17511|               Surya|   9.0|2023|    6| 11|   9|
[2024-12-24T06:08:45.907+0000] {subprocess.py:93} INFO - |Avatar: The Way o...|   76600|gaitanoayieko@gma...|            TimeZone|  10.0|2022|   12| 19|   6|
[2024-12-24T06:08:45.908+0000] {subprocess.py:93} INFO - |            Pleasure|  592695|               r96sk|               r96sk|   7.0|2023|    2| 22|   3|
[2024-12-24T06:08:45.909+0000] {subprocess.py:93} INFO - |              Fast X|  385687|        Geronimo1967|          CinemaSerf|   6.0|2023|    5| 22|   9|
[2024-12-24T06:08:45.910+0000] {subprocess.py:93} INFO - |  Sonic the Hedgehog|  454626|          msbreviews|    Manuel São Bento|   5.0|2020|    4|  5|  15|
[2024-12-24T06:08:45.910+0000] {subprocess.py:93} INFO - |            Arcadian| 1051896|        Geronimo1967|          CinemaSerf|   7.0|2024|    6| 20|  16|
[2024-12-24T06:08:45.911+0000] {subprocess.py:93} INFO - |Godzilla x Kong: ...|  823464|            Denishux|            Denishux|   6.0|2024|    5| 21|  18|
[2024-12-24T06:08:45.913+0000] {subprocess.py:93} INFO - |The Shawshank Red...|     278|            Leezannn|              Leezan|  10.0|2024|    9| 17|  12|
[2024-12-24T06:08:45.914+0000] {subprocess.py:93} INFO - |BLUE LOCK THE MOV...| 1104844|        Geronimo1967|          CinemaSerf|   7.0|2024|    7|  5|   6|
[2024-12-24T06:08:45.915+0000] {subprocess.py:93} INFO - |Avengers: Infinit...|  299536|           jmquint00|           jmquint00|  10.0|2018|    5| 22|  15|
[2024-12-24T06:08:45.916+0000] {subprocess.py:93} INFO - |   A Christmas Carol|   17979|     themoviediorama|   The Movie Diorama|   5.0|2020|    1| 16|  13|
[2024-12-24T06:08:45.917+0000] {subprocess.py:93} INFO - |Pirates of the Ca...|      22|        SoSmooth1982|      Andre Gonzales|  10.0|2023|    7| 26|  12|
[2024-12-24T06:08:45.917+0000] {subprocess.py:93} INFO - |  Sonic the Hedgehog|  454626|       screenzealots|Louisa Moore - Sc...|   6.0|2020|    3| 27|   1|
[2024-12-24T06:08:45.918+0000] {subprocess.py:93} INFO - +--------------------+--------+--------------------+--------------------+------+----+-----+---+----+
[2024-12-24T06:08:45.918+0000] {subprocess.py:93} INFO - only showing top 20 rows
[2024-12-24T06:08:45.919+0000] {subprocess.py:93} INFO - 
[2024-12-24T06:08:45.919+0000] {subprocess.py:93} INFO - Data successfully transformed and saved to: /opt/***/DE_project/data/parquet/rating.parquet
[2024-12-24T06:08:46.407+0000] {subprocess.py:97} INFO - Command exited with return code 0
[2024-12-24T06:08:46.446+0000] {taskinstance.py:1400} INFO - Marking task as SUCCESS. dag_id=movie_etl_workflow, task_id=transform_data_rating, execution_date=20241224T060526, start_date=20241224T060753, end_date=20241224T060846
[2024-12-24T06:08:46.467+0000] {local_task_job_runner.py:228} INFO - Task exited with return code 0
[2024-12-24T06:08:46.504+0000] {taskinstance.py:2784} INFO - 0 downstream tasks scheduled from follow-on schedule check
