[2025-01-17T07:31:30.642+0000] {warnings.py:109} WARNING - /home/***/.local/lib/python3.8/site-packages/***/utils/sqlalchemy.py:124: DeprecationWarning: The sql_alchemy_conn option in [core] has been moved to the sql_alchemy_conn option in [database] - the old setting has been used, but please update your config.
  return not conf.get("database", "sql_alchemy_conn").startswith("mssql")

[2025-01-17T07:31:30.742+0000] {taskinstance.py:1159} INFO - Dependencies all met for dep_context=non-requeueable deps ti=<TaskInstance: movie_data_etl_workflow.fetch_movie_data scheduled__2025-01-05T00:00:00+00:00 [queued]>
[2025-01-17T07:31:30.752+0000] {taskinstance.py:1159} INFO - Dependencies all met for dep_context=requeueable deps ti=<TaskInstance: movie_data_etl_workflow.fetch_movie_data scheduled__2025-01-05T00:00:00+00:00 [queued]>
[2025-01-17T07:31:30.753+0000] {taskinstance.py:1361} INFO - Starting attempt 1 of 6
[2025-01-17T07:31:30.770+0000] {taskinstance.py:1382} INFO - Executing <Task(BashOperator): fetch_movie_data> on 2025-01-05 00:00:00+00:00
[2025-01-17T07:31:30.776+0000] {standard_task_runner.py:57} INFO - Started process 54 to run task
[2025-01-17T07:31:30.780+0000] {standard_task_runner.py:84} INFO - Running: ['***', 'tasks', 'run', 'movie_data_etl_workflow', 'fetch_movie_data', 'scheduled__2025-01-05T00:00:00+00:00', '--job-id', '247', '--raw', '--subdir', 'DAGS_FOLDER/movie_data_workflow.py', '--cfg-path', '/tmp/tmptyhvy6nh']
[2025-01-17T07:31:30.781+0000] {standard_task_runner.py:85} INFO - Job 247: Subtask fetch_movie_data
[2025-01-17T07:31:30.811+0000] {warnings.py:109} WARNING - /home/***/.local/lib/python3.8/site-packages/***/settings.py:195: DeprecationWarning: The sql_alchemy_conn option in [core] has been moved to the sql_alchemy_conn option in [database] - the old setting has been used, but please update your config.
  SQL_ALCHEMY_CONN = conf.get("database", "SQL_ALCHEMY_CONN")

[2025-01-17T07:31:30.879+0000] {task_command.py:415} INFO - Running <TaskInstance: movie_data_etl_workflow.fetch_movie_data scheduled__2025-01-05T00:00:00+00:00 [running]> on host 1d5d3d5ac065
[2025-01-17T07:31:30.900+0000] {warnings.py:109} WARNING - /home/***/.local/lib/python3.8/site-packages/***/utils/sqlalchemy.py:124: DeprecationWarning: The sql_alchemy_conn option in [core] has been moved to the sql_alchemy_conn option in [database] - the old setting has been used, but please update your config.
  return not conf.get("database", "sql_alchemy_conn").startswith("mssql")

[2025-01-17T07:31:31.007+0000] {taskinstance.py:1660} INFO - Exporting env vars: AIRFLOW_CTX_DAG_OWNER='diinguyen' AIRFLOW_CTX_DAG_ID='movie_data_etl_workflow' AIRFLOW_CTX_TASK_ID='fetch_movie_data' AIRFLOW_CTX_EXECUTION_DATE='2025-01-05T00:00:00+00:00' AIRFLOW_CTX_TRY_NUMBER='1' AIRFLOW_CTX_DAG_RUN_ID='scheduled__2025-01-05T00:00:00+00:00'
[2025-01-17T07:31:31.010+0000] {subprocess.py:63} INFO - Tmp dir root location: /tmp
[2025-01-17T07:31:31.011+0000] {subprocess.py:75} INFO - Running command: ['/bin/bash', '-c', 'python3 /opt/***/DE_project/ETL/extract/API_movie_Themoviedb.py']
[2025-01-17T07:31:31.022+0000] {subprocess.py:86} INFO - Output:
[2025-01-17T07:36:09.476+0000] {local_task_job_runner.py:294} WARNING - State of this instance has been externally set to restarting. Terminating instance.
[2025-01-17T07:36:09.487+0000] {process_utils.py:131} INFO - Sending 15 to group 54. PIDs of all processes in the group: [56, 54]
[2025-01-17T07:36:09.488+0000] {process_utils.py:86} INFO - Sending the signal 15 to group 54
[2025-01-17T07:36:09.490+0000] {taskinstance.py:1632} ERROR - Received SIGTERM. Terminating subprocesses.
[2025-01-17T07:36:09.494+0000] {subprocess.py:104} INFO - Sending SIGTERM signal to process group
[2025-01-17T07:36:09.542+0000] {taskinstance.py:1943} ERROR - Task failed with exception
Traceback (most recent call last):
  File "/home/airflow/.local/lib/python3.8/site-packages/airflow/operators/bash.py", line 201, in execute
    result = self.subprocess_hook.run_command(
  File "/home/airflow/.local/lib/python3.8/site-packages/airflow/hooks/subprocess.py", line 91, in run_command
    for raw_line in iter(self.sub_process.stdout.readline, b""):
  File "/home/airflow/.local/lib/python3.8/site-packages/airflow/models/taskinstance.py", line 1634, in signal_handler
    raise AirflowException("Task received SIGTERM signal")
airflow.exceptions.AirflowException: Task received SIGTERM signal
[2025-01-17T07:36:09.562+0000] {taskinstance.py:1400} INFO - Marking task as UP_FOR_RETRY. dag_id=movie_data_etl_workflow, task_id=fetch_movie_data, execution_date=20250105T000000, start_date=20250117T073130, end_date=20250117T073609
[2025-01-17T07:36:09.602+0000] {standard_task_runner.py:104} ERROR - Failed to execute job 247 for task fetch_movie_data (Task received SIGTERM signal; 54)
[2025-01-17T07:36:09.630+0000] {process_utils.py:79} INFO - Process psutil.Process(pid=56, status='terminated', started='07:31:30') (56) terminated with exit code None
[2025-01-17T07:36:09.632+0000] {process_utils.py:79} INFO - Process psutil.Process(pid=54, status='terminated', exitcode=1, started='07:31:29') (54) terminated with exit code 1
[2025-01-17T07:39:58.417+0000] {warnings.py:109} WARNING - /home/***/.local/lib/python3.8/site-packages/***/utils/sqlalchemy.py:124: DeprecationWarning: The sql_alchemy_conn option in [core] has been moved to the sql_alchemy_conn option in [database] - the old setting has been used, but please update your config.
  return not conf.get("database", "sql_alchemy_conn").startswith("mssql")

[2025-01-17T07:39:58.432+0000] {taskinstance.py:1159} INFO - Dependencies all met for dep_context=non-requeueable deps ti=<TaskInstance: movie_data_etl_workflow.fetch_movie_data scheduled__2025-01-05T00:00:00+00:00 [queued]>
[2025-01-17T07:39:58.447+0000] {taskinstance.py:1159} INFO - Dependencies all met for dep_context=requeueable deps ti=<TaskInstance: movie_data_etl_workflow.fetch_movie_data scheduled__2025-01-05T00:00:00+00:00 [queued]>
[2025-01-17T07:39:58.447+0000] {taskinstance.py:1361} INFO - Starting attempt 1 of 6
[2025-01-17T07:39:58.468+0000] {taskinstance.py:1382} INFO - Executing <Task(BashOperator): fetch_movie_data> on 2025-01-05 00:00:00+00:00
[2025-01-17T07:39:58.475+0000] {standard_task_runner.py:57} INFO - Started process 72 to run task
[2025-01-17T07:39:58.479+0000] {standard_task_runner.py:84} INFO - Running: ['***', 'tasks', 'run', 'movie_data_etl_workflow', 'fetch_movie_data', 'scheduled__2025-01-05T00:00:00+00:00', '--job-id', '252', '--raw', '--subdir', 'DAGS_FOLDER/movie_data_workflow.py', '--cfg-path', '/tmp/tmpuxxb52lm']
[2025-01-17T07:39:58.482+0000] {standard_task_runner.py:85} INFO - Job 252: Subtask fetch_movie_data
[2025-01-17T07:39:58.509+0000] {warnings.py:109} WARNING - /home/***/.local/lib/python3.8/site-packages/***/settings.py:195: DeprecationWarning: The sql_alchemy_conn option in [core] has been moved to the sql_alchemy_conn option in [database] - the old setting has been used, but please update your config.
  SQL_ALCHEMY_CONN = conf.get("database", "SQL_ALCHEMY_CONN")

[2025-01-17T07:39:58.571+0000] {task_command.py:415} INFO - Running <TaskInstance: movie_data_etl_workflow.fetch_movie_data scheduled__2025-01-05T00:00:00+00:00 [running]> on host 1d5d3d5ac065
[2025-01-17T07:39:58.590+0000] {warnings.py:109} WARNING - /home/***/.local/lib/python3.8/site-packages/***/utils/sqlalchemy.py:124: DeprecationWarning: The sql_alchemy_conn option in [core] has been moved to the sql_alchemy_conn option in [database] - the old setting has been used, but please update your config.
  return not conf.get("database", "sql_alchemy_conn").startswith("mssql")

[2025-01-17T07:39:58.677+0000] {taskinstance.py:1660} INFO - Exporting env vars: AIRFLOW_CTX_DAG_OWNER='diinguyen' AIRFLOW_CTX_DAG_ID='movie_data_etl_workflow' AIRFLOW_CTX_TASK_ID='fetch_movie_data' AIRFLOW_CTX_EXECUTION_DATE='2025-01-05T00:00:00+00:00' AIRFLOW_CTX_TRY_NUMBER='1' AIRFLOW_CTX_DAG_RUN_ID='scheduled__2025-01-05T00:00:00+00:00'
[2025-01-17T07:39:58.679+0000] {subprocess.py:63} INFO - Tmp dir root location: /tmp
[2025-01-17T07:39:58.680+0000] {subprocess.py:75} INFO - Running command: ['/bin/bash', '-c', 'python3 /opt/***/DE_project/ETL/extract/API_movie_Themoviedb.py']
[2025-01-17T07:39:58.691+0000] {subprocess.py:86} INFO - Output:
[2025-01-17T08:35:49.988+0000] {subprocess.py:93} INFO - Fetched data for page 1
[2025-01-17T08:35:49.989+0000] {subprocess.py:93} INFO - Fetched data for page 2
[2025-01-17T08:35:49.990+0000] {subprocess.py:93} INFO - Fetched data for page 3
[2025-01-17T08:35:49.991+0000] {subprocess.py:93} INFO - Fetched data for page 4
[2025-01-17T08:35:49.993+0000] {subprocess.py:93} INFO - Fetched data for page 5
[2025-01-17T08:35:49.994+0000] {subprocess.py:93} INFO - Fetched data for page 6
[2025-01-17T08:35:49.995+0000] {subprocess.py:93} INFO - Fetched data for page 7
[2025-01-17T08:35:49.997+0000] {subprocess.py:93} INFO - Fetched data for page 8
[2025-01-17T08:35:49.998+0000] {subprocess.py:93} INFO - Fetched data for page 9
[2025-01-17T08:35:49.999+0000] {subprocess.py:93} INFO - Fetched data for page 10
[2025-01-17T08:35:49.999+0000] {subprocess.py:93} INFO - Fetched data for page 11
[2025-01-17T08:35:50.000+0000] {subprocess.py:93} INFO - Fetched data for page 12
[2025-01-17T08:35:50.001+0000] {subprocess.py:93} INFO - Fetched data for page 13
[2025-01-17T08:35:50.002+0000] {subprocess.py:93} INFO - Fetched data for page 14
[2025-01-17T08:35:50.003+0000] {subprocess.py:93} INFO - Fetched data for page 15
[2025-01-17T08:35:50.004+0000] {subprocess.py:93} INFO - Fetched data for page 16
[2025-01-17T08:35:50.005+0000] {subprocess.py:93} INFO - Fetched data for page 17
[2025-01-17T08:35:50.005+0000] {subprocess.py:93} INFO - Fetched data for page 18
[2025-01-17T08:35:50.006+0000] {subprocess.py:93} INFO - Fetched data for page 19
[2025-01-17T08:35:50.006+0000] {subprocess.py:93} INFO - Fetched data for page 20
[2025-01-17T08:35:50.007+0000] {subprocess.py:93} INFO - Fetched data for page 21
[2025-01-17T08:35:50.007+0000] {subprocess.py:93} INFO - Fetched data for page 22
[2025-01-17T08:35:50.008+0000] {subprocess.py:93} INFO - Fetched data for page 23
[2025-01-17T08:35:50.008+0000] {subprocess.py:93} INFO - Fetched data for page 24
[2025-01-17T08:35:50.009+0000] {subprocess.py:93} INFO - Fetched data for page 25
[2025-01-17T08:35:50.009+0000] {subprocess.py:93} INFO - Fetched data for page 26
[2025-01-17T08:35:50.010+0000] {subprocess.py:93} INFO - Fetched data for page 27
[2025-01-17T08:35:50.010+0000] {subprocess.py:93} INFO - Fetched data for page 28
[2025-01-17T08:35:50.011+0000] {subprocess.py:93} INFO - Fetched data for page 29
[2025-01-17T08:35:50.011+0000] {subprocess.py:93} INFO - Fetched data for page 30
[2025-01-17T08:35:50.012+0000] {subprocess.py:93} INFO - Fetched data for page 31
[2025-01-17T08:35:50.012+0000] {subprocess.py:93} INFO - Fetched data for page 32
[2025-01-17T08:35:50.013+0000] {subprocess.py:93} INFO - Fetched data for page 33
[2025-01-17T08:35:50.013+0000] {subprocess.py:93} INFO - Fetched data for page 34
[2025-01-17T08:35:50.014+0000] {subprocess.py:93} INFO - Fetched data for page 35
[2025-01-17T08:35:50.014+0000] {subprocess.py:93} INFO - Fetched data for page 36
[2025-01-17T08:35:50.015+0000] {subprocess.py:93} INFO - Fetched data for page 37
[2025-01-17T08:35:50.015+0000] {subprocess.py:93} INFO - Fetched data for page 38
[2025-01-17T08:35:50.016+0000] {subprocess.py:93} INFO - Fetched data for page 39
[2025-01-17T08:35:50.016+0000] {subprocess.py:93} INFO - Fetched data for page 40
[2025-01-17T08:35:50.017+0000] {subprocess.py:93} INFO - Fetched data for page 41
[2025-01-17T08:35:50.017+0000] {subprocess.py:93} INFO - Fetched data for page 42
[2025-01-17T08:35:50.017+0000] {subprocess.py:93} INFO - Fetched data for page 43
[2025-01-17T08:35:50.018+0000] {subprocess.py:93} INFO - Fetched data for page 44
[2025-01-17T08:35:50.018+0000] {subprocess.py:93} INFO - Fetched data for page 45
[2025-01-17T08:35:50.018+0000] {subprocess.py:93} INFO - Fetched data for page 46
[2025-01-17T08:35:50.019+0000] {subprocess.py:93} INFO - Fetched data for page 47
[2025-01-17T08:35:50.019+0000] {subprocess.py:93} INFO - Fetched data for page 48
[2025-01-17T08:35:50.019+0000] {subprocess.py:93} INFO - Fetched data for page 49
[2025-01-17T08:35:50.020+0000] {subprocess.py:93} INFO - Fetched data for page 50
[2025-01-17T08:35:50.020+0000] {subprocess.py:93} INFO - Fetched data for page 51
[2025-01-17T08:35:50.020+0000] {subprocess.py:93} INFO - Fetched data for page 52
[2025-01-17T08:35:50.021+0000] {subprocess.py:93} INFO - Fetched data for page 53
[2025-01-17T08:35:50.021+0000] {subprocess.py:93} INFO - Fetched data for page 54
[2025-01-17T08:35:50.021+0000] {subprocess.py:93} INFO - Fetched data for page 55
[2025-01-17T08:35:50.022+0000] {subprocess.py:93} INFO - Fetched data for page 56
[2025-01-17T08:35:50.022+0000] {subprocess.py:93} INFO - Fetched data for page 57
[2025-01-17T08:35:50.022+0000] {subprocess.py:93} INFO - Fetched data for page 58
[2025-01-17T08:35:50.023+0000] {subprocess.py:93} INFO - Fetched data for page 59
[2025-01-17T08:35:50.023+0000] {subprocess.py:93} INFO - Fetched data for page 60
[2025-01-17T08:35:50.023+0000] {subprocess.py:93} INFO - Fetched data for page 61
[2025-01-17T08:35:50.024+0000] {subprocess.py:93} INFO - Fetched data for page 62
[2025-01-17T08:35:50.024+0000] {subprocess.py:93} INFO - Fetched data for page 63
[2025-01-17T08:35:50.024+0000] {subprocess.py:93} INFO - Fetched data for page 64
[2025-01-17T08:35:50.025+0000] {subprocess.py:93} INFO - Fetched data for page 65
[2025-01-17T08:35:50.025+0000] {subprocess.py:93} INFO - Fetched data for page 66
[2025-01-17T08:35:50.025+0000] {subprocess.py:93} INFO - Fetched data for page 67
[2025-01-17T08:35:50.026+0000] {subprocess.py:93} INFO - Fetched data for page 68
[2025-01-17T08:35:50.026+0000] {subprocess.py:93} INFO - Fetched data for page 69
[2025-01-17T08:35:50.026+0000] {subprocess.py:93} INFO - Fetched data for page 70
[2025-01-17T08:35:50.027+0000] {subprocess.py:93} INFO - Fetched data for page 71
[2025-01-17T08:35:50.027+0000] {subprocess.py:93} INFO - Fetched data for page 72
[2025-01-17T08:35:50.027+0000] {subprocess.py:93} INFO - Fetched data for page 73
[2025-01-17T08:35:50.028+0000] {subprocess.py:93} INFO - Fetched data for page 74
[2025-01-17T08:35:50.028+0000] {subprocess.py:93} INFO - Fetched data for page 75
[2025-01-17T08:35:50.029+0000] {subprocess.py:93} INFO - Fetched data for page 76
[2025-01-17T08:35:50.029+0000] {subprocess.py:93} INFO - Fetched data for page 77
[2025-01-17T08:35:50.029+0000] {subprocess.py:93} INFO - Fetched data for page 78
[2025-01-17T08:35:50.030+0000] {subprocess.py:93} INFO - Fetched data for page 79
[2025-01-17T08:35:50.030+0000] {subprocess.py:93} INFO - Fetched data for page 80
[2025-01-17T08:35:50.031+0000] {subprocess.py:93} INFO - Fetched data for page 81
[2025-01-17T08:35:50.031+0000] {subprocess.py:93} INFO - Fetched data for page 82
[2025-01-17T08:35:50.031+0000] {subprocess.py:93} INFO - Fetched data for page 83
[2025-01-17T08:35:50.032+0000] {subprocess.py:93} INFO - Fetched data for page 84
[2025-01-17T08:35:50.032+0000] {subprocess.py:93} INFO - Fetched data for page 85
[2025-01-17T08:35:50.032+0000] {subprocess.py:93} INFO - Fetched data for page 86
[2025-01-17T08:35:50.033+0000] {subprocess.py:93} INFO - Fetched data for page 87
[2025-01-17T08:35:50.033+0000] {subprocess.py:93} INFO - Fetched data for page 88
[2025-01-17T08:35:50.034+0000] {subprocess.py:93} INFO - Fetched data for page 89
[2025-01-17T08:35:50.034+0000] {subprocess.py:93} INFO - Fetched data for page 90
[2025-01-17T08:35:50.034+0000] {subprocess.py:93} INFO - Fetched data for page 91
[2025-01-17T08:35:50.035+0000] {subprocess.py:93} INFO - Fetched data for page 92
[2025-01-17T08:35:50.035+0000] {subprocess.py:93} INFO - Fetched data for page 93
[2025-01-17T08:35:50.036+0000] {subprocess.py:93} INFO - Fetched data for page 94
[2025-01-17T08:35:50.036+0000] {subprocess.py:93} INFO - Fetched data for page 95
[2025-01-17T08:35:50.036+0000] {subprocess.py:93} INFO - Fetched data for page 96
[2025-01-17T08:35:50.037+0000] {subprocess.py:93} INFO - Fetched data for page 97
[2025-01-17T08:35:50.037+0000] {subprocess.py:93} INFO - Fetched data for page 98
[2025-01-17T08:35:50.037+0000] {subprocess.py:93} INFO - Fetched data for page 99
[2025-01-17T08:35:50.038+0000] {subprocess.py:93} INFO - Fetched data for page 100
[2025-01-17T08:35:50.038+0000] {subprocess.py:93} INFO - Fetched data for page 101
[2025-01-17T08:35:50.038+0000] {subprocess.py:93} INFO - Fetched data for page 102
[2025-01-17T08:35:50.039+0000] {subprocess.py:93} INFO - Fetched data for page 103
[2025-01-17T08:35:50.039+0000] {subprocess.py:93} INFO - Fetched data for page 104
[2025-01-17T08:35:50.039+0000] {subprocess.py:93} INFO - Fetched data for page 105
[2025-01-17T08:35:50.039+0000] {subprocess.py:93} INFO - Fetched data for page 106
[2025-01-17T08:35:50.040+0000] {subprocess.py:93} INFO - Fetched data for page 107
[2025-01-17T08:35:50.040+0000] {subprocess.py:93} INFO - Fetched data for page 108
[2025-01-17T08:35:50.040+0000] {subprocess.py:93} INFO - Fetched data for page 109
[2025-01-17T08:35:50.041+0000] {subprocess.py:93} INFO - Fetched data for page 110
[2025-01-17T08:35:50.041+0000] {subprocess.py:93} INFO - Fetched data for page 111
[2025-01-17T08:35:50.041+0000] {subprocess.py:93} INFO - Fetched data for page 112
[2025-01-17T08:35:50.042+0000] {subprocess.py:93} INFO - Fetched data for page 113
[2025-01-17T08:35:50.042+0000] {subprocess.py:93} INFO - Fetched data for page 114
[2025-01-17T08:35:50.042+0000] {subprocess.py:93} INFO - Fetched data for page 115
[2025-01-17T08:35:50.042+0000] {subprocess.py:93} INFO - Fetched data for page 116
[2025-01-17T08:35:50.043+0000] {subprocess.py:93} INFO - Fetched data for page 117
[2025-01-17T08:35:50.043+0000] {subprocess.py:93} INFO - Fetched data for page 118
[2025-01-17T08:35:50.043+0000] {subprocess.py:93} INFO - Fetched data for page 119
[2025-01-17T08:35:50.043+0000] {subprocess.py:93} INFO - Fetched data for page 120
[2025-01-17T08:35:50.044+0000] {subprocess.py:93} INFO - Fetched data for page 121
[2025-01-17T08:35:50.044+0000] {subprocess.py:93} INFO - Fetched data for page 122
[2025-01-17T08:35:50.044+0000] {subprocess.py:93} INFO - Fetched data for page 123
[2025-01-17T08:35:50.045+0000] {subprocess.py:93} INFO - Fetched data for page 124
[2025-01-17T08:35:50.046+0000] {subprocess.py:93} INFO - Fetched data for page 125
[2025-01-17T08:35:50.046+0000] {subprocess.py:93} INFO - Fetched data for page 126
[2025-01-17T08:35:50.046+0000] {subprocess.py:93} INFO - Fetched data for page 127
[2025-01-17T08:35:50.047+0000] {subprocess.py:93} INFO - Fetched data for page 128
[2025-01-17T08:35:50.047+0000] {subprocess.py:93} INFO - Fetched data for page 129
[2025-01-17T08:35:50.047+0000] {subprocess.py:93} INFO - Fetched data for page 130
[2025-01-17T08:35:50.048+0000] {subprocess.py:93} INFO - Fetched data for page 131
[2025-01-17T08:35:50.048+0000] {subprocess.py:93} INFO - Fetched data for page 132
[2025-01-17T08:35:50.048+0000] {subprocess.py:93} INFO - Fetched data for page 133
[2025-01-17T08:35:50.048+0000] {subprocess.py:93} INFO - Fetched data for page 134
[2025-01-17T08:35:50.049+0000] {subprocess.py:93} INFO - Fetched data for page 135
[2025-01-17T08:35:50.049+0000] {subprocess.py:93} INFO - Fetched data for page 136
[2025-01-17T08:35:50.049+0000] {subprocess.py:93} INFO - Fetched data for page 137
[2025-01-17T08:35:50.049+0000] {subprocess.py:93} INFO - Fetched data for page 138
[2025-01-17T08:35:50.050+0000] {subprocess.py:93} INFO - Fetched data for page 139
[2025-01-17T08:35:50.050+0000] {subprocess.py:93} INFO - Fetched data for page 140
[2025-01-17T08:35:50.051+0000] {subprocess.py:93} INFO - Fetched data for page 141
[2025-01-17T08:35:50.051+0000] {subprocess.py:93} INFO - Fetched data for page 142
[2025-01-17T08:35:50.051+0000] {subprocess.py:93} INFO - Fetched data for page 143
[2025-01-17T08:35:50.052+0000] {subprocess.py:93} INFO - Fetched data for page 144
[2025-01-17T08:35:50.052+0000] {subprocess.py:93} INFO - Fetched data for page 145
[2025-01-17T08:35:50.052+0000] {subprocess.py:93} INFO - Fetched data for page 146
[2025-01-17T08:35:50.052+0000] {subprocess.py:93} INFO - Fetched data for page 147
[2025-01-17T08:35:50.053+0000] {subprocess.py:93} INFO - Fetched data for page 148
[2025-01-17T08:35:50.053+0000] {subprocess.py:93} INFO - Fetched data for page 149
[2025-01-17T08:35:50.053+0000] {subprocess.py:93} INFO - Fetched data for page 150
[2025-01-17T08:35:50.054+0000] {subprocess.py:93} INFO - Fetched data for page 151
[2025-01-17T08:35:50.054+0000] {subprocess.py:93} INFO - Fetched data for page 152
[2025-01-17T08:35:50.054+0000] {subprocess.py:93} INFO - Fetched data for page 153
[2025-01-17T08:35:50.055+0000] {subprocess.py:93} INFO - Fetched data for page 154
[2025-01-17T08:35:50.055+0000] {subprocess.py:93} INFO - Fetched data for page 155
[2025-01-17T08:35:50.055+0000] {subprocess.py:93} INFO - Fetched data for page 156
[2025-01-17T08:35:50.056+0000] {subprocess.py:93} INFO - Fetched data for page 157
[2025-01-17T08:35:50.056+0000] {subprocess.py:93} INFO - Fetched data for page 158
[2025-01-17T08:35:50.056+0000] {subprocess.py:93} INFO - Fetched data for page 159
[2025-01-17T08:35:50.057+0000] {subprocess.py:93} INFO - Fetched data for page 160
[2025-01-17T08:35:50.057+0000] {subprocess.py:93} INFO - Fetched data for page 161
[2025-01-17T08:35:50.057+0000] {subprocess.py:93} INFO - Fetched data for page 162
[2025-01-17T08:35:50.058+0000] {subprocess.py:93} INFO - Fetched data for page 163
[2025-01-17T08:35:50.058+0000] {subprocess.py:93} INFO - Fetched data for page 164
[2025-01-17T08:35:50.058+0000] {subprocess.py:93} INFO - Fetched data for page 165
[2025-01-17T08:35:50.059+0000] {subprocess.py:93} INFO - Fetched data for page 166
[2025-01-17T08:35:50.059+0000] {subprocess.py:93} INFO - Fetched data for page 167
[2025-01-17T08:35:50.059+0000] {subprocess.py:93} INFO - Fetched data for page 168
[2025-01-17T08:35:50.060+0000] {subprocess.py:93} INFO - Fetched data for page 169
[2025-01-17T08:35:50.060+0000] {subprocess.py:93} INFO - Fetched data for page 170
[2025-01-17T08:35:50.061+0000] {subprocess.py:93} INFO - Fetched data for page 171
[2025-01-17T08:35:50.061+0000] {subprocess.py:93} INFO - Fetched data for page 172
[2025-01-17T08:35:50.062+0000] {subprocess.py:93} INFO - Fetched data for page 173
[2025-01-17T08:35:50.063+0000] {subprocess.py:93} INFO - Fetched data for page 174
[2025-01-17T08:35:50.063+0000] {subprocess.py:93} INFO - Fetched data for page 175
[2025-01-17T08:35:50.065+0000] {subprocess.py:93} INFO - Fetched data for page 176
[2025-01-17T08:35:50.066+0000] {subprocess.py:93} INFO - Fetched data for page 177
[2025-01-17T08:35:50.067+0000] {subprocess.py:93} INFO - Fetched data for page 178
[2025-01-17T08:35:50.067+0000] {subprocess.py:93} INFO - Fetched data for page 179
[2025-01-17T08:35:50.068+0000] {subprocess.py:93} INFO - Fetched data for page 180
[2025-01-17T08:35:50.068+0000] {subprocess.py:93} INFO - Fetched data for page 181
[2025-01-17T08:35:50.069+0000] {subprocess.py:93} INFO - Fetched data for page 182
[2025-01-17T08:35:50.069+0000] {subprocess.py:93} INFO - Fetched data for page 183
[2025-01-17T08:35:50.070+0000] {subprocess.py:93} INFO - Fetched data for page 184
[2025-01-17T08:35:50.070+0000] {subprocess.py:93} INFO - Fetched data for page 185
[2025-01-17T08:35:50.071+0000] {subprocess.py:93} INFO - Fetched data for page 186
[2025-01-17T08:35:50.071+0000] {subprocess.py:93} INFO - Fetched data for page 187
[2025-01-17T08:35:50.071+0000] {subprocess.py:93} INFO - Fetched data for page 188
[2025-01-17T08:35:50.072+0000] {subprocess.py:93} INFO - Fetched data for page 189
[2025-01-17T08:35:50.072+0000] {subprocess.py:93} INFO - Fetched data for page 190
[2025-01-17T08:35:50.073+0000] {subprocess.py:93} INFO - Fetched data for page 191
[2025-01-17T08:35:50.073+0000] {subprocess.py:93} INFO - Fetched data for page 192
[2025-01-17T08:35:50.074+0000] {subprocess.py:93} INFO - Fetched data for page 193
[2025-01-17T08:35:50.074+0000] {subprocess.py:93} INFO - Fetched data for page 194
[2025-01-17T08:35:50.074+0000] {subprocess.py:93} INFO - Fetched data for page 195
[2025-01-17T08:35:50.075+0000] {subprocess.py:93} INFO - Fetched data for page 196
[2025-01-17T08:35:50.075+0000] {subprocess.py:93} INFO - Fetched data for page 197
[2025-01-17T08:35:50.075+0000] {subprocess.py:93} INFO - Fetched data for page 198
[2025-01-17T08:35:50.076+0000] {subprocess.py:93} INFO - Fetched data for page 199
[2025-01-17T08:35:50.076+0000] {subprocess.py:93} INFO - Fetched data for page 200
[2025-01-17T08:35:50.076+0000] {subprocess.py:93} INFO - Fetched data for page 201
[2025-01-17T08:35:50.077+0000] {subprocess.py:93} INFO - Fetched data for page 202
[2025-01-17T08:35:50.078+0000] {subprocess.py:93} INFO - Fetched data for page 203
[2025-01-17T08:35:50.078+0000] {subprocess.py:93} INFO - Fetched data for page 204
[2025-01-17T08:35:50.079+0000] {subprocess.py:93} INFO - Fetched data for page 205
[2025-01-17T08:35:50.079+0000] {subprocess.py:93} INFO - Fetched data for page 206
[2025-01-17T08:35:50.079+0000] {subprocess.py:93} INFO - Fetched data for page 207
[2025-01-17T08:35:50.080+0000] {subprocess.py:93} INFO - Fetched data for page 208
[2025-01-17T08:35:50.080+0000] {subprocess.py:93} INFO - Fetched data for page 209
[2025-01-17T08:35:50.080+0000] {subprocess.py:93} INFO - Fetched data for page 210
[2025-01-17T08:35:50.080+0000] {subprocess.py:93} INFO - Fetched data for page 211
[2025-01-17T08:35:50.081+0000] {subprocess.py:93} INFO - Fetched data for page 212
[2025-01-17T08:35:50.081+0000] {subprocess.py:93} INFO - Fetched data for page 213
[2025-01-17T08:35:50.081+0000] {subprocess.py:93} INFO - Fetched data for page 214
[2025-01-17T08:35:50.082+0000] {subprocess.py:93} INFO - Fetched data for page 215
[2025-01-17T08:35:50.082+0000] {subprocess.py:93} INFO - Fetched data for page 216
[2025-01-17T08:35:50.082+0000] {subprocess.py:93} INFO - Fetched data for page 217
[2025-01-17T08:35:50.083+0000] {subprocess.py:93} INFO - Fetched data for page 218
[2025-01-17T08:35:50.083+0000] {subprocess.py:93} INFO - Fetched data for page 219
[2025-01-17T08:35:50.083+0000] {subprocess.py:93} INFO - Fetched data for page 220
[2025-01-17T08:35:50.084+0000] {subprocess.py:93} INFO - Fetched data for page 221
[2025-01-17T08:35:50.084+0000] {subprocess.py:93} INFO - Fetched data for page 222
[2025-01-17T08:35:50.085+0000] {subprocess.py:93} INFO - Fetched data for page 223
[2025-01-17T08:35:50.085+0000] {subprocess.py:93} INFO - Fetched data for page 224
[2025-01-17T08:35:50.085+0000] {subprocess.py:93} INFO - Fetched data for page 225
[2025-01-17T08:35:50.086+0000] {subprocess.py:93} INFO - Fetched data for page 226
[2025-01-17T08:35:50.086+0000] {subprocess.py:93} INFO - Fetched data for page 227
[2025-01-17T08:35:50.087+0000] {subprocess.py:93} INFO - Fetched data for page 228
[2025-01-17T08:35:50.087+0000] {subprocess.py:93} INFO - Fetched data for page 229
[2025-01-17T08:35:50.087+0000] {subprocess.py:93} INFO - Fetched data for page 230
[2025-01-17T08:35:50.088+0000] {subprocess.py:93} INFO - Fetched data for page 231
[2025-01-17T08:35:50.088+0000] {subprocess.py:93} INFO - Fetched data for page 232
[2025-01-17T08:35:50.089+0000] {subprocess.py:93} INFO - Fetched data for page 233
[2025-01-17T08:35:50.089+0000] {subprocess.py:93} INFO - Fetched data for page 234
[2025-01-17T08:35:50.089+0000] {subprocess.py:93} INFO - Fetched data for page 235
[2025-01-17T08:35:50.090+0000] {subprocess.py:93} INFO - Fetched data for page 236
[2025-01-17T08:35:50.090+0000] {subprocess.py:93} INFO - Fetched data for page 237
[2025-01-17T08:35:50.091+0000] {subprocess.py:93} INFO - Fetched data for page 238
[2025-01-17T08:35:50.091+0000] {subprocess.py:93} INFO - Fetched data for page 239
[2025-01-17T08:35:50.091+0000] {subprocess.py:93} INFO - Fetched data for page 240
[2025-01-17T08:35:50.092+0000] {subprocess.py:93} INFO - Fetched data for page 241
[2025-01-17T08:35:50.092+0000] {subprocess.py:93} INFO - Fetched data for page 242
[2025-01-17T08:35:50.092+0000] {subprocess.py:93} INFO - Fetched data for page 243
[2025-01-17T08:35:50.093+0000] {subprocess.py:93} INFO - Fetched data for page 244
[2025-01-17T08:35:50.093+0000] {subprocess.py:93} INFO - Fetched data for page 245
[2025-01-17T08:35:50.093+0000] {subprocess.py:93} INFO - Fetched data for page 246
[2025-01-17T08:35:50.093+0000] {subprocess.py:93} INFO - Fetched data for page 247
[2025-01-17T08:35:50.094+0000] {subprocess.py:93} INFO - Fetched data for page 248
[2025-01-17T08:35:50.094+0000] {subprocess.py:93} INFO - Fetched data for page 249
[2025-01-17T08:35:50.095+0000] {subprocess.py:93} INFO - Fetched data for page 250
[2025-01-17T08:35:50.095+0000] {subprocess.py:93} INFO - Fetched data for page 251
[2025-01-17T08:35:50.095+0000] {subprocess.py:93} INFO - Fetched data for page 252
[2025-01-17T08:35:50.096+0000] {subprocess.py:93} INFO - Fetched data for page 253
[2025-01-17T08:35:50.096+0000] {subprocess.py:93} INFO - Fetched data for page 254
[2025-01-17T08:35:50.097+0000] {subprocess.py:93} INFO - Fetched data for page 255
[2025-01-17T08:35:50.097+0000] {subprocess.py:93} INFO - Fetched data for page 256
[2025-01-17T08:35:50.098+0000] {subprocess.py:93} INFO - Fetched data for page 257
[2025-01-17T08:35:50.098+0000] {subprocess.py:93} INFO - Fetched data for page 258
[2025-01-17T08:35:50.099+0000] {subprocess.py:93} INFO - Fetched data for page 259
[2025-01-17T08:35:50.099+0000] {subprocess.py:93} INFO - Fetched data for page 260
[2025-01-17T08:35:50.100+0000] {subprocess.py:93} INFO - Fetched data for page 261
[2025-01-17T08:35:50.100+0000] {subprocess.py:93} INFO - Fetched data for page 262
[2025-01-17T08:35:50.100+0000] {subprocess.py:93} INFO - Fetched data for page 263
[2025-01-17T08:35:50.101+0000] {subprocess.py:93} INFO - Fetched data for page 264
[2025-01-17T08:35:50.101+0000] {subprocess.py:93} INFO - Fetched data for page 265
[2025-01-17T08:35:50.102+0000] {subprocess.py:93} INFO - Fetched data for page 266
[2025-01-17T08:35:50.102+0000] {subprocess.py:93} INFO - Fetched data for page 267
[2025-01-17T08:35:50.102+0000] {subprocess.py:93} INFO - Fetched data for page 268
[2025-01-17T08:35:50.103+0000] {subprocess.py:93} INFO - Fetched data for page 269
[2025-01-17T08:35:50.103+0000] {subprocess.py:93} INFO - Fetched data for page 270
[2025-01-17T08:35:50.104+0000] {subprocess.py:93} INFO - Fetched data for page 271
[2025-01-17T08:35:50.104+0000] {subprocess.py:93} INFO - Fetched data for page 272
[2025-01-17T08:35:50.104+0000] {subprocess.py:93} INFO - Fetched data for page 273
[2025-01-17T08:35:50.105+0000] {subprocess.py:93} INFO - Fetched data for page 274
[2025-01-17T08:35:50.105+0000] {subprocess.py:93} INFO - Fetched data for page 275
[2025-01-17T08:35:50.105+0000] {subprocess.py:93} INFO - Fetched data for page 276
[2025-01-17T08:35:50.106+0000] {subprocess.py:93} INFO - Fetched data for page 277
[2025-01-17T08:35:50.106+0000] {subprocess.py:93} INFO - Fetched data for page 278
[2025-01-17T08:35:50.107+0000] {subprocess.py:93} INFO - Fetched data for page 279
[2025-01-17T08:35:50.107+0000] {subprocess.py:93} INFO - Fetched data for page 280
[2025-01-17T08:35:50.108+0000] {subprocess.py:93} INFO - Fetched data for page 281
[2025-01-17T08:35:50.108+0000] {subprocess.py:93} INFO - Fetched data for page 282
[2025-01-17T08:35:50.109+0000] {subprocess.py:93} INFO - Fetched data for page 283
[2025-01-17T08:35:50.109+0000] {subprocess.py:93} INFO - Fetched data for page 284
[2025-01-17T08:35:50.110+0000] {subprocess.py:93} INFO - Fetched data for page 285
[2025-01-17T08:35:50.110+0000] {subprocess.py:93} INFO - Fetched data for page 286
[2025-01-17T08:35:50.111+0000] {subprocess.py:93} INFO - Fetched data for page 287
[2025-01-17T08:35:50.111+0000] {subprocess.py:93} INFO - Fetched data for page 288
[2025-01-17T08:35:50.112+0000] {subprocess.py:93} INFO - Fetched data for page 289
[2025-01-17T08:35:50.113+0000] {subprocess.py:93} INFO - Fetched data for page 290
[2025-01-17T08:35:50.113+0000] {subprocess.py:93} INFO - Fetched data for page 291
[2025-01-17T08:35:50.113+0000] {subprocess.py:93} INFO - Fetched data for page 292
[2025-01-17T08:35:50.114+0000] {subprocess.py:93} INFO - Fetched data for page 293
[2025-01-17T08:35:50.114+0000] {subprocess.py:93} INFO - Fetched data for page 294
[2025-01-17T08:35:50.115+0000] {subprocess.py:93} INFO - Fetched data for page 295
[2025-01-17T08:35:50.115+0000] {subprocess.py:93} INFO - Fetched data for page 296
[2025-01-17T08:35:50.115+0000] {subprocess.py:93} INFO - Fetched data for page 297
[2025-01-17T08:35:50.116+0000] {subprocess.py:93} INFO - Fetched data for page 298
[2025-01-17T08:35:50.116+0000] {subprocess.py:93} INFO - Fetched data for page 299
[2025-01-17T08:35:50.116+0000] {subprocess.py:93} INFO - Fetched data for page 300
[2025-01-17T08:35:50.117+0000] {subprocess.py:93} INFO - Fetched data for page 301
[2025-01-17T08:35:50.117+0000] {subprocess.py:93} INFO - Fetched data for page 302
[2025-01-17T08:35:50.117+0000] {subprocess.py:93} INFO - Fetched data for page 303
[2025-01-17T08:35:50.118+0000] {subprocess.py:93} INFO - Fetched data for page 304
[2025-01-17T08:35:50.119+0000] {subprocess.py:93} INFO - Fetched data for page 305
[2025-01-17T08:35:50.119+0000] {subprocess.py:93} INFO - Fetched data for page 306
[2025-01-17T08:35:50.120+0000] {subprocess.py:93} INFO - Fetched data for page 307
[2025-01-17T08:35:50.121+0000] {subprocess.py:93} INFO - Fetched data for page 308
[2025-01-17T08:35:50.121+0000] {subprocess.py:93} INFO - Fetched data for page 309
[2025-01-17T08:35:50.122+0000] {subprocess.py:93} INFO - Fetched data for page 310
[2025-01-17T08:35:50.122+0000] {subprocess.py:93} INFO - Fetched data for page 311
[2025-01-17T08:35:50.123+0000] {subprocess.py:93} INFO - Fetched data for page 312
[2025-01-17T08:35:50.123+0000] {subprocess.py:93} INFO - Fetched data for page 313
[2025-01-17T08:35:50.123+0000] {subprocess.py:93} INFO - Fetched data for page 314
[2025-01-17T08:35:50.124+0000] {subprocess.py:93} INFO - Fetched data for page 315
[2025-01-17T08:35:50.124+0000] {subprocess.py:93} INFO - Fetched data for page 316
[2025-01-17T08:35:50.124+0000] {subprocess.py:93} INFO - Fetched data for page 317
[2025-01-17T08:35:50.125+0000] {subprocess.py:93} INFO - Fetched data for page 318
[2025-01-17T08:35:50.125+0000] {subprocess.py:93} INFO - Fetched data for page 319
[2025-01-17T09:09:15.667+0000] {subprocess.py:93} INFO - Fetched data for page 320
[2025-01-17T09:09:15.668+0000] {subprocess.py:93} INFO - Fetched data for page 321
[2025-01-17T09:09:15.669+0000] {subprocess.py:93} INFO - Fetched data for page 322
[2025-01-17T09:09:15.670+0000] {subprocess.py:93} INFO - Fetched data for page 323
[2025-01-17T09:09:15.671+0000] {subprocess.py:93} INFO - Fetched data for page 324
[2025-01-17T09:09:15.672+0000] {subprocess.py:93} INFO - Fetched data for page 325
[2025-01-17T09:09:15.672+0000] {subprocess.py:93} INFO - Fetched data for page 326
[2025-01-17T09:09:15.673+0000] {subprocess.py:93} INFO - Fetched data for page 327
[2025-01-17T09:09:15.673+0000] {subprocess.py:93} INFO - Fetched data for page 328
[2025-01-17T09:09:15.674+0000] {subprocess.py:93} INFO - Fetched data for page 329
[2025-01-17T09:09:15.674+0000] {subprocess.py:93} INFO - Fetched data for page 330
[2025-01-17T09:09:15.675+0000] {subprocess.py:93} INFO - Fetched data for page 331
[2025-01-17T09:09:15.676+0000] {subprocess.py:93} INFO - Fetched data for page 332
[2025-01-17T09:09:15.676+0000] {subprocess.py:93} INFO - Fetched data for page 333
[2025-01-17T09:09:15.678+0000] {subprocess.py:93} INFO - Fetched data for page 334
[2025-01-17T09:09:15.680+0000] {subprocess.py:93} INFO - Fetched data for page 335
[2025-01-17T09:09:15.681+0000] {subprocess.py:93} INFO - Fetched data for page 336
[2025-01-17T09:09:15.682+0000] {subprocess.py:93} INFO - Fetched data for page 337
[2025-01-17T09:09:15.683+0000] {subprocess.py:93} INFO - Fetched data for page 338
[2025-01-17T09:09:15.684+0000] {subprocess.py:93} INFO - Fetched data for page 339
[2025-01-17T09:09:15.685+0000] {subprocess.py:93} INFO - Fetched data for page 340
[2025-01-17T09:09:15.686+0000] {subprocess.py:93} INFO - Fetched data for page 341
[2025-01-17T09:09:15.687+0000] {subprocess.py:93} INFO - Fetched data for page 342
[2025-01-17T09:09:15.688+0000] {subprocess.py:93} INFO - Fetched data for page 343
[2025-01-17T09:09:15.688+0000] {subprocess.py:93} INFO - Fetched data for page 344
[2025-01-17T09:09:15.689+0000] {subprocess.py:93} INFO - Fetched data for page 345
[2025-01-17T09:09:15.689+0000] {subprocess.py:93} INFO - Fetched data for page 346
[2025-01-17T09:09:15.691+0000] {subprocess.py:93} INFO - Fetched data for page 347
[2025-01-17T09:09:15.692+0000] {subprocess.py:93} INFO - Fetched data for page 348
[2025-01-17T09:09:15.692+0000] {subprocess.py:93} INFO - Fetched data for page 349
[2025-01-17T09:09:15.693+0000] {subprocess.py:93} INFO - Fetched data for page 350
[2025-01-17T09:09:15.694+0000] {subprocess.py:93} INFO - Fetched data for page 351
[2025-01-17T09:09:15.695+0000] {subprocess.py:93} INFO - Fetched data for page 352
[2025-01-17T09:09:15.696+0000] {subprocess.py:93} INFO - Fetched data for page 353
[2025-01-17T09:09:15.697+0000] {subprocess.py:93} INFO - Fetched data for page 354
[2025-01-17T09:09:15.698+0000] {subprocess.py:93} INFO - Fetched data for page 355
[2025-01-17T09:09:15.699+0000] {subprocess.py:93} INFO - Fetched data for page 356
[2025-01-17T09:09:15.699+0000] {subprocess.py:93} INFO - Fetched data for page 357
[2025-01-17T09:09:15.700+0000] {subprocess.py:93} INFO - Fetched data for page 358
[2025-01-17T09:09:15.702+0000] {subprocess.py:93} INFO - Fetched data for page 359
[2025-01-17T09:09:15.702+0000] {subprocess.py:93} INFO - Fetched data for page 360
[2025-01-17T09:09:15.703+0000] {subprocess.py:93} INFO - Fetched data for page 361
[2025-01-17T09:09:15.705+0000] {subprocess.py:93} INFO - Fetched data for page 362
[2025-01-17T09:09:15.706+0000] {subprocess.py:93} INFO - Fetched data for page 363
[2025-01-17T09:09:15.707+0000] {subprocess.py:93} INFO - Fetched data for page 364
[2025-01-17T09:09:15.708+0000] {subprocess.py:93} INFO - Fetched data for page 365
[2025-01-17T09:09:15.709+0000] {subprocess.py:93} INFO - Fetched data for page 366
[2025-01-17T09:09:15.710+0000] {subprocess.py:93} INFO - Fetched data for page 367
[2025-01-17T09:09:15.713+0000] {subprocess.py:93} INFO - Fetched data for page 368
[2025-01-17T09:09:15.714+0000] {subprocess.py:93} INFO - Fetched data for page 369
[2025-01-17T09:09:15.715+0000] {subprocess.py:93} INFO - Fetched data for page 370
[2025-01-17T09:09:15.716+0000] {subprocess.py:93} INFO - Fetched data for page 371
[2025-01-17T09:09:15.717+0000] {subprocess.py:93} INFO - Fetched data for page 372
[2025-01-17T09:09:15.718+0000] {subprocess.py:93} INFO - Fetched data for page 373
[2025-01-17T09:09:15.719+0000] {subprocess.py:93} INFO - Fetched data for page 374
[2025-01-17T09:09:15.722+0000] {subprocess.py:93} INFO - Fetched data for page 375
[2025-01-17T09:09:15.722+0000] {subprocess.py:93} INFO - Fetched data for page 376
[2025-01-17T09:09:15.723+0000] {subprocess.py:93} INFO - Fetched data for page 377
[2025-01-17T09:09:15.723+0000] {subprocess.py:93} INFO - Fetched data for page 378
[2025-01-17T09:09:15.723+0000] {subprocess.py:93} INFO - Fetched data for page 379
[2025-01-17T09:09:15.724+0000] {subprocess.py:93} INFO - Fetched data for page 380
[2025-01-17T09:09:15.724+0000] {subprocess.py:93} INFO - Fetched data for page 381
[2025-01-17T09:09:15.726+0000] {subprocess.py:93} INFO - Fetched data for page 382
[2025-01-17T09:09:15.727+0000] {subprocess.py:93} INFO - Fetched data for page 383
[2025-01-17T09:09:15.728+0000] {subprocess.py:93} INFO - Fetched data for page 384
[2025-01-17T09:09:15.729+0000] {subprocess.py:93} INFO - Fetched data for page 385
[2025-01-17T09:09:15.730+0000] {subprocess.py:93} INFO - Fetched data for page 386
[2025-01-17T09:09:15.730+0000] {subprocess.py:93} INFO - Fetched data for page 387
[2025-01-17T09:09:15.731+0000] {subprocess.py:93} INFO - Fetched data for page 388
[2025-01-17T09:09:15.731+0000] {subprocess.py:93} INFO - Fetched data for page 389
[2025-01-17T09:09:15.732+0000] {subprocess.py:93} INFO - Fetched data for page 390
[2025-01-17T09:09:15.732+0000] {subprocess.py:93} INFO - Fetched data for page 391
[2025-01-17T09:09:15.733+0000] {subprocess.py:93} INFO - Fetched data for page 392
[2025-01-17T09:09:15.734+0000] {subprocess.py:93} INFO - Fetched data for page 393
[2025-01-17T09:09:15.734+0000] {subprocess.py:93} INFO - Fetched data for page 394
[2025-01-17T09:09:15.735+0000] {subprocess.py:93} INFO - Fetched data for page 395
[2025-01-17T09:09:15.737+0000] {subprocess.py:93} INFO - Fetched data for page 396
[2025-01-17T09:09:15.738+0000] {subprocess.py:93} INFO - Fetched data for page 397
[2025-01-17T09:09:15.739+0000] {subprocess.py:93} INFO - Fetched data for page 398
[2025-01-17T09:09:15.739+0000] {subprocess.py:93} INFO - Fetched data for page 399
[2025-01-17T09:09:15.740+0000] {subprocess.py:93} INFO - Fetched data for page 400
[2025-01-17T09:09:15.741+0000] {subprocess.py:93} INFO - Fetched data for page 401
[2025-01-17T09:09:15.741+0000] {subprocess.py:93} INFO - Fetched data for page 402
[2025-01-17T09:09:15.741+0000] {subprocess.py:93} INFO - Fetched data for page 403
[2025-01-17T09:09:15.742+0000] {subprocess.py:93} INFO - Fetched data for page 404
[2025-01-17T09:09:15.742+0000] {subprocess.py:93} INFO - Fetched data for page 405
[2025-01-17T09:09:15.743+0000] {subprocess.py:93} INFO - Fetched data for page 406
[2025-01-17T09:09:15.744+0000] {subprocess.py:93} INFO - Fetched data for page 407
[2025-01-17T09:09:15.745+0000] {subprocess.py:93} INFO - Fetched data for page 408
[2025-01-17T09:09:15.745+0000] {subprocess.py:93} INFO - Fetched data for page 409
[2025-01-17T09:09:15.746+0000] {subprocess.py:93} INFO - Fetched data for page 410
[2025-01-17T09:09:15.746+0000] {subprocess.py:93} INFO - Fetched data for page 411
[2025-01-17T09:09:15.748+0000] {subprocess.py:93} INFO - Fetched data for page 412
[2025-01-17T09:09:15.749+0000] {subprocess.py:93} INFO - Fetched data for page 413
[2025-01-17T09:09:15.749+0000] {subprocess.py:93} INFO - Fetched data for page 414
[2025-01-17T09:09:15.750+0000] {subprocess.py:93} INFO - Fetched data for page 415
[2025-01-17T09:09:15.750+0000] {subprocess.py:93} INFO - Fetched data for page 416
[2025-01-17T09:09:15.751+0000] {subprocess.py:93} INFO - Fetched data for page 417
[2025-01-17T09:09:15.751+0000] {subprocess.py:93} INFO - Fetched data for page 418
[2025-01-17T09:09:15.752+0000] {subprocess.py:93} INFO - Fetched data for page 419
[2025-01-17T09:09:15.752+0000] {subprocess.py:93} INFO - Fetched data for page 420
[2025-01-17T09:09:15.752+0000] {subprocess.py:93} INFO - Fetched data for page 421
[2025-01-17T09:09:15.752+0000] {subprocess.py:93} INFO - Fetched data for page 422
[2025-01-17T09:09:15.753+0000] {subprocess.py:93} INFO - Fetched data for page 423
[2025-01-17T09:09:15.754+0000] {subprocess.py:93} INFO - Fetched data for page 424
[2025-01-17T09:09:15.754+0000] {subprocess.py:93} INFO - Fetched data for page 425
[2025-01-17T09:09:15.755+0000] {subprocess.py:93} INFO - Fetched data for page 426
[2025-01-17T09:09:15.755+0000] {subprocess.py:93} INFO - Fetched data for page 427
[2025-01-17T09:09:15.756+0000] {subprocess.py:93} INFO - Fetched data for page 428
[2025-01-17T09:09:15.756+0000] {subprocess.py:93} INFO - Fetched data for page 429
[2025-01-17T09:09:15.757+0000] {subprocess.py:93} INFO - Fetched data for page 430
[2025-01-17T09:09:15.757+0000] {subprocess.py:93} INFO - Fetched data for page 431
[2025-01-17T09:09:15.758+0000] {subprocess.py:93} INFO - Fetched data for page 432
[2025-01-17T09:09:15.758+0000] {subprocess.py:93} INFO - Fetched data for page 433
[2025-01-17T09:09:15.759+0000] {subprocess.py:93} INFO - Fetched data for page 434
[2025-01-17T09:09:15.759+0000] {subprocess.py:93} INFO - Fetched data for page 435
[2025-01-17T09:09:15.760+0000] {subprocess.py:93} INFO - Fetched data for page 436
[2025-01-17T09:09:15.761+0000] {subprocess.py:93} INFO - Fetched data for page 437
[2025-01-17T09:09:15.761+0000] {subprocess.py:93} INFO - Fetched data for page 438
[2025-01-17T09:09:15.762+0000] {subprocess.py:93} INFO - Fetched data for page 439
[2025-01-17T09:09:15.762+0000] {subprocess.py:93} INFO - Fetched data for page 440
[2025-01-17T09:09:15.762+0000] {subprocess.py:93} INFO - Fetched data for page 441
[2025-01-17T09:09:15.763+0000] {subprocess.py:93} INFO - Fetched data for page 442
[2025-01-17T09:09:15.763+0000] {subprocess.py:93} INFO - Fetched data for page 443
[2025-01-17T09:09:15.763+0000] {subprocess.py:93} INFO - Fetched data for page 444
[2025-01-17T09:09:15.764+0000] {subprocess.py:93} INFO - Fetched data for page 445
[2025-01-17T09:09:15.764+0000] {subprocess.py:93} INFO - Fetched data for page 446
[2025-01-17T09:09:15.765+0000] {subprocess.py:93} INFO - Fetched data for page 447
[2025-01-17T09:09:15.765+0000] {subprocess.py:93} INFO - Fetched data for page 448
[2025-01-17T09:09:15.766+0000] {subprocess.py:93} INFO - Fetched data for page 449
[2025-01-17T09:09:15.766+0000] {subprocess.py:93} INFO - Fetched data for page 450
[2025-01-17T09:09:15.767+0000] {subprocess.py:93} INFO - Fetched data for page 451
[2025-01-17T09:09:15.767+0000] {subprocess.py:93} INFO - Fetched data for page 452
[2025-01-17T09:09:15.768+0000] {subprocess.py:93} INFO - Fetched data for page 453
[2025-01-17T09:09:15.768+0000] {subprocess.py:93} INFO - Fetched data for page 454
[2025-01-17T09:09:15.768+0000] {subprocess.py:93} INFO - Fetched data for page 455
[2025-01-17T09:09:15.769+0000] {subprocess.py:93} INFO - Fetched data for page 456
[2025-01-17T09:09:15.769+0000] {subprocess.py:93} INFO - Fetched data for page 457
[2025-01-17T09:09:15.770+0000] {subprocess.py:93} INFO - Fetched data for page 458
[2025-01-17T09:09:15.770+0000] {subprocess.py:93} INFO - Fetched data for page 459
[2025-01-17T09:09:15.770+0000] {subprocess.py:93} INFO - Fetched data for page 460
[2025-01-17T09:09:15.771+0000] {subprocess.py:93} INFO - Fetched data for page 461
[2025-01-17T09:09:15.771+0000] {subprocess.py:93} INFO - Fetched data for page 462
[2025-01-17T09:09:15.771+0000] {subprocess.py:93} INFO - Fetched data for page 463
[2025-01-17T09:09:15.772+0000] {subprocess.py:93} INFO - Fetched data for page 464
[2025-01-17T09:09:15.772+0000] {subprocess.py:93} INFO - Fetched data for page 465
[2025-01-17T09:09:15.773+0000] {subprocess.py:93} INFO - Fetched data for page 466
[2025-01-17T09:09:15.773+0000] {subprocess.py:93} INFO - Fetched data for page 467
[2025-01-17T09:09:15.773+0000] {subprocess.py:93} INFO - Fetched data for page 468
[2025-01-17T09:09:15.774+0000] {subprocess.py:93} INFO - Fetched data for page 469
[2025-01-17T09:09:15.774+0000] {subprocess.py:93} INFO - Fetched data for page 470
[2025-01-17T09:09:15.774+0000] {subprocess.py:93} INFO - Fetched data for page 471
[2025-01-17T09:09:15.775+0000] {subprocess.py:93} INFO - Fetched data for page 472
[2025-01-17T09:09:15.775+0000] {subprocess.py:93} INFO - Fetched data for page 473
[2025-01-17T09:09:15.775+0000] {subprocess.py:93} INFO - Fetched data for page 474
[2025-01-17T09:09:15.776+0000] {subprocess.py:93} INFO - Fetched data for page 475
[2025-01-17T09:09:15.776+0000] {subprocess.py:93} INFO - Fetched data for page 476
[2025-01-17T09:09:15.777+0000] {subprocess.py:93} INFO - Fetched data for page 477
[2025-01-17T09:09:15.777+0000] {subprocess.py:93} INFO - Fetched data for page 478
[2025-01-17T09:09:15.777+0000] {subprocess.py:93} INFO - Fetched data for page 479
[2025-01-17T09:09:15.778+0000] {subprocess.py:93} INFO - Fetched data for page 480
[2025-01-17T09:09:15.778+0000] {subprocess.py:93} INFO - Fetched data for page 481
[2025-01-17T09:09:15.778+0000] {subprocess.py:93} INFO - Fetched data for page 482
[2025-01-17T09:09:15.779+0000] {subprocess.py:93} INFO - Fetched data for page 483
[2025-01-17T09:09:15.779+0000] {subprocess.py:93} INFO - Fetched data for page 484
[2025-01-17T09:09:15.779+0000] {subprocess.py:93} INFO - Fetched data for page 485
[2025-01-17T09:09:15.780+0000] {subprocess.py:93} INFO - Fetched data for page 486
[2025-01-17T09:09:15.780+0000] {subprocess.py:93} INFO - Fetched data for page 487
[2025-01-17T09:09:15.780+0000] {subprocess.py:93} INFO - Fetched data for page 488
[2025-01-17T09:09:15.781+0000] {subprocess.py:93} INFO - Fetched data for page 489
[2025-01-17T09:09:15.781+0000] {subprocess.py:93} INFO - Fetched data for page 490
[2025-01-17T09:09:15.782+0000] {subprocess.py:93} INFO - Fetched data for page 491
[2025-01-17T09:09:15.782+0000] {subprocess.py:93} INFO - Fetched data for page 492
[2025-01-17T09:09:15.782+0000] {subprocess.py:93} INFO - Fetched data for page 493
[2025-01-17T09:09:15.783+0000] {subprocess.py:93} INFO - Fetched data for page 494
[2025-01-17T09:09:15.784+0000] {subprocess.py:93} INFO - Fetched data for page 495
[2025-01-17T09:09:15.784+0000] {subprocess.py:93} INFO - Fetched data for page 496
[2025-01-17T09:09:15.784+0000] {subprocess.py:93} INFO - Fetched data for page 497
[2025-01-17T09:09:15.785+0000] {subprocess.py:93} INFO - Fetched data for page 498
[2025-01-17T09:09:15.785+0000] {subprocess.py:93} INFO - Fetched data for page 499
[2025-01-17T09:09:15.786+0000] {subprocess.py:93} INFO - Fetched data for page 500
[2025-01-17T09:09:15.786+0000] {subprocess.py:93} INFO - Movie data with selected fields has been saved to /opt/***/DE_project/data/JSON/movies_data.json
[2025-01-17T09:09:15.788+0000] {subprocess.py:97} INFO - Command exited with return code 0
[2025-01-17T09:09:15.846+0000] {taskinstance.py:1400} INFO - Marking task as SUCCESS. dag_id=movie_data_etl_workflow, task_id=fetch_movie_data, execution_date=20250105T000000, start_date=20250117T073958, end_date=20250117T090915
[2025-01-17T09:09:15.880+0000] {local_task_job_runner.py:228} INFO - Task exited with return code 0
[2025-01-17T09:09:15.946+0000] {taskinstance.py:2784} INFO - 1 downstream tasks scheduled from follow-on schedule check
[2025-01-17T09:30:20.563+0000] {warnings.py:109} WARNING - /home/***/.local/lib/python3.8/site-packages/***/utils/sqlalchemy.py:124: DeprecationWarning: The sql_alchemy_conn option in [core] has been moved to the sql_alchemy_conn option in [database] - the old setting has been used, but please update your config.
  return not conf.get("database", "sql_alchemy_conn").startswith("mssql")

[2025-01-17T09:30:20.578+0000] {taskinstance.py:1159} INFO - Dependencies all met for dep_context=non-requeueable deps ti=<TaskInstance: movie_data_etl_workflow.fetch_movie_data scheduled__2025-01-05T00:00:00+00:00 [queued]>
[2025-01-17T09:30:20.589+0000] {taskinstance.py:1159} INFO - Dependencies all met for dep_context=requeueable deps ti=<TaskInstance: movie_data_etl_workflow.fetch_movie_data scheduled__2025-01-05T00:00:00+00:00 [queued]>
[2025-01-17T09:30:20.590+0000] {taskinstance.py:1361} INFO - Starting attempt 1 of 6
[2025-01-17T09:30:20.605+0000] {taskinstance.py:1382} INFO - Executing <Task(BashOperator): fetch_movie_data> on 2025-01-05 00:00:00+00:00
[2025-01-17T09:30:20.612+0000] {standard_task_runner.py:57} INFO - Started process 703 to run task
[2025-01-17T09:30:20.616+0000] {standard_task_runner.py:84} INFO - Running: ['***', 'tasks', 'run', 'movie_data_etl_workflow', 'fetch_movie_data', 'scheduled__2025-01-05T00:00:00+00:00', '--job-id', '258', '--raw', '--subdir', 'DAGS_FOLDER/movie_data_workflow.py', '--cfg-path', '/tmp/tmp836_c0hl']
[2025-01-17T09:30:20.617+0000] {standard_task_runner.py:85} INFO - Job 258: Subtask fetch_movie_data
[2025-01-17T09:30:20.635+0000] {warnings.py:109} WARNING - /home/***/.local/lib/python3.8/site-packages/***/settings.py:195: DeprecationWarning: The sql_alchemy_conn option in [core] has been moved to the sql_alchemy_conn option in [database] - the old setting has been used, but please update your config.
  SQL_ALCHEMY_CONN = conf.get("database", "SQL_ALCHEMY_CONN")

[2025-01-17T09:30:20.684+0000] {task_command.py:415} INFO - Running <TaskInstance: movie_data_etl_workflow.fetch_movie_data scheduled__2025-01-05T00:00:00+00:00 [running]> on host 1d5d3d5ac065
[2025-01-17T09:30:20.703+0000] {warnings.py:109} WARNING - /home/***/.local/lib/python3.8/site-packages/***/utils/sqlalchemy.py:124: DeprecationWarning: The sql_alchemy_conn option in [core] has been moved to the sql_alchemy_conn option in [database] - the old setting has been used, but please update your config.
  return not conf.get("database", "sql_alchemy_conn").startswith("mssql")

[2025-01-17T09:30:20.790+0000] {taskinstance.py:1660} INFO - Exporting env vars: AIRFLOW_CTX_DAG_OWNER='diinguyen' AIRFLOW_CTX_DAG_ID='movie_data_etl_workflow' AIRFLOW_CTX_TASK_ID='fetch_movie_data' AIRFLOW_CTX_EXECUTION_DATE='2025-01-05T00:00:00+00:00' AIRFLOW_CTX_TRY_NUMBER='1' AIRFLOW_CTX_DAG_RUN_ID='scheduled__2025-01-05T00:00:00+00:00'
[2025-01-17T09:30:20.792+0000] {subprocess.py:63} INFO - Tmp dir root location: /tmp
[2025-01-17T09:30:20.794+0000] {subprocess.py:75} INFO - Running command: ['/bin/bash', '-c', 'python3 /opt/***/DE_project/ETL/extract/API_movie_Themoviedb.py']
[2025-01-17T09:30:20.804+0000] {subprocess.py:86} INFO - Output:
[2025-01-17T10:01:33.109+0000] {subprocess.py:93} INFO - Fetched data for page 1
[2025-01-17T10:01:33.110+0000] {subprocess.py:93} INFO - Fetched data for page 2
[2025-01-17T10:01:33.110+0000] {subprocess.py:93} INFO - Fetched data for page 3
[2025-01-17T10:01:33.111+0000] {subprocess.py:93} INFO - Fetched data for page 4
[2025-01-17T10:01:33.111+0000] {subprocess.py:93} INFO - Fetched data for page 5
[2025-01-17T10:01:33.111+0000] {subprocess.py:93} INFO - Fetched data for page 6
[2025-01-17T10:01:33.112+0000] {subprocess.py:93} INFO - Fetched data for page 7
[2025-01-17T10:01:33.112+0000] {subprocess.py:93} INFO - Fetched data for page 8
[2025-01-17T10:01:33.113+0000] {subprocess.py:93} INFO - Fetched data for page 9
[2025-01-17T10:01:33.113+0000] {subprocess.py:93} INFO - Fetched data for page 10
[2025-01-17T10:01:33.113+0000] {subprocess.py:93} INFO - Fetched data for page 11
[2025-01-17T10:01:33.114+0000] {subprocess.py:93} INFO - Fetched data for page 12
[2025-01-17T10:01:33.114+0000] {subprocess.py:93} INFO - Fetched data for page 13
[2025-01-17T10:01:33.114+0000] {subprocess.py:93} INFO - Fetched data for page 14
[2025-01-17T10:01:33.115+0000] {subprocess.py:93} INFO - Fetched data for page 15
[2025-01-17T10:01:33.115+0000] {subprocess.py:93} INFO - Fetched data for page 16
[2025-01-17T10:01:33.116+0000] {subprocess.py:93} INFO - Fetched data for page 17
[2025-01-17T10:01:33.116+0000] {subprocess.py:93} INFO - Fetched data for page 18
[2025-01-17T10:01:33.116+0000] {subprocess.py:93} INFO - Fetched data for page 19
[2025-01-17T10:01:33.117+0000] {subprocess.py:93} INFO - Fetched data for page 20
[2025-01-17T10:01:33.117+0000] {subprocess.py:93} INFO - Fetched data for page 21
[2025-01-17T10:01:33.117+0000] {subprocess.py:93} INFO - Fetched data for page 22
[2025-01-17T10:01:33.118+0000] {subprocess.py:93} INFO - Fetched data for page 23
[2025-01-17T10:01:33.118+0000] {subprocess.py:93} INFO - Fetched data for page 24
[2025-01-17T10:01:33.118+0000] {subprocess.py:93} INFO - Fetched data for page 25
[2025-01-17T10:01:33.119+0000] {subprocess.py:93} INFO - Fetched data for page 26
[2025-01-17T10:01:33.119+0000] {subprocess.py:93} INFO - Fetched data for page 27
[2025-01-17T10:01:33.119+0000] {subprocess.py:93} INFO - Fetched data for page 28
[2025-01-17T10:01:33.120+0000] {subprocess.py:93} INFO - Fetched data for page 29
[2025-01-17T10:01:33.120+0000] {subprocess.py:93} INFO - Fetched data for page 30
[2025-01-17T10:01:33.120+0000] {subprocess.py:93} INFO - Fetched data for page 31
[2025-01-17T10:01:33.121+0000] {subprocess.py:93} INFO - Fetched data for page 32
[2025-01-17T10:01:33.121+0000] {subprocess.py:93} INFO - Fetched data for page 33
[2025-01-17T10:01:33.122+0000] {subprocess.py:93} INFO - Fetched data for page 34
[2025-01-17T10:01:33.122+0000] {subprocess.py:93} INFO - Fetched data for page 35
[2025-01-17T10:01:33.122+0000] {subprocess.py:93} INFO - Fetched data for page 36
[2025-01-17T10:01:33.123+0000] {subprocess.py:93} INFO - Fetched data for page 37
[2025-01-17T10:01:33.123+0000] {subprocess.py:93} INFO - Fetched data for page 38
[2025-01-17T10:01:33.124+0000] {subprocess.py:93} INFO - Fetched data for page 39
[2025-01-17T10:01:33.125+0000] {subprocess.py:93} INFO - Fetched data for page 40
[2025-01-17T10:01:33.125+0000] {subprocess.py:93} INFO - Fetched data for page 41
[2025-01-17T10:01:33.126+0000] {subprocess.py:93} INFO - Fetched data for page 42
[2025-01-17T10:01:33.126+0000] {subprocess.py:93} INFO - Fetched data for page 43
[2025-01-17T10:01:33.127+0000] {subprocess.py:93} INFO - Fetched data for page 44
[2025-01-17T10:01:33.127+0000] {subprocess.py:93} INFO - Fetched data for page 45
[2025-01-17T10:01:33.127+0000] {subprocess.py:93} INFO - Fetched data for page 46
[2025-01-17T10:01:33.128+0000] {subprocess.py:93} INFO - Fetched data for page 47
[2025-01-17T10:01:33.128+0000] {subprocess.py:93} INFO - Fetched data for page 48
[2025-01-17T10:01:33.128+0000] {subprocess.py:93} INFO - Fetched data for page 49
[2025-01-17T10:01:33.129+0000] {subprocess.py:93} INFO - Fetched data for page 50
[2025-01-17T10:01:33.129+0000] {subprocess.py:93} INFO - Fetched data for page 51
[2025-01-17T10:01:33.129+0000] {subprocess.py:93} INFO - Fetched data for page 52
[2025-01-17T10:01:33.129+0000] {subprocess.py:93} INFO - Fetched data for page 53
[2025-01-17T10:01:33.130+0000] {subprocess.py:93} INFO - Fetched data for page 54
[2025-01-17T10:01:33.130+0000] {subprocess.py:93} INFO - Fetched data for page 55
[2025-01-17T10:01:33.130+0000] {subprocess.py:93} INFO - Fetched data for page 56
[2025-01-17T10:01:33.130+0000] {subprocess.py:93} INFO - Fetched data for page 57
[2025-01-17T10:01:33.131+0000] {subprocess.py:93} INFO - Fetched data for page 58
[2025-01-17T10:01:33.131+0000] {subprocess.py:93} INFO - Fetched data for page 59
[2025-01-17T10:01:33.131+0000] {subprocess.py:93} INFO - Fetched data for page 60
[2025-01-17T10:01:33.132+0000] {subprocess.py:93} INFO - Fetched data for page 61
[2025-01-17T10:01:33.132+0000] {subprocess.py:93} INFO - Fetched data for page 62
[2025-01-17T10:01:33.132+0000] {subprocess.py:93} INFO - Fetched data for page 63
[2025-01-17T10:01:33.132+0000] {subprocess.py:93} INFO - Fetched data for page 64
[2025-01-17T10:01:33.133+0000] {subprocess.py:93} INFO - Fetched data for page 65
[2025-01-17T10:01:33.133+0000] {subprocess.py:93} INFO - Fetched data for page 66
[2025-01-17T10:01:33.133+0000] {subprocess.py:93} INFO - Fetched data for page 67
[2025-01-17T10:01:33.133+0000] {subprocess.py:93} INFO - Fetched data for page 68
[2025-01-17T10:01:33.133+0000] {subprocess.py:93} INFO - Fetched data for page 69
[2025-01-17T10:01:33.134+0000] {subprocess.py:93} INFO - Fetched data for page 70
[2025-01-17T10:01:33.134+0000] {subprocess.py:93} INFO - Fetched data for page 71
[2025-01-17T10:01:33.134+0000] {subprocess.py:93} INFO - Fetched data for page 72
[2025-01-17T10:01:33.135+0000] {subprocess.py:93} INFO - Fetched data for page 73
[2025-01-17T10:01:33.135+0000] {subprocess.py:93} INFO - Fetched data for page 74
[2025-01-17T10:01:33.135+0000] {subprocess.py:93} INFO - Fetched data for page 75
[2025-01-17T10:01:33.135+0000] {subprocess.py:93} INFO - Fetched data for page 76
[2025-01-17T10:01:33.136+0000] {subprocess.py:93} INFO - Fetched data for page 77
[2025-01-17T10:01:33.136+0000] {subprocess.py:93} INFO - Fetched data for page 78
[2025-01-17T10:01:33.136+0000] {subprocess.py:93} INFO - Fetched data for page 79
[2025-01-17T10:01:33.136+0000] {subprocess.py:93} INFO - Fetched data for page 80
[2025-01-17T10:01:33.137+0000] {subprocess.py:93} INFO - Fetched data for page 81
[2025-01-17T10:01:33.137+0000] {subprocess.py:93} INFO - Fetched data for page 82
[2025-01-17T10:01:33.137+0000] {subprocess.py:93} INFO - Fetched data for page 83
[2025-01-17T10:01:33.137+0000] {subprocess.py:93} INFO - Fetched data for page 84
[2025-01-17T10:01:33.138+0000] {subprocess.py:93} INFO - Fetched data for page 85
[2025-01-17T10:01:33.138+0000] {subprocess.py:93} INFO - Fetched data for page 86
[2025-01-17T10:01:33.138+0000] {subprocess.py:93} INFO - Fetched data for page 87
[2025-01-17T10:01:33.138+0000] {subprocess.py:93} INFO - Fetched data for page 88
[2025-01-17T10:01:33.139+0000] {subprocess.py:93} INFO - Fetched data for page 89
[2025-01-17T10:01:33.139+0000] {subprocess.py:93} INFO - Fetched data for page 90
[2025-01-17T10:01:33.139+0000] {subprocess.py:93} INFO - Fetched data for page 91
[2025-01-17T10:01:33.140+0000] {subprocess.py:93} INFO - Fetched data for page 92
[2025-01-17T10:01:33.140+0000] {subprocess.py:93} INFO - Fetched data for page 93
[2025-01-17T10:01:33.141+0000] {subprocess.py:93} INFO - Fetched data for page 94
[2025-01-17T10:01:33.141+0000] {subprocess.py:93} INFO - Fetched data for page 95
[2025-01-17T10:01:33.142+0000] {subprocess.py:93} INFO - Fetched data for page 96
[2025-01-17T10:01:33.142+0000] {subprocess.py:93} INFO - Fetched data for page 97
[2025-01-17T10:01:33.143+0000] {subprocess.py:93} INFO - Fetched data for page 98
[2025-01-17T10:01:33.143+0000] {subprocess.py:93} INFO - Fetched data for page 99
[2025-01-17T10:01:33.144+0000] {subprocess.py:93} INFO - Fetched data for page 100
[2025-01-17T10:01:33.144+0000] {subprocess.py:93} INFO - Fetched data for page 101
[2025-01-17T10:01:33.144+0000] {subprocess.py:93} INFO - Fetched data for page 102
[2025-01-17T10:01:33.145+0000] {subprocess.py:93} INFO - Fetched data for page 103
[2025-01-17T10:01:33.145+0000] {subprocess.py:93} INFO - Fetched data for page 104
[2025-01-17T10:01:33.145+0000] {subprocess.py:93} INFO - Fetched data for page 105
[2025-01-17T10:01:33.146+0000] {subprocess.py:93} INFO - Fetched data for page 106
[2025-01-17T10:01:33.146+0000] {subprocess.py:93} INFO - Fetched data for page 107
[2025-01-17T10:01:33.146+0000] {subprocess.py:93} INFO - Fetched data for page 108
[2025-01-17T10:01:33.147+0000] {subprocess.py:93} INFO - Fetched data for page 109
[2025-01-17T10:01:33.147+0000] {subprocess.py:93} INFO - Fetched data for page 110
[2025-01-17T10:01:33.147+0000] {subprocess.py:93} INFO - Fetched data for page 111
[2025-01-17T10:01:33.148+0000] {subprocess.py:93} INFO - Fetched data for page 112
[2025-01-17T10:01:33.148+0000] {subprocess.py:93} INFO - Fetched data for page 113
[2025-01-17T10:01:33.148+0000] {subprocess.py:93} INFO - Fetched data for page 114
[2025-01-17T10:01:33.149+0000] {subprocess.py:93} INFO - Fetched data for page 115
[2025-01-17T10:01:33.149+0000] {subprocess.py:93} INFO - Fetched data for page 116
[2025-01-17T10:01:33.150+0000] {subprocess.py:93} INFO - Fetched data for page 117
[2025-01-17T10:01:33.150+0000] {subprocess.py:93} INFO - Fetched data for page 118
[2025-01-17T10:01:33.150+0000] {subprocess.py:93} INFO - Fetched data for page 119
[2025-01-17T10:01:33.150+0000] {subprocess.py:93} INFO - Fetched data for page 120
[2025-01-17T10:01:33.151+0000] {subprocess.py:93} INFO - Fetched data for page 121
[2025-01-17T10:01:33.151+0000] {subprocess.py:93} INFO - Fetched data for page 122
[2025-01-17T10:01:33.152+0000] {subprocess.py:93} INFO - Fetched data for page 123
[2025-01-17T10:01:33.152+0000] {subprocess.py:93} INFO - Fetched data for page 124
[2025-01-17T10:01:33.152+0000] {subprocess.py:93} INFO - Fetched data for page 125
[2025-01-17T10:01:33.152+0000] {subprocess.py:93} INFO - Fetched data for page 126
[2025-01-17T10:01:33.153+0000] {subprocess.py:93} INFO - Fetched data for page 127
[2025-01-17T10:01:33.153+0000] {subprocess.py:93} INFO - Fetched data for page 128
[2025-01-17T10:01:33.153+0000] {subprocess.py:93} INFO - Fetched data for page 129
[2025-01-17T10:01:33.154+0000] {subprocess.py:93} INFO - Fetched data for page 130
[2025-01-17T10:01:33.154+0000] {subprocess.py:93} INFO - Fetched data for page 131
[2025-01-17T10:01:33.154+0000] {subprocess.py:93} INFO - Fetched data for page 132
[2025-01-17T10:01:33.155+0000] {subprocess.py:93} INFO - Fetched data for page 133
[2025-01-17T10:01:33.155+0000] {subprocess.py:93} INFO - Fetched data for page 134
[2025-01-17T10:01:33.155+0000] {subprocess.py:93} INFO - Fetched data for page 135
[2025-01-17T10:01:33.156+0000] {subprocess.py:93} INFO - Fetched data for page 136
[2025-01-17T10:01:33.156+0000] {subprocess.py:93} INFO - Fetched data for page 137
[2025-01-17T10:01:33.156+0000] {subprocess.py:93} INFO - Fetched data for page 138
[2025-01-17T10:01:33.156+0000] {subprocess.py:93} INFO - Fetched data for page 139
[2025-01-17T10:01:33.157+0000] {subprocess.py:93} INFO - Fetched data for page 140
[2025-01-17T10:01:33.157+0000] {subprocess.py:93} INFO - Fetched data for page 141
[2025-01-17T10:01:33.157+0000] {subprocess.py:93} INFO - Fetched data for page 142
[2025-01-17T10:01:33.157+0000] {subprocess.py:93} INFO - Fetched data for page 143
[2025-01-17T10:01:33.158+0000] {subprocess.py:93} INFO - Fetched data for page 144
[2025-01-17T10:01:33.158+0000] {subprocess.py:93} INFO - Fetched data for page 145
[2025-01-17T10:01:33.158+0000] {subprocess.py:93} INFO - Fetched data for page 146
[2025-01-17T10:01:33.159+0000] {subprocess.py:93} INFO - Fetched data for page 147
[2025-01-17T10:01:33.159+0000] {subprocess.py:93} INFO - Fetched data for page 148
[2025-01-17T10:01:33.159+0000] {subprocess.py:93} INFO - Fetched data for page 149
[2025-01-17T10:01:33.159+0000] {subprocess.py:93} INFO - Fetched data for page 150
[2025-01-17T10:01:33.160+0000] {subprocess.py:93} INFO - Fetched data for page 151
[2025-01-17T10:01:33.160+0000] {subprocess.py:93} INFO - Fetched data for page 152
[2025-01-17T10:01:33.161+0000] {subprocess.py:93} INFO - Fetched data for page 153
[2025-01-17T10:01:33.161+0000] {subprocess.py:93} INFO - Fetched data for page 154
[2025-01-17T10:01:33.161+0000] {subprocess.py:93} INFO - Fetched data for page 155
[2025-01-17T10:01:33.161+0000] {subprocess.py:93} INFO - Fetched data for page 156
[2025-01-17T10:01:33.162+0000] {subprocess.py:93} INFO - Fetched data for page 157
[2025-01-17T10:01:33.162+0000] {subprocess.py:93} INFO - Fetched data for page 158
[2025-01-17T10:01:33.162+0000] {subprocess.py:93} INFO - Fetched data for page 159
[2025-01-17T10:01:33.162+0000] {subprocess.py:93} INFO - Fetched data for page 160
[2025-01-17T10:01:33.163+0000] {subprocess.py:93} INFO - Fetched data for page 161
[2025-01-17T10:01:33.163+0000] {subprocess.py:93} INFO - Fetched data for page 162
[2025-01-17T10:01:33.163+0000] {subprocess.py:93} INFO - Fetched data for page 163
[2025-01-17T10:01:33.163+0000] {subprocess.py:93} INFO - Fetched data for page 164
[2025-01-17T10:01:33.163+0000] {subprocess.py:93} INFO - Fetched data for page 165
[2025-01-17T10:01:33.164+0000] {subprocess.py:93} INFO - Fetched data for page 166
[2025-01-17T10:01:33.164+0000] {subprocess.py:93} INFO - Fetched data for page 167
[2025-01-17T10:01:33.165+0000] {subprocess.py:93} INFO - Fetched data for page 168
[2025-01-17T10:01:33.165+0000] {subprocess.py:93} INFO - Fetched data for page 169
[2025-01-17T10:01:33.165+0000] {subprocess.py:93} INFO - Fetched data for page 170
[2025-01-17T10:01:33.165+0000] {subprocess.py:93} INFO - Fetched data for page 171
[2025-01-17T10:01:33.166+0000] {subprocess.py:93} INFO - Fetched data for page 172
[2025-01-17T10:01:33.166+0000] {subprocess.py:93} INFO - Fetched data for page 173
[2025-01-17T10:01:33.166+0000] {subprocess.py:93} INFO - Fetched data for page 174
[2025-01-17T10:01:33.166+0000] {subprocess.py:93} INFO - Fetched data for page 175
[2025-01-17T10:01:33.167+0000] {subprocess.py:93} INFO - Fetched data for page 176
[2025-01-17T10:01:33.167+0000] {subprocess.py:93} INFO - Fetched data for page 177
[2025-01-17T10:01:33.167+0000] {subprocess.py:93} INFO - Fetched data for page 178
[2025-01-17T10:01:33.167+0000] {subprocess.py:93} INFO - Fetched data for page 179
[2025-01-17T10:01:33.168+0000] {subprocess.py:93} INFO - Fetched data for page 180
[2025-01-17T10:01:33.168+0000] {subprocess.py:93} INFO - Fetched data for page 181
[2025-01-17T10:01:33.168+0000] {subprocess.py:93} INFO - Fetched data for page 182
[2025-01-17T10:01:33.168+0000] {subprocess.py:93} INFO - Fetched data for page 183
[2025-01-17T10:01:33.169+0000] {subprocess.py:93} INFO - Fetched data for page 184
[2025-01-17T10:01:33.169+0000] {subprocess.py:93} INFO - Fetched data for page 185
[2025-01-17T10:01:33.169+0000] {subprocess.py:93} INFO - Fetched data for page 186
[2025-01-17T10:01:33.169+0000] {subprocess.py:93} INFO - Fetched data for page 187
[2025-01-17T10:01:33.170+0000] {subprocess.py:93} INFO - Fetched data for page 188
[2025-01-17T10:01:33.170+0000] {subprocess.py:93} INFO - Fetched data for page 189
[2025-01-17T10:01:33.170+0000] {subprocess.py:93} INFO - Fetched data for page 190
[2025-01-17T10:01:33.171+0000] {subprocess.py:93} INFO - Fetched data for page 191
[2025-01-17T10:01:33.172+0000] {subprocess.py:93} INFO - Fetched data for page 192
[2025-01-17T10:01:33.172+0000] {subprocess.py:93} INFO - Fetched data for page 193
[2025-01-17T10:01:33.173+0000] {subprocess.py:93} INFO - Fetched data for page 194
[2025-01-17T10:01:33.173+0000] {subprocess.py:93} INFO - Fetched data for page 195
[2025-01-17T10:01:33.174+0000] {subprocess.py:93} INFO - Fetched data for page 196
[2025-01-17T10:01:33.174+0000] {subprocess.py:93} INFO - Fetched data for page 197
[2025-01-17T10:01:33.174+0000] {subprocess.py:93} INFO - Fetched data for page 198
[2025-01-17T10:01:33.175+0000] {subprocess.py:93} INFO - Fetched data for page 199
[2025-01-17T10:01:33.175+0000] {subprocess.py:93} INFO - Fetched data for page 200
[2025-01-17T10:01:33.175+0000] {subprocess.py:93} INFO - Fetched data for page 201
[2025-01-17T10:01:33.176+0000] {subprocess.py:93} INFO - Fetched data for page 202
[2025-01-17T10:01:33.177+0000] {subprocess.py:93} INFO - Fetched data for page 203
[2025-01-17T10:01:33.177+0000] {subprocess.py:93} INFO - Fetched data for page 204
[2025-01-17T10:01:33.178+0000] {subprocess.py:93} INFO - Fetched data for page 205
[2025-01-17T10:01:33.178+0000] {subprocess.py:93} INFO - Fetched data for page 206
[2025-01-17T10:01:33.178+0000] {subprocess.py:93} INFO - Fetched data for page 207
[2025-01-17T10:01:33.179+0000] {subprocess.py:93} INFO - Fetched data for page 208
[2025-01-17T10:01:33.179+0000] {subprocess.py:93} INFO - Fetched data for page 209
[2025-01-17T10:01:33.179+0000] {subprocess.py:93} INFO - Fetched data for page 210
[2025-01-17T10:01:33.179+0000] {subprocess.py:93} INFO - Fetched data for page 211
[2025-01-17T10:01:33.180+0000] {subprocess.py:93} INFO - Fetched data for page 212
[2025-01-17T10:01:33.181+0000] {subprocess.py:93} INFO - Fetched data for page 213
[2025-01-17T10:01:33.182+0000] {subprocess.py:93} INFO - Fetched data for page 214
[2025-01-17T10:01:33.183+0000] {subprocess.py:93} INFO - Fetched data for page 215
[2025-01-17T10:01:33.184+0000] {subprocess.py:93} INFO - Fetched data for page 216
[2025-01-17T10:01:33.184+0000] {subprocess.py:93} INFO - Fetched data for page 217
[2025-01-17T10:01:33.185+0000] {subprocess.py:93} INFO - Fetched data for page 218
[2025-01-17T10:01:33.185+0000] {subprocess.py:93} INFO - Fetched data for page 219
[2025-01-17T10:01:33.186+0000] {subprocess.py:93} INFO - Fetched data for page 220
[2025-01-17T10:01:33.186+0000] {subprocess.py:93} INFO - Fetched data for page 221
[2025-01-17T10:01:33.187+0000] {subprocess.py:93} INFO - Fetched data for page 222
[2025-01-17T10:01:33.188+0000] {subprocess.py:93} INFO - Fetched data for page 223
[2025-01-17T10:01:33.188+0000] {subprocess.py:93} INFO - Fetched data for page 224
[2025-01-17T10:01:33.189+0000] {subprocess.py:93} INFO - Fetched data for page 225
[2025-01-17T10:01:33.189+0000] {subprocess.py:93} INFO - Fetched data for page 226
[2025-01-17T10:01:33.190+0000] {subprocess.py:93} INFO - Fetched data for page 227
[2025-01-17T10:01:33.191+0000] {subprocess.py:93} INFO - Fetched data for page 228
[2025-01-17T10:01:33.191+0000] {subprocess.py:93} INFO - Fetched data for page 229
[2025-01-17T10:01:33.192+0000] {subprocess.py:93} INFO - Fetched data for page 230
[2025-01-17T10:01:33.192+0000] {subprocess.py:93} INFO - Fetched data for page 231
[2025-01-17T10:01:33.193+0000] {subprocess.py:93} INFO - Fetched data for page 232
[2025-01-17T10:01:33.193+0000] {subprocess.py:93} INFO - Fetched data for page 233
[2025-01-17T10:01:33.194+0000] {subprocess.py:93} INFO - Fetched data for page 234
[2025-01-17T10:01:33.194+0000] {subprocess.py:93} INFO - Fetched data for page 235
[2025-01-17T10:01:33.195+0000] {subprocess.py:93} INFO - Fetched data for page 236
[2025-01-17T10:01:33.195+0000] {subprocess.py:93} INFO - Fetched data for page 237
[2025-01-17T10:01:33.196+0000] {subprocess.py:93} INFO - Fetched data for page 238
[2025-01-17T10:01:33.196+0000] {subprocess.py:93} INFO - Fetched data for page 239
[2025-01-17T10:01:33.196+0000] {subprocess.py:93} INFO - Fetched data for page 240
[2025-01-17T10:01:33.197+0000] {subprocess.py:93} INFO - Fetched data for page 241
[2025-01-17T10:01:33.199+0000] {subprocess.py:93} INFO - Fetched data for page 242
[2025-01-17T10:01:33.200+0000] {subprocess.py:93} INFO - Fetched data for page 243
[2025-01-17T10:01:33.200+0000] {subprocess.py:93} INFO - Fetched data for page 244
[2025-01-17T10:01:33.201+0000] {subprocess.py:93} INFO - Fetched data for page 245
[2025-01-17T10:01:33.201+0000] {subprocess.py:93} INFO - Fetched data for page 246
[2025-01-17T10:01:33.202+0000] {subprocess.py:93} INFO - Fetched data for page 247
[2025-01-17T10:01:33.203+0000] {subprocess.py:93} INFO - Fetched data for page 248
[2025-01-17T10:01:33.204+0000] {subprocess.py:93} INFO - Fetched data for page 249
[2025-01-17T10:01:33.204+0000] {subprocess.py:93} INFO - Fetched data for page 250
[2025-01-17T10:01:33.204+0000] {subprocess.py:93} INFO - Fetched data for page 251
[2025-01-17T10:01:33.205+0000] {subprocess.py:93} INFO - Fetched data for page 252
[2025-01-17T10:01:33.207+0000] {subprocess.py:93} INFO - Fetched data for page 253
[2025-01-17T10:01:33.207+0000] {subprocess.py:93} INFO - Fetched data for page 254
[2025-01-17T10:01:33.208+0000] {subprocess.py:93} INFO - Fetched data for page 255
[2025-01-17T10:01:33.210+0000] {subprocess.py:93} INFO - Fetched data for page 256
[2025-01-17T10:01:33.211+0000] {subprocess.py:93} INFO - Fetched data for page 257
[2025-01-17T10:01:33.211+0000] {subprocess.py:93} INFO - Fetched data for page 258
[2025-01-17T10:01:33.211+0000] {subprocess.py:93} INFO - Fetched data for page 259
[2025-01-17T10:01:33.212+0000] {subprocess.py:93} INFO - Fetched data for page 260
[2025-01-17T10:01:33.212+0000] {subprocess.py:93} INFO - Fetched data for page 261
[2025-01-17T10:01:33.212+0000] {subprocess.py:93} INFO - Fetched data for page 262
[2025-01-17T10:01:33.213+0000] {subprocess.py:93} INFO - Fetched data for page 263
[2025-01-17T10:01:33.213+0000] {subprocess.py:93} INFO - Fetched data for page 264
[2025-01-17T10:01:33.213+0000] {subprocess.py:93} INFO - Fetched data for page 265
[2025-01-17T10:01:33.214+0000] {subprocess.py:93} INFO - Fetched data for page 266
[2025-01-17T10:01:33.214+0000] {subprocess.py:93} INFO - Fetched data for page 267
[2025-01-17T10:01:33.214+0000] {subprocess.py:93} INFO - Fetched data for page 268
[2025-01-17T10:01:33.215+0000] {subprocess.py:93} INFO - Fetched data for page 269
[2025-01-17T10:01:33.215+0000] {subprocess.py:93} INFO - Fetched data for page 270
[2025-01-17T10:01:33.215+0000] {subprocess.py:93} INFO - Fetched data for page 271
[2025-01-17T10:01:33.216+0000] {subprocess.py:93} INFO - Fetched data for page 272
[2025-01-17T10:01:33.216+0000] {subprocess.py:93} INFO - Fetched data for page 273
[2025-01-17T10:01:33.216+0000] {subprocess.py:93} INFO - Fetched data for page 274
[2025-01-17T10:01:33.217+0000] {subprocess.py:93} INFO - Fetched data for page 275
[2025-01-17T10:01:33.217+0000] {subprocess.py:93} INFO - Fetched data for page 276
[2025-01-17T10:01:33.217+0000] {subprocess.py:93} INFO - Fetched data for page 277
[2025-01-17T10:01:33.218+0000] {subprocess.py:93} INFO - Fetched data for page 278
[2025-01-17T10:01:33.218+0000] {subprocess.py:93} INFO - Fetched data for page 279
[2025-01-17T10:01:33.218+0000] {subprocess.py:93} INFO - Fetched data for page 280
[2025-01-17T10:01:33.219+0000] {subprocess.py:93} INFO - Fetched data for page 281
[2025-01-17T10:01:33.219+0000] {subprocess.py:93} INFO - Fetched data for page 282
[2025-01-17T10:01:33.219+0000] {subprocess.py:93} INFO - Fetched data for page 283
[2025-01-17T10:01:33.220+0000] {subprocess.py:93} INFO - Fetched data for page 284
[2025-01-17T10:01:33.220+0000] {subprocess.py:93} INFO - Fetched data for page 285
[2025-01-17T10:01:33.220+0000] {subprocess.py:93} INFO - Fetched data for page 286
[2025-01-17T10:01:33.221+0000] {subprocess.py:93} INFO - Fetched data for page 287
[2025-01-17T10:01:33.221+0000] {subprocess.py:93} INFO - Fetched data for page 288
[2025-01-17T10:01:33.221+0000] {subprocess.py:93} INFO - Fetched data for page 289
[2025-01-17T10:01:33.222+0000] {subprocess.py:93} INFO - Fetched data for page 290
[2025-01-17T10:01:33.222+0000] {subprocess.py:93} INFO - Fetched data for page 291
[2025-01-17T10:01:33.222+0000] {subprocess.py:93} INFO - Fetched data for page 292
[2025-01-17T10:01:33.223+0000] {subprocess.py:93} INFO - Fetched data for page 293
[2025-01-17T10:01:33.223+0000] {subprocess.py:93} INFO - Fetched data for page 294
[2025-01-17T10:01:33.223+0000] {subprocess.py:93} INFO - Fetched data for page 295
[2025-01-17T10:01:33.224+0000] {subprocess.py:93} INFO - Fetched data for page 296
[2025-01-17T10:01:33.224+0000] {subprocess.py:93} INFO - Fetched data for page 297
[2025-01-17T10:01:33.224+0000] {subprocess.py:93} INFO - Fetched data for page 298
[2025-01-17T10:01:33.225+0000] {subprocess.py:93} INFO - Fetched data for page 299
[2025-01-17T10:01:33.225+0000] {subprocess.py:93} INFO - Fetched data for page 300
[2025-01-17T10:01:33.226+0000] {subprocess.py:93} INFO - Fetched data for page 301
[2025-01-17T10:01:33.226+0000] {subprocess.py:93} INFO - Fetched data for page 302
[2025-01-17T10:01:33.226+0000] {subprocess.py:93} INFO - Fetched data for page 303
[2025-01-17T10:01:33.226+0000] {subprocess.py:93} INFO - Fetched data for page 304
[2025-01-17T10:01:33.227+0000] {subprocess.py:93} INFO - Fetched data for page 305
[2025-01-17T10:01:33.227+0000] {subprocess.py:93} INFO - Fetched data for page 306
[2025-01-17T10:01:33.227+0000] {subprocess.py:93} INFO - Fetched data for page 307
[2025-01-17T10:01:33.228+0000] {subprocess.py:93} INFO - Fetched data for page 308
[2025-01-17T10:01:33.228+0000] {subprocess.py:93} INFO - Fetched data for page 309
[2025-01-17T10:01:33.228+0000] {subprocess.py:93} INFO - Fetched data for page 310
[2025-01-17T10:01:33.228+0000] {subprocess.py:93} INFO - Fetched data for page 311
[2025-01-17T10:01:33.229+0000] {subprocess.py:93} INFO - Fetched data for page 312
[2025-01-17T10:01:33.229+0000] {subprocess.py:93} INFO - Fetched data for page 313
[2025-01-17T10:01:33.229+0000] {subprocess.py:93} INFO - Fetched data for page 314
[2025-01-17T10:01:33.229+0000] {subprocess.py:93} INFO - Fetched data for page 315
[2025-01-17T10:01:33.230+0000] {subprocess.py:93} INFO - Fetched data for page 316
[2025-01-17T10:01:33.230+0000] {subprocess.py:93} INFO - Fetched data for page 317
[2025-01-17T10:01:33.230+0000] {subprocess.py:93} INFO - Fetched data for page 318
[2025-01-17T10:01:33.230+0000] {subprocess.py:93} INFO - Fetched data for page 319
[2025-01-17T10:20:03.800+0000] {subprocess.py:93} INFO - Fetched data for page 320
[2025-01-17T10:20:03.801+0000] {subprocess.py:93} INFO - Fetched data for page 321
[2025-01-17T10:20:03.801+0000] {subprocess.py:93} INFO - Fetched data for page 322
[2025-01-17T10:20:03.801+0000] {subprocess.py:93} INFO - Fetched data for page 323
[2025-01-17T10:20:03.802+0000] {subprocess.py:93} INFO - Fetched data for page 324
[2025-01-17T10:20:03.803+0000] {subprocess.py:93} INFO - Fetched data for page 325
[2025-01-17T10:20:03.803+0000] {subprocess.py:93} INFO - Fetched data for page 326
[2025-01-17T10:20:03.804+0000] {subprocess.py:93} INFO - Fetched data for page 327
[2025-01-17T10:20:03.805+0000] {subprocess.py:93} INFO - Fetched data for page 328
[2025-01-17T10:20:03.805+0000] {subprocess.py:93} INFO - Fetched data for page 329
[2025-01-17T10:20:03.806+0000] {subprocess.py:93} INFO - Fetched data for page 330
[2025-01-17T10:20:03.806+0000] {subprocess.py:93} INFO - Fetched data for page 331
[2025-01-17T10:20:03.806+0000] {subprocess.py:93} INFO - Fetched data for page 332
[2025-01-17T10:20:03.807+0000] {subprocess.py:93} INFO - Fetched data for page 333
[2025-01-17T10:20:03.807+0000] {subprocess.py:93} INFO - Fetched data for page 334
[2025-01-17T10:20:03.808+0000] {subprocess.py:93} INFO - Fetched data for page 335
[2025-01-17T10:20:03.808+0000] {subprocess.py:93} INFO - Fetched data for page 336
[2025-01-17T10:20:03.809+0000] {subprocess.py:93} INFO - Fetched data for page 337
[2025-01-17T10:20:03.809+0000] {subprocess.py:93} INFO - Fetched data for page 338
[2025-01-17T10:20:03.810+0000] {subprocess.py:93} INFO - Fetched data for page 339
[2025-01-17T10:20:03.810+0000] {subprocess.py:93} INFO - Fetched data for page 340
[2025-01-17T10:20:03.811+0000] {subprocess.py:93} INFO - Fetched data for page 341
[2025-01-17T10:20:03.811+0000] {subprocess.py:93} INFO - Fetched data for page 342
[2025-01-17T10:20:03.812+0000] {subprocess.py:93} INFO - Fetched data for page 343
[2025-01-17T10:20:03.813+0000] {subprocess.py:93} INFO - Fetched data for page 344
[2025-01-17T10:20:03.813+0000] {subprocess.py:93} INFO - Fetched data for page 345
[2025-01-17T10:20:03.813+0000] {subprocess.py:93} INFO - Fetched data for page 346
[2025-01-17T10:20:03.814+0000] {subprocess.py:93} INFO - Fetched data for page 347
[2025-01-17T10:20:03.814+0000] {subprocess.py:93} INFO - Fetched data for page 348
[2025-01-17T10:20:03.814+0000] {subprocess.py:93} INFO - Fetched data for page 349
[2025-01-17T10:20:03.815+0000] {subprocess.py:93} INFO - Fetched data for page 350
[2025-01-17T10:20:03.815+0000] {subprocess.py:93} INFO - Fetched data for page 351
[2025-01-17T10:20:03.815+0000] {subprocess.py:93} INFO - Fetched data for page 352
[2025-01-17T10:20:03.815+0000] {subprocess.py:93} INFO - Fetched data for page 353
[2025-01-17T10:20:03.816+0000] {subprocess.py:93} INFO - Fetched data for page 354
[2025-01-17T10:20:03.816+0000] {subprocess.py:93} INFO - Fetched data for page 355
[2025-01-17T10:20:03.816+0000] {subprocess.py:93} INFO - Fetched data for page 356
[2025-01-17T10:20:03.817+0000] {subprocess.py:93} INFO - Fetched data for page 357
[2025-01-17T10:20:03.817+0000] {subprocess.py:93} INFO - Fetched data for page 358
[2025-01-17T10:20:03.817+0000] {subprocess.py:93} INFO - Fetched data for page 359
[2025-01-17T10:20:03.818+0000] {subprocess.py:93} INFO - Fetched data for page 360
[2025-01-17T10:20:03.818+0000] {subprocess.py:93} INFO - Fetched data for page 361
[2025-01-17T10:20:03.818+0000] {subprocess.py:93} INFO - Fetched data for page 362
[2025-01-17T10:20:03.819+0000] {subprocess.py:93} INFO - Fetched data for page 363
[2025-01-17T10:20:03.819+0000] {subprocess.py:93} INFO - Fetched data for page 364
[2025-01-17T10:20:03.819+0000] {subprocess.py:93} INFO - Fetched data for page 365
[2025-01-17T10:20:03.820+0000] {subprocess.py:93} INFO - Fetched data for page 366
[2025-01-17T10:20:03.820+0000] {subprocess.py:93} INFO - Fetched data for page 367
[2025-01-17T10:20:03.821+0000] {subprocess.py:93} INFO - Fetched data for page 368
[2025-01-17T10:20:03.821+0000] {subprocess.py:93} INFO - Fetched data for page 369
[2025-01-17T10:20:03.821+0000] {subprocess.py:93} INFO - Fetched data for page 370
[2025-01-17T10:20:03.822+0000] {subprocess.py:93} INFO - Fetched data for page 371
[2025-01-17T10:20:03.822+0000] {subprocess.py:93} INFO - Fetched data for page 372
[2025-01-17T10:20:03.822+0000] {subprocess.py:93} INFO - Fetched data for page 373
[2025-01-17T10:20:03.823+0000] {subprocess.py:93} INFO - Fetched data for page 374
[2025-01-17T10:20:03.823+0000] {subprocess.py:93} INFO - Fetched data for page 375
[2025-01-17T10:20:03.824+0000] {subprocess.py:93} INFO - Fetched data for page 376
[2025-01-17T10:20:03.824+0000] {subprocess.py:93} INFO - Fetched data for page 377
[2025-01-17T10:20:03.824+0000] {subprocess.py:93} INFO - Fetched data for page 378
[2025-01-17T10:20:03.825+0000] {subprocess.py:93} INFO - Fetched data for page 379
[2025-01-17T10:20:03.826+0000] {subprocess.py:93} INFO - Fetched data for page 380
[2025-01-17T10:20:03.826+0000] {subprocess.py:93} INFO - Fetched data for page 381
[2025-01-17T10:20:03.827+0000] {subprocess.py:93} INFO - Fetched data for page 382
[2025-01-17T10:20:03.827+0000] {subprocess.py:93} INFO - Fetched data for page 383
[2025-01-17T10:20:03.828+0000] {subprocess.py:93} INFO - Fetched data for page 384
[2025-01-17T10:20:03.828+0000] {subprocess.py:93} INFO - Fetched data for page 385
[2025-01-17T10:20:03.828+0000] {subprocess.py:93} INFO - Fetched data for page 386
[2025-01-17T10:20:03.829+0000] {subprocess.py:93} INFO - Fetched data for page 387
[2025-01-17T10:20:03.829+0000] {subprocess.py:93} INFO - Fetched data for page 388
[2025-01-17T10:20:03.830+0000] {subprocess.py:93} INFO - Fetched data for page 389
[2025-01-17T10:20:03.830+0000] {subprocess.py:93} INFO - Fetched data for page 390
[2025-01-17T10:20:03.831+0000] {subprocess.py:93} INFO - Fetched data for page 391
[2025-01-17T10:20:03.832+0000] {subprocess.py:93} INFO - Fetched data for page 392
[2025-01-17T10:20:03.832+0000] {subprocess.py:93} INFO - Fetched data for page 393
[2025-01-17T10:20:03.833+0000] {subprocess.py:93} INFO - Fetched data for page 394
[2025-01-17T10:20:03.833+0000] {subprocess.py:93} INFO - Fetched data for page 395
[2025-01-17T10:20:03.834+0000] {subprocess.py:93} INFO - Fetched data for page 396
[2025-01-17T10:20:03.834+0000] {subprocess.py:93} INFO - Fetched data for page 397
[2025-01-17T10:20:03.835+0000] {subprocess.py:93} INFO - Fetched data for page 398
[2025-01-17T10:20:03.835+0000] {subprocess.py:93} INFO - Fetched data for page 399
[2025-01-17T10:20:03.836+0000] {subprocess.py:93} INFO - Fetched data for page 400
[2025-01-17T10:20:03.836+0000] {subprocess.py:93} INFO - Fetched data for page 401
[2025-01-17T10:20:03.837+0000] {subprocess.py:93} INFO - Fetched data for page 402
[2025-01-17T10:20:03.837+0000] {subprocess.py:93} INFO - Fetched data for page 403
[2025-01-17T10:20:03.837+0000] {subprocess.py:93} INFO - Fetched data for page 404
[2025-01-17T10:20:03.838+0000] {subprocess.py:93} INFO - Fetched data for page 405
[2025-01-17T10:20:03.838+0000] {subprocess.py:93} INFO - Fetched data for page 406
[2025-01-17T10:20:03.839+0000] {subprocess.py:93} INFO - Fetched data for page 407
[2025-01-17T10:20:03.839+0000] {subprocess.py:93} INFO - Fetched data for page 408
[2025-01-17T10:20:03.840+0000] {subprocess.py:93} INFO - Fetched data for page 409
[2025-01-17T10:20:03.840+0000] {subprocess.py:93} INFO - Fetched data for page 410
[2025-01-17T10:20:03.840+0000] {subprocess.py:93} INFO - Fetched data for page 411
[2025-01-17T10:20:03.841+0000] {subprocess.py:93} INFO - Fetched data for page 412
[2025-01-17T10:20:03.842+0000] {subprocess.py:93} INFO - Fetched data for page 413
[2025-01-17T10:20:03.842+0000] {subprocess.py:93} INFO - Fetched data for page 414
[2025-01-17T10:20:03.843+0000] {subprocess.py:93} INFO - Fetched data for page 415
[2025-01-17T10:20:03.843+0000] {subprocess.py:93} INFO - Fetched data for page 416
[2025-01-17T10:20:03.843+0000] {subprocess.py:93} INFO - Fetched data for page 417
[2025-01-17T10:20:03.844+0000] {subprocess.py:93} INFO - Fetched data for page 418
[2025-01-17T10:20:03.844+0000] {subprocess.py:93} INFO - Fetched data for page 419
[2025-01-17T10:20:03.845+0000] {subprocess.py:93} INFO - Fetched data for page 420
[2025-01-17T10:20:03.845+0000] {subprocess.py:93} INFO - Fetched data for page 421
[2025-01-17T10:20:03.846+0000] {subprocess.py:93} INFO - Fetched data for page 422
[2025-01-17T10:20:03.846+0000] {subprocess.py:93} INFO - Fetched data for page 423
[2025-01-17T10:20:03.846+0000] {subprocess.py:93} INFO - Fetched data for page 424
[2025-01-17T10:20:03.847+0000] {subprocess.py:93} INFO - Fetched data for page 425
[2025-01-17T10:20:03.847+0000] {subprocess.py:93} INFO - Fetched data for page 426
[2025-01-17T10:20:03.847+0000] {subprocess.py:93} INFO - Fetched data for page 427
[2025-01-17T10:20:03.847+0000] {subprocess.py:93} INFO - Fetched data for page 428
[2025-01-17T10:20:03.848+0000] {subprocess.py:93} INFO - Fetched data for page 429
[2025-01-17T10:20:03.848+0000] {subprocess.py:93} INFO - Fetched data for page 430
[2025-01-17T10:20:03.848+0000] {subprocess.py:93} INFO - Fetched data for page 431
[2025-01-17T10:20:03.849+0000] {subprocess.py:93} INFO - Fetched data for page 432
[2025-01-17T10:20:03.849+0000] {subprocess.py:93} INFO - Fetched data for page 433
[2025-01-17T10:20:03.849+0000] {subprocess.py:93} INFO - Fetched data for page 434
[2025-01-17T10:20:03.850+0000] {subprocess.py:93} INFO - Fetched data for page 435
[2025-01-17T10:20:03.850+0000] {subprocess.py:93} INFO - Fetched data for page 436
[2025-01-17T10:20:03.850+0000] {subprocess.py:93} INFO - Fetched data for page 437
[2025-01-17T10:20:03.851+0000] {subprocess.py:93} INFO - Fetched data for page 438
[2025-01-17T10:20:03.851+0000] {subprocess.py:93} INFO - Fetched data for page 439
[2025-01-17T10:20:03.852+0000] {subprocess.py:93} INFO - Fetched data for page 440
[2025-01-17T10:20:03.852+0000] {subprocess.py:93} INFO - Fetched data for page 441
[2025-01-17T10:20:03.853+0000] {subprocess.py:93} INFO - Fetched data for page 442
[2025-01-17T10:20:03.854+0000] {subprocess.py:93} INFO - Fetched data for page 443
[2025-01-17T10:20:03.854+0000] {subprocess.py:93} INFO - Fetched data for page 444
[2025-01-17T10:20:03.857+0000] {subprocess.py:93} INFO - Fetched data for page 445
[2025-01-17T10:20:03.857+0000] {subprocess.py:93} INFO - Fetched data for page 446
[2025-01-17T10:20:03.858+0000] {subprocess.py:93} INFO - Fetched data for page 447
[2025-01-17T10:20:03.858+0000] {subprocess.py:93} INFO - Fetched data for page 448
[2025-01-17T10:20:03.859+0000] {subprocess.py:93} INFO - Fetched data for page 449
[2025-01-17T10:20:03.859+0000] {subprocess.py:93} INFO - Fetched data for page 450
[2025-01-17T10:20:03.859+0000] {subprocess.py:93} INFO - Fetched data for page 451
[2025-01-17T10:20:03.860+0000] {subprocess.py:93} INFO - Fetched data for page 452
[2025-01-17T10:20:03.860+0000] {subprocess.py:93} INFO - Fetched data for page 453
[2025-01-17T10:20:03.861+0000] {subprocess.py:93} INFO - Fetched data for page 454
[2025-01-17T10:20:03.861+0000] {subprocess.py:93} INFO - Fetched data for page 455
[2025-01-17T10:20:03.862+0000] {subprocess.py:93} INFO - Fetched data for page 456
[2025-01-17T10:20:03.862+0000] {subprocess.py:93} INFO - Fetched data for page 457
[2025-01-17T10:20:03.863+0000] {subprocess.py:93} INFO - Fetched data for page 458
[2025-01-17T10:20:03.863+0000] {subprocess.py:93} INFO - Fetched data for page 459
[2025-01-17T10:20:03.864+0000] {subprocess.py:93} INFO - Fetched data for page 460
[2025-01-17T10:20:03.864+0000] {subprocess.py:93} INFO - Fetched data for page 461
[2025-01-17T10:20:03.865+0000] {subprocess.py:93} INFO - Fetched data for page 462
[2025-01-17T10:20:03.865+0000] {subprocess.py:93} INFO - Fetched data for page 463
[2025-01-17T10:20:03.865+0000] {subprocess.py:93} INFO - Fetched data for page 464
[2025-01-17T10:20:03.866+0000] {subprocess.py:93} INFO - Fetched data for page 465
[2025-01-17T10:20:03.866+0000] {subprocess.py:93} INFO - Fetched data for page 466
[2025-01-17T10:20:03.867+0000] {subprocess.py:93} INFO - Fetched data for page 467
[2025-01-17T10:20:03.867+0000] {subprocess.py:93} INFO - Fetched data for page 468
[2025-01-17T10:20:03.868+0000] {subprocess.py:93} INFO - Fetched data for page 469
[2025-01-17T10:20:03.869+0000] {subprocess.py:93} INFO - Fetched data for page 470
[2025-01-17T10:20:03.870+0000] {subprocess.py:93} INFO - Fetched data for page 471
[2025-01-17T10:20:03.870+0000] {subprocess.py:93} INFO - Fetched data for page 472
[2025-01-17T10:20:03.871+0000] {subprocess.py:93} INFO - Fetched data for page 473
[2025-01-17T10:20:03.871+0000] {subprocess.py:93} INFO - Fetched data for page 474
[2025-01-17T10:20:03.872+0000] {subprocess.py:93} INFO - Fetched data for page 475
[2025-01-17T10:20:03.872+0000] {subprocess.py:93} INFO - Fetched data for page 476
[2025-01-17T10:20:03.872+0000] {subprocess.py:93} INFO - Fetched data for page 477
[2025-01-17T10:20:03.872+0000] {subprocess.py:93} INFO - Fetched data for page 478
[2025-01-17T10:20:03.873+0000] {subprocess.py:93} INFO - Fetched data for page 479
[2025-01-17T10:20:03.873+0000] {subprocess.py:93} INFO - Fetched data for page 480
[2025-01-17T10:20:03.874+0000] {subprocess.py:93} INFO - Fetched data for page 481
[2025-01-17T10:20:03.874+0000] {subprocess.py:93} INFO - Fetched data for page 482
[2025-01-17T10:20:03.874+0000] {subprocess.py:93} INFO - Fetched data for page 483
[2025-01-17T10:20:03.875+0000] {subprocess.py:93} INFO - Fetched data for page 484
[2025-01-17T10:20:03.875+0000] {subprocess.py:93} INFO - Fetched data for page 485
[2025-01-17T10:20:03.875+0000] {subprocess.py:93} INFO - Fetched data for page 486
[2025-01-17T10:20:03.876+0000] {subprocess.py:93} INFO - Fetched data for page 487
[2025-01-17T10:20:03.876+0000] {subprocess.py:93} INFO - Fetched data for page 488
[2025-01-17T10:20:03.877+0000] {subprocess.py:93} INFO - Fetched data for page 489
[2025-01-17T10:20:03.877+0000] {subprocess.py:93} INFO - Fetched data for page 490
[2025-01-17T10:20:03.878+0000] {subprocess.py:93} INFO - Fetched data for page 491
[2025-01-17T10:20:03.878+0000] {subprocess.py:93} INFO - Fetched data for page 492
[2025-01-17T10:20:03.879+0000] {subprocess.py:93} INFO - Fetched data for page 493
[2025-01-17T10:20:03.879+0000] {subprocess.py:93} INFO - Fetched data for page 494
[2025-01-17T10:20:03.879+0000] {subprocess.py:93} INFO - Fetched data for page 495
[2025-01-17T10:20:03.880+0000] {subprocess.py:93} INFO - Fetched data for page 496
[2025-01-17T10:20:03.880+0000] {subprocess.py:93} INFO - Fetched data for page 497
[2025-01-17T10:20:03.881+0000] {subprocess.py:93} INFO - Fetched data for page 498
[2025-01-17T10:20:03.881+0000] {subprocess.py:93} INFO - Fetched data for page 499
[2025-01-17T10:20:03.882+0000] {subprocess.py:93} INFO - Fetched data for page 500
[2025-01-17T10:20:03.882+0000] {subprocess.py:93} INFO - Movie data with selected fields has been saved to /opt/***/DE_project/data/JSON/movies_data.json
[2025-01-17T10:20:03.883+0000] {subprocess.py:97} INFO - Command exited with return code 0
[2025-01-17T10:20:03.917+0000] {taskinstance.py:1400} INFO - Marking task as SUCCESS. dag_id=movie_data_etl_workflow, task_id=fetch_movie_data, execution_date=20250105T000000, start_date=20250117T093020, end_date=20250117T102003
[2025-01-17T10:20:03.974+0000] {local_task_job_runner.py:228} INFO - Task exited with return code 0
[2025-01-17T10:20:04.002+0000] {taskinstance.py:2784} INFO - 1 downstream tasks scheduled from follow-on schedule check
