[2024-12-23T09:04:51.778+0000] {warnings.py:109} WARNING - /home/***/.local/lib/python3.8/site-packages/***/utils/sqlalchemy.py:124: DeprecationWarning: The sql_alchemy_conn option in [core] has been moved to the sql_alchemy_conn option in [database] - the old setting has been used, but please update your config.
  return not conf.get("database", "sql_alchemy_conn").startswith("mssql")

[2024-12-23T09:04:51.792+0000] {taskinstance.py:1159} INFO - Dependencies all met for dep_context=non-requeueable deps ti=<TaskInstance: movie_data_etl_workflow.fetch_movie_data scheduled__2024-12-22T00:00:00+00:00 [queued]>
[2024-12-23T09:04:51.804+0000] {taskinstance.py:1159} INFO - Dependencies all met for dep_context=requeueable deps ti=<TaskInstance: movie_data_etl_workflow.fetch_movie_data scheduled__2024-12-22T00:00:00+00:00 [queued]>
[2024-12-23T09:04:51.804+0000] {taskinstance.py:1361} INFO - Starting attempt 1 of 2
[2024-12-23T09:04:51.822+0000] {taskinstance.py:1382} INFO - Executing <Task(BashOperator): fetch_movie_data> on 2024-12-22 00:00:00+00:00
[2024-12-23T09:04:51.826+0000] {standard_task_runner.py:57} INFO - Started process 54 to run task
[2024-12-23T09:04:51.834+0000] {standard_task_runner.py:84} INFO - Running: ['***', 'tasks', 'run', 'movie_data_etl_workflow', 'fetch_movie_data', 'scheduled__2024-12-22T00:00:00+00:00', '--job-id', '55', '--raw', '--subdir', 'DAGS_FOLDER/movie_data_workflow.py', '--cfg-path', '/tmp/tmprp76iwiw']
[2024-12-23T09:04:51.835+0000] {standard_task_runner.py:85} INFO - Job 55: Subtask fetch_movie_data
[2024-12-23T09:04:51.854+0000] {warnings.py:109} WARNING - /home/***/.local/lib/python3.8/site-packages/***/settings.py:195: DeprecationWarning: The sql_alchemy_conn option in [core] has been moved to the sql_alchemy_conn option in [database] - the old setting has been used, but please update your config.
  SQL_ALCHEMY_CONN = conf.get("database", "SQL_ALCHEMY_CONN")

[2024-12-23T09:04:51.907+0000] {task_command.py:415} INFO - Running <TaskInstance: movie_data_etl_workflow.fetch_movie_data scheduled__2024-12-22T00:00:00+00:00 [running]> on host 393cf9a73c28
[2024-12-23T09:04:51.929+0000] {warnings.py:109} WARNING - /home/***/.local/lib/python3.8/site-packages/***/utils/sqlalchemy.py:124: DeprecationWarning: The sql_alchemy_conn option in [core] has been moved to the sql_alchemy_conn option in [database] - the old setting has been used, but please update your config.
  return not conf.get("database", "sql_alchemy_conn").startswith("mssql")

[2024-12-23T09:04:52.027+0000] {taskinstance.py:1660} INFO - Exporting env vars: AIRFLOW_CTX_DAG_OWNER='diinguyen' AIRFLOW_CTX_DAG_ID='movie_data_etl_workflow' AIRFLOW_CTX_TASK_ID='fetch_movie_data' AIRFLOW_CTX_EXECUTION_DATE='2024-12-22T00:00:00+00:00' AIRFLOW_CTX_TRY_NUMBER='1' AIRFLOW_CTX_DAG_RUN_ID='scheduled__2024-12-22T00:00:00+00:00'
[2024-12-23T09:04:52.031+0000] {subprocess.py:63} INFO - Tmp dir root location: /tmp
[2024-12-23T09:04:52.032+0000] {subprocess.py:75} INFO - Running command: ['/bin/bash', '-c', 'python3 /opt/***/DE_project/ETL/extract/API_movie_Themoviedb.py']
[2024-12-23T09:04:52.044+0000] {subprocess.py:86} INFO - Output:
[2024-12-23T09:08:03.416+0000] {local_task_job_runner.py:115} ERROR - Received SIGTERM. Terminating subprocesses
[2024-12-23T09:08:03.425+0000] {process_utils.py:131} INFO - Sending 15 to group 54. PIDs of all processes in the group: [56, 54]
[2024-12-23T09:08:03.432+0000] {process_utils.py:86} INFO - Sending the signal 15 to group 54
[2024-12-23T09:08:03.433+0000] {taskinstance.py:1632} ERROR - Received SIGTERM. Terminating subprocesses.
[2024-12-23T09:08:03.437+0000] {subprocess.py:104} INFO - Sending SIGTERM signal to process group
[2024-12-23T09:08:03.541+0000] {taskinstance.py:1943} ERROR - Task failed with exception
Traceback (most recent call last):
  File "/home/airflow/.local/lib/python3.8/site-packages/airflow/operators/bash.py", line 201, in execute
    result = self.subprocess_hook.run_command(
  File "/home/airflow/.local/lib/python3.8/site-packages/airflow/hooks/subprocess.py", line 91, in run_command
    for raw_line in iter(self.sub_process.stdout.readline, b""):
  File "/home/airflow/.local/lib/python3.8/site-packages/airflow/models/taskinstance.py", line 1634, in signal_handler
    raise AirflowException("Task received SIGTERM signal")
airflow.exceptions.AirflowException: Task received SIGTERM signal
[2024-12-23T09:08:03.569+0000] {taskinstance.py:1400} INFO - Marking task as UP_FOR_RETRY. dag_id=movie_data_etl_workflow, task_id=fetch_movie_data, execution_date=20241222T000000, start_date=20241223T090451, end_date=20241223T090803
[2024-12-23T09:08:03.606+0000] {standard_task_runner.py:104} ERROR - Failed to execute job 55 for task fetch_movie_data (Task received SIGTERM signal; 54)
[2024-12-23T09:08:03.623+0000] {process_utils.py:79} INFO - Process psutil.Process(pid=56, status='terminated', started='09:04:51') (56) terminated with exit code None
[2024-12-23T09:08:03.627+0000] {process_utils.py:79} INFO - Process psutil.Process(pid=54, status='terminated', exitcode=1, started='09:04:51') (54) terminated with exit code 1
[2024-12-23T09:08:03.630+0000] {local_task_job_runner.py:228} INFO - Task exited with return code 143
[2024-12-23T09:08:03.762+0000] {taskinstance.py:2784} INFO - 0 downstream tasks scheduled from follow-on schedule check
[2024-12-23T10:40:37.040+0000] {warnings.py:109} WARNING - /home/***/.local/lib/python3.8/site-packages/***/utils/sqlalchemy.py:124: DeprecationWarning: The sql_alchemy_conn option in [core] has been moved to the sql_alchemy_conn option in [database] - the old setting has been used, but please update your config.
  return not conf.get("database", "sql_alchemy_conn").startswith("mssql")

[2024-12-23T10:40:37.052+0000] {taskinstance.py:1159} INFO - Dependencies all met for dep_context=non-requeueable deps ti=<TaskInstance: movie_data_etl_workflow.fetch_movie_data scheduled__2024-12-22T00:00:00+00:00 [queued]>
[2024-12-23T10:40:37.062+0000] {taskinstance.py:1159} INFO - Dependencies all met for dep_context=requeueable deps ti=<TaskInstance: movie_data_etl_workflow.fetch_movie_data scheduled__2024-12-22T00:00:00+00:00 [queued]>
[2024-12-23T10:40:37.063+0000] {taskinstance.py:1361} INFO - Starting attempt 1 of 2
[2024-12-23T10:40:37.087+0000] {taskinstance.py:1382} INFO - Executing <Task(BashOperator): fetch_movie_data> on 2024-12-22 00:00:00+00:00
[2024-12-23T10:40:37.091+0000] {standard_task_runner.py:57} INFO - Started process 54 to run task
[2024-12-23T10:40:37.094+0000] {standard_task_runner.py:84} INFO - Running: ['***', 'tasks', 'run', 'movie_data_etl_workflow', 'fetch_movie_data', 'scheduled__2024-12-22T00:00:00+00:00', '--job-id', '75', '--raw', '--subdir', 'DAGS_FOLDER/movie_data_workflow.py', '--cfg-path', '/tmp/tmpu9q15u0k']
[2024-12-23T10:40:37.095+0000] {standard_task_runner.py:85} INFO - Job 75: Subtask fetch_movie_data
[2024-12-23T10:40:37.115+0000] {warnings.py:109} WARNING - /home/***/.local/lib/python3.8/site-packages/***/settings.py:195: DeprecationWarning: The sql_alchemy_conn option in [core] has been moved to the sql_alchemy_conn option in [database] - the old setting has been used, but please update your config.
  SQL_ALCHEMY_CONN = conf.get("database", "SQL_ALCHEMY_CONN")

[2024-12-23T10:40:37.167+0000] {task_command.py:415} INFO - Running <TaskInstance: movie_data_etl_workflow.fetch_movie_data scheduled__2024-12-22T00:00:00+00:00 [running]> on host 399229bc87a5
[2024-12-23T10:40:37.191+0000] {warnings.py:109} WARNING - /home/***/.local/lib/python3.8/site-packages/***/utils/sqlalchemy.py:124: DeprecationWarning: The sql_alchemy_conn option in [core] has been moved to the sql_alchemy_conn option in [database] - the old setting has been used, but please update your config.
  return not conf.get("database", "sql_alchemy_conn").startswith("mssql")

[2024-12-23T10:40:37.292+0000] {taskinstance.py:1660} INFO - Exporting env vars: AIRFLOW_CTX_DAG_OWNER='diinguyen' AIRFLOW_CTX_DAG_ID='movie_data_etl_workflow' AIRFLOW_CTX_TASK_ID='fetch_movie_data' AIRFLOW_CTX_EXECUTION_DATE='2024-12-22T00:00:00+00:00' AIRFLOW_CTX_TRY_NUMBER='1' AIRFLOW_CTX_DAG_RUN_ID='scheduled__2024-12-22T00:00:00+00:00'
[2024-12-23T10:40:37.293+0000] {subprocess.py:63} INFO - Tmp dir root location: /tmp
[2024-12-23T10:40:37.294+0000] {subprocess.py:75} INFO - Running command: ['/bin/bash', '-c', 'python3 /opt/***/DE_project/ETL/extract/API_movie_Themoviedb.py']
[2024-12-23T10:40:37.303+0000] {subprocess.py:86} INFO - Output:
[2024-12-23T10:40:55.256+0000] {subprocess.py:93} INFO - Fetched data for page 1
[2024-12-23T10:40:55.257+0000] {subprocess.py:93} INFO - Fetched data for page 2
[2024-12-23T10:40:55.259+0000] {subprocess.py:93} INFO - Fetched data for page 3
[2024-12-23T10:40:55.260+0000] {subprocess.py:93} INFO - Fetched data for page 4
[2024-12-23T10:40:55.260+0000] {subprocess.py:93} INFO - Fetched data for page 5
[2024-12-23T10:40:55.261+0000] {subprocess.py:93} INFO - Fetched data for page 6
[2024-12-23T10:40:55.262+0000] {subprocess.py:93} INFO - Fetched data for page 7
[2024-12-23T10:40:55.263+0000] {subprocess.py:93} INFO - Fetched data for page 8
[2024-12-23T10:40:55.264+0000] {subprocess.py:93} INFO - Fetched data for page 9
[2024-12-23T10:40:55.266+0000] {subprocess.py:93} INFO - Movie data with selected fields has been saved to /opt/***/DE_project/data/JSON/movies_data.json
[2024-12-23T10:40:55.286+0000] {subprocess.py:97} INFO - Command exited with return code 0
[2024-12-23T10:40:55.329+0000] {taskinstance.py:1400} INFO - Marking task as SUCCESS. dag_id=movie_data_etl_workflow, task_id=fetch_movie_data, execution_date=20241222T000000, start_date=20241223T104037, end_date=20241223T104055
[2024-12-23T10:40:55.388+0000] {local_task_job_runner.py:228} INFO - Task exited with return code 0
[2024-12-23T10:40:55.423+0000] {taskinstance.py:2784} INFO - 1 downstream tasks scheduled from follow-on schedule check
[2024-12-23T10:54:12.100+0000] {warnings.py:109} WARNING - /home/***/.local/lib/python3.8/site-packages/***/utils/sqlalchemy.py:124: DeprecationWarning: The sql_alchemy_conn option in [core] has been moved to the sql_alchemy_conn option in [database] - the old setting has been used, but please update your config.
  return not conf.get("database", "sql_alchemy_conn").startswith("mssql")

[2024-12-23T10:54:12.116+0000] {taskinstance.py:1159} INFO - Dependencies all met for dep_context=non-requeueable deps ti=<TaskInstance: movie_data_etl_workflow.fetch_movie_data scheduled__2024-12-22T00:00:00+00:00 [queued]>
[2024-12-23T10:54:12.127+0000] {taskinstance.py:1159} INFO - Dependencies all met for dep_context=requeueable deps ti=<TaskInstance: movie_data_etl_workflow.fetch_movie_data scheduled__2024-12-22T00:00:00+00:00 [queued]>
[2024-12-23T10:54:12.128+0000] {taskinstance.py:1361} INFO - Starting attempt 1 of 2
[2024-12-23T10:54:12.146+0000] {taskinstance.py:1382} INFO - Executing <Task(BashOperator): fetch_movie_data> on 2024-12-22 00:00:00+00:00
[2024-12-23T10:54:12.153+0000] {standard_task_runner.py:57} INFO - Started process 54 to run task
[2024-12-23T10:54:12.157+0000] {standard_task_runner.py:84} INFO - Running: ['***', 'tasks', 'run', 'movie_data_etl_workflow', 'fetch_movie_data', 'scheduled__2024-12-22T00:00:00+00:00', '--job-id', '90', '--raw', '--subdir', 'DAGS_FOLDER/movie_data_workflow.py', '--cfg-path', '/tmp/tmppkbm1irw']
[2024-12-23T10:54:12.159+0000] {standard_task_runner.py:85} INFO - Job 90: Subtask fetch_movie_data
[2024-12-23T10:54:12.184+0000] {warnings.py:109} WARNING - /home/***/.local/lib/python3.8/site-packages/***/settings.py:195: DeprecationWarning: The sql_alchemy_conn option in [core] has been moved to the sql_alchemy_conn option in [database] - the old setting has been used, but please update your config.
  SQL_ALCHEMY_CONN = conf.get("database", "SQL_ALCHEMY_CONN")

[2024-12-23T10:54:12.246+0000] {task_command.py:415} INFO - Running <TaskInstance: movie_data_etl_workflow.fetch_movie_data scheduled__2024-12-22T00:00:00+00:00 [running]> on host 4c2bdc2e079f
[2024-12-23T10:54:12.266+0000] {warnings.py:109} WARNING - /home/***/.local/lib/python3.8/site-packages/***/utils/sqlalchemy.py:124: DeprecationWarning: The sql_alchemy_conn option in [core] has been moved to the sql_alchemy_conn option in [database] - the old setting has been used, but please update your config.
  return not conf.get("database", "sql_alchemy_conn").startswith("mssql")

[2024-12-23T10:54:12.353+0000] {taskinstance.py:1660} INFO - Exporting env vars: AIRFLOW_CTX_DAG_OWNER='diinguyen' AIRFLOW_CTX_DAG_ID='movie_data_etl_workflow' AIRFLOW_CTX_TASK_ID='fetch_movie_data' AIRFLOW_CTX_EXECUTION_DATE='2024-12-22T00:00:00+00:00' AIRFLOW_CTX_TRY_NUMBER='1' AIRFLOW_CTX_DAG_RUN_ID='scheduled__2024-12-22T00:00:00+00:00'
[2024-12-23T10:54:12.357+0000] {subprocess.py:63} INFO - Tmp dir root location: /tmp
[2024-12-23T10:54:12.359+0000] {subprocess.py:75} INFO - Running command: ['/bin/bash', '-c', 'python3 /opt/***/DE_project/ETL/extract/API_movie_Themoviedb.py']
[2024-12-23T10:54:12.376+0000] {subprocess.py:86} INFO - Output:
[2024-12-23T11:01:33.170+0000] {subprocess.py:93} INFO - Fetched data for page 1
[2024-12-23T11:01:33.171+0000] {subprocess.py:93} INFO - Fetched data for page 2
[2024-12-23T11:01:33.171+0000] {subprocess.py:93} INFO - Fetched data for page 3
[2024-12-23T11:01:33.172+0000] {subprocess.py:93} INFO - Fetched data for page 4
[2024-12-23T11:01:33.172+0000] {subprocess.py:93} INFO - Fetched data for page 5
[2024-12-23T11:01:33.173+0000] {subprocess.py:93} INFO - Fetched data for page 6
[2024-12-23T11:01:33.173+0000] {subprocess.py:93} INFO - Fetched data for page 7
[2024-12-23T11:01:33.173+0000] {subprocess.py:93} INFO - Fetched data for page 8
[2024-12-23T11:01:33.173+0000] {subprocess.py:93} INFO - Fetched data for page 9
[2024-12-23T11:01:33.174+0000] {subprocess.py:93} INFO - Fetched data for page 10
[2024-12-23T11:01:33.174+0000] {subprocess.py:93} INFO - Fetched data for page 11
[2024-12-23T11:01:33.175+0000] {subprocess.py:93} INFO - Fetched data for page 12
[2024-12-23T11:01:33.176+0000] {subprocess.py:93} INFO - Fetched data for page 13
[2024-12-23T11:01:33.178+0000] {subprocess.py:93} INFO - Fetched data for page 14
[2024-12-23T11:01:33.179+0000] {subprocess.py:93} INFO - Fetched data for page 15
[2024-12-23T11:01:33.179+0000] {subprocess.py:93} INFO - Fetched data for page 16
[2024-12-23T11:01:33.180+0000] {subprocess.py:93} INFO - Fetched data for page 17
[2024-12-23T11:01:33.181+0000] {subprocess.py:93} INFO - Fetched data for page 18
[2024-12-23T11:01:33.181+0000] {subprocess.py:93} INFO - Fetched data for page 19
[2024-12-23T11:01:33.181+0000] {subprocess.py:93} INFO - Fetched data for page 20
[2024-12-23T11:01:33.182+0000] {subprocess.py:93} INFO - Fetched data for page 21
[2024-12-23T11:01:33.184+0000] {subprocess.py:93} INFO - Fetched data for page 22
[2024-12-23T11:01:33.185+0000] {subprocess.py:93} INFO - Fetched data for page 23
[2024-12-23T11:01:33.185+0000] {subprocess.py:93} INFO - Fetched data for page 24
[2024-12-23T11:01:33.186+0000] {subprocess.py:93} INFO - Fetched data for page 25
[2024-12-23T11:01:33.186+0000] {subprocess.py:93} INFO - Fetched data for page 26
[2024-12-23T11:01:33.186+0000] {subprocess.py:93} INFO - Fetched data for page 27
[2024-12-23T11:01:33.186+0000] {subprocess.py:93} INFO - Fetched data for page 28
[2024-12-23T11:01:33.187+0000] {subprocess.py:93} INFO - Fetched data for page 29
[2024-12-23T11:01:33.187+0000] {subprocess.py:93} INFO - Fetched data for page 30
[2024-12-23T11:01:33.188+0000] {subprocess.py:93} INFO - Fetched data for page 31
[2024-12-23T11:01:33.189+0000] {subprocess.py:93} INFO - Fetched data for page 32
[2024-12-23T11:01:33.190+0000] {subprocess.py:93} INFO - Fetched data for page 33
[2024-12-23T11:01:33.191+0000] {subprocess.py:93} INFO - Fetched data for page 34
[2024-12-23T11:01:33.192+0000] {subprocess.py:93} INFO - Fetched data for page 35
[2024-12-23T11:01:33.193+0000] {subprocess.py:93} INFO - Fetched data for page 36
[2024-12-23T11:01:33.193+0000] {subprocess.py:93} INFO - Fetched data for page 37
[2024-12-23T11:01:33.193+0000] {subprocess.py:93} INFO - Fetched data for page 38
[2024-12-23T11:01:33.194+0000] {subprocess.py:93} INFO - Fetched data for page 39
[2024-12-23T11:01:33.194+0000] {subprocess.py:93} INFO - Fetched data for page 40
[2024-12-23T11:01:33.194+0000] {subprocess.py:93} INFO - Fetched data for page 41
[2024-12-23T11:01:33.195+0000] {subprocess.py:93} INFO - Fetched data for page 42
[2024-12-23T11:01:33.195+0000] {subprocess.py:93} INFO - Fetched data for page 43
[2024-12-23T11:01:33.196+0000] {subprocess.py:93} INFO - Fetched data for page 44
[2024-12-23T11:01:33.196+0000] {subprocess.py:93} INFO - Fetched data for page 45
[2024-12-23T11:01:33.197+0000] {subprocess.py:93} INFO - Fetched data for page 46
[2024-12-23T11:01:33.198+0000] {subprocess.py:93} INFO - Fetched data for page 47
[2024-12-23T11:01:33.198+0000] {subprocess.py:93} INFO - Fetched data for page 48
[2024-12-23T11:01:33.200+0000] {subprocess.py:93} INFO - Fetched data for page 49
[2024-12-23T11:01:33.201+0000] {subprocess.py:93} INFO - Fetched data for page 50
[2024-12-23T11:01:33.201+0000] {subprocess.py:93} INFO - Fetched data for page 51
[2024-12-23T11:01:33.201+0000] {subprocess.py:93} INFO - Fetched data for page 52
[2024-12-23T11:01:33.202+0000] {subprocess.py:93} INFO - Fetched data for page 53
[2024-12-23T11:01:33.203+0000] {subprocess.py:93} INFO - Fetched data for page 54
[2024-12-23T11:01:33.203+0000] {subprocess.py:93} INFO - Fetched data for page 55
[2024-12-23T11:01:33.203+0000] {subprocess.py:93} INFO - Fetched data for page 56
[2024-12-23T11:01:33.204+0000] {subprocess.py:93} INFO - Fetched data for page 57
[2024-12-23T11:01:33.204+0000] {subprocess.py:93} INFO - Fetched data for page 58
[2024-12-23T11:01:33.205+0000] {subprocess.py:93} INFO - Fetched data for page 59
[2024-12-23T11:01:33.205+0000] {subprocess.py:93} INFO - Fetched data for page 60
[2024-12-23T11:01:33.205+0000] {subprocess.py:93} INFO - Fetched data for page 61
[2024-12-23T11:01:33.206+0000] {subprocess.py:93} INFO - Fetched data for page 62
[2024-12-23T11:01:33.206+0000] {subprocess.py:93} INFO - Fetched data for page 63
[2024-12-23T11:01:33.207+0000] {subprocess.py:93} INFO - Fetched data for page 64
[2024-12-23T11:01:33.208+0000] {subprocess.py:93} INFO - Fetched data for page 65
[2024-12-23T11:01:33.208+0000] {subprocess.py:93} INFO - Fetched data for page 66
[2024-12-23T11:01:33.208+0000] {subprocess.py:93} INFO - Fetched data for page 67
[2024-12-23T11:01:33.209+0000] {subprocess.py:93} INFO - Fetched data for page 68
[2024-12-23T11:01:33.209+0000] {subprocess.py:93} INFO - Fetched data for page 69
[2024-12-23T11:01:33.210+0000] {subprocess.py:93} INFO - Fetched data for page 70
[2024-12-23T11:01:33.210+0000] {subprocess.py:93} INFO - Fetched data for page 71
[2024-12-23T11:01:33.210+0000] {subprocess.py:93} INFO - Fetched data for page 72
[2024-12-23T11:01:33.211+0000] {subprocess.py:93} INFO - Fetched data for page 73
[2024-12-23T11:01:33.211+0000] {subprocess.py:93} INFO - Fetched data for page 74
[2024-12-23T11:01:33.212+0000] {subprocess.py:93} INFO - Fetched data for page 75
[2024-12-23T11:01:33.213+0000] {subprocess.py:93} INFO - Fetched data for page 76
[2024-12-23T11:01:33.214+0000] {subprocess.py:93} INFO - Fetched data for page 77
[2024-12-23T11:01:33.215+0000] {subprocess.py:93} INFO - Fetched data for page 78
[2024-12-23T11:01:33.215+0000] {subprocess.py:93} INFO - Fetched data for page 79
[2024-12-23T11:01:33.216+0000] {subprocess.py:93} INFO - Fetched data for page 80
[2024-12-23T11:01:33.216+0000] {subprocess.py:93} INFO - Fetched data for page 81
[2024-12-23T11:01:33.216+0000] {subprocess.py:93} INFO - Fetched data for page 82
[2024-12-23T11:01:33.217+0000] {subprocess.py:93} INFO - Fetched data for page 83
[2024-12-23T11:01:33.217+0000] {subprocess.py:93} INFO - Fetched data for page 84
[2024-12-23T11:01:33.217+0000] {subprocess.py:93} INFO - Fetched data for page 85
[2024-12-23T11:01:33.218+0000] {subprocess.py:93} INFO - Fetched data for page 86
[2024-12-23T11:01:33.221+0000] {subprocess.py:93} INFO - Fetched data for page 87
[2024-12-23T11:01:33.221+0000] {subprocess.py:93} INFO - Fetched data for page 88
[2024-12-23T11:01:33.222+0000] {subprocess.py:93} INFO - Fetched data for page 89
[2024-12-23T11:01:33.222+0000] {subprocess.py:93} INFO - Fetched data for page 90
[2024-12-23T11:01:33.222+0000] {subprocess.py:93} INFO - Fetched data for page 91
[2024-12-23T11:01:33.223+0000] {subprocess.py:93} INFO - Fetched data for page 92
[2024-12-23T11:01:33.223+0000] {subprocess.py:93} INFO - Fetched data for page 93
[2024-12-23T11:01:33.223+0000] {subprocess.py:93} INFO - Fetched data for page 94
[2024-12-23T11:01:33.224+0000] {subprocess.py:93} INFO - Fetched data for page 95
[2024-12-23T11:01:33.224+0000] {subprocess.py:93} INFO - Fetched data for page 96
[2024-12-23T11:01:33.225+0000] {subprocess.py:93} INFO - Fetched data for page 97
[2024-12-23T11:01:33.225+0000] {subprocess.py:93} INFO - Fetched data for page 98
[2024-12-23T11:01:33.225+0000] {subprocess.py:93} INFO - Fetched data for page 99
[2024-12-23T11:01:33.226+0000] {subprocess.py:93} INFO - Fetched data for page 100
[2024-12-23T11:01:33.226+0000] {subprocess.py:93} INFO - Fetched data for page 101
[2024-12-23T11:01:33.227+0000] {subprocess.py:93} INFO - Fetched data for page 102
[2024-12-23T11:01:33.227+0000] {subprocess.py:93} INFO - Fetched data for page 103
[2024-12-23T11:01:33.228+0000] {subprocess.py:93} INFO - Fetched data for page 104
[2024-12-23T11:01:33.228+0000] {subprocess.py:93} INFO - Fetched data for page 105
[2024-12-23T11:01:33.228+0000] {subprocess.py:93} INFO - Fetched data for page 106
[2024-12-23T11:01:33.229+0000] {subprocess.py:93} INFO - Fetched data for page 107
[2024-12-23T11:01:33.229+0000] {subprocess.py:93} INFO - Fetched data for page 108
[2024-12-23T11:01:33.230+0000] {subprocess.py:93} INFO - Fetched data for page 109
[2024-12-23T11:01:33.231+0000] {subprocess.py:93} INFO - Fetched data for page 110
[2024-12-23T11:01:33.231+0000] {subprocess.py:93} INFO - Fetched data for page 111
[2024-12-23T11:01:33.232+0000] {subprocess.py:93} INFO - Fetched data for page 112
[2024-12-23T11:01:33.232+0000] {subprocess.py:93} INFO - Fetched data for page 113
[2024-12-23T11:01:33.233+0000] {subprocess.py:93} INFO - Fetched data for page 114
[2024-12-23T11:01:33.233+0000] {subprocess.py:93} INFO - Fetched data for page 115
[2024-12-23T11:01:33.234+0000] {subprocess.py:93} INFO - Fetched data for page 116
[2024-12-23T11:01:33.234+0000] {subprocess.py:93} INFO - Fetched data for page 117
[2024-12-23T11:01:33.235+0000] {subprocess.py:93} INFO - Fetched data for page 118
[2024-12-23T11:01:33.235+0000] {subprocess.py:93} INFO - Fetched data for page 119
[2024-12-23T11:01:33.236+0000] {subprocess.py:93} INFO - Fetched data for page 120
[2024-12-23T11:01:33.237+0000] {subprocess.py:93} INFO - Fetched data for page 121
[2024-12-23T11:01:33.238+0000] {subprocess.py:93} INFO - Fetched data for page 122
[2024-12-23T11:01:33.238+0000] {subprocess.py:93} INFO - Fetched data for page 123
[2024-12-23T11:01:33.238+0000] {subprocess.py:93} INFO - Fetched data for page 124
[2024-12-23T11:01:33.239+0000] {subprocess.py:93} INFO - Fetched data for page 125
[2024-12-23T11:01:33.239+0000] {subprocess.py:93} INFO - Fetched data for page 126
[2024-12-23T11:01:33.239+0000] {subprocess.py:93} INFO - Fetched data for page 127
[2024-12-23T11:01:33.239+0000] {subprocess.py:93} INFO - Fetched data for page 128
[2024-12-23T11:01:33.241+0000] {subprocess.py:93} INFO - Fetched data for page 129
[2024-12-23T11:01:33.242+0000] {subprocess.py:93} INFO - Fetched data for page 130
[2024-12-23T11:01:33.242+0000] {subprocess.py:93} INFO - Fetched data for page 131
[2024-12-23T11:01:33.243+0000] {subprocess.py:93} INFO - Fetched data for page 132
[2024-12-23T11:01:33.243+0000] {subprocess.py:93} INFO - Fetched data for page 133
[2024-12-23T11:01:33.244+0000] {subprocess.py:93} INFO - Fetched data for page 134
[2024-12-23T11:01:33.244+0000] {subprocess.py:93} INFO - Fetched data for page 135
[2024-12-23T11:01:33.247+0000] {subprocess.py:93} INFO - Fetched data for page 136
[2024-12-23T11:01:33.248+0000] {subprocess.py:93} INFO - Fetched data for page 137
[2024-12-23T11:01:33.248+0000] {subprocess.py:93} INFO - Fetched data for page 138
[2024-12-23T11:01:33.248+0000] {subprocess.py:93} INFO - Fetched data for page 139
[2024-12-23T11:01:33.249+0000] {subprocess.py:93} INFO - Fetched data for page 140
[2024-12-23T11:01:33.250+0000] {subprocess.py:93} INFO - Fetched data for page 141
[2024-12-23T11:01:33.250+0000] {subprocess.py:93} INFO - Fetched data for page 142
[2024-12-23T11:01:33.250+0000] {subprocess.py:93} INFO - Fetched data for page 143
[2024-12-23T11:01:33.251+0000] {subprocess.py:93} INFO - Fetched data for page 144
[2024-12-23T11:01:33.251+0000] {subprocess.py:93} INFO - Fetched data for page 145
[2024-12-23T11:01:33.251+0000] {subprocess.py:93} INFO - Fetched data for page 146
[2024-12-23T11:01:33.252+0000] {subprocess.py:93} INFO - Fetched data for page 147
[2024-12-23T11:01:33.252+0000] {subprocess.py:93} INFO - Fetched data for page 148
[2024-12-23T11:01:33.253+0000] {subprocess.py:93} INFO - Fetched data for page 149
[2024-12-23T11:01:33.254+0000] {subprocess.py:93} INFO - Fetched data for page 150
[2024-12-23T11:01:33.254+0000] {subprocess.py:93} INFO - Fetched data for page 151
[2024-12-23T11:01:33.255+0000] {subprocess.py:93} INFO - Fetched data for page 152
[2024-12-23T11:01:33.258+0000] {subprocess.py:93} INFO - Fetched data for page 153
[2024-12-23T11:01:33.258+0000] {subprocess.py:93} INFO - Fetched data for page 154
[2024-12-23T11:01:33.259+0000] {subprocess.py:93} INFO - Fetched data for page 155
[2024-12-23T11:01:33.259+0000] {subprocess.py:93} INFO - Fetched data for page 156
[2024-12-23T11:01:33.260+0000] {subprocess.py:93} INFO - Fetched data for page 157
[2024-12-23T11:01:33.260+0000] {subprocess.py:93} INFO - Failed to fetch details for movie ID 17609 (attempt 1): HTTPSConnectionPool(host='api.themoviedb.org', port=443): Max retries exceeded with url: /3/movie/17609?api_key=9fb9d335431a9f6007701ac905fcd5e5 (Caused by NewConnectionError('<urllib3.connection.HTTPSConnection object at 0x7f65a6e80730>: Failed to establish a new connection: [Errno -2] Name or service not known'))
[2024-12-23T11:01:33.261+0000] {subprocess.py:93} INFO - Failed to fetch details for movie ID 17609 (attempt 2): HTTPSConnectionPool(host='api.themoviedb.org', port=443): Max retries exceeded with url: /3/movie/17609?api_key=9fb9d335431a9f6007701ac905fcd5e5 (Caused by NewConnectionError('<urllib3.connection.HTTPSConnection object at 0x7f65a6e5ea00>: Failed to establish a new connection: [Errno -2] Name or service not known'))
[2024-12-23T11:01:33.262+0000] {subprocess.py:93} INFO - Failed to fetch details for movie ID 17609 (attempt 3): HTTPSConnectionPool(host='api.themoviedb.org', port=443): Max retries exceeded with url: /3/movie/17609?api_key=9fb9d335431a9f6007701ac905fcd5e5 (Caused by NewConnectionError('<urllib3.connection.HTTPSConnection object at 0x7f65a6e80160>: Failed to establish a new connection: [Errno -2] Name or service not known'))
[2024-12-23T11:01:33.262+0000] {subprocess.py:93} INFO - Failed to fetch details for movie ID 17609 after 3 attempts.
[2024-12-23T11:01:33.263+0000] {subprocess.py:93} INFO - Failed to fetch details for movie ID 1825 (attempt 1): HTTPSConnectionPool(host='api.themoviedb.org', port=443): Max retries exceeded with url: /3/movie/1825?api_key=9fb9d335431a9f6007701ac905fcd5e5 (Caused by NewConnectionError('<urllib3.connection.HTTPSConnection object at 0x7f65a6e5ed60>: Failed to establish a new connection: [Errno -2] Name or service not known'))
[2024-12-23T11:01:33.263+0000] {subprocess.py:93} INFO - Failed to fetch details for movie ID 1825 (attempt 2): HTTPSConnectionPool(host='api.themoviedb.org', port=443): Max retries exceeded with url: /3/movie/1825?api_key=9fb9d335431a9f6007701ac905fcd5e5 (Caused by NewConnectionError('<urllib3.connection.HTTPSConnection object at 0x7f65a6e803a0>: Failed to establish a new connection: [Errno -2] Name or service not known'))
[2024-12-23T11:01:33.264+0000] {subprocess.py:93} INFO - Failed to fetch details for movie ID 1825 (attempt 3): HTTPSConnectionPool(host='api.themoviedb.org', port=443): Max retries exceeded with url: /3/movie/1825?api_key=9fb9d335431a9f6007701ac905fcd5e5 (Caused by NewConnectionError('<urllib3.connection.HTTPSConnection object at 0x7f65a6e5e1c0>: Failed to establish a new connection: [Errno -2] Name or service not known'))
[2024-12-23T11:01:33.264+0000] {subprocess.py:93} INFO - Failed to fetch details for movie ID 1825 after 3 attempts.
[2024-12-23T11:01:33.265+0000] {subprocess.py:93} INFO - Failed to fetch details for movie ID 120475 (attempt 1): HTTPSConnectionPool(host='api.themoviedb.org', port=443): Max retries exceeded with url: /3/movie/120475?api_key=9fb9d335431a9f6007701ac905fcd5e5 (Caused by NewConnectionError('<urllib3.connection.HTTPSConnection object at 0x7f65a6e80be0>: Failed to establish a new connection: [Errno -2] Name or service not known'))
[2024-12-23T11:01:33.265+0000] {subprocess.py:93} INFO - Failed to fetch details for movie ID 120475 (attempt 2): HTTPSConnectionPool(host='api.themoviedb.org', port=443): Max retries exceeded with url: /3/movie/120475?api_key=9fb9d335431a9f6007701ac905fcd5e5 (Caused by NewConnectionError('<urllib3.connection.HTTPSConnection object at 0x7f65a6e5ec10>: Failed to establish a new connection: [Errno -2] Name or service not known'))
[2024-12-23T11:01:33.266+0000] {subprocess.py:93} INFO - Failed to fetch details for movie ID 120475 (attempt 3): HTTPSConnectionPool(host='api.themoviedb.org', port=443): Max retries exceeded with url: /3/movie/120475?api_key=9fb9d335431a9f6007701ac905fcd5e5 (Caused by NewConnectionError('<urllib3.connection.HTTPSConnection object at 0x7f65a6e80970>: Failed to establish a new connection: [Errno -2] Name or service not known'))
[2024-12-23T11:01:33.266+0000] {subprocess.py:93} INFO - Failed to fetch details for movie ID 120475 after 3 attempts.
[2024-12-23T11:01:33.267+0000] {subprocess.py:93} INFO - Failed to fetch details for movie ID 11357 (attempt 1): HTTPSConnectionPool(host='api.themoviedb.org', port=443): Max retries exceeded with url: /3/movie/11357?api_key=9fb9d335431a9f6007701ac905fcd5e5 (Caused by NewConnectionError('<urllib3.connection.HTTPSConnection object at 0x7f65a6e5ef10>: Failed to establish a new connection: [Errno -2] Name or service not known'))
[2024-12-23T11:01:33.293+0000] {subprocess.py:93} INFO - Failed to fetch details for movie ID 11357 (attempt 2): HTTPSConnectionPool(host='api.themoviedb.org', port=443): Max retries exceeded with url: /3/movie/11357?api_key=9fb9d335431a9f6007701ac905fcd5e5 (Caused by NewConnectionError('<urllib3.connection.HTTPSConnection object at 0x7f65a6e80760>: Failed to establish a new connection: [Errno -2] Name or service not known'))
[2024-12-23T11:01:33.294+0000] {subprocess.py:93} INFO - Failed to fetch details for movie ID 11357 (attempt 3): HTTPSConnectionPool(host='api.themoviedb.org', port=443): Max retries exceeded with url: /3/movie/11357?api_key=9fb9d335431a9f6007701ac905fcd5e5 (Caused by NewConnectionError('<urllib3.connection.HTTPSConnection object at 0x7f65a6e5ec70>: Failed to establish a new connection: [Errno -2] Name or service not known'))
[2024-12-23T11:01:33.294+0000] {subprocess.py:93} INFO - Failed to fetch details for movie ID 11357 after 3 attempts.
[2024-12-23T11:01:33.295+0000] {subprocess.py:93} INFO - Failed to fetch details for movie ID 59967 (attempt 1): HTTPSConnectionPool(host='api.themoviedb.org', port=443): Max retries exceeded with url: /3/movie/59967?api_key=9fb9d335431a9f6007701ac905fcd5e5 (Caused by NewConnectionError('<urllib3.connection.HTTPSConnection object at 0x7f65a6e5ec70>: Failed to establish a new connection: [Errno -2] Name or service not known'))
[2024-12-23T11:01:33.295+0000] {subprocess.py:93} INFO - Failed to fetch details for movie ID 59967 (attempt 2): HTTPSConnectionPool(host='api.themoviedb.org', port=443): Max retries exceeded with url: /3/movie/59967?api_key=9fb9d335431a9f6007701ac905fcd5e5 (Caused by NewConnectionError('<urllib3.connection.HTTPSConnection object at 0x7f65a6e80f10>: Failed to establish a new connection: [Errno -2] Name or service not known'))
[2024-12-23T11:01:33.295+0000] {subprocess.py:93} INFO - Failed to fetch details for movie ID 59967 (attempt 3): HTTPSConnectionPool(host='api.themoviedb.org', port=443): Max retries exceeded with url: /3/movie/59967?api_key=9fb9d335431a9f6007701ac905fcd5e5 (Caused by NewConnectionError('<urllib3.connection.HTTPSConnection object at 0x7f65a6e5eeb0>: Failed to establish a new connection: [Errno -2] Name or service not known'))
[2024-12-23T11:01:33.296+0000] {subprocess.py:93} INFO - Failed to fetch details for movie ID 59967 after 3 attempts.
[2024-12-23T11:01:33.297+0000] {subprocess.py:93} INFO - Failed to fetch details for movie ID 1385100 (attempt 1): HTTPSConnectionPool(host='api.themoviedb.org', port=443): Max retries exceeded with url: /3/movie/1385100?api_key=9fb9d335431a9f6007701ac905fcd5e5 (Caused by NewConnectionError('<urllib3.connection.HTTPSConnection object at 0x7f65a6e803a0>: Failed to establish a new connection: [Errno -2] Name or service not known'))
[2024-12-23T11:01:33.297+0000] {subprocess.py:93} INFO - Failed to fetch details for movie ID 1385100 (attempt 2): HTTPSConnectionPool(host='api.themoviedb.org', port=443): Max retries exceeded with url: /3/movie/1385100?api_key=9fb9d335431a9f6007701ac905fcd5e5 (Caused by NewConnectionError('<urllib3.connection.HTTPSConnection object at 0x7f65a6e5e130>: Failed to establish a new connection: [Errno -2] Name or service not known'))
[2024-12-23T11:01:33.298+0000] {subprocess.py:93} INFO - Failed to fetch details for movie ID 1385100 (attempt 3): HTTPSConnectionPool(host='api.themoviedb.org', port=443): Max retries exceeded with url: /3/movie/1385100?api_key=9fb9d335431a9f6007701ac905fcd5e5 (Caused by NewConnectionError('<urllib3.connection.HTTPSConnection object at 0x7f65a6e80790>: Failed to establish a new connection: [Errno -2] Name or service not known'))
[2024-12-23T11:01:33.298+0000] {subprocess.py:93} INFO - Failed to fetch details for movie ID 1385100 after 3 attempts.
[2024-12-23T11:01:33.299+0000] {subprocess.py:93} INFO - Failed to fetch details for movie ID 184346 (attempt 1): HTTPSConnectionPool(host='api.themoviedb.org', port=443): Max retries exceeded with url: /3/movie/184346?api_key=9fb9d335431a9f6007701ac905fcd5e5 (Caused by NewConnectionError('<urllib3.connection.HTTPSConnection object at 0x7f65a6e5ed60>: Failed to establish a new connection: [Errno -2] Name or service not known'))
[2024-12-23T11:01:33.299+0000] {subprocess.py:93} INFO - Failed to fetch details for movie ID 184346 (attempt 2): HTTPSConnectionPool(host='api.themoviedb.org', port=443): Max retries exceeded with url: /3/movie/184346?api_key=9fb9d335431a9f6007701ac905fcd5e5 (Caused by NewConnectionError('<urllib3.connection.HTTPSConnection object at 0x7f65a6e80520>: Failed to establish a new connection: [Errno -2] Name or service not known'))
[2024-12-23T11:01:33.299+0000] {subprocess.py:93} INFO - Failed to fetch details for movie ID 184346 (attempt 3): HTTPSConnectionPool(host='api.themoviedb.org', port=443): Max retries exceeded with url: /3/movie/184346?api_key=9fb9d335431a9f6007701ac905fcd5e5 (Caused by NewConnectionError('<urllib3.connection.HTTPSConnection object at 0x7f65a6e5ee50>: Failed to establish a new connection: [Errno -2] Name or service not known'))
[2024-12-23T11:01:33.300+0000] {subprocess.py:93} INFO - Failed to fetch details for movie ID 184346 after 3 attempts.
[2024-12-23T11:01:33.300+0000] {subprocess.py:93} INFO - Failed to fetch details for movie ID 123553 (attempt 1): HTTPSConnectionPool(host='api.themoviedb.org', port=443): Max retries exceeded with url: /3/movie/123553?api_key=9fb9d335431a9f6007701ac905fcd5e5 (Caused by NewConnectionError('<urllib3.connection.HTTPSConnection object at 0x7f65a6e80910>: Failed to establish a new connection: [Errno -2] Name or service not known'))
[2024-12-23T11:01:33.301+0000] {subprocess.py:93} INFO - Failed to fetch details for movie ID 123553 (attempt 2): HTTPSConnectionPool(host='api.themoviedb.org', port=443): Max retries exceeded with url: /3/movie/123553?api_key=9fb9d335431a9f6007701ac905fcd5e5 (Caused by NewConnectionError('<urllib3.connection.HTTPSConnection object at 0x7f65a6e5ecd0>: Failed to establish a new connection: [Errno -2] Name or service not known'))
[2024-12-23T11:01:33.301+0000] {subprocess.py:93} INFO - Failed to fetch details for movie ID 123553 (attempt 3): HTTPSConnectionPool(host='api.themoviedb.org', port=443): Max retries exceeded with url: /3/movie/123553?api_key=9fb9d335431a9f6007701ac905fcd5e5 (Caused by NewConnectionError('<urllib3.connection.HTTPSConnection object at 0x7f65a6e80e20>: Failed to establish a new connection: [Errno -2] Name or service not known'))
[2024-12-23T11:01:33.302+0000] {subprocess.py:93} INFO - Failed to fetch details for movie ID 123553 after 3 attempts.
[2024-12-23T11:01:33.302+0000] {subprocess.py:93} INFO - Failed to fetch details for movie ID 811050 (attempt 1): HTTPSConnectionPool(host='api.themoviedb.org', port=443): Max retries exceeded with url: /3/movie/811050?api_key=9fb9d335431a9f6007701ac905fcd5e5 (Caused by NewConnectionError('<urllib3.connection.HTTPSConnection object at 0x7f65a6e5e160>: Failed to establish a new connection: [Errno -2] Name or service not known'))
[2024-12-23T11:01:33.302+0000] {subprocess.py:93} INFO - Failed to fetch details for movie ID 811050 (attempt 2): HTTPSConnectionPool(host='api.themoviedb.org', port=443): Max retries exceeded with url: /3/movie/811050?api_key=9fb9d335431a9f6007701ac905fcd5e5 (Caused by NewConnectionError('<urllib3.connection.HTTPSConnection object at 0x7f65a6e80be0>: Failed to establish a new connection: [Errno -2] Name or service not known'))
[2024-12-23T11:01:33.303+0000] {subprocess.py:93} INFO - Failed to fetch details for movie ID 811050 (attempt 3): HTTPSConnectionPool(host='api.themoviedb.org', port=443): Max retries exceeded with url: /3/movie/811050?api_key=9fb9d335431a9f6007701ac905fcd5e5 (Caused by NewConnectionError('<urllib3.connection.HTTPSConnection object at 0x7f65a6e5e460>: Failed to establish a new connection: [Errno -2] Name or service not known'))
[2024-12-23T11:01:33.303+0000] {subprocess.py:93} INFO - Failed to fetch details for movie ID 811050 after 3 attempts.
[2024-12-23T11:01:33.304+0000] {subprocess.py:93} INFO - Failed to fetch details for movie ID 137116 (attempt 1): HTTPSConnectionPool(host='api.themoviedb.org', port=443): Max retries exceeded with url: /3/movie/137116?api_key=9fb9d335431a9f6007701ac905fcd5e5 (Caused by NewConnectionError('<urllib3.connection.HTTPSConnection object at 0x7f65a6e806d0>: Failed to establish a new connection: [Errno -2] Name or service not known'))
[2024-12-23T11:01:33.305+0000] {subprocess.py:93} INFO - Failed to fetch details for movie ID 137116 (attempt 2): HTTPSConnectionPool(host='api.themoviedb.org', port=443): Max retries exceeded with url: /3/movie/137116?api_key=9fb9d335431a9f6007701ac905fcd5e5 (Caused by NewConnectionError('<urllib3.connection.HTTPSConnection object at 0x7f65a6e5efd0>: Failed to establish a new connection: [Errno -2] Name or service not known'))
[2024-12-23T11:01:33.305+0000] {subprocess.py:93} INFO - Failed to fetch details for movie ID 137116 (attempt 3): HTTPSConnectionPool(host='api.themoviedb.org', port=443): Max retries exceeded with url: /3/movie/137116?api_key=9fb9d335431a9f6007701ac905fcd5e5 (Caused by NewConnectionError('<urllib3.connection.HTTPSConnection object at 0x7f65a6e808e0>: Failed to establish a new connection: [Errno -2] Name or service not known'))
[2024-12-23T11:01:33.306+0000] {subprocess.py:93} INFO - Failed to fetch details for movie ID 137116 after 3 attempts.
[2024-12-23T11:01:33.388+0000] {subprocess.py:93} INFO - Failed to fetch details for movie ID 11699 (attempt 1): HTTPSConnectionPool(host='api.themoviedb.org', port=443): Max retries exceeded with url: /3/movie/11699?api_key=9fb9d335431a9f6007701ac905fcd5e5 (Caused by NewConnectionError('<urllib3.connection.HTTPSConnection object at 0x7f65a6e5eee0>: Failed to establish a new connection: [Errno -2] Name or service not known'))
[2024-12-23T11:01:33.389+0000] {subprocess.py:93} INFO - Failed to fetch details for movie ID 11699 (attempt 2): HTTPSConnectionPool(host='api.themoviedb.org', port=443): Max retries exceeded with url: /3/movie/11699?api_key=9fb9d335431a9f6007701ac905fcd5e5 (Caused by NewConnectionError('<urllib3.connection.HTTPSConnection object at 0x7f65a6e80760>: Failed to establish a new connection: [Errno -2] Name or service not known'))
[2024-12-23T11:01:33.389+0000] {subprocess.py:93} INFO - Failed to fetch details for movie ID 11699 (attempt 3): HTTPSConnectionPool(host='api.themoviedb.org', port=443): Max retries exceeded with url: /3/movie/11699?api_key=9fb9d335431a9f6007701ac905fcd5e5 (Caused by NewConnectionError('<urllib3.connection.HTTPSConnection object at 0x7f65a6e80760>: Failed to establish a new connection: [Errno -2] Name or service not known'))
[2024-12-23T11:01:33.390+0000] {subprocess.py:93} INFO - Failed to fetch details for movie ID 11699 after 3 attempts.
[2024-12-23T11:01:33.390+0000] {subprocess.py:93} INFO - Failed to fetch details for movie ID 1247458 (attempt 1): HTTPSConnectionPool(host='api.themoviedb.org', port=443): Max retries exceeded with url: /3/movie/1247458?api_key=9fb9d335431a9f6007701ac905fcd5e5 (Caused by NewConnectionError('<urllib3.connection.HTTPSConnection object at 0x7f65a6e5e9d0>: Failed to establish a new connection: [Errno -2] Name or service not known'))
[2024-12-23T11:01:33.390+0000] {subprocess.py:93} INFO - Failed to fetch details for movie ID 1247458 (attempt 2): HTTPSConnectionPool(host='api.themoviedb.org', port=443): Max retries exceeded with url: /3/movie/1247458?api_key=9fb9d335431a9f6007701ac905fcd5e5 (Caused by NewConnectionError('<urllib3.connection.HTTPSConnection object at 0x7f65a6e808e0>: Failed to establish a new connection: [Errno -2] Name or service not known'))
[2024-12-23T11:01:33.391+0000] {subprocess.py:93} INFO - Failed to fetch details for movie ID 1247458 (attempt 3): HTTPSConnectionPool(host='api.themoviedb.org', port=443): Max retries exceeded with url: /3/movie/1247458?api_key=9fb9d335431a9f6007701ac905fcd5e5 (Caused by NewConnectionError('<urllib3.connection.HTTPSConnection object at 0x7f65a6e5ee50>: Failed to establish a new connection: [Errno -2] Name or service not known'))
[2024-12-23T11:01:33.391+0000] {subprocess.py:93} INFO - Failed to fetch details for movie ID 1247458 after 3 attempts.
[2024-12-23T11:01:33.391+0000] {subprocess.py:93} INFO - Failed to fetch details for movie ID 1633 (attempt 1): HTTPSConnectionPool(host='api.themoviedb.org', port=443): Max retries exceeded with url: /3/movie/1633?api_key=9fb9d335431a9f6007701ac905fcd5e5 (Caused by NewConnectionError('<urllib3.connection.HTTPSConnection object at 0x7f65a6e80520>: Failed to establish a new connection: [Errno -2] Name or service not known'))
[2024-12-23T11:01:33.392+0000] {subprocess.py:93} INFO - Failed to fetch details for movie ID 1633 (attempt 2): HTTPSConnectionPool(host='api.themoviedb.org', port=443): Max retries exceeded with url: /3/movie/1633?api_key=9fb9d335431a9f6007701ac905fcd5e5 (Caused by NewConnectionError('<urllib3.connection.HTTPSConnection object at 0x7f65a6e5e190>: Failed to establish a new connection: [Errno -2] Name or service not known'))
[2024-12-23T11:01:33.392+0000] {subprocess.py:93} INFO - Failed to fetch details for movie ID 1633 (attempt 3): HTTPSConnectionPool(host='api.themoviedb.org', port=443): Max retries exceeded with url: /3/movie/1633?api_key=9fb9d335431a9f6007701ac905fcd5e5 (Caused by NewConnectionError('<urllib3.connection.HTTPSConnection object at 0x7f65a6e80d90>: Failed to establish a new connection: [Errno -2] Name or service not known'))
[2024-12-23T11:01:33.393+0000] {subprocess.py:93} INFO - Failed to fetch details for movie ID 1633 after 3 attempts.
[2024-12-23T11:01:33.394+0000] {subprocess.py:93} INFO - Failed to fetch details for movie ID 176983 (attempt 1): HTTPSConnectionPool(host='api.themoviedb.org', port=443): Max retries exceeded with url: /3/movie/176983?api_key=9fb9d335431a9f6007701ac905fcd5e5 (Caused by NewConnectionError('<urllib3.connection.HTTPSConnection object at 0x7f65a6e5eb20>: Failed to establish a new connection: [Errno -2] Name or service not known'))
[2024-12-23T11:01:33.394+0000] {subprocess.py:93} INFO - Failed to fetch details for movie ID 176983 (attempt 2): HTTPSConnectionPool(host='api.themoviedb.org', port=443): Max retries exceeded with url: /3/movie/176983?api_key=9fb9d335431a9f6007701ac905fcd5e5 (Caused by NewConnectionError('<urllib3.connection.HTTPSConnection object at 0x7f65a6e80f10>: Failed to establish a new connection: [Errno -2] Name or service not known'))
[2024-12-23T11:01:33.395+0000] {subprocess.py:93} INFO - Failed to fetch details for movie ID 176983 (attempt 3): HTTPSConnectionPool(host='api.themoviedb.org', port=443): Max retries exceeded with url: /3/movie/176983?api_key=9fb9d335431a9f6007701ac905fcd5e5 (Caused by NewConnectionError('<urllib3.connection.HTTPSConnection object at 0x7f65a6e5e130>: Failed to establish a new connection: [Errno -2] Name or service not known'))
[2024-12-23T11:01:33.395+0000] {subprocess.py:93} INFO - Failed to fetch details for movie ID 176983 after 3 attempts.
[2024-12-23T11:01:33.396+0000] {subprocess.py:93} INFO - Failed to fetch details for movie ID 1054116 (attempt 1): HTTPSConnectionPool(host='api.themoviedb.org', port=443): Max retries exceeded with url: /3/movie/1054116?api_key=9fb9d335431a9f6007701ac905fcd5e5 (Caused by NewConnectionError('<urllib3.connection.HTTPSConnection object at 0x7f65a6e803a0>: Failed to establish a new connection: [Errno -2] Name or service not known'))
[2024-12-23T11:01:33.397+0000] {subprocess.py:93} INFO - Failed to fetch details for movie ID 1054116 (attempt 2): HTTPSConnectionPool(host='api.themoviedb.org', port=443): Max retries exceeded with url: /3/movie/1054116?api_key=9fb9d335431a9f6007701ac905fcd5e5 (Caused by NewConnectionError('<urllib3.connection.HTTPSConnection object at 0x7f65a6e5e160>: Failed to establish a new connection: [Errno -2] Name or service not known'))
[2024-12-23T11:01:33.398+0000] {subprocess.py:93} INFO - Failed to fetch details for movie ID 1054116 (attempt 3): HTTPSConnectionPool(host='api.themoviedb.org', port=443): Max retries exceeded with url: /3/movie/1054116?api_key=9fb9d335431a9f6007701ac905fcd5e5 (Caused by NewConnectionError('<urllib3.connection.HTTPSConnection object at 0x7f65a6e80520>: Failed to establish a new connection: [Errno -2] Name or service not known'))
[2024-12-23T11:01:33.399+0000] {subprocess.py:93} INFO - Failed to fetch details for movie ID 1054116 after 3 attempts.
[2024-12-23T11:01:33.399+0000] {subprocess.py:93} INFO - Failed to fetch details for movie ID 1578 (attempt 1): HTTPSConnectionPool(host='api.themoviedb.org', port=443): Max retries exceeded with url: /3/movie/1578?api_key=9fb9d335431a9f6007701ac905fcd5e5 (Caused by NewConnectionError('<urllib3.connection.HTTPSConnection object at 0x7f65a6e5ea00>: Failed to establish a new connection: [Errno -2] Name or service not known'))
[2024-12-23T11:01:33.399+0000] {subprocess.py:93} INFO - Failed to fetch details for movie ID 1578 (attempt 2): HTTPSConnectionPool(host='api.themoviedb.org', port=443): Max retries exceeded with url: /3/movie/1578?api_key=9fb9d335431a9f6007701ac905fcd5e5 (Caused by NewConnectionError('<urllib3.connection.HTTPSConnection object at 0x7f65a6e806a0>: Failed to establish a new connection: [Errno -2] Name or service not known'))
[2024-12-23T11:01:33.400+0000] {subprocess.py:93} INFO - Failed to fetch details for movie ID 1578 (attempt 3): HTTPSConnectionPool(host='api.themoviedb.org', port=443): Max retries exceeded with url: /3/movie/1578?api_key=9fb9d335431a9f6007701ac905fcd5e5 (Caused by NewConnectionError('<urllib3.connection.HTTPSConnection object at 0x7f65a6e5efd0>: Failed to establish a new connection: [Errno -2] Name or service not known'))
[2024-12-23T11:01:33.400+0000] {subprocess.py:93} INFO - Failed to fetch details for movie ID 1578 after 3 attempts.
[2024-12-23T11:01:33.400+0000] {subprocess.py:93} INFO - Failed to fetch details for movie ID 746 (attempt 1): HTTPSConnectionPool(host='api.themoviedb.org', port=443): Max retries exceeded with url: /3/movie/746?api_key=9fb9d335431a9f6007701ac905fcd5e5 (Caused by NewConnectionError('<urllib3.connection.HTTPSConnection object at 0x7f65a6e80af0>: Failed to establish a new connection: [Errno -2] Name or service not known'))
[2024-12-23T11:01:33.401+0000] {subprocess.py:93} INFO - Failed to fetch details for movie ID 746 (attempt 2): HTTPSConnectionPool(host='api.themoviedb.org', port=443): Max retries exceeded with url: /3/movie/746?api_key=9fb9d335431a9f6007701ac905fcd5e5 (Caused by NewConnectionError('<urllib3.connection.HTTPSConnection object at 0x7f65a6e5ec10>: Failed to establish a new connection: [Errno -2] Name or service not known'))
[2024-12-23T11:01:33.715+0000] {subprocess.py:93} INFO - Failed to fetch details for movie ID 746 (attempt 3): HTTPSConnectionPool(host='api.themoviedb.org', port=443): Max retries exceeded with url: /3/movie/746?api_key=9fb9d335431a9f6007701ac905fcd5e5 (Caused by NewConnectionError('<urllib3.connection.HTTPSConnection object at 0x7f65a6e80a30>: Failed to establish a new connection: [Errno -2] Name or service not known'))
[2024-12-23T11:01:33.715+0000] {subprocess.py:93} INFO - Failed to fetch details for movie ID 746 after 3 attempts.
[2024-12-23T11:01:33.716+0000] {subprocess.py:93} INFO - Failed to fetch details for movie ID 366672 (attempt 1): HTTPSConnectionPool(host='api.themoviedb.org', port=443): Max retries exceeded with url: /3/movie/366672?api_key=9fb9d335431a9f6007701ac905fcd5e5 (Caused by NewConnectionError('<urllib3.connection.HTTPSConnection object at 0x7f65a6e5e130>: Failed to establish a new connection: [Errno -2] Name or service not known'))
[2024-12-23T11:01:33.716+0000] {subprocess.py:93} INFO - Failed to fetch details for movie ID 366672 (attempt 2): HTTPSConnectionPool(host='api.themoviedb.org', port=443): Max retries exceeded with url: /3/movie/366672?api_key=9fb9d335431a9f6007701ac905fcd5e5 (Caused by NewConnectionError('<urllib3.connection.HTTPSConnection object at 0x7f65a6e80730>: Failed to establish a new connection: [Errno -2] Name or service not known'))
[2024-12-23T11:01:33.717+0000] {subprocess.py:93} INFO - Failed to fetch details for movie ID 366672 (attempt 3): HTTPSConnectionPool(host='api.themoviedb.org', port=443): Max retries exceeded with url: /3/movie/366672?api_key=9fb9d335431a9f6007701ac905fcd5e5 (Caused by NewConnectionError('<urllib3.connection.HTTPSConnection object at 0x7f65a6e5ef10>: Failed to establish a new connection: [Errno -2] Name or service not known'))
[2024-12-23T11:01:33.717+0000] {subprocess.py:93} INFO - Failed to fetch details for movie ID 366672 after 3 attempts.
[2024-12-23T11:01:33.717+0000] {subprocess.py:93} INFO - Failed to fetch details for movie ID 2108 (attempt 1): HTTPSConnectionPool(host='api.themoviedb.org', port=443): Max retries exceeded with url: /3/movie/2108?api_key=9fb9d335431a9f6007701ac905fcd5e5 (Caused by NewConnectionError('<urllib3.connection.HTTPSConnection object at 0x7f65a6e80d90>: Failed to establish a new connection: [Errno -2] Name or service not known'))
[2024-12-23T11:01:33.718+0000] {subprocess.py:93} INFO - Failed to fetch details for movie ID 2108 (attempt 2): HTTPSConnectionPool(host='api.themoviedb.org', port=443): Max retries exceeded with url: /3/movie/2108?api_key=9fb9d335431a9f6007701ac905fcd5e5 (Caused by NewConnectionError('<urllib3.connection.HTTPSConnection object at 0x7f65a6e5eeb0>: Failed to establish a new connection: [Errno -2] Name or service not known'))
[2024-12-23T11:01:33.718+0000] {subprocess.py:93} INFO - Failed to fetch details for movie ID 2108 (attempt 3): HTTPSConnectionPool(host='api.themoviedb.org', port=443): Max retries exceeded with url: /3/movie/2108?api_key=9fb9d335431a9f6007701ac905fcd5e5 (Caused by NewConnectionError('<urllib3.connection.HTTPSConnection object at 0x7f65a6e808e0>: Failed to establish a new connection: [Errno -2] Name or service not known'))
[2024-12-23T11:01:33.719+0000] {subprocess.py:93} INFO - Failed to fetch details for movie ID 2108 after 3 attempts.
[2024-12-23T11:01:33.719+0000] {subprocess.py:93} INFO - Failed to fetch details for movie ID 575299 (attempt 1): HTTPSConnectionPool(host='api.themoviedb.org', port=443): Max retries exceeded with url: /3/movie/575299?api_key=9fb9d335431a9f6007701ac905fcd5e5 (Caused by NewConnectionError('<urllib3.connection.HTTPSConnection object at 0x7f65a6e5e1c0>: Failed to establish a new connection: [Errno -2] Name or service not known'))
[2024-12-23T11:01:33.720+0000] {subprocess.py:93} INFO - Failed to fetch details for movie ID 575299 (attempt 2): HTTPSConnectionPool(host='api.themoviedb.org', port=443): Max retries exceeded with url: /3/movie/575299?api_key=9fb9d335431a9f6007701ac905fcd5e5 (Caused by NewConnectionError('<urllib3.connection.HTTPSConnection object at 0x7f65a6e80910>: Failed to establish a new connection: [Errno -2] Name or service not known'))
[2024-12-23T11:01:33.720+0000] {subprocess.py:93} INFO - Failed to fetch details for movie ID 575299 (attempt 3): HTTPSConnectionPool(host='api.themoviedb.org', port=443): Max retries exceeded with url: /3/movie/575299?api_key=9fb9d335431a9f6007701ac905fcd5e5 (Caused by NewConnectionError('<urllib3.connection.HTTPSConnection object at 0x7f65a6e5e460>: Failed to establish a new connection: [Errno -2] Name or service not known'))
[2024-12-23T11:01:33.721+0000] {subprocess.py:93} INFO - Failed to fetch details for movie ID 575299 after 3 attempts.
[2024-12-23T11:01:33.721+0000] {subprocess.py:93} INFO - Fetched data for page 158
[2024-12-23T11:01:33.721+0000] {subprocess.py:93} INFO - Attempt 1 failed for page 159: HTTPSConnectionPool(host='api.themoviedb.org', port=443): Max retries exceeded with url: /3/movie/popular?api_key=9fb9d335431a9f6007701ac905fcd5e5&page=159 (Caused by NewConnectionError('<urllib3.connection.HTTPSConnection object at 0x7f65a6e808e0>: Failed to establish a new connection: [Errno -2] Name or service not known'))
[2024-12-23T11:01:33.722+0000] {subprocess.py:93} INFO - Attempt 2 failed for page 159: HTTPSConnectionPool(host='api.themoviedb.org', port=443): Max retries exceeded with url: /3/movie/popular?api_key=9fb9d335431a9f6007701ac905fcd5e5&page=159 (Caused by NewConnectionError('<urllib3.connection.HTTPSConnection object at 0x7f65a6e5e460>: Failed to establish a new connection: [Errno -2] Name or service not known'))
[2024-12-23T11:01:33.722+0000] {subprocess.py:93} INFO - Attempt 3 failed for page 159: HTTPSConnectionPool(host='api.themoviedb.org', port=443): Max retries exceeded with url: /3/movie/popular?api_key=9fb9d335431a9f6007701ac905fcd5e5&page=159 (Caused by NewConnectionError('<urllib3.connection.HTTPSConnection object at 0x7f65a6e806d0>: Failed to establish a new connection: [Errno -2] Name or service not known'))
[2024-12-23T11:01:33.722+0000] {subprocess.py:93} INFO - Failed to fetch data for page 159 after 3 attempts.
[2024-12-23T11:01:33.723+0000] {subprocess.py:93} INFO - Movie data with selected fields has been saved to /opt/***/DE_project/data/JSON/movies_data.json
[2024-12-23T11:01:33.742+0000] {subprocess.py:97} INFO - Command exited with return code 0
[2024-12-23T11:01:33.776+0000] {taskinstance.py:1400} INFO - Marking task as SUCCESS. dag_id=movie_data_etl_workflow, task_id=fetch_movie_data, execution_date=20241222T000000, start_date=20241223T105412, end_date=20241223T110133
[2024-12-23T11:01:33.812+0000] {local_task_job_runner.py:228} INFO - Task exited with return code 0
[2024-12-23T11:01:33.841+0000] {taskinstance.py:2784} INFO - 1 downstream tasks scheduled from follow-on schedule check
