[2024-12-23T14:18:36.067+0000] {taskinstance.py:1159} INFO - Dependencies all met for dep_context=non-requeueable deps ti=<TaskInstance: movie_etl_workflow.fetch_rating_data manual__2024-12-23T14:18:34.402738+00:00 [queued]>
[2024-12-23T14:18:36.077+0000] {taskinstance.py:1159} INFO - Dependencies all met for dep_context=requeueable deps ti=<TaskInstance: movie_etl_workflow.fetch_rating_data manual__2024-12-23T14:18:34.402738+00:00 [queued]>
[2024-12-23T14:18:36.078+0000] {taskinstance.py:1361} INFO - Starting attempt 1 of 2
[2024-12-23T14:18:36.092+0000] {taskinstance.py:1382} INFO - Executing <Task(BashOperator): fetch_rating_data> on 2024-12-23 14:18:34.402738+00:00
[2024-12-23T14:18:36.097+0000] {standard_task_runner.py:57} INFO - Started process 53 to run task
[2024-12-23T14:18:36.101+0000] {standard_task_runner.py:84} INFO - Running: ['***', 'tasks', 'run', 'movie_etl_workflow', 'fetch_rating_data', 'manual__2024-12-23T14:18:34.402738+00:00', '--job-id', '157', '--raw', '--subdir', 'DAGS_FOLDER/movie_data_workflow.py', '--cfg-path', '/tmp/tmprfalcntm']
[2024-12-23T14:18:36.102+0000] {standard_task_runner.py:85} INFO - Job 157: Subtask fetch_rating_data
[2024-12-23T14:18:36.122+0000] {warnings.py:109} WARNING - /home/***/.local/lib/python3.8/site-packages/***/settings.py:195: DeprecationWarning: The sql_alchemy_conn option in [core] has been moved to the sql_alchemy_conn option in [database] - the old setting has been used, but please update your config.
  SQL_ALCHEMY_CONN = conf.get("database", "SQL_ALCHEMY_CONN")

[2024-12-23T14:18:36.171+0000] {task_command.py:415} INFO - Running <TaskInstance: movie_etl_workflow.fetch_rating_data manual__2024-12-23T14:18:34.402738+00:00 [running]> on host 46281e4890ea
[2024-12-23T14:18:36.264+0000] {taskinstance.py:1660} INFO - Exporting env vars: AIRFLOW_CTX_DAG_OWNER='diinguyen' AIRFLOW_CTX_DAG_ID='movie_etl_workflow' AIRFLOW_CTX_TASK_ID='fetch_rating_data' AIRFLOW_CTX_EXECUTION_DATE='2024-12-23T14:18:34.402738+00:00' AIRFLOW_CTX_TRY_NUMBER='1' AIRFLOW_CTX_DAG_RUN_ID='manual__2024-12-23T14:18:34.402738+00:00'
[2024-12-23T14:18:36.270+0000] {subprocess.py:63} INFO - Tmp dir root location: /tmp
[2024-12-23T14:18:36.271+0000] {subprocess.py:75} INFO - Running command: ['/bin/bash', '-c', 'python3 /opt/***/DE_project/ETL/extract/API_rating_Themoviedb.py']
[2024-12-23T14:18:36.282+0000] {subprocess.py:86} INFO - Output:
[2024-12-23T14:19:22.666+0000] {subprocess.py:93} INFO - Fetched page 1, number of movies: 20
[2024-12-23T14:19:22.669+0000] {subprocess.py:93} INFO - Fetched reviews for movie ID 845781, page 1, number of reviews: 5
[2024-12-23T14:19:22.671+0000] {subprocess.py:93} INFO - Fetched reviews for movie ID 912649, page 1, number of reviews: 6
[2024-12-23T14:19:22.672+0000] {subprocess.py:93} INFO - Fetched reviews for movie ID 1241982, page 1, number of reviews: 1
[2024-12-23T14:19:22.675+0000] {subprocess.py:93} INFO - Fetched reviews for movie ID 1005331, page 1, number of reviews: 4
[2024-12-23T14:19:22.678+0000] {subprocess.py:93} INFO - Fetched reviews for movie ID 1035048, page 1, number of reviews: 1
[2024-12-23T14:19:22.680+0000] {subprocess.py:93} INFO - Fetched reviews for movie ID 1000075, page 1, number of reviews: 1
[2024-12-23T14:19:22.682+0000] {subprocess.py:93} INFO - Fetched reviews for movie ID 1043905, page 1, number of reviews: 1
[2024-12-23T14:19:22.683+0000] {subprocess.py:93} INFO - Fetched reviews for movie ID 539972, page 1, number of reviews: 3
[2024-12-23T14:19:22.685+0000] {subprocess.py:93} INFO - Fetched reviews for movie ID 1184918, page 1, number of reviews: 5
[2024-12-23T14:19:22.686+0000] {subprocess.py:93} INFO - Fetched reviews for movie ID 558449, page 1, number of reviews: 11
[2024-12-23T14:19:22.688+0000] {subprocess.py:93} INFO - Fetched reviews for movie ID 1138194, page 1, number of reviews: 5
[2024-12-23T14:19:22.689+0000] {subprocess.py:93} INFO - Fetched reviews for movie ID 1182387, page 1, number of reviews: 1
[2024-12-23T14:19:22.690+0000] {subprocess.py:93} INFO - Fetched reviews for movie ID 1010581, page 1, number of reviews: 1
[2024-12-23T14:19:22.691+0000] {subprocess.py:93} INFO - Fetched reviews for movie ID 533535, page 1, number of reviews: 18
[2024-12-23T14:19:22.692+0000] {subprocess.py:93} INFO - Fetched reviews for movie ID 933260, page 1, number of reviews: 10
[2024-12-23T14:19:22.693+0000] {subprocess.py:93} INFO - Fetched page 2, number of movies: 20
[2024-12-23T14:19:22.694+0000] {subprocess.py:93} INFO - Fetched reviews for movie ID 1034541, page 1, number of reviews: 4
[2024-12-23T14:19:22.694+0000] {subprocess.py:93} INFO - Fetched reviews for movie ID 698687, page 1, number of reviews: 2
[2024-12-23T14:19:22.695+0000] {subprocess.py:93} INFO - Fetched reviews for movie ID 402431, page 1, number of reviews: 7
[2024-12-23T14:19:22.696+0000] {subprocess.py:93} INFO - Fetched reviews for movie ID 1022789, page 1, number of reviews: 9
[2024-12-23T14:19:22.696+0000] {subprocess.py:93} INFO - Fetched reviews for movie ID 1118031, page 1, number of reviews: 1
[2024-12-23T14:19:22.697+0000] {subprocess.py:93} INFO - Fetched reviews for movie ID 41446, page 1, number of reviews: 1
[2024-12-23T14:19:22.698+0000] {subprocess.py:93} INFO - Fetched reviews for movie ID 519182, page 1, number of reviews: 8
[2024-12-23T14:19:22.698+0000] {subprocess.py:93} INFO - Fetched reviews for movie ID 1100782, page 1, number of reviews: 6
[2024-12-23T14:19:22.699+0000] {subprocess.py:93} INFO - Fetched reviews for movie ID 945961, page 1, number of reviews: 9
[2024-12-23T14:19:22.699+0000] {subprocess.py:93} INFO - Fetched reviews for movie ID 8871, page 1, number of reviews: 6
[2024-12-23T14:19:22.700+0000] {subprocess.py:93} INFO - Fetched reviews for movie ID 1064213, page 1, number of reviews: 2
[2024-12-23T14:19:22.700+0000] {subprocess.py:93} INFO - Fetched reviews for movie ID 1051896, page 1, number of reviews: 4
[2024-12-23T14:19:22.701+0000] {subprocess.py:93} INFO - Fetched page 3, number of movies: 20
[2024-12-23T14:19:22.701+0000] {subprocess.py:93} INFO - Fetched reviews for movie ID 360920, page 1, number of reviews: 6
[2024-12-23T14:19:22.702+0000] {subprocess.py:93} INFO - Fetched reviews for movie ID 1029235, page 1, number of reviews: 2
[2024-12-23T14:19:22.702+0000] {subprocess.py:93} INFO - Fetched reviews for movie ID 1196470, page 1, number of reviews: 1
[2024-12-23T14:19:22.703+0000] {subprocess.py:93} INFO - Fetched reviews for movie ID 772, page 1, number of reviews: 3
[2024-12-23T14:19:22.703+0000] {subprocess.py:93} INFO - Fetched reviews for movie ID 420818, page 1, number of reviews: 5
[2024-12-23T14:19:22.704+0000] {subprocess.py:93} INFO - Fetched reviews for movie ID 1100099, page 1, number of reviews: 2
[2024-12-23T14:19:22.704+0000] {subprocess.py:93} INFO - Fetched reviews for movie ID 957452, page 1, number of reviews: 3
[2024-12-23T14:19:22.705+0000] {subprocess.py:93} INFO - Fetched reviews for movie ID 1064028, page 1, number of reviews: 2
[2024-12-23T14:19:22.705+0000] {subprocess.py:93} INFO - Fetched reviews for movie ID 1124641, page 1, number of reviews: 2
[2024-12-23T14:19:22.706+0000] {subprocess.py:93} INFO - Fetched reviews for movie ID 1154223, page 1, number of reviews: 1
[2024-12-23T14:19:22.706+0000] {subprocess.py:93} INFO - Fetched reviews for movie ID 1357633, page 1, number of reviews: 1
[2024-12-23T14:19:22.706+0000] {subprocess.py:93} INFO - Fetched reviews for movie ID 675353, page 1, number of reviews: 8
[2024-12-23T14:19:22.707+0000] {subprocess.py:93} INFO - Fetched reviews for movie ID 1084736, page 1, number of reviews: 2
[2024-12-23T14:19:22.707+0000] {subprocess.py:93} INFO - Fetched page 4, number of movies: 20
[2024-12-23T14:19:22.708+0000] {subprocess.py:93} INFO - Fetched reviews for movie ID 573435, page 1, number of reviews: 8
[2024-12-23T14:19:22.708+0000] {subprocess.py:93} INFO - Fetched reviews for movie ID 1106739, page 1, number of reviews: 2
[2024-12-23T14:19:22.709+0000] {subprocess.py:93} INFO - Fetched reviews for movie ID 823219, page 1, number of reviews: 1
[2024-12-23T14:19:22.709+0000] {subprocess.py:93} INFO - Fetched reviews for movie ID 592695, page 1, number of reviews: 1
[2024-12-23T14:19:22.710+0000] {subprocess.py:93} INFO - Fetched reviews for movie ID 1084863, page 1, number of reviews: 2
[2024-12-23T14:19:22.710+0000] {subprocess.py:93} INFO - Fetched reviews for movie ID 889737, page 1, number of reviews: 8
[2024-12-23T14:19:22.711+0000] {subprocess.py:93} INFO - Fetched reviews for movie ID 157336, page 1, number of reviews: 17
[2024-12-23T14:19:22.711+0000] {subprocess.py:93} INFO - Fetched reviews for movie ID 748783, page 1, number of reviews: 5
[2024-12-23T14:19:22.712+0000] {subprocess.py:93} INFO - Fetched reviews for movie ID 335983, page 1, number of reviews: 11
[2024-12-23T14:19:22.712+0000] {subprocess.py:93} INFO - Fetched reviews for movie ID 98, page 1, number of reviews: 5
[2024-12-23T14:19:22.712+0000] {subprocess.py:93} INFO - Fetched reviews for movie ID 974576, page 1, number of reviews: 5
[2024-12-23T14:19:22.713+0000] {subprocess.py:93} INFO - Fetched reviews for movie ID 693134, page 1, number of reviews: 14
[2024-12-23T14:19:22.713+0000] {subprocess.py:93} INFO - Fetched page 5, number of movies: 20
[2024-12-23T14:19:22.713+0000] {subprocess.py:93} INFO - Fetched reviews for movie ID 1011985, page 1, number of reviews: 5
[2024-12-23T14:19:22.714+0000] {subprocess.py:93} INFO - Fetched reviews for movie ID 917496, page 1, number of reviews: 7
[2024-12-23T14:19:22.714+0000] {subprocess.py:93} INFO - Fetched reviews for movie ID 1014505, page 1, number of reviews: 1
[2024-12-23T14:19:22.714+0000] {subprocess.py:93} INFO - Fetched reviews for movie ID 385687, page 1, number of reviews: 12
[2024-12-23T14:19:22.715+0000] {subprocess.py:93} INFO - Fetched reviews for movie ID 726139, page 1, number of reviews: 1
[2024-12-23T14:19:22.715+0000] {subprocess.py:93} INFO - Fetched reviews for movie ID 671, page 1, number of reviews: 4
[2024-12-23T14:19:22.716+0000] {subprocess.py:93} INFO - Fetched reviews for movie ID 653346, page 1, number of reviews: 9
[2024-12-23T14:19:22.716+0000] {subprocess.py:93} INFO - Fetched reviews for movie ID 634649, page 1, number of reviews: 15
[2024-12-23T14:19:22.716+0000] {subprocess.py:93} INFO - Fetched reviews for movie ID 639720, page 1, number of reviews: 6
[2024-12-23T14:19:22.717+0000] {subprocess.py:93} INFO - Fetched reviews for movie ID 839033, page 1, number of reviews: 1
[2024-12-23T14:19:22.717+0000] {subprocess.py:93} INFO - Fetched reviews for movie ID 454626, page 1, number of reviews: 11
[2024-12-23T14:19:22.717+0000] {subprocess.py:93} INFO - Fetched reviews for movie ID 1296753, page 1, number of reviews: 1
[2024-12-23T14:19:22.718+0000] {subprocess.py:93} INFO - Fetched reviews for movie ID 823464, page 1, number of reviews: 15
[2024-12-23T14:19:22.718+0000] {subprocess.py:93} INFO - Fetched reviews for movie ID 569094, page 1, number of reviews: 9
[2024-12-23T14:19:22.718+0000] {subprocess.py:93} INFO - Fetched page 6, number of movies: 20
[2024-12-23T14:19:22.719+0000] {subprocess.py:93} INFO - Fetched reviews for movie ID 829557, page 1, number of reviews: 4
[2024-12-23T14:19:22.719+0000] {subprocess.py:93} INFO - Fetched reviews for movie ID 976734, page 1, number of reviews: 1
[2024-12-23T14:19:22.719+0000] {subprocess.py:93} INFO - Fetched reviews for movie ID 8587, page 1, number of reviews: 2
[2024-12-23T14:19:22.720+0000] {subprocess.py:93} INFO - Fetched reviews for movie ID 667538, page 1, number of reviews: 7
[2024-12-23T14:19:22.720+0000] {subprocess.py:93} INFO - Fetched reviews for movie ID 786892, page 1, number of reviews: 13
[2024-12-23T14:19:22.721+0000] {subprocess.py:93} INFO - Fetched reviews for movie ID 5255, page 1, number of reviews: 4
[2024-12-23T14:19:22.721+0000] {subprocess.py:93} INFO - Fetched reviews for movie ID 597, page 1, number of reviews: 6
[2024-12-23T14:19:22.721+0000] {subprocess.py:93} INFO - Fetched reviews for movie ID 718821, page 1, number of reviews: 9
[2024-12-23T14:19:22.722+0000] {subprocess.py:93} INFO - Fetched reviews for movie ID 365177, page 1, number of reviews: 7
[2024-12-23T14:19:22.722+0000] {subprocess.py:93} INFO - Fetched reviews for movie ID 1079091, page 1, number of reviews: 5
[2024-12-23T14:19:22.723+0000] {subprocess.py:93} INFO - Fetched reviews for movie ID 507241, page 1, number of reviews: 1
[2024-12-23T14:19:22.723+0000] {subprocess.py:93} INFO - Fetched reviews for movie ID 762441, page 1, number of reviews: 9
[2024-12-23T14:19:22.723+0000] {subprocess.py:93} INFO - Fetched page 7, number of movies: 20
[2024-12-23T14:19:22.724+0000] {subprocess.py:93} INFO - Fetched reviews for movie ID 502356, page 1, number of reviews: 12
[2024-12-23T14:19:22.724+0000] {subprocess.py:93} INFO - Fetched reviews for movie ID 324857, page 1, number of reviews: 20
[2024-12-23T14:19:22.724+0000] {subprocess.py:93} INFO - Fetched reviews for movie ID 324857, page 2, number of reviews: 20
[2024-12-23T14:19:22.725+0000] {subprocess.py:93} INFO - Fetched reviews for movie ID 324857, page 3, number of reviews: 14
[2024-12-23T14:19:22.725+0000] {subprocess.py:93} INFO - Fetched reviews for movie ID 580489, page 1, number of reviews: 10
[2024-12-23T14:19:22.725+0000] {subprocess.py:93} INFO - Fetched reviews for movie ID 672, page 1, number of reviews: 3
[2024-12-23T14:19:22.726+0000] {subprocess.py:93} INFO - Fetched reviews for movie ID 1038263, page 1, number of reviews: 1
[2024-12-23T14:19:22.726+0000] {subprocess.py:93} INFO - Fetched reviews for movie ID 299536, page 1, number of reviews: 20
[2024-12-23T14:19:22.726+0000] {subprocess.py:93} INFO - Fetched reviews for movie ID 299536, page 2, number of reviews: 12
[2024-12-23T14:19:22.726+0000] {subprocess.py:93} INFO - Fetched reviews for movie ID 438631, page 1, number of reviews: 15
[2024-12-23T14:19:22.727+0000] {subprocess.py:93} INFO - Fetched reviews for movie ID 411, page 1, number of reviews: 4
[2024-12-23T14:19:22.727+0000] {subprocess.py:93} INFO - Fetched reviews for movie ID 1159311, page 1, number of reviews: 1
[2024-12-23T14:19:22.727+0000] {subprocess.py:93} INFO - Fetched reviews for movie ID 238, page 1, number of reviews: 6
[2024-12-23T14:19:22.728+0000] {subprocess.py:93} INFO - Fetched reviews for movie ID 361743, page 1, number of reviews: 20
[2024-12-23T14:19:22.728+0000] {subprocess.py:93} INFO - Fetched reviews for movie ID 940551, page 1, number of reviews: 3
[2024-12-23T14:19:22.728+0000] {subprocess.py:93} INFO - Fetched reviews for movie ID 278, page 1, number of reviews: 17
[2024-12-23T14:19:22.729+0000] {subprocess.py:93} INFO - Fetched reviews for movie ID 929590, page 1, number of reviews: 11
[2024-12-23T14:19:22.729+0000] {subprocess.py:93} INFO - Fetched reviews for movie ID 603692, page 1, number of reviews: 18
[2024-12-23T14:19:22.729+0000] {subprocess.py:93} INFO - Fetched page 8, number of movies: 20
[2024-12-23T14:19:22.730+0000] {subprocess.py:93} INFO - Fetched reviews for movie ID 1063877, page 1, number of reviews: 1
[2024-12-23T14:19:22.730+0000] {subprocess.py:93} INFO - Fetched reviews for movie ID 346698, page 1, number of reviews: 17
[2024-12-23T14:19:22.730+0000] {subprocess.py:93} INFO - Fetched reviews for movie ID 315162, page 1, number of reviews: 6
[2024-12-23T14:19:22.731+0000] {subprocess.py:93} INFO - Fetched reviews for movie ID 673, page 1, number of reviews: 3
[2024-12-23T14:19:22.731+0000] {subprocess.py:93} INFO - Fetched reviews for movie ID 370663, page 1, number of reviews: 2
[2024-12-23T14:19:22.731+0000] {subprocess.py:93} INFO - Fetched reviews for movie ID 674, page 1, number of reviews: 3
[2024-12-23T14:19:22.731+0000] {subprocess.py:93} INFO - Fetched reviews for movie ID 12444, page 1, number of reviews: 2
[2024-12-23T14:19:22.732+0000] {subprocess.py:93} INFO - Fetched reviews for movie ID 1094974, page 1, number of reviews: 1
[2024-12-23T14:19:22.732+0000] {subprocess.py:93} INFO - Fetched reviews for movie ID 216015, page 1, number of reviews: 3
[2024-12-23T14:19:22.732+0000] {subprocess.py:93} INFO - Fetched reviews for movie ID 1129598, page 1, number of reviews: 2
[2024-12-23T14:19:22.733+0000] {subprocess.py:93} INFO - Fetched page 9, number of movies: 20
[2024-12-23T14:19:22.733+0000] {subprocess.py:93} INFO - Fetched reviews for movie ID 76600, page 1, number of reviews: 20
[2024-12-23T14:19:22.733+0000] {subprocess.py:93} INFO - Fetched reviews for movie ID 1029281, page 1, number of reviews: 4
[2024-12-23T14:19:22.734+0000] {subprocess.py:93} INFO - Fetched reviews for movie ID 866398, page 1, number of reviews: 8
[2024-12-23T14:19:22.734+0000] {subprocess.py:93} INFO - Fetched reviews for movie ID 675, page 1, number of reviews: 3
[2024-12-23T14:19:22.734+0000] {subprocess.py:93} INFO - Fetched reviews for movie ID 198663, page 1, number of reviews: 8
[2024-12-23T14:19:22.735+0000] {subprocess.py:93} INFO - Fetched reviews for movie ID 287903, page 1, number of reviews: 3
[2024-12-23T14:19:22.735+0000] {subprocess.py:93} INFO - Fetched reviews for movie ID 7451, page 1, number of reviews: 1
[2024-12-23T14:19:22.735+0000] {subprocess.py:93} INFO - Fetched reviews for movie ID 1104844, page 1, number of reviews: 1
[2024-12-23T14:19:22.735+0000] {subprocess.py:93} INFO - Fetched reviews for movie ID 1102493, page 1, number of reviews: 2
[2024-12-23T14:19:22.736+0000] {subprocess.py:93} INFO - Fetched reviews for movie ID 637649, page 1, number of reviews: 9
[2024-12-23T14:19:22.736+0000] {subprocess.py:93} INFO - Fetched reviews for movie ID 12445, page 1, number of reviews: 3
[2024-12-23T14:19:22.736+0000] {subprocess.py:93} INFO - Fetched reviews for movie ID 1216191, page 1, number of reviews: 1
[2024-12-23T14:19:24.217+0000] {subprocess.py:93} INFO - Fetched reviews for movie ID 150540, page 1, number of reviews: 10
[2024-12-23T14:19:24.217+0000] {subprocess.py:93} INFO - Fetched reviews for movie ID 616446, page 1, number of reviews: 1
[2024-12-23T14:19:24.218+0000] {subprocess.py:93} INFO - Fetched reviews for movie ID 120, page 1, number of reviews: 9
[2024-12-23T14:19:24.218+0000] {subprocess.py:93} INFO - Total movies processed: 180
[2024-12-23T14:19:24.243+0000] {subprocess.py:97} INFO - Command exited with return code 0
[2024-12-23T14:19:24.276+0000] {taskinstance.py:1400} INFO - Marking task as SUCCESS. dag_id=movie_etl_workflow, task_id=fetch_rating_data, execution_date=20241223T141834, start_date=20241223T141836, end_date=20241223T141924
[2024-12-23T14:19:24.326+0000] {local_task_job_runner.py:228} INFO - Task exited with return code 0
[2024-12-23T14:19:24.364+0000] {taskinstance.py:2784} INFO - 1 downstream tasks scheduled from follow-on schedule check
