[2024-12-24T06:57:23.833+0000] {warnings.py:109} WARNING - /home/***/.local/lib/python3.8/site-packages/***/utils/sqlalchemy.py:124: DeprecationWarning: The sql_alchemy_conn option in [core] has been moved to the sql_alchemy_conn option in [database] - the old setting has been used, but please update your config.
  return not conf.get("database", "sql_alchemy_conn").startswith("mssql")

[2024-12-24T06:57:23.849+0000] {taskinstance.py:1159} INFO - Dependencies all met for dep_context=non-requeueable deps ti=<TaskInstance: movie_data_etl_workflow.transform_data_movie scheduled__2024-12-23T00:00:00+00:00 [queued]>
[2024-12-24T06:57:23.861+0000] {taskinstance.py:1159} INFO - Dependencies all met for dep_context=requeueable deps ti=<TaskInstance: movie_data_etl_workflow.transform_data_movie scheduled__2024-12-23T00:00:00+00:00 [queued]>
[2024-12-24T06:57:23.861+0000] {taskinstance.py:1361} INFO - Starting attempt 1 of 2
[2024-12-24T06:57:23.877+0000] {taskinstance.py:1382} INFO - Executing <Task(BashOperator): transform_data_movie> on 2024-12-23 00:00:00+00:00
[2024-12-24T06:57:23.882+0000] {standard_task_runner.py:57} INFO - Started process 75 to run task
[2024-12-24T06:57:23.885+0000] {standard_task_runner.py:84} INFO - Running: ['***', 'tasks', 'run', 'movie_data_etl_workflow', 'transform_data_movie', 'scheduled__2024-12-23T00:00:00+00:00', '--job-id', '221', '--raw', '--subdir', 'DAGS_FOLDER/movie_data_workflow.py', '--cfg-path', '/tmp/tmpfk637fiz']
[2024-12-24T06:57:23.886+0000] {standard_task_runner.py:85} INFO - Job 221: Subtask transform_data_movie
[2024-12-24T06:57:23.905+0000] {warnings.py:109} WARNING - /home/***/.local/lib/python3.8/site-packages/***/settings.py:195: DeprecationWarning: The sql_alchemy_conn option in [core] has been moved to the sql_alchemy_conn option in [database] - the old setting has been used, but please update your config.
  SQL_ALCHEMY_CONN = conf.get("database", "SQL_ALCHEMY_CONN")

[2024-12-24T06:57:23.951+0000] {task_command.py:415} INFO - Running <TaskInstance: movie_data_etl_workflow.transform_data_movie scheduled__2024-12-23T00:00:00+00:00 [running]> on host 612e0b1601d1
[2024-12-24T06:57:23.967+0000] {warnings.py:109} WARNING - /home/***/.local/lib/python3.8/site-packages/***/utils/sqlalchemy.py:124: DeprecationWarning: The sql_alchemy_conn option in [core] has been moved to the sql_alchemy_conn option in [database] - the old setting has been used, but please update your config.
  return not conf.get("database", "sql_alchemy_conn").startswith("mssql")

[2024-12-24T06:57:24.036+0000] {taskinstance.py:1660} INFO - Exporting env vars: AIRFLOW_CTX_DAG_OWNER='diinguyen' AIRFLOW_CTX_DAG_ID='movie_data_etl_workflow' AIRFLOW_CTX_TASK_ID='transform_data_movie' AIRFLOW_CTX_EXECUTION_DATE='2024-12-23T00:00:00+00:00' AIRFLOW_CTX_TRY_NUMBER='1' AIRFLOW_CTX_DAG_RUN_ID='scheduled__2024-12-23T00:00:00+00:00'
[2024-12-24T06:57:24.038+0000] {subprocess.py:63} INFO - Tmp dir root location: /tmp
[2024-12-24T06:57:24.038+0000] {subprocess.py:75} INFO - Running command: ['/bin/bash', '-c', 'python3 /opt/***/DE_project/ETL/transform/transform_moviedf.py']
[2024-12-24T06:57:24.048+0000] {subprocess.py:86} INFO - Output:
[2024-12-24T06:57:26.528+0000] {subprocess.py:93} INFO - Setting default log level to "WARN".
[2024-12-24T06:57:26.529+0000] {subprocess.py:93} INFO - To adjust logging level use sc.setLogLevel(newLevel). For SparkR, use setLogLevel(newLevel).
[2024-12-24T06:57:26.753+0000] {subprocess.py:93} INFO - 24/12/24 06:57:26 WARN NativeCodeLoader: Unable to load native-hadoop library for your platform... using builtin-java classes where applicable
[2024-12-24T06:57:36.265+0000] {subprocess.py:93} INFO - [Stage 0:>                                                          (0 + 1) / 1]                                                                                +-------+--------------------+------------+-----------------+------------+----------+----------+-------+-----+--------------------+--------------------+
[2024-12-24T06:57:36.266+0000] {subprocess.py:93} INFO - |     id|               title|release_date|original_language|vote_average|vote_count|popularity|runtime|adult|              genres|            overview|
[2024-12-24T06:57:36.269+0000] {subprocess.py:93} INFO - +-------+--------------------+------------+-----------------+------------+----------+----------+-------+-----+--------------------+--------------------+
[2024-12-24T06:57:36.269+0000] {subprocess.py:93} INFO - | 845781|             Red One|  2024-10-31|               en|       6.962|      1207|  6140.642|    124|False|Action, Fantasy, ...|After Santa Claus...|
[2024-12-24T06:57:36.270+0000] {subprocess.py:93} INFO - | 912649|Venom: The Last D...|  2024-10-22|               en|       6.783|      1807|  4438.575|    109|False|Action, Science F...|Eddie and Venom a...|
[2024-12-24T06:57:36.271+0000] {subprocess.py:93} INFO - | 762509|Mufasa: The Lion ...|  2024-12-18|               en|         7.1|       160|  3060.267|    118|False|Adventure, Family...|Told in flashback...|
[2024-12-24T06:57:36.272+0000] {subprocess.py:93} INFO - |1241982|             Moana 2|  2024-11-21|               en|       6.953|       581|  2817.589|    100|False|Animation, Advent...|After receiving a...|
[2024-12-24T06:57:36.272+0000] {subprocess.py:93} INFO - |1005331|            Carry-On|  2024-12-05|               en|       6.994|       817|  2554.211|    119|False|Action, Mystery, ...|An airport securi...|
[2024-12-24T06:57:36.273+0000] {subprocess.py:93} INFO - | 939243|Sonic the Hedgehog 3|  2024-12-19|               en|         8.0|        63|  2200.927|    110|False|Science Fiction, ...|Sonic, Knuckles, ...|
[2024-12-24T06:57:36.273+0000] {subprocess.py:93} INFO - |1043905|        Dirty Angels|  2024-12-11|               en|         6.0|        27|  1758.726|    104|False|Action, Drama, Th...|During the United...|
[2024-12-24T06:57:36.274+0000] {subprocess.py:93} INFO - |1035048|           Elevation|  2024-11-07|               en|         6.3|       186|  1386.513|     91|False|Action, Science F...|A single father a...|
[2024-12-24T06:57:36.275+0000] {subprocess.py:93} INFO - |1000075|The Price of Mone...|  2024-07-31|               fr|         5.6|        56|  1181.322|    100|False|Action, Adventure...|Largo Winch, deva...|
[2024-12-24T06:57:36.275+0000] {subprocess.py:93} INFO - | 974453|          Absolution|  2024-10-31|               en|         6.1|       154|  1126.387|    112|False|Action, Crime, Th...|An aging ex-boxer...|
[2024-12-24T06:57:36.275+0000] {subprocess.py:93} INFO - | 539972|   Kraven the Hunter|  2024-12-11|               en|         5.8|       190|  1133.345|    127|False|Action, Adventure...|Kraven Kravinoff'...|
[2024-12-24T06:57:36.280+0000] {subprocess.py:93} INFO - | 558449|        Gladiator II|  2024-11-05|               en|         6.7|      1176|  1091.838|    148|False|Action, Adventure...|Years after witne...|
[2024-12-24T06:57:36.280+0000] {subprocess.py:93} INFO - |1184918|      The Wild Robot|  2024-09-08|               en|       8.385|      3574|   978.986|    102|False|Animation, Action...|After a shipwreck...|
[2024-12-24T06:57:36.281+0000] {subprocess.py:93} INFO - |1182387|               Armor|  2024-10-30|               en|       5.494|        80|   750.154|     89|False|Action, Crime, Th...|Armored truck sec...|
[2024-12-24T06:57:36.283+0000] {subprocess.py:93} INFO - | 645757|      That Christmas|  2024-11-27|               en|         7.3|       207|   716.747|     96|False|Animation, Comedy...|It's an unforgett...|
[2024-12-24T06:57:36.283+0000] {subprocess.py:93} INFO - |1010581|            My Fault|  2023-06-08|               es|         7.9|      3145|   828.998|    117|False|      Romance, Drama|Noah must leave h...|
[2024-12-24T06:57:36.285+0000] {subprocess.py:93} INFO - | 933260|       The Substance|  2024-09-07|               en|         7.2|      2721|   723.909|    141|False|Horror, Science F...|A fading celebrit...|
[2024-12-24T06:57:36.285+0000] {subprocess.py:93} INFO - | 533535|Deadpool & Wolverine|  2024-07-24|               en|         7.7|      6011|   755.195|    128|False|Action, Comedy, S...|A listless Wade W...|
[2024-12-24T06:57:36.286+0000] {subprocess.py:93} INFO - |1034541|         Terrifier 3|  2024-10-09|               en|       6.871|      1272|   771.444|    125|False|    Horror, Thriller|Five years after ...|
[2024-12-24T06:57:36.287+0000] {subprocess.py:93} INFO - |1299652|Watchmen: Chapter II|  2024-11-25|               en|       7.518|        56|   693.497|     89|False|Animation, Myster...|Suspicious of the...|
[2024-12-24T06:57:36.287+0000] {subprocess.py:93} INFO - +-------+--------------------+------------+-----------------+------------+----------+----------+-------+-----+--------------------+--------------------+
[2024-12-24T06:57:36.288+0000] {subprocess.py:93} INFO - only showing top 20 rows
[2024-12-24T06:57:36.289+0000] {subprocess.py:93} INFO - 
[2024-12-24T06:57:36.289+0000] {subprocess.py:93} INFO - root
[2024-12-24T06:57:36.290+0000] {subprocess.py:93} INFO -  |-- id: string (nullable = true)
[2024-12-24T06:57:36.291+0000] {subprocess.py:93} INFO -  |-- title: string (nullable = true)
[2024-12-24T06:57:36.294+0000] {subprocess.py:93} INFO -  |-- release_date: string (nullable = true)
[2024-12-24T06:57:36.295+0000] {subprocess.py:93} INFO -  |-- original_language: string (nullable = true)
[2024-12-24T06:57:36.295+0000] {subprocess.py:93} INFO -  |-- vote_average: string (nullable = true)
[2024-12-24T06:57:36.296+0000] {subprocess.py:93} INFO -  |-- vote_count: string (nullable = true)
[2024-12-24T06:57:36.296+0000] {subprocess.py:93} INFO -  |-- popularity: string (nullable = true)
[2024-12-24T06:57:36.297+0000] {subprocess.py:93} INFO -  |-- runtime: string (nullable = true)
[2024-12-24T06:57:36.297+0000] {subprocess.py:93} INFO -  |-- adult: string (nullable = true)
[2024-12-24T06:57:36.298+0000] {subprocess.py:93} INFO -  |-- genres: string (nullable = true)
[2024-12-24T06:57:36.298+0000] {subprocess.py:93} INFO -  |-- overview: string (nullable = true)
[2024-12-24T06:57:36.299+0000] {subprocess.py:93} INFO - 
[2024-12-24T06:57:36.300+0000] {subprocess.py:93} INFO - +---+-----+------------+-----------------+------------+----------+----------+-------+-----+------+--------+
[2024-12-24T06:57:36.300+0000] {subprocess.py:93} INFO - | id|title|release_date|original_language|vote_average|vote_count|popularity|runtime|adult|genres|overview|
[2024-12-24T06:57:36.301+0000] {subprocess.py:93} INFO - +---+-----+------------+-----------------+------------+----------+----------+-------+-----+------+--------+
[2024-12-24T06:57:36.301+0000] {subprocess.py:93} INFO - |  0|    3|          23|                6|           8|         8|         8|      8|   10|    44|      65|
[2024-12-24T06:57:36.302+0000] {subprocess.py:93} INFO - +---+-----+------------+-----------------+------------+----------+----------+-------+-----+------+--------+
[2024-12-24T06:57:36.303+0000] {subprocess.py:93} INFO - 
[2024-12-24T06:57:38.499+0000] {subprocess.py:93} INFO - +-------+--------------------+------------+-----------------+------------+----------+----------+-------+-----+--------------------+--------------------+-----+
[2024-12-24T06:57:38.501+0000] {subprocess.py:93} INFO - |     id|               title|release_date|original_language|vote_average|vote_count|popularity|runtime|adult|              genres|            overview|count|
[2024-12-24T06:57:38.503+0000] {subprocess.py:93} INFO - +-------+--------------------+------------+-----------------+------------+----------+----------+-------+-----+--------------------+--------------------+-----+
[2024-12-24T06:57:38.506+0000] {subprocess.py:93} INFO - |1038263|               Maria|  2024-11-27|               en|         6.9|        48|   175.129|    123|False|        Drama, Music|Maria Callas, the...|    2|
[2024-12-24T06:57:38.506+0000] {subprocess.py:93} INFO - |  11536|         The Misfits|  1961-02-01|               en|         6.9|       373|    13.415|    124|False|Western, Drama, R...|While filing for ...|    2|
[2024-12-24T06:57:38.507+0000] {subprocess.py:93} INFO - | 858017|   I Saw the TV Glow|  2024-05-03|               en|       6.063|       342|    60.581|    100|False|       Drama, Horror|Teenager Owen is ...|    2|
[2024-12-24T06:57:38.508+0000] {subprocess.py:93} INFO - |  10074|             Hot Rod|  2007-08-03|               en|       6.395|       969|    20.217|     88|False|      Comedy, Action|For Rod Kimble, p...|    2|
[2024-12-24T06:57:38.509+0000] {subprocess.py:93} INFO - |  10489|                Cujo|  1983-08-10|               en|       6.144|      1011|     25.42|     93|False|    Horror, Thriller|"A friendly St. B...|    2|
[2024-12-24T06:57:38.510+0000] {subprocess.py:93} INFO - |  11041|The Beverly Hillb...|  1993-10-15|               en|         6.3|       537|    20.295|     93|False|      Comedy, Family|Jed Clampett and ...|    2|
[2024-12-24T06:57:38.511+0000] {subprocess.py:93} INFO - |  11675|Halloween H20: 20...|  1998-08-05|               en|         6.0|      1638|    23.568|     86|False|    Horror, Thriller|Two decades after...|    2|
[2024-12-24T06:57:38.512+0000] {subprocess.py:93} INFO - |  11697|The Man Who Shot ...|  1962-04-13|               en|         7.8|      1134|      21.0|    123|False|             Western|Questions arise w...|    2|
[2024-12-24T06:57:38.512+0000] {subprocess.py:93} INFO - |  29723|The Concorde... A...|  1979-08-17|               en|         4.7|       184|    11.234|    123|False|Action, Drama, Th...|Aviation disaster...|    2|
[2024-12-24T06:57:38.513+0000] {subprocess.py:93} INFO - |1128941|  The Demon Disorder|  2024-08-16|               en|       5.518|        28|    59.881|     86|False|              Horror|The pasts of thre...|    2|
[2024-12-24T06:57:38.514+0000] {subprocess.py:93} INFO - |  75656|      Now You See Me|  2013-05-29|               en|       7.338|     15497|    61.331|    116|False|     Thriller, Crime|An FBI agent and ...|    2|
[2024-12-24T06:57:38.514+0000] {subprocess.py:93} INFO - |  18524|The Celestine Pro...|  2006-06-01|               en|       4.993|        71|    10.553|     99|False|Romance, Drama, A...|A spiritual adven...|    2|
[2024-12-24T06:57:38.514+0000] {subprocess.py:93} INFO - |  21862|  Deep in the Valley|  2009-08-28|               en|         4.9|       138|    10.376|     91|False|              Comedy|Best friends, Car...|    2|
[2024-12-24T06:57:38.515+0000] {subprocess.py:93} INFO - | 366672|Paws of Fury: The...|  2022-07-14|               en|         6.7|       296|    19.256|     94|False|Animation, Advent...|A hard-on-his-luc...|    2|
[2024-12-24T06:57:38.515+0000] {subprocess.py:93} INFO - |  18785|        The Hangover|  2009-06-02|               en|       7.323|     16869|   106.777|    100|False|              Comedy|When three friend...|    2|
[2024-12-24T06:57:38.516+0000] {subprocess.py:93} INFO - | 188161|A Million Ways to...|  2014-05-22|               en|       6.043|      4072|    26.624|    116|False|     Comedy, Western|As a cowardly far...|    2|
[2024-12-24T06:57:38.516+0000] {subprocess.py:93} INFO - |  44603|           Hereafter|  2010-10-22|               en|       6.096|      1650|    15.309|    129|False|      Drama, Fantasy|Three people — a ...|    2|
[2024-12-24T06:57:38.517+0000] {subprocess.py:93} INFO - | 965791|    A Difficult Year|  2023-10-18|               fr|       5.943|       256|    14.063|    120|False|              Comedy|Compulsive spende...|    2|
[2024-12-24T06:57:38.517+0000] {subprocess.py:93} INFO - |  10348|         Thunderbolt|  1995-09-08|               cn|       6.396|       293|    26.454|    108|False|    Action, Thriller|In order to relea...|    2|
[2024-12-24T06:57:38.522+0000] {subprocess.py:93} INFO - |  11943|    Jeremiah Johnson|  1972-09-10|               en|       7.288|       605|    21.839|    108|False|  Adventure, Western|A mountain man wh...|    2|
[2024-12-24T06:57:38.524+0000] {subprocess.py:93} INFO - +-------+--------------------+------------+-----------------+------------+----------+----------+-------+-----+--------------------+--------------------+-----+
[2024-12-24T06:57:38.525+0000] {subprocess.py:93} INFO - only showing top 20 rows
[2024-12-24T06:57:38.526+0000] {subprocess.py:93} INFO - 
[2024-12-24T06:57:38.529+0000] {subprocess.py:93} INFO - +-------+--------------------+------------+-----------------+------------+----------+----------+-------+-----+--------------------+--------------------+
[2024-12-24T06:57:38.532+0000] {subprocess.py:93} INFO - |     id|               title|release_date|original_language|vote_average|vote_count|popularity|runtime|adult|              genres|            overview|
[2024-12-24T06:57:38.533+0000] {subprocess.py:93} INFO - +-------+--------------------+------------+-----------------+------------+----------+----------+-------+-----+--------------------+--------------------+
[2024-12-24T06:57:38.534+0000] {subprocess.py:93} INFO - | 173705|Female Teacher: I...|  1982-04-09|               ja|         6.6|        17|    80.408|     69|False|Drama, Mystery, H...|The lovely Reiko ...|
[2024-12-24T06:57:38.535+0000] {subprocess.py:93} INFO - |     24|   Kill Bill: Vol. 1|  2003-10-10|               en|       7.972|     17433|     63.46|    111|False|       Action, Crime|An assassin is sh...|
[2024-12-24T06:57:38.536+0000] {subprocess.py:93} INFO - | 346672|Underworld: Blood...|  2016-11-24|               en|         5.9|      3654|    60.224|     91|False|Fantasy, Action, ...|Vampire death dea...|
[2024-12-24T06:57:38.536+0000] {subprocess.py:93} INFO - | 198184|             Chappie|  2015-03-04|               en|         6.8|      7895|    47.268|    120|False|Crime, Action, Sc...|Every child comes...|
[2024-12-24T06:57:38.537+0000] {subprocess.py:93} INFO - |   3170|               Bambi|  1942-02-11|               en|         7.0|      5645|    50.387|     70|False|Animation, Drama,...|Bambi's tale unfo...|
[2024-12-24T06:57:38.538+0000] {subprocess.py:93} INFO - |  20982|Naruto Shippuden ...|  2007-08-04|               ja|       7.389|       992|     50.27|     94|False|Animation, Action...|"Demons that once...|
[2024-12-24T06:57:38.540+0000] {subprocess.py:93} INFO - |   1246|        Rocky Balboa|  2006-12-20|               en|       6.872|      3460|    39.813|    102|False|               Drama|His wife is dead ...|
[2024-12-24T06:57:38.541+0000] {subprocess.py:93} INFO - | 124157|         The Thieves|  2012-07-25|               ko|       6.719|       290|      29.8|    135|False|       Action, Crime|A gang of South K...|
[2024-12-24T06:57:38.541+0000] {subprocess.py:93} INFO - |  10601|           Peter Pan|  2003-12-18|               en|       7.161|      2606|    41.909|    113|False|Adventure, Fantas...|In stifling Edwar...|
[2024-12-24T06:57:38.542+0000] {subprocess.py:93} INFO - | 400160|The SpongeBob Mov...|  2020-08-14|               en|         7.5|      2843|    45.747|     95|False|Family, Animation...|When his best fri...|
[2024-12-24T06:57:38.542+0000] {subprocess.py:93} INFO - |    782|             Gattaca|  1997-09-07|               en|        7.56|      6329|    30.496|    106|False|Thriller, Science...|"Vincent is an al...|
[2024-12-24T06:57:38.543+0000] {subprocess.py:93} INFO - | 407375|Sniper: Ghost Sho...|  2016-08-02|               en|         6.3|       246|    38.697|    100|False|  Action, Drama, War|Elite snipers Bra...|
[2024-12-24T06:57:38.543+0000] {subprocess.py:93} INFO - |    598|         City of God|  2002-08-30|               pt|       8.426|      7416|    41.188|    129|False|        Drama, Crime|In the poverty-st...|
[2024-12-24T06:57:38.544+0000] {subprocess.py:93} INFO - | 391713|           Lady Bird|  2017-09-01|               en|       7.259|      8484|    30.452|     94|False|       Drama, Comedy|Lady Bird McPhers...|
[2024-12-24T06:57:38.544+0000] {subprocess.py:93} INFO - |  13223|         Gran Torino|  2008-12-12|               en|       7.992|     10687|    29.683|    116|False|               Drama|Disgruntled Korea...|
[2024-12-24T06:57:38.545+0000] {subprocess.py:93} INFO - |  10060|Get Rich or Die T...|  2005-11-09|               en|        6.79|       916|    33.618|    117|False| Drama, Crime, Music|A tale of an inne...|
[2024-12-24T06:57:38.545+0000] {subprocess.py:93} INFO - |1017066|      Heaven in Hell|  2023-02-10|               pl|       6.821|        78|    28.611|    119|False|      Drama, Romance|Olga and Maks are...|
[2024-12-24T06:57:38.550+0000] {subprocess.py:93} INFO - |   2310|             Beowulf|  2007-11-05|               en|         5.9|      2819|    25.989|    115|False|Adventure, Action...|A 6th-century Sca...|
[2024-12-24T06:57:38.551+0000] {subprocess.py:93} INFO - |  26662|Detective Conan: ...|  2002-04-20|               ja|         7.7|       198|     22.57|     98|False|Animation, Advent...|Noah's Ark—the la...|
[2024-12-24T06:57:38.552+0000] {subprocess.py:93} INFO - |  68730|             Silence|  2016-12-23|               en|         7.1|      3036|     28.22|    161|False|      Drama, History|Two Jesuit priest...|
[2024-12-24T06:57:38.552+0000] {subprocess.py:93} INFO - +-------+--------------------+------------+-----------------+------------+----------+----------+-------+-----+--------------------+--------------------+
[2024-12-24T06:57:38.553+0000] {subprocess.py:93} INFO - only showing top 20 rows
[2024-12-24T06:57:38.553+0000] {subprocess.py:93} INFO - 
[2024-12-24T06:57:38.554+0000] {subprocess.py:93} INFO - +---+-----+------------+-----------------+------------+----------+----------+-------+-----+------+--------+
[2024-12-24T06:57:38.554+0000] {subprocess.py:93} INFO - | id|title|release_date|original_language|vote_average|vote_count|popularity|runtime|adult|genres|overview|
[2024-12-24T06:57:38.555+0000] {subprocess.py:93} INFO - +---+-----+------------+-----------------+------------+----------+----------+-------+-----+------+--------+
[2024-12-24T06:57:38.555+0000] {subprocess.py:93} INFO - |  0|    0|           0|                0|           0|         0|         0|      0|    0|     0|       0|
[2024-12-24T06:57:38.555+0000] {subprocess.py:93} INFO - +---+-----+------------+-----------------+------------+----------+----------+-------+-----+------+--------+
[2024-12-24T06:57:38.556+0000] {subprocess.py:93} INFO - 
[2024-12-24T06:57:42.450+0000] {subprocess.py:93} INFO - [Stage 37:>                                                         (0 + 3) / 3]                                                                                +---+-----+------------+-----------------+------------+----------+----------+-------+-----+------+--------+-----+
[2024-12-24T06:57:42.450+0000] {subprocess.py:93} INFO - | id|title|release_date|original_language|vote_average|vote_count|popularity|runtime|adult|genres|overview|count|
[2024-12-24T06:57:42.451+0000] {subprocess.py:93} INFO - +---+-----+------------+-----------------+------------+----------+----------+-------+-----+------+--------+-----+
[2024-12-24T06:57:42.452+0000] {subprocess.py:93} INFO - +---+-----+------------+-----------------+------------+----------+----------+-------+-----+------+--------+-----+
[2024-12-24T06:57:42.452+0000] {subprocess.py:93} INFO - 
[2024-12-24T06:57:42.453+0000] {subprocess.py:93} INFO - +------+--------------------+------------+-----------------+------------+----------+----------+-------+-----+---------------+
[2024-12-24T06:57:42.453+0000] {subprocess.py:93} INFO - |    id|               title|release_date|original_language|vote_average|vote_count|popularity|runtime|adult|          genre|
[2024-12-24T06:57:42.454+0000] {subprocess.py:93} INFO - +------+--------------------+------------+-----------------+------------+----------+----------+-------+-----+---------------+
[2024-12-24T06:57:42.454+0000] {subprocess.py:93} INFO - |173705|Female Teacher: I...|  1982-04-09|               ja|         6.6|        17|    80.408|     69|False|          Drama|
[2024-12-24T06:57:42.455+0000] {subprocess.py:93} INFO - |173705|Female Teacher: I...|  1982-04-09|               ja|         6.6|        17|    80.408|     69|False|        Mystery|
[2024-12-24T06:57:42.455+0000] {subprocess.py:93} INFO - |173705|Female Teacher: I...|  1982-04-09|               ja|         6.6|        17|    80.408|     69|False|         Horror|
[2024-12-24T06:57:42.455+0000] {subprocess.py:93} INFO - |    24|   Kill Bill: Vol. 1|  2003-10-10|               en|       7.972|     17433|     63.46|    111|False|         Action|
[2024-12-24T06:57:42.456+0000] {subprocess.py:93} INFO - |    24|   Kill Bill: Vol. 1|  2003-10-10|               en|       7.972|     17433|     63.46|    111|False|          Crime|
[2024-12-24T06:57:42.456+0000] {subprocess.py:93} INFO - |346672|Underworld: Blood...|  2016-11-24|               en|         5.9|      3654|    60.224|     91|False|        Fantasy|
[2024-12-24T06:57:42.457+0000] {subprocess.py:93} INFO - |346672|Underworld: Blood...|  2016-11-24|               en|         5.9|      3654|    60.224|     91|False|         Action|
[2024-12-24T06:57:42.457+0000] {subprocess.py:93} INFO - |346672|Underworld: Blood...|  2016-11-24|               en|         5.9|      3654|    60.224|     91|False|       Thriller|
[2024-12-24T06:57:42.457+0000] {subprocess.py:93} INFO - |198184|             Chappie|  2015-03-04|               en|         6.8|      7895|    47.268|    120|False|          Crime|
[2024-12-24T06:57:42.458+0000] {subprocess.py:93} INFO - |198184|             Chappie|  2015-03-04|               en|         6.8|      7895|    47.268|    120|False|         Action|
[2024-12-24T06:57:42.458+0000] {subprocess.py:93} INFO - |198184|             Chappie|  2015-03-04|               en|         6.8|      7895|    47.268|    120|False|Science Fiction|
[2024-12-24T06:57:42.459+0000] {subprocess.py:93} INFO - |  3170|               Bambi|  1942-02-11|               en|         7.0|      5645|    50.387|     70|False|      Animation|
[2024-12-24T06:57:42.459+0000] {subprocess.py:93} INFO - |  3170|               Bambi|  1942-02-11|               en|         7.0|      5645|    50.387|     70|False|          Drama|
[2024-12-24T06:57:42.459+0000] {subprocess.py:93} INFO - |  3170|               Bambi|  1942-02-11|               en|         7.0|      5645|    50.387|     70|False|         Family|
[2024-12-24T06:57:42.460+0000] {subprocess.py:93} INFO - | 20982|Naruto Shippuden ...|  2007-08-04|               ja|       7.389|       992|     50.27|     94|False|      Animation|
[2024-12-24T06:57:42.460+0000] {subprocess.py:93} INFO - | 20982|Naruto Shippuden ...|  2007-08-04|               ja|       7.389|       992|     50.27|     94|False|         Action|
[2024-12-24T06:57:42.461+0000] {subprocess.py:93} INFO - | 20982|Naruto Shippuden ...|  2007-08-04|               ja|       7.389|       992|     50.27|     94|False|        Fantasy|
[2024-12-24T06:57:42.461+0000] {subprocess.py:93} INFO - |  1246|        Rocky Balboa|  2006-12-20|               en|       6.872|      3460|    39.813|    102|False|          Drama|
[2024-12-24T06:57:42.462+0000] {subprocess.py:93} INFO - |124157|         The Thieves|  2012-07-25|               ko|       6.719|       290|      29.8|    135|False|         Action|
[2024-12-24T06:57:42.462+0000] {subprocess.py:93} INFO - |124157|         The Thieves|  2012-07-25|               ko|       6.719|       290|      29.8|    135|False|          Crime|
[2024-12-24T06:57:42.462+0000] {subprocess.py:93} INFO - +------+--------------------+------------+-----------------+------------+----------+----------+-------+-----+---------------+
[2024-12-24T06:57:42.463+0000] {subprocess.py:93} INFO - only showing top 20 rows
[2024-12-24T06:57:42.463+0000] {subprocess.py:93} INFO - 
[2024-12-24T06:57:42.463+0000] {subprocess.py:93} INFO - +------+--------------------+-----------------+------------+----------+----------+-------+---------------+------------+-------------+-----------+
[2024-12-24T06:57:42.464+0000] {subprocess.py:93} INFO - |    id|               title|original_language|vote_average|vote_count|popularity|runtime|          genre|release_year|release_month|release_day|
[2024-12-24T06:57:42.464+0000] {subprocess.py:93} INFO - +------+--------------------+-----------------+------------+----------+----------+-------+---------------+------------+-------------+-----------+
[2024-12-24T06:57:42.464+0000] {subprocess.py:93} INFO - |173705|Female Teacher: I...|               ja|         6.6|        17|    80.408|     69|          Drama|        1982|            4|          9|
[2024-12-24T06:57:42.464+0000] {subprocess.py:93} INFO - |173705|Female Teacher: I...|               ja|         6.6|        17|    80.408|     69|        Mystery|        1982|            4|          9|
[2024-12-24T06:57:42.465+0000] {subprocess.py:93} INFO - |173705|Female Teacher: I...|               ja|         6.6|        17|    80.408|     69|         Horror|        1982|            4|          9|
[2024-12-24T06:57:42.465+0000] {subprocess.py:93} INFO - |    24|   Kill Bill: Vol. 1|               en|       7.972|     17433|     63.46|    111|         Action|        2003|           10|         10|
[2024-12-24T06:57:42.465+0000] {subprocess.py:93} INFO - |    24|   Kill Bill: Vol. 1|               en|       7.972|     17433|     63.46|    111|          Crime|        2003|           10|         10|
[2024-12-24T06:57:42.465+0000] {subprocess.py:93} INFO - |346672|Underworld: Blood...|               en|         5.9|      3654|    60.224|     91|        Fantasy|        2016|           11|         24|
[2024-12-24T06:57:42.466+0000] {subprocess.py:93} INFO - |346672|Underworld: Blood...|               en|         5.9|      3654|    60.224|     91|         Action|        2016|           11|         24|
[2024-12-24T06:57:42.466+0000] {subprocess.py:93} INFO - |346672|Underworld: Blood...|               en|         5.9|      3654|    60.224|     91|       Thriller|        2016|           11|         24|
[2024-12-24T06:57:42.466+0000] {subprocess.py:93} INFO - |198184|             Chappie|               en|         6.8|      7895|    47.268|    120|          Crime|        2015|            3|          4|
[2024-12-24T06:57:42.466+0000] {subprocess.py:93} INFO - |198184|             Chappie|               en|         6.8|      7895|    47.268|    120|         Action|        2015|            3|          4|
[2024-12-24T06:57:42.467+0000] {subprocess.py:93} INFO - |198184|             Chappie|               en|         6.8|      7895|    47.268|    120|Science Fiction|        2015|            3|          4|
[2024-12-24T06:57:42.467+0000] {subprocess.py:93} INFO - |  3170|               Bambi|               en|         7.0|      5645|    50.387|     70|      Animation|        1942|            2|         11|
[2024-12-24T06:57:42.467+0000] {subprocess.py:93} INFO - |  3170|               Bambi|               en|         7.0|      5645|    50.387|     70|          Drama|        1942|            2|         11|
[2024-12-24T06:57:42.467+0000] {subprocess.py:93} INFO - |  3170|               Bambi|               en|         7.0|      5645|    50.387|     70|         Family|        1942|            2|         11|
[2024-12-24T06:57:42.468+0000] {subprocess.py:93} INFO - | 20982|Naruto Shippuden ...|               ja|       7.389|       992|     50.27|     94|      Animation|        2007|            8|          4|
[2024-12-24T06:57:42.468+0000] {subprocess.py:93} INFO - | 20982|Naruto Shippuden ...|               ja|       7.389|       992|     50.27|     94|         Action|        2007|            8|          4|
[2024-12-24T06:57:42.468+0000] {subprocess.py:93} INFO - | 20982|Naruto Shippuden ...|               ja|       7.389|       992|     50.27|     94|        Fantasy|        2007|            8|          4|
[2024-12-24T06:57:42.468+0000] {subprocess.py:93} INFO - |  1246|        Rocky Balboa|               en|       6.872|      3460|    39.813|    102|          Drama|        2006|           12|         20|
[2024-12-24T06:57:42.469+0000] {subprocess.py:93} INFO - |124157|         The Thieves|               ko|       6.719|       290|      29.8|    135|         Action|        2012|            7|         25|
[2024-12-24T06:57:42.469+0000] {subprocess.py:93} INFO - |124157|         The Thieves|               ko|       6.719|       290|      29.8|    135|          Crime|        2012|            7|         25|
[2024-12-24T06:57:42.469+0000] {subprocess.py:93} INFO - +------+--------------------+-----------------+------------+----------+----------+-------+---------------+------------+-------------+-----------+
[2024-12-24T06:57:42.469+0000] {subprocess.py:93} INFO - only showing top 20 rows
[2024-12-24T06:57:42.470+0000] {subprocess.py:93} INFO - 
[2024-12-24T06:57:42.470+0000] {subprocess.py:93} INFO - Data successfully transformed and saved to: /opt/***/DE_project/data/parquet/movie.parquet
[2024-12-24T06:57:42.930+0000] {subprocess.py:97} INFO - Command exited with return code 0
[2024-12-24T06:57:42.964+0000] {taskinstance.py:1400} INFO - Marking task as SUCCESS. dag_id=movie_data_etl_workflow, task_id=transform_data_movie, execution_date=20241223T000000, start_date=20241224T065723, end_date=20241224T065742
[2024-12-24T06:57:42.996+0000] {local_task_job_runner.py:228} INFO - Task exited with return code 0
[2024-12-24T06:57:43.022+0000] {taskinstance.py:2784} INFO - 0 downstream tasks scheduled from follow-on schedule check
