[2024-12-24T08:29:35.378+0000] {taskinstance.py:1159} INFO - Dependencies all met for dep_context=non-requeueable deps ti=<TaskInstance: movie_data_etl_workflow.load_rating_to_dw manual__2024-12-24T07:38:23.874378+00:00 [queued]>
[2024-12-24T08:29:35.387+0000] {taskinstance.py:1159} INFO - Dependencies all met for dep_context=requeueable deps ti=<TaskInstance: movie_data_etl_workflow.load_rating_to_dw manual__2024-12-24T07:38:23.874378+00:00 [queued]>
[2024-12-24T08:29:35.388+0000] {taskinstance.py:1361} INFO - Starting attempt 1 of 2
[2024-12-24T08:29:35.401+0000] {taskinstance.py:1382} INFO - Executing <Task(BashOperator): load_rating_to_dw> on 2024-12-24 07:38:23.874378+00:00
[2024-12-24T08:29:35.405+0000] {standard_task_runner.py:57} INFO - Started process 967 to run task
[2024-12-24T08:29:35.408+0000] {standard_task_runner.py:84} INFO - Running: ['***', 'tasks', 'run', 'movie_data_etl_workflow', 'load_rating_to_dw', 'manual__2024-12-24T07:38:23.874378+00:00', '--job-id', '235', '--raw', '--subdir', 'DAGS_FOLDER/movie_data_workflow.py', '--cfg-path', '/tmp/tmpfps9t6my']
[2024-12-24T08:29:35.410+0000] {standard_task_runner.py:85} INFO - Job 235: Subtask load_rating_to_dw
[2024-12-24T08:29:35.439+0000] {warnings.py:109} WARNING - /home/***/.local/lib/python3.8/site-packages/***/settings.py:195: DeprecationWarning: The sql_alchemy_conn option in [core] has been moved to the sql_alchemy_conn option in [database] - the old setting has been used, but please update your config.
  SQL_ALCHEMY_CONN = conf.get("database", "SQL_ALCHEMY_CONN")

[2024-12-24T08:29:35.477+0000] {task_command.py:415} INFO - Running <TaskInstance: movie_data_etl_workflow.load_rating_to_dw manual__2024-12-24T07:38:23.874378+00:00 [running]> on host 1d5d3d5ac065
[2024-12-24T08:29:35.567+0000] {taskinstance.py:1660} INFO - Exporting env vars: AIRFLOW_CTX_DAG_OWNER='diinguyen' AIRFLOW_CTX_DAG_ID='movie_data_etl_workflow' AIRFLOW_CTX_TASK_ID='load_rating_to_dw' AIRFLOW_CTX_EXECUTION_DATE='2024-12-24T07:38:23.874378+00:00' AIRFLOW_CTX_TRY_NUMBER='1' AIRFLOW_CTX_DAG_RUN_ID='manual__2024-12-24T07:38:23.874378+00:00'
[2024-12-24T08:29:35.568+0000] {subprocess.py:63} INFO - Tmp dir root location: /tmp
[2024-12-24T08:29:35.569+0000] {subprocess.py:75} INFO - Running command: ['/bin/bash', '-c', 'python3 /opt/***/DE_project/ETL/load/load_ratingdf_to_dw.py']
[2024-12-24T08:29:35.578+0000] {subprocess.py:86} INFO - Output:
[2024-12-24T08:29:37.854+0000] {subprocess.py:93} INFO - Setting default log level to "WARN".
[2024-12-24T08:29:37.855+0000] {subprocess.py:93} INFO - To adjust logging level use sc.setLogLevel(newLevel). For SparkR, use setLogLevel(newLevel).
[2024-12-24T08:29:38.047+0000] {subprocess.py:93} INFO - 24/12/24 08:29:38 WARN NativeCodeLoader: Unable to load native-hadoop library for your platform... using builtin-java classes where applicable
[2024-12-24T08:29:45.629+0000] {subprocess.py:93} INFO - [Stage 0:>                                                          (0 + 1) / 1]                                                                                root
[2024-12-24T08:29:45.630+0000] {subprocess.py:93} INFO -  |-- movie_title: string (nullable = true)
[2024-12-24T08:29:45.630+0000] {subprocess.py:93} INFO -  |-- movie_id: integer (nullable = true)
[2024-12-24T08:29:45.630+0000] {subprocess.py:93} INFO -  |-- user_id: string (nullable = true)
[2024-12-24T08:29:45.631+0000] {subprocess.py:93} INFO -  |-- author: string (nullable = true)
[2024-12-24T08:29:45.632+0000] {subprocess.py:93} INFO -  |-- rating: double (nullable = true)
[2024-12-24T08:29:45.632+0000] {subprocess.py:93} INFO -  |-- year: integer (nullable = true)
[2024-12-24T08:29:45.632+0000] {subprocess.py:93} INFO -  |-- month: integer (nullable = true)
[2024-12-24T08:29:45.632+0000] {subprocess.py:93} INFO -  |-- day: integer (nullable = true)
[2024-12-24T08:29:45.633+0000] {subprocess.py:93} INFO -  |-- hour: integer (nullable = true)
[2024-12-24T08:29:45.633+0000] {subprocess.py:93} INFO - 
[2024-12-24T08:29:45.633+0000] {subprocess.py:93} INFO - +--------------------+--------+----------------+--------------------+------+----+-----+---+----+
[2024-12-24T08:29:45.634+0000] {subprocess.py:93} INFO - |         movie_title|movie_id|         user_id|              author|rating|year|month|day|hour|
[2024-12-24T08:29:45.634+0000] {subprocess.py:93} INFO - +--------------------+--------+----------------+--------------------+------+----+-----+---+----+
[2024-12-24T08:29:45.634+0000] {subprocess.py:93} INFO - |           Elemental|  976573|      msbreviews|    Manuel São Bento|   8.0|2023|    7| 20|   9|
[2024-12-24T08:29:45.635+0000] {subprocess.py:93} INFO - |      Anyone But You| 1072790|    Geronimo1967|          CinemaSerf|   7.0|2023|   12| 30|  11|
[2024-12-24T08:29:45.635+0000] {subprocess.py:93} INFO - |Mission: Impossib...|  575264|       mooney240|       The Movie Mob|   7.0|2023|    7| 12|   5|
[2024-12-24T08:29:45.635+0000] {subprocess.py:93} INFO - |               Alien|     348|     Otokichi786|      Patrick E. Abe|   8.0|2016|    9| 21|   8|
[2024-12-24T08:29:45.636+0000] {subprocess.py:93} INFO - |            Zootopia|  269149|    Geronimo1967|          CinemaSerf|   7.0|2024|    1|  2|   8|
[2024-12-24T08:29:45.636+0000] {subprocess.py:93} INFO - |Terminator 2: Jud...|     280|    BryceSpencer|        BryceSpencer|  10.0|2023|    1| 29|   0|
[2024-12-24T08:29:45.636+0000] {subprocess.py:93} INFO - |xXx: Return of Xa...|   47971|       Dark Jedi|  Per Gunnar Jonsson|   4.0|2017|    6| 12|  10|
[2024-12-24T08:29:45.637+0000] {subprocess.py:93} INFO - |  The Little Mermaid|  447277|   screenzealots|Louisa Moore - Sc...|   6.0|2023|    8|  4|   7|
[2024-12-24T08:29:45.637+0000] {subprocess.py:93} INFO - |          Cinderella|   11224|    Geronimo1967|          CinemaSerf|   7.0|2022|   12| 27|  13|
[2024-12-24T08:29:45.638+0000] {subprocess.py:93} INFO - |Once Upon a Time....|  466272|      narrator56|        Peter McGinn|   9.0|2020|    4|  3|  13|
[2024-12-24T08:29:45.639+0000] {subprocess.py:93} INFO - |              Cars 3|  260514|           r96sk|               r96sk|   7.0|2020|    8| 11|  13|
[2024-12-24T08:29:45.639+0000] {subprocess.py:93} INFO - |               Logan|  263115|       Dark Jedi|  Per Gunnar Jonsson|   4.0|2017|    7| 21|  12|
[2024-12-24T08:29:45.640+0000] {subprocess.py:93} INFO - |      The Apprentice| 1182047|  chandlerdanier|     Chandler Danier|   8.0|2024|   12| 10|   1|
[2024-12-24T08:29:45.640+0000] {subprocess.py:93} INFO - |John Wick: Chapte...|  458156|    tmdb47396461|        tmdb47396461|   4.0|2019|    5| 17|   2|
[2024-12-24T08:29:45.641+0000] {subprocess.py:93} INFO - |Star Wars: The La...|  181808|       Dark Jedi|  Per Gunnar Jonsson|  10.0|2017|   12| 27|  14|
[2024-12-24T08:29:45.641+0000] {subprocess.py:93} INFO - |          Past Lives|  666277|      BornKnight|          BornKnight|  10.0|2024|    1| 28|  17|
[2024-12-24T08:29:45.641+0000] {subprocess.py:93} INFO - |The Empire Strike...|    1891|          Wuchak|              Wuchak|   7.0|2020|    7| 26|   3|
[2024-12-24T08:29:45.642+0000] {subprocess.py:93} INFO - |        Blade Runner|      78|      portman123|          portman123|  10.0|2024|    1| 13|  16|
[2024-12-24T08:29:45.642+0000] {subprocess.py:93} INFO - |Ant-Man and the W...|  640146|   screenzealots|Louisa Moore - Sc...|   3.0|2023|    4| 23|   6|
[2024-12-24T08:29:45.642+0000] {subprocess.py:93} INFO - |2001: A Space Ody...|      62|FilipeManuelNeto|  Filipe Manuel Neto|   2.0|2022|   12| 23|  20|
[2024-12-24T08:29:45.643+0000] {subprocess.py:93} INFO - +--------------------+--------+----------------+--------------------+------+----+-----+---+----+
[2024-12-24T08:29:45.643+0000] {subprocess.py:93} INFO - only showing top 20 rows
[2024-12-24T08:29:45.643+0000] {subprocess.py:93} INFO - 
[2024-12-24T08:29:45.643+0000] {subprocess.py:93} INFO - Data has been successfully inserted into table rating in DuckDB!
[2024-12-24T08:29:45.643+0000] {subprocess.py:93} INFO - ('Elemental', 976573, 'msbreviews', 'Manuel São Bento', Decimal('8.00'), 2023, 7, 20, 9)
[2024-12-24T08:29:45.644+0000] {subprocess.py:93} INFO - ('Anyone But You', 1072790, 'Geronimo1967', 'CinemaSerf', Decimal('7.00'), 2023, 12, 30, 11)
[2024-12-24T08:29:45.644+0000] {subprocess.py:93} INFO - ('Mission: Impossible - Dead Reckoning Part One', 575264, 'mooney240', 'The Movie Mob', Decimal('7.00'), 2023, 7, 12, 5)
[2024-12-24T08:29:45.644+0000] {subprocess.py:93} INFO - ('Alien', 348, 'Otokichi786', 'Patrick E. Abe', Decimal('8.00'), 2016, 9, 21, 8)
[2024-12-24T08:29:45.645+0000] {subprocess.py:93} INFO - ('Zootopia', 269149, 'Geronimo1967', 'CinemaSerf', Decimal('7.00'), 2024, 1, 2, 8)
[2024-12-24T08:29:45.645+0000] {subprocess.py:93} INFO - ('Terminator 2: Judgment Day', 280, 'BryceSpencer', 'BryceSpencer', Decimal('10.00'), 2023, 1, 29, 0)
[2024-12-24T08:29:45.645+0000] {subprocess.py:93} INFO - ('xXx: Return of Xander Cage', 47971, 'Dark Jedi', 'Per Gunnar Jonsson', Decimal('4.00'), 2017, 6, 12, 10)
[2024-12-24T08:29:45.645+0000] {subprocess.py:93} INFO - ('The Little Mermaid', 447277, 'screenzealots', 'Louisa Moore - Screen Zealots', Decimal('6.00'), 2023, 8, 4, 7)
[2024-12-24T08:29:45.646+0000] {subprocess.py:93} INFO - ('Cinderella', 11224, 'Geronimo1967', 'CinemaSerf', Decimal('7.00'), 2022, 12, 27, 13)
[2024-12-24T08:29:45.646+0000] {subprocess.py:93} INFO - ('Once Upon a Time... in Hollywood', 466272, 'narrator56', 'Peter McGinn', Decimal('9.00'), 2020, 4, 3, 13)
[2024-12-24T08:29:46.146+0000] {subprocess.py:97} INFO - Command exited with return code 0
[2024-12-24T08:29:46.177+0000] {taskinstance.py:1400} INFO - Marking task as SUCCESS. dag_id=movie_data_etl_workflow, task_id=load_rating_to_dw, execution_date=20241224T073823, start_date=20241224T082935, end_date=20241224T082946
[2024-12-24T08:29:46.226+0000] {local_task_job_runner.py:228} INFO - Task exited with return code 0
[2024-12-24T08:29:46.253+0000] {taskinstance.py:2784} INFO - 0 downstream tasks scheduled from follow-on schedule check
