[2024-12-23T10:51:36.604+0000] {taskinstance.py:1159} INFO - Dependencies all met for dep_context=non-requeueable deps ti=<TaskInstance: movie_etl_workflow.fetch_rating_data manual__2024-12-23T10:51:34.686611+00:00 [queued]>
[2024-12-23T10:51:36.631+0000] {taskinstance.py:1159} INFO - Dependencies all met for dep_context=requeueable deps ti=<TaskInstance: movie_etl_workflow.fetch_rating_data manual__2024-12-23T10:51:34.686611+00:00 [queued]>
[2024-12-23T10:51:36.633+0000] {taskinstance.py:1361} INFO - Starting attempt 1 of 2
[2024-12-23T10:51:36.665+0000] {taskinstance.py:1382} INFO - Executing <Task(BashOperator): fetch_rating_data> on 2024-12-23 10:51:34.686611+00:00
[2024-12-23T10:51:36.671+0000] {standard_task_runner.py:57} INFO - Started process 59 to run task
[2024-12-23T10:51:36.677+0000] {standard_task_runner.py:84} INFO - Running: ['***', 'tasks', 'run', 'movie_etl_workflow', 'fetch_rating_data', 'manual__2024-12-23T10:51:34.686611+00:00', '--job-id', '87', '--raw', '--subdir', 'DAGS_FOLDER/movie_data_workflow.py', '--cfg-path', '/tmp/tmpag6tp7dp']
[2024-12-23T10:51:36.686+0000] {standard_task_runner.py:85} INFO - Job 87: Subtask fetch_rating_data
[2024-12-23T10:51:36.729+0000] {warnings.py:109} WARNING - /home/***/.local/lib/python3.8/site-packages/***/settings.py:195: DeprecationWarning: The sql_alchemy_conn option in [core] has been moved to the sql_alchemy_conn option in [database] - the old setting has been used, but please update your config.
  SQL_ALCHEMY_CONN = conf.get("database", "SQL_ALCHEMY_CONN")

[2024-12-23T10:51:36.802+0000] {task_command.py:415} INFO - Running <TaskInstance: movie_etl_workflow.fetch_rating_data manual__2024-12-23T10:51:34.686611+00:00 [running]> on host e7a34b4d8a49
[2024-12-23T10:51:36.934+0000] {taskinstance.py:1660} INFO - Exporting env vars: AIRFLOW_CTX_DAG_OWNER='diinguyen' AIRFLOW_CTX_DAG_ID='movie_etl_workflow' AIRFLOW_CTX_TASK_ID='fetch_rating_data' AIRFLOW_CTX_EXECUTION_DATE='2024-12-23T10:51:34.686611+00:00' AIRFLOW_CTX_TRY_NUMBER='1' AIRFLOW_CTX_DAG_RUN_ID='manual__2024-12-23T10:51:34.686611+00:00'
[2024-12-23T10:51:36.936+0000] {subprocess.py:63} INFO - Tmp dir root location: /tmp
[2024-12-23T10:51:36.937+0000] {subprocess.py:75} INFO - Running command: ['/bin/bash', '-c', 'python3 /opt/***/DE_project/ETL/extract/API_rating_Themoviedb.py']
[2024-12-23T10:51:36.953+0000] {subprocess.py:86} INFO - Output:
[2024-12-23T10:52:22.629+0000] {local_task_job_runner.py:294} WARNING - State of this instance has been externally set to restarting. Terminating instance.
[2024-12-23T10:52:22.634+0000] {process_utils.py:131} INFO - Sending 15 to group 59. PIDs of all processes in the group: [62, 59]
[2024-12-23T10:52:22.635+0000] {process_utils.py:86} INFO - Sending the signal 15 to group 59
[2024-12-23T10:52:22.637+0000] {taskinstance.py:1632} ERROR - Received SIGTERM. Terminating subprocesses.
[2024-12-23T10:52:22.639+0000] {subprocess.py:104} INFO - Sending SIGTERM signal to process group
[2024-12-23T10:52:22.676+0000] {taskinstance.py:1943} ERROR - Task failed with exception
Traceback (most recent call last):
  File "/home/airflow/.local/lib/python3.8/site-packages/airflow/operators/bash.py", line 201, in execute
    result = self.subprocess_hook.run_command(
  File "/home/airflow/.local/lib/python3.8/site-packages/airflow/hooks/subprocess.py", line 91, in run_command
    for raw_line in iter(self.sub_process.stdout.readline, b""):
  File "/home/airflow/.local/lib/python3.8/site-packages/airflow/models/taskinstance.py", line 1634, in signal_handler
    raise AirflowException("Task received SIGTERM signal")
airflow.exceptions.AirflowException: Task received SIGTERM signal
[2024-12-23T10:52:22.683+0000] {taskinstance.py:1400} INFO - Marking task as UP_FOR_RETRY. dag_id=movie_etl_workflow, task_id=fetch_rating_data, execution_date=20241223T105134, start_date=20241223T105136, end_date=20241223T105222
[2024-12-23T10:52:22.706+0000] {standard_task_runner.py:104} ERROR - Failed to execute job 87 for task fetch_rating_data (Task received SIGTERM signal; 59)
[2024-12-23T10:52:22.735+0000] {process_utils.py:79} INFO - Process psutil.Process(pid=62, status='terminated', started='10:51:36') (62) terminated with exit code None
[2024-12-23T10:52:22.736+0000] {process_utils.py:79} INFO - Process psutil.Process(pid=59, status='terminated', exitcode=1, started='10:51:36') (59) terminated with exit code 1
