[2024-12-23T12:24:45.567+0000] {warnings.py:109} WARNING - /home/***/.local/lib/python3.8/site-packages/***/utils/sqlalchemy.py:124: DeprecationWarning: The sql_alchemy_conn option in [core] has been moved to the sql_alchemy_conn option in [database] - the old setting has been used, but please update your config.
  return not conf.get("database", "sql_alchemy_conn").startswith("mssql")

[2024-12-23T12:24:45.583+0000] {taskinstance.py:1159} INFO - Dependencies all met for dep_context=non-requeueable deps ti=<TaskInstance: movie_data_etl_workflow.rating_json_to_csv scheduled__2024-12-22T00:00:00+00:00 [queued]>
[2024-12-23T12:24:45.596+0000] {taskinstance.py:1159} INFO - Dependencies all met for dep_context=requeueable deps ti=<TaskInstance: movie_data_etl_workflow.rating_json_to_csv scheduled__2024-12-22T00:00:00+00:00 [queued]>
[2024-12-23T12:24:45.597+0000] {taskinstance.py:1361} INFO - Starting attempt 1 of 2
[2024-12-23T12:24:45.615+0000] {taskinstance.py:1382} INFO - Executing <Task(BashOperator): rating_json_to_csv> on 2024-12-22 00:00:00+00:00
[2024-12-23T12:24:45.619+0000] {standard_task_runner.py:57} INFO - Started process 438 to run task
[2024-12-23T12:24:45.623+0000] {standard_task_runner.py:84} INFO - Running: ['***', 'tasks', 'run', 'movie_data_etl_workflow', 'rating_json_to_csv', 'scheduled__2024-12-22T00:00:00+00:00', '--job-id', '94', '--raw', '--subdir', 'DAGS_FOLDER/movie_data_workflow.py', '--cfg-path', '/tmp/tmp15s2i96b']
[2024-12-23T12:24:45.624+0000] {standard_task_runner.py:85} INFO - Job 94: Subtask rating_json_to_csv
[2024-12-23T12:24:45.642+0000] {warnings.py:109} WARNING - /home/***/.local/lib/python3.8/site-packages/***/settings.py:195: DeprecationWarning: The sql_alchemy_conn option in [core] has been moved to the sql_alchemy_conn option in [database] - the old setting has been used, but please update your config.
  SQL_ALCHEMY_CONN = conf.get("database", "SQL_ALCHEMY_CONN")

[2024-12-23T12:24:45.685+0000] {task_command.py:415} INFO - Running <TaskInstance: movie_data_etl_workflow.rating_json_to_csv scheduled__2024-12-22T00:00:00+00:00 [running]> on host 4c2bdc2e079f
[2024-12-23T12:24:45.702+0000] {warnings.py:109} WARNING - /home/***/.local/lib/python3.8/site-packages/***/utils/sqlalchemy.py:124: DeprecationWarning: The sql_alchemy_conn option in [core] has been moved to the sql_alchemy_conn option in [database] - the old setting has been used, but please update your config.
  return not conf.get("database", "sql_alchemy_conn").startswith("mssql")

[2024-12-23T12:24:45.781+0000] {taskinstance.py:1660} INFO - Exporting env vars: AIRFLOW_CTX_DAG_OWNER='diinguyen' AIRFLOW_CTX_DAG_ID='movie_data_etl_workflow' AIRFLOW_CTX_TASK_ID='rating_json_to_csv' AIRFLOW_CTX_EXECUTION_DATE='2024-12-22T00:00:00+00:00' AIRFLOW_CTX_TRY_NUMBER='1' AIRFLOW_CTX_DAG_RUN_ID='scheduled__2024-12-22T00:00:00+00:00'
[2024-12-23T12:24:45.785+0000] {subprocess.py:63} INFO - Tmp dir root location: /tmp
[2024-12-23T12:24:45.786+0000] {subprocess.py:75} INFO - Running command: ['/bin/bash', '-c', 'python3 /opt/***/DE_project/JSON_to_CSV/JSON_to_CSV_rating.py']
[2024-12-23T12:24:45.798+0000] {subprocess.py:86} INFO - Output:
[2024-12-23T12:24:46.266+0000] {subprocess.py:93} INFO - Dữ liệu đã được ghi thành công vào /opt/***/DE_project/data/CSV/ratings.csv
[2024-12-23T12:24:46.281+0000] {subprocess.py:97} INFO - Command exited with return code 0
[2024-12-23T12:24:46.315+0000] {taskinstance.py:1400} INFO - Marking task as SUCCESS. dag_id=movie_data_etl_workflow, task_id=rating_json_to_csv, execution_date=20241222T000000, start_date=20241223T122445, end_date=20241223T122446
[2024-12-23T12:24:46.336+0000] {local_task_job_runner.py:228} INFO - Task exited with return code 0
[2024-12-23T12:24:46.366+0000] {taskinstance.py:2784} INFO - 1 downstream tasks scheduled from follow-on schedule check
