[2025-01-17T07:35:50.610+0000] {taskinstance.py:1159} INFO - Dependencies all met for dep_context=non-requeueable deps ti=<TaskInstance: movie_data_etl_workflow.fetch_movie_data manual__2025-01-17T07:35:49.233452+00:00 [queued]>
[2025-01-17T07:35:50.625+0000] {taskinstance.py:1159} INFO - Dependencies all met for dep_context=requeueable deps ti=<TaskInstance: movie_data_etl_workflow.fetch_movie_data manual__2025-01-17T07:35:49.233452+00:00 [queued]>
[2025-01-17T07:35:50.625+0000] {taskinstance.py:1361} INFO - Starting attempt 1 of 6
[2025-01-17T07:35:50.642+0000] {taskinstance.py:1382} INFO - Executing <Task(BashOperator): fetch_movie_data> on 2025-01-17 07:35:49.233452+00:00
[2025-01-17T07:35:50.648+0000] {standard_task_runner.py:57} INFO - Started process 59 to run task
[2025-01-17T07:35:50.653+0000] {standard_task_runner.py:84} INFO - Running: ['***', 'tasks', 'run', 'movie_data_etl_workflow', 'fetch_movie_data', 'manual__2025-01-17T07:35:49.233452+00:00', '--job-id', '248', '--raw', '--subdir', 'DAGS_FOLDER/movie_data_workflow.py', '--cfg-path', '/tmp/tmpge09hrkm']
[2025-01-17T07:35:50.655+0000] {standard_task_runner.py:85} INFO - Job 248: Subtask fetch_movie_data
[2025-01-17T07:35:50.683+0000] {warnings.py:109} WARNING - /home/***/.local/lib/python3.8/site-packages/***/settings.py:195: DeprecationWarning: The sql_alchemy_conn option in [core] has been moved to the sql_alchemy_conn option in [database] - the old setting has been used, but please update your config.
  SQL_ALCHEMY_CONN = conf.get("database", "SQL_ALCHEMY_CONN")

[2025-01-17T07:35:50.735+0000] {task_command.py:415} INFO - Running <TaskInstance: movie_data_etl_workflow.fetch_movie_data manual__2025-01-17T07:35:49.233452+00:00 [running]> on host 1d5d3d5ac065
[2025-01-17T07:35:50.862+0000] {taskinstance.py:1660} INFO - Exporting env vars: AIRFLOW_CTX_DAG_OWNER='diinguyen' AIRFLOW_CTX_DAG_ID='movie_data_etl_workflow' AIRFLOW_CTX_TASK_ID='fetch_movie_data' AIRFLOW_CTX_EXECUTION_DATE='2025-01-17T07:35:49.233452+00:00' AIRFLOW_CTX_TRY_NUMBER='1' AIRFLOW_CTX_DAG_RUN_ID='manual__2025-01-17T07:35:49.233452+00:00'
[2025-01-17T07:35:50.870+0000] {subprocess.py:63} INFO - Tmp dir root location: /tmp
[2025-01-17T07:35:50.872+0000] {subprocess.py:75} INFO - Running command: ['/bin/bash', '-c', 'python3 /opt/***/DE_project/ETL/extract/API_movie_Themoviedb.py']
[2025-01-17T07:35:50.884+0000] {subprocess.py:86} INFO - Output:
[2025-01-17T07:37:32.440+0000] {local_task_job_runner.py:294} WARNING - State of this instance has been externally set to failed. Terminating instance.
[2025-01-17T07:37:32.442+0000] {process_utils.py:131} INFO - Sending 15 to group 59. PIDs of all processes in the group: [61, 59]
[2025-01-17T07:37:32.443+0000] {process_utils.py:86} INFO - Sending the signal 15 to group 59
[2025-01-17T07:37:32.443+0000] {taskinstance.py:1632} ERROR - Received SIGTERM. Terminating subprocesses.
[2025-01-17T07:37:32.444+0000] {subprocess.py:104} INFO - Sending SIGTERM signal to process group
[2025-01-17T07:37:32.500+0000] {process_utils.py:79} INFO - Process psutil.Process(pid=61, status='terminated', started='07:35:49') (61) terminated with exit code None
[2025-01-17T07:37:32.501+0000] {process_utils.py:79} INFO - Process psutil.Process(pid=59, status='terminated', exitcode=0, started='07:35:49') (59) terminated with exit code 0
