[2024-12-24T04:00:14.680+0000] {taskinstance.py:1159} INFO - Dependencies all met for dep_context=non-requeueable deps ti=<TaskInstance: movie_data_etl_workflow.fetch_movie_data manual__2024-12-24T04:00:13.353591+00:00 [queued]>
[2024-12-24T04:00:14.693+0000] {taskinstance.py:1159} INFO - Dependencies all met for dep_context=requeueable deps ti=<TaskInstance: movie_data_etl_workflow.fetch_movie_data manual__2024-12-24T04:00:13.353591+00:00 [queued]>
[2024-12-24T04:00:14.694+0000] {taskinstance.py:1361} INFO - Starting attempt 1 of 2
[2024-12-24T04:00:14.709+0000] {taskinstance.py:1382} INFO - Executing <Task(BashOperator): fetch_movie_data> on 2024-12-24 04:00:13.353591+00:00
[2024-12-24T04:00:14.713+0000] {standard_task_runner.py:57} INFO - Started process 942 to run task
[2024-12-24T04:00:14.717+0000] {standard_task_runner.py:84} INFO - Running: ['***', 'tasks', 'run', 'movie_data_etl_workflow', 'fetch_movie_data', 'manual__2024-12-24T04:00:13.353591+00:00', '--job-id', '173', '--raw', '--subdir', 'DAGS_FOLDER/movie_data_workflow.py', '--cfg-path', '/tmp/tmpy2i3w2li']
[2024-12-24T04:00:14.719+0000] {standard_task_runner.py:85} INFO - Job 173: Subtask fetch_movie_data
[2024-12-24T04:00:14.741+0000] {warnings.py:109} WARNING - /home/***/.local/lib/python3.8/site-packages/***/settings.py:195: DeprecationWarning: The sql_alchemy_conn option in [core] has been moved to the sql_alchemy_conn option in [database] - the old setting has been used, but please update your config.
  SQL_ALCHEMY_CONN = conf.get("database", "SQL_ALCHEMY_CONN")

[2024-12-24T04:00:14.785+0000] {task_command.py:415} INFO - Running <TaskInstance: movie_data_etl_workflow.fetch_movie_data manual__2024-12-24T04:00:13.353591+00:00 [running]> on host 8870ce439a17
[2024-12-24T04:00:14.889+0000] {taskinstance.py:1660} INFO - Exporting env vars: AIRFLOW_CTX_DAG_OWNER='diinguyen' AIRFLOW_CTX_DAG_ID='movie_data_etl_workflow' AIRFLOW_CTX_TASK_ID='fetch_movie_data' AIRFLOW_CTX_EXECUTION_DATE='2024-12-24T04:00:13.353591+00:00' AIRFLOW_CTX_TRY_NUMBER='1' AIRFLOW_CTX_DAG_RUN_ID='manual__2024-12-24T04:00:13.353591+00:00'
[2024-12-24T04:00:14.891+0000] {subprocess.py:63} INFO - Tmp dir root location: /tmp
[2024-12-24T04:00:14.892+0000] {subprocess.py:75} INFO - Running command: ['/bin/bash', '-c', 'python3 /opt/***/DE_project/ETL/extract/API_movie_Themoviedb.py']
[2024-12-24T04:00:14.902+0000] {subprocess.py:86} INFO - Output:
[2024-12-24T04:01:33.990+0000] {subprocess.py:93} INFO - Fetched data for page 1
[2024-12-24T04:01:33.990+0000] {subprocess.py:93} INFO - Fetched data for page 2
[2024-12-24T04:01:33.991+0000] {subprocess.py:93} INFO - Fetched data for page 3
[2024-12-24T04:01:33.991+0000] {subprocess.py:93} INFO - Fetched data for page 4
[2024-12-24T04:01:33.992+0000] {subprocess.py:93} INFO - Fetched data for page 5
[2024-12-24T04:01:33.992+0000] {subprocess.py:93} INFO - Fetched data for page 6
[2024-12-24T04:01:33.993+0000] {subprocess.py:93} INFO - Fetched data for page 7
[2024-12-24T04:01:33.993+0000] {subprocess.py:93} INFO - Fetched data for page 8
[2024-12-24T04:01:33.993+0000] {subprocess.py:93} INFO - Fetched data for page 9
[2024-12-24T04:01:33.994+0000] {subprocess.py:93} INFO - Movie data with selected fields has been saved to /opt/***/DE_project/data/JSON/movies_data.json
[2024-12-24T04:01:34.014+0000] {subprocess.py:97} INFO - Command exited with return code 0
[2024-12-24T04:01:34.056+0000] {taskinstance.py:1400} INFO - Marking task as SUCCESS. dag_id=movie_data_etl_workflow, task_id=fetch_movie_data, execution_date=20241224T040013, start_date=20241224T040014, end_date=20241224T040134
[2024-12-24T04:01:34.098+0000] {local_task_job_runner.py:228} INFO - Task exited with return code 0
[2024-12-24T04:01:34.134+0000] {taskinstance.py:2784} INFO - 1 downstream tasks scheduled from follow-on schedule check
