[2024-12-23T10:40:56.045+0000] {warnings.py:109} WARNING - /home/***/.local/lib/python3.8/site-packages/***/utils/sqlalchemy.py:124: DeprecationWarning: The sql_alchemy_conn option in [core] has been moved to the sql_alchemy_conn option in [database] - the old setting has been used, but please update your config.
  return not conf.get("database", "sql_alchemy_conn").startswith("mssql")

[2024-12-23T10:40:56.057+0000] {taskinstance.py:1159} INFO - Dependencies all met for dep_context=non-requeueable deps ti=<TaskInstance: movie_data_etl_workflow.movie_json_to_csv scheduled__2024-12-22T00:00:00+00:00 [queued]>
[2024-12-23T10:40:56.065+0000] {taskinstance.py:1159} INFO - Dependencies all met for dep_context=requeueable deps ti=<TaskInstance: movie_data_etl_workflow.movie_json_to_csv scheduled__2024-12-22T00:00:00+00:00 [queued]>
[2024-12-23T10:40:56.066+0000] {taskinstance.py:1361} INFO - Starting attempt 1 of 2
[2024-12-23T10:40:56.079+0000] {taskinstance.py:1382} INFO - Executing <Task(BashOperator): movie_json_to_csv> on 2024-12-22 00:00:00+00:00
[2024-12-23T10:40:56.083+0000] {standard_task_runner.py:57} INFO - Started process 58 to run task
[2024-12-23T10:40:56.087+0000] {standard_task_runner.py:84} INFO - Running: ['***', 'tasks', 'run', 'movie_data_etl_workflow', 'movie_json_to_csv', 'scheduled__2024-12-22T00:00:00+00:00', '--job-id', '77', '--raw', '--subdir', 'DAGS_FOLDER/movie_data_workflow.py', '--cfg-path', '/tmp/tmpiyr9wqja']
[2024-12-23T10:40:56.088+0000] {standard_task_runner.py:85} INFO - Job 77: Subtask movie_json_to_csv
[2024-12-23T10:40:56.104+0000] {warnings.py:109} WARNING - /home/***/.local/lib/python3.8/site-packages/***/settings.py:195: DeprecationWarning: The sql_alchemy_conn option in [core] has been moved to the sql_alchemy_conn option in [database] - the old setting has been used, but please update your config.
  SQL_ALCHEMY_CONN = conf.get("database", "SQL_ALCHEMY_CONN")

[2024-12-23T10:40:56.144+0000] {task_command.py:415} INFO - Running <TaskInstance: movie_data_etl_workflow.movie_json_to_csv scheduled__2024-12-22T00:00:00+00:00 [running]> on host 399229bc87a5
[2024-12-23T10:40:56.160+0000] {warnings.py:109} WARNING - /home/***/.local/lib/python3.8/site-packages/***/utils/sqlalchemy.py:124: DeprecationWarning: The sql_alchemy_conn option in [core] has been moved to the sql_alchemy_conn option in [database] - the old setting has been used, but please update your config.
  return not conf.get("database", "sql_alchemy_conn").startswith("mssql")

[2024-12-23T10:40:56.231+0000] {taskinstance.py:1660} INFO - Exporting env vars: AIRFLOW_CTX_DAG_OWNER='diinguyen' AIRFLOW_CTX_DAG_ID='movie_data_etl_workflow' AIRFLOW_CTX_TASK_ID='movie_json_to_csv' AIRFLOW_CTX_EXECUTION_DATE='2024-12-22T00:00:00+00:00' AIRFLOW_CTX_TRY_NUMBER='1' AIRFLOW_CTX_DAG_RUN_ID='scheduled__2024-12-22T00:00:00+00:00'
[2024-12-23T10:40:56.232+0000] {subprocess.py:63} INFO - Tmp dir root location: /tmp
[2024-12-23T10:40:56.233+0000] {subprocess.py:75} INFO - Running command: ['/bin/bash', '-c', 'python3 /opt/***/DE_project/JSON_to_CSV/JSON_to_CSV_movie.py']
[2024-12-23T10:40:56.243+0000] {subprocess.py:86} INFO - Output:
[2024-12-23T10:40:56.383+0000] {subprocess.py:93} INFO - Conversion complete. CSV file saved as 'movies_data.csv'
[2024-12-23T10:40:56.389+0000] {subprocess.py:97} INFO - Command exited with return code 0
[2024-12-23T10:40:56.421+0000] {taskinstance.py:1400} INFO - Marking task as SUCCESS. dag_id=movie_data_etl_workflow, task_id=movie_json_to_csv, execution_date=20241222T000000, start_date=20241223T104056, end_date=20241223T104056
[2024-12-23T10:40:56.470+0000] {local_task_job_runner.py:228} INFO - Task exited with return code 0
[2024-12-23T10:40:56.503+0000] {taskinstance.py:2784} INFO - 0 downstream tasks scheduled from follow-on schedule check
[2024-12-23T11:01:34.413+0000] {warnings.py:109} WARNING - /home/***/.local/lib/python3.8/site-packages/***/utils/sqlalchemy.py:124: DeprecationWarning: The sql_alchemy_conn option in [core] has been moved to the sql_alchemy_conn option in [database] - the old setting has been used, but please update your config.
  return not conf.get("database", "sql_alchemy_conn").startswith("mssql")

[2024-12-23T11:01:34.425+0000] {taskinstance.py:1159} INFO - Dependencies all met for dep_context=non-requeueable deps ti=<TaskInstance: movie_data_etl_workflow.movie_json_to_csv scheduled__2024-12-22T00:00:00+00:00 [queued]>
[2024-12-23T11:01:34.433+0000] {taskinstance.py:1159} INFO - Dependencies all met for dep_context=requeueable deps ti=<TaskInstance: movie_data_etl_workflow.movie_json_to_csv scheduled__2024-12-22T00:00:00+00:00 [queued]>
[2024-12-23T11:01:34.433+0000] {taskinstance.py:1361} INFO - Starting attempt 1 of 2
[2024-12-23T11:01:34.445+0000] {taskinstance.py:1382} INFO - Executing <Task(BashOperator): movie_json_to_csv> on 2024-12-22 00:00:00+00:00
[2024-12-23T11:01:34.450+0000] {standard_task_runner.py:57} INFO - Started process 58 to run task
[2024-12-23T11:01:34.454+0000] {standard_task_runner.py:84} INFO - Running: ['***', 'tasks', 'run', 'movie_data_etl_workflow', 'movie_json_to_csv', 'scheduled__2024-12-22T00:00:00+00:00', '--job-id', '92', '--raw', '--subdir', 'DAGS_FOLDER/movie_data_workflow.py', '--cfg-path', '/tmp/tmp_spvgewy']
[2024-12-23T11:01:34.455+0000] {standard_task_runner.py:85} INFO - Job 92: Subtask movie_json_to_csv
[2024-12-23T11:01:34.472+0000] {warnings.py:109} WARNING - /home/***/.local/lib/python3.8/site-packages/***/settings.py:195: DeprecationWarning: The sql_alchemy_conn option in [core] has been moved to the sql_alchemy_conn option in [database] - the old setting has been used, but please update your config.
  SQL_ALCHEMY_CONN = conf.get("database", "SQL_ALCHEMY_CONN")

[2024-12-23T11:01:34.512+0000] {task_command.py:415} INFO - Running <TaskInstance: movie_data_etl_workflow.movie_json_to_csv scheduled__2024-12-22T00:00:00+00:00 [running]> on host 4c2bdc2e079f
[2024-12-23T11:01:34.528+0000] {warnings.py:109} WARNING - /home/***/.local/lib/python3.8/site-packages/***/utils/sqlalchemy.py:124: DeprecationWarning: The sql_alchemy_conn option in [core] has been moved to the sql_alchemy_conn option in [database] - the old setting has been used, but please update your config.
  return not conf.get("database", "sql_alchemy_conn").startswith("mssql")

[2024-12-23T11:01:34.592+0000] {taskinstance.py:1660} INFO - Exporting env vars: AIRFLOW_CTX_DAG_OWNER='diinguyen' AIRFLOW_CTX_DAG_ID='movie_data_etl_workflow' AIRFLOW_CTX_TASK_ID='movie_json_to_csv' AIRFLOW_CTX_EXECUTION_DATE='2024-12-22T00:00:00+00:00' AIRFLOW_CTX_TRY_NUMBER='1' AIRFLOW_CTX_DAG_RUN_ID='scheduled__2024-12-22T00:00:00+00:00'
[2024-12-23T11:01:34.595+0000] {subprocess.py:63} INFO - Tmp dir root location: /tmp
[2024-12-23T11:01:34.596+0000] {subprocess.py:75} INFO - Running command: ['/bin/bash', '-c', 'python3 /opt/***/DE_project/JSON_to_CSV/JSON_to_CSV_movie.py']
[2024-12-23T11:01:34.605+0000] {subprocess.py:86} INFO - Output:
[2024-12-23T11:01:34.894+0000] {subprocess.py:93} INFO - Conversion complete. CSV file saved as 'movies_data.csv'
[2024-12-23T11:01:34.902+0000] {subprocess.py:97} INFO - Command exited with return code 0
[2024-12-23T11:01:34.941+0000] {taskinstance.py:1400} INFO - Marking task as SUCCESS. dag_id=movie_data_etl_workflow, task_id=movie_json_to_csv, execution_date=20241222T000000, start_date=20241223T110134, end_date=20241223T110134
[2024-12-23T11:01:34.961+0000] {local_task_job_runner.py:228} INFO - Task exited with return code 0
[2024-12-23T11:01:34.991+0000] {taskinstance.py:2784} INFO - 1 downstream tasks scheduled from follow-on schedule check
